<?xml version="1.0" encoding="UTF-8"?>
<!-- Generated by org.testng.reporters.JUnitReportReporter -->
<testsuite hostname="DESKTOP-PTF1H2O" failures="0" tests="1" name="com.buildpiper.testcases.LenskartScan" time="45.888" errors="0" timestamp="2023-12-13T17:30:35 IST" skipped="0">
  <testcase classname="com.buildpiper.testcases.LenskartScan" name="PipelineOrderonHistory" time="45.888"/>
  <system-out>
checking if driver exist <img src=D:\BuildPiper_Rahul\Reports\13Dec_172947\PipelineOrderonHistory_chrome\PipelineOrderonHistory_chrome_347_Dec_173004.jpg alt='Lamp' width='500' height='400'> checking if driver exist <img src=D:\BuildPiper_Rahul\Reports\13Dec_172947\PipelineOrderonHistory_chrome\PipelineOrderonHistory_chrome_347_Dec_173009.jpg alt='Lamp' width='500' height='400'> Element : xpath: //li//button[contains(@class,'main-nav-1')]//span[@title]]is displayed on screen Element is present  xpath: //li//button[contains(@class,'main-nav-1')]//span[@title]] <img src=D:\BuildPiper_Rahul\Reports\13Dec_172947\PipelineOrderonHistory_chrome\PipelineOrderonHistory_chrome_347_Dec_173010.jpg alt='Lamp' width='500' height='400'> Element : xpath: //button//span[2][@class='flaticon-expand-arrow']/../..//li//span[contains(.,'Pipeline Overview')]]is displayed on screen Element is present  xpath: //button//span[2][@class='flaticon-expand-arrow']/../..//li//span[contains(.,'Pipeline Overview')]] <img src=D:\BuildPiper_Rahul\Reports\13Dec_172947\PipelineOrderonHistory_chrome\PipelineOrderonHistory_chrome_347_Dec_173014.jpg alt='Lamp' width='500' height='400'> Element : xpath: //button//span[2][@class='flaticon-expand-arrow']/../..//li//span[contains(.,'Pipeline Overview')]]is displayed on screen Clicking on element Poc_QA pipelineOverviewLink <img src=D:\BuildPiper_Rahul\Reports\13Dec_172947\PipelineOrderonHistory_chrome\PipelineOrderonHistory_chrome_347_Dec_173014.jpg alt='Lamp' width='500' height='400'> Element : xpath: //div[@class='input-component']//input[@name='name' and @placeholder='Name']]is displayed on screen Element is present  xpath: //div[@class='input-component']//input[@name='name' and @placeholder='Name']] <img src=D:\BuildPiper_Rahul\Reports\13Dec_172947\PipelineOrderonHistory_chrome\PipelineOrderonHistory_chrome_347_Dec_173020.jpg alt='Lamp' width='500' height='400'> Element : xpath: //div[@class='input-component']//input[@name='name' and @placeholder='Name']]is displayed on screen Element : xpath: //button[@title='View Execution History']]is displayed on screen Clicking on element pipeLineExecutionHistory <img src=D:\BuildPiper_Rahul\Reports\13Dec_172947\PipelineOrderonHistory_chrome\PipelineOrderonHistory_chrome_347_Dec_173025.jpg alt='Lamp' width='500' height='400'> Result upload to testlink is disabled, Please ensure you have 'UpdateTestLink=Yes' in project.properties  ####### End of Test Case: PipelineOrderonHistory #######  </system-out>
</testsuite> <!-- com.buildpiper.testcases.LenskartScan -->
