<?xml version="1.0" encoding="UTF-8"?>
<!-- Generated by org.testng.reporters.JUnitReportReporter -->
<testsuite hostname="DESKTOP-PTF1H2O" failures="0" tests="2" name="com.buildpiper.testcases.BuildPiperTestcasesExecution" time="306.453" errors="0" timestamp="2024-01-03T21:49:19 IST" skipped="0">
  <testcase classname="com.buildpiper.testcases.BuildPiperTestcasesExecution" name="BuildPipeLine" time="119.815"/>
  <system-out>
checking if driver exist <img src=D:\BuildPiper_Rahul\Reports\03Jan_210314\BuildPipeLine_chrome\BuildPipeLine_chrome_03_Jan_213238.jpg alt='Lamp' width='500' height='400'> Clicking on element userMenuAppBar <img src=D:\BuildPiper_Rahul\Reports\03Jan_210314\BuildPipeLine_chrome\BuildPipeLine_chrome_03_Jan_213239.jpg alt='Lamp' width='500' height='400'> Clicking on element clicks on container registry <img src=D:\BuildPiper_Rahul\Reports\03Jan_210314\BuildPipeLine_chrome\BuildPipeLine_chrome_03_Jan_213239.jpg alt='Lamp' width='500' height='400'> Clicking on element clicks on first container registry test <img src=D:\BuildPiper_Rahul\Reports\03Jan_210314\BuildPipeLine_chrome\BuildPipeLine_chrome_03_Jan_213241.jpg alt='Lamp' width='500' height='400'> Element is present  xpath: //div[contains(@class,'connected text connected')]] <img src=D:\BuildPiper_Rahul\Reports\03Jan_210314\BuildPipeLine_chrome\BuildPipeLine_chrome_03_Jan_213241.jpg alt='Lamp' width='500' height='400'> Clicking on element userMenuAppBar <img src=D:\BuildPiper_Rahul\Reports\03Jan_210314\BuildPipeLine_chrome\BuildPipeLine_chrome_03_Jan_213247.jpg alt='Lamp' width='500' height='400'> Clicking on element switching to user account <img src=D:\BuildPiper_Rahul\Reports\03Jan_210314\BuildPipeLine_chrome\BuildPipeLine_chrome_03_Jan_213247.jpg alt='Lamp' width='500' height='400'> checking if driver exist <img src=D:\BuildPiper_Rahul\Reports\03Jan_210314\BuildPipeLine_chrome\BuildPipeLine_chrome_03_Jan_213247.jpg alt='Lamp' width='500' height='400'> Element is present  xpath: //li//button[contains(@class,'main-nav-1')]//span[@title]] <img src=D:\BuildPiper_Rahul\Reports\03Jan_210314\BuildPipeLine_chrome\BuildPipeLine_chrome_03_Jan_213253.jpg alt='Lamp' width='500' height='400'> Clicking on element Poc_QA pipelineOverviewLink <img src=D:\BuildPiper_Rahul\Reports\03Jan_210314\BuildPipeLine_chrome\BuildPipeLine_chrome_03_Jan_213253.jpg alt='Lamp' width='500' height='400'> Element is present  xpath: //div[@class='input-component']//input[@name='name' and @placeholder='Name']] <img src=D:\BuildPiper_Rahul\Reports\03Jan_210314\BuildPipeLine_chrome\BuildPipeLine_chrome_03_Jan_213253.jpg alt='Lamp' width='500' height='400'> Clicking on element view pipeline excution history <img src=D:\BuildPiper_Rahul\Reports\03Jan_210314\BuildPipeLine_chrome\BuildPipeLine_chrome_03_Jan_213258.jpg alt='Lamp' width='500' height='400'> Element is present  xpath: //button[@title='Replay Pipeline']] <img src=D:\BuildPiper_Rahul\Reports\03Jan_210314\BuildPipeLine_chrome\BuildPipeLine_chrome_03_Jan_213259.jpg alt='Lamp' width='500' height='400'> Clicking on element view pipeline re-excution history <img src=D:\BuildPiper_Rahul\Reports\03Jan_210314\BuildPipeLine_chrome\BuildPipeLine_chrome_03_Jan_213300.jpg alt='Lamp' width='500' height='400'> Element is present  xpath: //a[contains(@href,'/application/')][contains(@href,'/pipeline/')][contains(@href,'/execution/')]] <img src=D:\BuildPiper_Rahul\Reports\03Jan_210314\BuildPipeLine_chrome\BuildPipeLine_chrome_03_Jan_213305.jpg alt='Lamp' width='500' height='400'>  Element Proxy element for: DefaultElementLocator 'By.xpath: //a[contains(@href,'/application/')][contains(@href,'/pipeline/')][contains(@href,'/execution/')]' is not clickable using selenium click <img src=D:\BuildPiper_Rahul\Reports\03Jan_210314\BuildPipeLine_chrome\BuildPipeLine_chrome_03_Jan_213336.jpg alt='Lamp' width='500' height='400'> Clicking on element Poc_QA execution Start <img src=D:\BuildPiper_Rahul\Reports\03Jan_210314\BuildPipeLine_chrome\BuildPipeLine_chrome_03_Jan_213337.jpg alt='Lamp' width='500' height='400'> Clicking on element Expend Build <img src=D:\BuildPiper_Rahul\Reports\03Jan_210314\BuildPipeLine_chrome\BuildPipeLine_chrome_03_Jan_213337.jpg alt='Lamp' width='500' height='400'> Element is present  xpath: //a[@title='view logs']] <img src=D:\BuildPiper_Rahul\Reports\03Jan_210314\BuildPipeLine_chrome\BuildPipeLine_chrome_03_Jan_213338.jpg alt='Lamp' width='500' height='400'> Clicking on element Poc_QA click on View Logs <img src=D:\BuildPiper_Rahul\Reports\03Jan_210314\BuildPipeLine_chrome\BuildPipeLine_chrome_03_Jan_213338.jpg alt='Lamp' width='500' height='400'> ####### End of Test Case: BuildPipeLine #######  </system-out>
  <testcase classname="com.buildpiper.testcases.BuildPiperTestcasesExecution" name="managePopupTest" time="186.638"/>
  <system-out>
checking if driver exist <img src=D:\BuildPiper_Rahul\Reports\03Jan_210314\managePopupTest_chrome\managePopupTest_chrome_03_Jan_213512.jpg alt='Lamp' width='500' height='400'>  Element [[ChromeDriver: chrome-headless-shell on WINDOWS (7e852fd6155a20f822421f786a0737f8)] -> xpath: //button[@type='button' and @aria-controls='menu-appbar']//div//div] is not clickable using selenium click <img src=D:\BuildPiper_Rahul\Reports\03Jan_210314\managePopupTest_chrome\managePopupTest_chrome_03_Jan_213528.jpg alt='Lamp' width='500' height='400'> Clicking on element userMenuAppBar <img src=D:\BuildPiper_Rahul\Reports\03Jan_210314\managePopupTest_chrome\managePopupTest_chrome_03_Jan_213529.jpg alt='Lamp' width='500' height='400'>  Element Proxy element for: DefaultElementLocator 'By.xpath: //button[contains(@class,'btn-link-green')][text()=' Switch to User Portal']' is not clickable using selenium click <img src=D:\BuildPiper_Rahul\Reports\03Jan_210314\managePopupTest_chrome\managePopupTest_chrome_03_Jan_213600.jpg alt='Lamp' width='500' height='400'> Clicking on element switching to user account <img src=D:\BuildPiper_Rahul\Reports\03Jan_210314\managePopupTest_chrome\managePopupTest_chrome_03_Jan_213600.jpg alt='Lamp' width='500' height='400'> Element is present  xpath: //li//button[contains(@class,'main-nav-1')]//span[@title]] <img src=D:\BuildPiper_Rahul\Reports\03Jan_210314\managePopupTest_chrome\managePopupTest_chrome_03_Jan_213606.jpg alt='Lamp' width='500' height='400'> Clicking on element Poc_QA pipelineOverviewLink <img src=D:\BuildPiper_Rahul\Reports\03Jan_210314\managePopupTest_chrome\managePopupTest_chrome_03_Jan_213606.jpg alt='Lamp' width='500' height='400'> Element is present  xpath: //div[@class='input-component']//input[@name='name' and @placeholder='Name']] <img src=D:\BuildPiper_Rahul\Reports\03Jan_210314\managePopupTest_chrome\managePopupTest_chrome_03_Jan_213607.jpg alt='Lamp' width='500' height='400'> Clicking on element view pipeline excution history <img src=D:\BuildPiper_Rahul\Reports\03Jan_210314\managePopupTest_chrome\managePopupTest_chrome_03_Jan_213608.jpg alt='Lamp' width='500' height='400'> Element is present  xpath: //button[@title='Replay Pipeline']] <img src=D:\BuildPiper_Rahul\Reports\03Jan_210314\managePopupTest_chrome\managePopupTest_chrome_03_Jan_213608.jpg alt='Lamp' width='500' height='400'> Clicking on element view pipeline re-excution history <img src=D:\BuildPiper_Rahul\Reports\03Jan_210314\managePopupTest_chrome\managePopupTest_chrome_03_Jan_213609.jpg alt='Lamp' width='500' height='400'> Element is present  xpath: //a[contains(@href,'/application/')][contains(@href,'/pipeline/')][contains(@href,'/execution/')]] <img src=D:\BuildPiper_Rahul\Reports\03Jan_210314\managePopupTest_chrome\managePopupTest_chrome_03_Jan_213614.jpg alt='Lamp' width='500' height='400'>  Element Proxy element for: DefaultElementLocator 'By.xpath: //a[contains(@href,'/application/')][contains(@href,'/pipeline/')][contains(@href,'/execution/')]' is not clickable using selenium click <img src=D:\BuildPiper_Rahul\Reports\03Jan_210314\managePopupTest_chrome\managePopupTest_chrome_03_Jan_213646.jpg alt='Lamp' width='500' height='400'> Clicking on element Poc_QA execution Start <img src=D:\BuildPiper_Rahul\Reports\03Jan_210314\managePopupTest_chrome\managePopupTest_chrome_03_Jan_213646.jpg alt='Lamp' width='500' height='400'> Element is present  xpath: //button[contains(@class,'btn btn-danger')]//span[contains(text(),'Manage Failures')]] <img src=D:\BuildPiper_Rahul\Reports\03Jan_210314\managePopupTest_chrome\managePopupTest_chrome_03_Jan_213646.jpg alt='Lamp' width='500' height='400'> Clicking on element manage Failure PopUp <img src=D:\BuildPiper_Rahul\Reports\03Jan_210314\managePopupTest_chrome\managePopupTest_chrome_03_Jan_213646.jpg alt='Lamp' width='500' height='400'> ####### End of Test Case: managePopupTest #######  </system-out>
</testsuite> <!-- com.buildpiper.testcases.BuildPiperTestcasesExecution -->
