<?xml version="1.0" encoding="UTF-8"?>
<!-- Generated by org.testng.reporters.JUnitReportReporter -->
<testsuite hostname="DESKTOP-PTF1H2O" failures="0" tests="1" name="com.buildpiper.testcases.BuildPiperTestcasesExecutionComprehensiveTests" time="99.368" errors="0" timestamp="2023-12-08T12:34:30 IST" skipped="0">
  <testcase classname="com.buildpiper.testcases.BuildPiperTestcasesExecutionComprehensiveTests" name="CreateJiraPipeLine" time="99.368"/>
  <system-out>
checking if driver exist <img src=D:\BuildPiper_Rahul\Reports\08Dec_123249\CreateJiraPipeLine_chrome\CreateJiraPipeLine_chrome_342_Dec_123336.jpg alt='Lamp' width='500' height='400'> Element : xpath: //button[@type='button' and @aria-controls='menu-appbar']//div//div]is displayed on screen Clicking on element userMenuAppBar <img src=D:\BuildPiper_Rahul\Reports\08Dec_123249\CreateJiraPipeLine_chrome\CreateJiraPipeLine_chrome_342_Dec_123336.jpg alt='Lamp' width='500' height='400'> Element : xpath: //a[@href='/integration/containerRegistries']]is displayed on screen Clicking on element clicks on container registry <img src=D:\BuildPiper_Rahul\Reports\08Dec_123249\CreateJiraPipeLine_chrome\CreateJiraPipeLine_chrome_342_Dec_123337.jpg alt='Lamp' width='500' height='400'> Element : xpath: (//button[@class='test-btn'])[1]]is displayed on screen Clicking on element clicks on first container registry test <img src=D:\BuildPiper_Rahul\Reports\08Dec_123249\CreateJiraPipeLine_chrome\CreateJiraPipeLine_chrome_342_Dec_123337.jpg alt='Lamp' width='500' height='400'> Element : xpath: //div[contains(@class,'connected text connected')]]is displayed on screen Element is present  xpath: //div[contains(@class,'connected text connected')]] <img src=D:\BuildPiper_Rahul\Reports\08Dec_123249\CreateJiraPipeLine_chrome\CreateJiraPipeLine_chrome_342_Dec_123338.jpg alt='Lamp' width='500' height='400'> Element : xpath: //button[@type='button' and @aria-controls='menu-appbar']//div//div]is displayed on screen Clicking on element userMenuAppBar <img src=D:\BuildPiper_Rahul\Reports\08Dec_123249\CreateJiraPipeLine_chrome\CreateJiraPipeLine_chrome_342_Dec_123343.jpg alt='Lamp' width='500' height='400'> Element : xpath: //button[contains(@class,'btn-link-green')][text()=' Switch to User Portal']]is displayed on screen Clicking on element switching to user account <img src=D:\BuildPiper_Rahul\Reports\08Dec_123249\CreateJiraPipeLine_chrome\CreateJiraPipeLine_chrome_342_Dec_123344.jpg alt='Lamp' width='500' height='400'> checking if driver exist <img src=D:\BuildPiper_Rahul\Reports\08Dec_123249\CreateJiraPipeLine_chrome\CreateJiraPipeLine_chrome_342_Dec_123349.jpg alt='Lamp' width='500' height='400'> Element : xpath: //li//button[contains(@class,'main-nav-1')]//span[@title]]is displayed on screen Element is present  xpath: //li//button[contains(@class,'main-nav-1')]//span[@title]] <img src=D:\BuildPiper_Rahul\Reports\08Dec_123249\CreateJiraPipeLine_chrome\CreateJiraPipeLine_chrome_342_Dec_123349.jpg alt='Lamp' width='500' height='400'> Element : xpath: //button//span[2][@class='flaticon-expand-arrow']/../..//li//span[contains(.,'Pipeline Overview')]]is displayed on screen Clicking on element Poc_QA pipelineOverviewLink <img src=D:\BuildPiper_Rahul\Reports\08Dec_123249\CreateJiraPipeLine_chrome\CreateJiraPipeLine_chrome_342_Dec_123354.jpg alt='Lamp' width='500' height='400'> Element : xpath: //a[@class='btn btn-submit' and text()='Add Pipeline']]is displayed on screen  Element Proxy element for: DefaultElementLocator 'By.xpath: //a[@class='btn btn-submit' and text()='Add Pipeline']' is not clickable using selenium click <img src=D:\BuildPiper_Rahul\Reports\08Dec_123249\CreateJiraPipeLine_chrome\CreateJiraPipeLine_chrome_342_Dec_123356.jpg alt='Lamp' width='500' height='400'> Clicking on element clicks on add pipeline button <img src=D:\BuildPiper_Rahul\Reports\08Dec_123249\CreateJiraPipeLine_chrome\CreateJiraPipeLine_chrome_342_Dec_123356.jpg alt='Lamp' width='500' height='400'> Element : xpath: //div//input[@name='name' and @placeholder='Give a name to the pipeline']]is displayed on screen Setting value on element Gives unique name to pipeline <img src=D:\BuildPiper_Rahul\Reports\08Dec_123249\CreateJiraPipeLine_chrome\CreateJiraPipeLine_chrome_342_Dec_123357.jpg alt='Lamp' width='500' height='400'> Element : xpath: //input[@name='retention_execution_count' and @placeholder='Retention Count']]is displayed on screen Element : xpath: //button[contains(@class,'btn-save btn')][text()='Save']]is displayed on screen  Element Proxy element for: DefaultElementLocator 'By.xpath: //button[contains(@class,'btn-save btn')][text()='Save']' is not clickable using selenium click <img src=D:\BuildPiper_Rahul\Reports\08Dec_123249\CreateJiraPipeLine_chrome\CreateJiraPipeLine_chrome_342_Dec_123403.jpg alt='Lamp' width='500' height='400'> Clicking on element clicks on save pipeline button <img src=D:\BuildPiper_Rahul\Reports\08Dec_123249\CreateJiraPipeLine_chrome\CreateJiraPipeLine_chrome_342_Dec_123403.jpg alt='Lamp' width='500' height='400'> Element : xpath: //p[@class='pipeline-name']]is displayed on screen Element is present  xpath: //p[@class='pipeline-name']] <img src=D:\BuildPiper_Rahul\Reports\08Dec_123249\CreateJiraPipeLine_chrome\CreateJiraPipeLine_chrome_342_Dec_123408.jpg alt='Lamp' width='500' height='400'> Element : xpath: //label[@for='file-input']//span[text()='upload']]is displayed on screen Element is present  xpath: //label[@for='file-input']//span[text()='upload']] <img src=D:\BuildPiper_Rahul\Reports\08Dec_123249\CreateJiraPipeLine_chrome\CreateJiraPipeLine_chrome_342_Dec_123408.jpg alt='Lamp' width='500' height='400'> Element : xpath: //label[@for='file-input']//span[text()='upload']]is displayed on screen Clicking on element clicks on upload YAML <img src=D:\BuildPiper_Rahul\Reports\08Dec_123249\CreateJiraPipeLine_chrome\CreateJiraPipeLine_chrome_342_Dec_123408.jpg alt='Lamp' width='500' height='400'> Uploading the File Path D:\BuildPiper_Rahul\src\test\resources\testfiles\upload\UploadYAML\JiraPipeline.yml <img src=D:\BuildPiper_Rahul\Reports\08Dec_123249\CreateJiraPipeLine_chrome\CreateJiraPipeLine_chrome_342_Dec_123414.jpg alt='Lamp' width='500' height='400'> Element : xpath: //button[contains(@class,'btn-save')]]is displayed on screen Clicking on element clicks save workflow btn <img src=D:\BuildPiper_Rahul\Reports\08Dec_123249\CreateJiraPipeLine_chrome\CreateJiraPipeLine_chrome_342_Dec_123429.jpg alt='Lamp' width='500' height='400'> Result upload to testlink is disabled, Please ensure you have 'UpdateTestLink=Yes' in project.properties  ####### End of Test Case: CreateJiraPipeLine #######  </system-out>
</testsuite> <!-- com.buildpiper.testcases.BuildPiperTestcasesExecutionComprehensiveTests -->
