<?xml version="1.0" encoding="UTF-8"?>
<!-- Generated by org.testng.reporters.JUnitReportReporter -->
<testsuite hostname="DESKTOP-PTF1H2O" failures="0" tests="2" name="com.buildpiper.testcases.RepoIntegrationTestCases" time="106.644" errors="0" timestamp="2023-12-26T14:46:45 IST" skipped="0">
  <testcase classname="com.buildpiper.testcases.RepoIntegrationTestCases" name="AddRepo" time="56.826"/>
  <system-out>
checking if driver exist <img src=D:\BuildPiper_Rahul\Reports\26Dec_135602\AddRepo_chrome\AddRepo_chrome_360_Dec_144020.jpg alt='Lamp' width='500' height='400'> Clicking on element Integration button under side bar <img src=D:\BuildPiper_Rahul\Reports\26Dec_135602\AddRepo_chrome\AddRepo_chrome_360_Dec_144020.jpg alt='Lamp' width='500' height='400'> Clicking on element Repo Integration button under Integration button <img src=D:\BuildPiper_Rahul\Reports\26Dec_135602\AddRepo_chrome\AddRepo_chrome_360_Dec_144020.jpg alt='Lamp' width='500' height='400'> Element is present  xpath: //button[contains(@class,'btn btn-primary-v2')][text()=' Add Repo']] <img src=D:\BuildPiper_Rahul\Reports\26Dec_135602\AddRepo_chrome\AddRepo_chrome_360_Dec_144021.jpg alt='Lamp' width='500' height='400'> Clicking on element clicks on add repo button <img src=D:\BuildPiper_Rahul\Reports\26Dec_135602\AddRepo_chrome\AddRepo_chrome_360_Dec_144021.jpg alt='Lamp' width='500' height='400'> Element is present  xpath: //input[@name='git_url' and @placeholder='https://bitbucket.buildpiper.in']] <img src=D:\BuildPiper_Rahul\Reports\26Dec_135602\AddRepo_chrome\AddRepo_chrome_360_Dec_144052.jpg alt='Lamp' width='500' height='400'> Clicking on element clicks on test connection button after entering URL <img src=D:\BuildPiper_Rahul\Reports\26Dec_135602\AddRepo_chrome\AddRepo_chrome_360_Dec_144052.jpg alt='Lamp' width='500' height='400'> Element is present  xpath: //div[contains(@class,'alert-success undefined')]//p] <img src=D:\BuildPiper_Rahul\Reports\26Dec_135602\AddRepo_chrome\AddRepo_chrome_360_Dec_144053.jpg alt='Lamp' width='500' height='400'> Clicking on element clicks on save button after entering URL <img src=D:\BuildPiper_Rahul\Reports\26Dec_135602\AddRepo_chrome\AddRepo_chrome_360_Dec_144053.jpg alt='Lamp' width='500' height='400'> Element is present  xpath: //div[contains(@class,'search-bar')]//input[@name='name' and @placeholder='Name']] <img src=D:\BuildPiper_Rahul\Reports\26Dec_135602\AddRepo_chrome\AddRepo_chrome_360_Dec_144054.jpg alt='Lamp' width='500' height='400'> Clicking on element edit icon in repo integration page <img src=D:\BuildPiper_Rahul\Reports\26Dec_135602\AddRepo_chrome\AddRepo_chrome_360_Dec_144054.jpg alt='Lamp' width='500' height='400'> Element is present  xpath: //a[contains(@href,'/repo/')][contains(@href,'/edit')]] <img src=D:\BuildPiper_Rahul\Reports\26Dec_135602\AddRepo_chrome\AddRepo_chrome_360_Dec_144055.jpg alt='Lamp' width='500' height='400'> Clicking on element clicks delete button <img src=D:\BuildPiper_Rahul\Reports\26Dec_135602\AddRepo_chrome\AddRepo_chrome_360_Dec_144055.jpg alt='Lamp' width='500' height='400'> Element is present  xpath: //div[@class='input-component']//*[@name='remarks' and @placeholder='Please enter the reason to delete']] <img src=D:\BuildPiper_Rahul\Reports\26Dec_135602\AddRepo_chrome\AddRepo_chrome_360_Dec_144055.jpg alt='Lamp' width='500' height='400'> Clicking on element clicks delete button <img src=D:\BuildPiper_Rahul\Reports\26Dec_135602\AddRepo_chrome\AddRepo_chrome_360_Dec_144056.jpg alt='Lamp' width='500' height='400'> ####### End of Test Case: AddRepo #######  </system-out>
  <testcase classname="com.buildpiper.testcases.RepoIntegrationTestCases" name="AddSecretsOnAddRepoPage" time="49.818"/>
  <system-out>
checking if driver exist <img src=D:\BuildPiper_Rahul\Reports\26Dec_135602\AddSecretsOnAddRepoPage_chrome\AddSecretsOnAddRepoPage_chrome_360_Dec_144106.jpg alt='Lamp' width='500' height='400'> Clicking on element Integration button under side bar <img src=D:\BuildPiper_Rahul\Reports\26Dec_135602\AddSecretsOnAddRepoPage_chrome\AddSecretsOnAddRepoPage_chrome_360_Dec_144107.jpg alt='Lamp' width='500' height='400'> Clicking on element Repo Integration button under Integration button <img src=D:\BuildPiper_Rahul\Reports\26Dec_135602\AddSecretsOnAddRepoPage_chrome\AddSecretsOnAddRepoPage_chrome_360_Dec_144107.jpg alt='Lamp' width='500' height='400'> Element is present  xpath: //button[contains(@class,'btn btn-primary-v2')][text()=' Add Repo']] <img src=D:\BuildPiper_Rahul\Reports\26Dec_135602\AddSecretsOnAddRepoPage_chrome\AddSecretsOnAddRepoPage_chrome_360_Dec_144107.jpg alt='Lamp' width='500' height='400'> Clicking on element clicks on add repo button <img src=D:\BuildPiper_Rahul\Reports\26Dec_135602\AddSecretsOnAddRepoPage_chrome\AddSecretsOnAddRepoPage_chrome_360_Dec_144108.jpg alt='Lamp' width='500' height='400'> Clicking on element adds new secret <img src=D:\BuildPiper_Rahul\Reports\26Dec_135602\AddSecretsOnAddRepoPage_chrome\AddSecretsOnAddRepoPage_chrome_360_Dec_144138.jpg alt='Lamp' width='500' height='400'> ####### End of Test Case: AddSecretsOnAddRepoPage #######  </system-out>
</testsuite> <!-- com.buildpiper.testcases.RepoIntegrationTestCases -->
