<?xml version="1.0" encoding="UTF-8"?>
<!-- Generated by org.testng.reporters.JUnitReportReporter -->
<testsuite hostname="DESKTOP-PTF1H2O" failures="0" tests="1" name="com.buildpiper.testcases.LenskartScan" time="59.527" errors="0" timestamp="2023-12-18T17:11:10 IST" skipped="0">
  <testcase classname="com.buildpiper.testcases.LenskartScan" name="EditService" time="59.527"/>
  <system-out>
checking if driver exist <img src=D:\BuildPiper_Rahul\Reports\18Dec_171009\EditService_chrome\EditService_chrome_352_Dec_171053.jpg alt='Lamp' width='500' height='400'> Element : xpath: //button[@type='button' and @aria-controls='menu-appbar']//div//div]is displayed on screen Clicking on element userMenuAppBar <img src=D:\BuildPiper_Rahul\Reports\18Dec_171009\EditService_chrome\EditService_chrome_352_Dec_171054.jpg alt='Lamp' width='500' height='400'> Element : xpath: //button[contains(@class,'btn-link-green')][text()=' Switch to User Portal']]is displayed on screen Clicking on element switching to user account <img src=D:\BuildPiper_Rahul\Reports\18Dec_171009\EditService_chrome\EditService_chrome_352_Dec_171054.jpg alt='Lamp' width='500' height='400'> checking if driver exist <img src=D:\BuildPiper_Rahul\Reports\18Dec_171009\EditService_chrome\EditService_chrome_352_Dec_171057.jpg alt='Lamp' width='500' height='400'> Element : xpath: //li//button[contains(@class,'main-nav-1')]//span[1][@title]]is displayed on screen Element is present  xpath: //li//button[contains(@class,'main-nav-1')]//span[1][@title]] <img src=D:\BuildPiper_Rahul\Reports\18Dec_171009\EditService_chrome\EditService_chrome_352_Dec_171102.jpg alt='Lamp' width='500' height='400'> Element : xpath: //button//span[2][@class='flaticon-expand-arrow']/../..//div//span[@title='Service Overview']/span]is displayed on screen Element is present  xpath: //button//span[2][@class='flaticon-expand-arrow']/../..//div//span[@title='Service Overview']/span] <img src=D:\BuildPiper_Rahul\Reports\18Dec_171009\EditService_chrome\EditService_chrome_352_Dec_171103.jpg alt='Lamp' width='500' height='400'> Element : xpath: //button//span[2][@class='flaticon-expand-arrow']/../..//div//span[@title='Service Overview']/span]is displayed on screen Clicking on element Poc_QA serviceOverviewLink <img src=D:\BuildPiper_Rahul\Reports\18Dec_171009\EditService_chrome\EditService_chrome_352_Dec_171103.jpg alt='Lamp' width='500' height='400'> Element : xpath: (//div[@class='service-name']/a)[1]]is displayed on screen Element is present  xpath: (//div[@class='service-name']/a)[1]] <img src=D:\BuildPiper_Rahul\Reports\18Dec_171009\EditService_chrome\EditService_chrome_352_Dec_171104.jpg alt='Lamp' width='500' height='400'> Element : xpath: (//div[@class='service-name']/a)[1]]is displayed on screen Clicking on element first Service Link <img src=D:\BuildPiper_Rahul\Reports\18Dec_171009\EditService_chrome\EditService_chrome_352_Dec_171104.jpg alt='Lamp' width='500' height='400'> Element : xpath: (//button[@class='btn btn-with-icon btn-round'])[1]]is displayed on screen Element is present  xpath: (//button[@class='btn btn-with-icon btn-round'])[1]] <img src=D:\BuildPiper_Rahul\Reports\18Dec_171009\EditService_chrome\EditService_chrome_352_Dec_171107.jpg alt='Lamp' width='500' height='400'> Element : xpath: (//button[@class='btn btn-with-icon btn-round'])[1]]is displayed on screen Clicking on element edit Service button <img src=D:\BuildPiper_Rahul\Reports\18Dec_171009\EditService_chrome\EditService_chrome_352_Dec_171107.jpg alt='Lamp' width='500' height='400'> Result upload to testlink is disabled, Please ensure you have 'UpdateTestLink=Yes' in project.properties  ####### End of Test Case: EditService #######  </system-out>
</testsuite> <!-- com.buildpiper.testcases.LenskartScan -->
