<?xml version="1.0" encoding="UTF-8"?>
<!-- Generated by org.testng.reporters.JUnitReportReporter -->
<testsuite hostname="DESKTOP-PTF1H2O" failures="0" tests="1" name="com.buildpiper.testcases.ServiceCreationTestcases" time="172.085" errors="0" timestamp="2023-12-11T13:58:27 IST" skipped="0">
  <testcase classname="com.buildpiper.testcases.ServiceCreationTestcases" name="BuildDeployAlternate" time="172.085"/>
  <system-out>
checking if driver exist <img src=D:\BuildPiper_Rahul\Reports\11Dec_134013\BuildDeployAlternate_chrome\BuildDeployAlternate_chrome_345_Dec_134946.jpg alt='Lamp' width='500' height='400'> checking if driver exist <img src=D:\BuildPiper_Rahul\Reports\11Dec_134013\BuildDeployAlternate_chrome\BuildDeployAlternate_chrome_345_Dec_134948.jpg alt='Lamp' width='500' height='400'> Element is present  xpath: //li//button[contains(@class,'main-nav-1')]//span[@title]] <img src=D:\BuildPiper_Rahul\Reports\11Dec_134013\BuildDeployAlternate_chrome\BuildDeployAlternate_chrome_345_Dec_134948.jpg alt='Lamp' width='500' height='400'> Clicking on element Poc_QA buildDeploy <img src=D:\BuildPiper_Rahul\Reports\11Dec_134013\BuildDeployAlternate_chrome\BuildDeployAlternate_chrome_345_Dec_134949.jpg alt='Lamp' width='500' height='400'>  Element [[ChromeDriver: chrome on WINDOWS (5f801c0aa69c3b32191f1b088dfc5ca0)] -> xpath: //div[@class='input-component']//input[@name='build_deploy' and @type='radio']] is not clickable using selenium click <img src=D:\BuildPiper_Rahul\Reports\11Dec_134013\BuildDeployAlternate_chrome\BuildDeployAlternate_chrome_345_Dec_134955.jpg alt='Lamp' width='500' height='400'> Clicking on element Poc_QA buildRadioBtn <img src=D:\BuildPiper_Rahul\Reports\11Dec_134013\BuildDeployAlternate_chrome\BuildDeployAlternate_chrome_345_Dec_134955.jpg alt='Lamp' width='500' height='400'> Clicking on element Poc_QA inputBranchName <img src=D:\BuildPiper_Rahul\Reports\11Dec_134013\BuildDeployAlternate_chrome\BuildDeployAlternate_chrome_345_Dec_134957.jpg alt='Lamp' width='500' height='400'> Clicking on element ClicksclearField <img src=D:\BuildPiper_Rahul\Reports\11Dec_134013\BuildDeployAlternate_chrome\BuildDeployAlternate_chrome_345_Dec_135003.jpg alt='Lamp' width='500' height='400'> Clicking on element clicks build button <img src=D:\BuildPiper_Rahul\Reports\11Dec_134013\BuildDeployAlternate_chrome\BuildDeployAlternate_chrome_345_Dec_135003.jpg alt='Lamp' width='500' height='400'> Element is present  xpath: //button[@class='btn btn-primary' and text()='Continue']] <img src=D:\BuildPiper_Rahul\Reports\11Dec_134013\BuildDeployAlternate_chrome\BuildDeployAlternate_chrome_345_Dec_135203.jpg alt='Lamp' width='500' height='400'> Clicking on element Click continueBtn <img src=D:\BuildPiper_Rahul\Reports\11Dec_134013\BuildDeployAlternate_chrome\BuildDeployAlternate_chrome_345_Dec_135204.jpg alt='Lamp' width='500' height='400'>  Element Proxy element for: DefaultElementLocator 'By.xpath: //div[not(contains(@class,'jss'))]/ul/a[@class='subOptionChild']//span[@title='Build / Deploy']' is not clickable using selenium click <img src=D:\BuildPiper_Rahul\Reports\11Dec_134013\BuildDeployAlternate_chrome\BuildDeployAlternate_chrome_345_Dec_135205.jpg alt='Lamp' width='500' height='400'> Clicking on element Poc_QA buildDeploy <img src=D:\BuildPiper_Rahul\Reports\11Dec_134013\BuildDeployAlternate_chrome\BuildDeployAlternate_chrome_345_Dec_135205.jpg alt='Lamp' width='500' height='400'> Clicking on element Poc_QA DeployRadioBtn <img src=D:\BuildPiper_Rahul\Reports\11Dec_134013\BuildDeployAlternate_chrome\BuildDeployAlternate_chrome_345_Dec_135214.jpg alt='Lamp' width='500' height='400'> Clicking on element clicks deploy button <img src=D:\BuildPiper_Rahul\Reports\11Dec_134013\BuildDeployAlternate_chrome\BuildDeployAlternate_chrome_345_Dec_135219.jpg alt='Lamp' width='500' height='400'> ####### End of Test Case: BuildDeployAlternate #######  </system-out>
</testsuite> <!-- com.buildpiper.testcases.ServiceCreationTestcases -->
