<?xml version="1.0" encoding="UTF-8"?>
<!-- Generated by org.testng.reporters.JUnitReportReporter -->
<testsuite hostname="DESKTOP-PTF1H2O" failures="0" tests="2" name="com.buildpiper.testcases.JobExecutionActivityTestcases" time="299.139" errors="0" timestamp="2023-12-26T14:46:45 IST" skipped="0">
  <testcase classname="com.buildpiper.testcases.JobExecutionActivityTestcases" name="PaginationCheck" time="121.181"/>
  <system-out>
checking if driver exist <img src=D:\BuildPiper_Rahul\Reports\26Dec_135602\PaginationCheck_chrome\PaginationCheck_chrome_360_Dec_144454.jpg alt='Lamp' width='500' height='400'> Clicking on element userMenuAppBar <img src=D:\BuildPiper_Rahul\Reports\26Dec_135602\PaginationCheck_chrome\PaginationCheck_chrome_360_Dec_144454.jpg alt='Lamp' width='500' height='400'> Clicking on element select Job Execution Activity Menu <img src=D:\BuildPiper_Rahul\Reports\26Dec_135602\PaginationCheck_chrome\PaginationCheck_chrome_360_Dec_144455.jpg alt='Lamp' width='500' height='400'> checking if driver exist <img src=D:\BuildPiper_Rahul\Reports\26Dec_135602\PaginationCheck_chrome\PaginationCheck_chrome_360_Dec_144458.jpg alt='Lamp' width='500' height='400'> Element is present  xpath: //li//button[contains(@class,'main-nav-1')]//span[1][@title]] <img src=D:\BuildPiper_Rahul\Reports\26Dec_135602\PaginationCheck_chrome\PaginationCheck_chrome_360_Dec_144503.jpg alt='Lamp' width='500' height='400'> Element is present  xpath: //button[contains(@class,'btn btn-with-icon pagination-btn btn-not-allowed btn-round cursor-not-allowed text-grey-')]] <img src=D:\BuildPiper_Rahul\Reports\26Dec_135602\PaginationCheck_chrome\PaginationCheck_chrome_360_Dec_144503.jpg alt='Lamp' width='500' height='400'> Element is present  xpath: //input[@name='page_number']] <img src=D:\BuildPiper_Rahul\Reports\26Dec_135602\PaginationCheck_chrome\PaginationCheck_chrome_360_Dec_144534.jpg alt='Lamp' width='500' height='400'> Element is present  xpath: //button[contains(@class,'btn btn-with-icon pagination-btn btn-not-allowed btn-round cursor-not-allowed text-grey-')]] <img src=D:\BuildPiper_Rahul\Reports\26Dec_135602\PaginationCheck_chrome\PaginationCheck_chrome_360_Dec_144615.jpg alt='Lamp' width='500' height='400'> ####### End of Test Case: PaginationCheck #######  </system-out>
  <testcase classname="com.buildpiper.testcases.JobExecutionActivityTestcases" name="ActivityFilterby_Status" time="177.958"/>
  <system-out>
checking if driver exist <img src=D:\BuildPiper_Rahul\Reports\26Dec_135602\ActivityFilterby_Status_chrome\ActivityFilterby_Status_chrome_360_Dec_144156.jpg alt='Lamp' width='500' height='400'> Clicking on element userMenuAppBar <img src=D:\BuildPiper_Rahul\Reports\26Dec_135602\ActivityFilterby_Status_chrome\ActivityFilterby_Status_chrome_360_Dec_144157.jpg alt='Lamp' width='500' height='400'> Clicking on element select Job Execution Activity Menu <img src=D:\BuildPiper_Rahul\Reports\26Dec_135602\ActivityFilterby_Status_chrome\ActivityFilterby_Status_chrome_360_Dec_144157.jpg alt='Lamp' width='500' height='400'> checking if driver exist <img src=D:\BuildPiper_Rahul\Reports\26Dec_135602\ActivityFilterby_Status_chrome\ActivityFilterby_Status_chrome_360_Dec_144200.jpg alt='Lamp' width='500' height='400'> Element is present  xpath: //li//button[contains(@class,'main-nav-1')]//span[1][@title]] <img src=D:\BuildPiper_Rahul\Reports\26Dec_135602\ActivityFilterby_Status_chrome\ActivityFilterby_Status_chrome_360_Dec_144205.jpg alt='Lamp' width='500' height='400'> Element is present  xpath: //button[@class='MuiButtonBase-root MuiIconButton-root']//span[text()='More']] <img src=D:\BuildPiper_Rahul\Reports\26Dec_135602\ActivityFilterby_Status_chrome\ActivityFilterby_Status_chrome_360_Dec_144206.jpg alt='Lamp' width='500' height='400'> Clicking on element More Button <img src=D:\BuildPiper_Rahul\Reports\26Dec_135602\ActivityFilterby_Status_chrome\ActivityFilterby_Status_chrome_360_Dec_144206.jpg alt='Lamp' width='500' height='400'> Clicking on element Status Checkbox <img src=D:\BuildPiper_Rahul\Reports\26Dec_135602\ActivityFilterby_Status_chrome\ActivityFilterby_Status_chrome_360_Dec_144238.jpg alt='Lamp' width='500' height='400'> Clicking on element statusDropDown <img src=D:\BuildPiper_Rahul\Reports\26Dec_135602\ActivityFilterby_Status_chrome\ActivityFilterby_Status_chrome_360_Dec_144239.jpg alt='Lamp' width='500' height='400'> Clicking on element statusSuccessCheckbox <img src=D:\BuildPiper_Rahul\Reports\26Dec_135602\ActivityFilterby_Status_chrome\ActivityFilterby_Status_chrome_360_Dec_144309.jpg alt='Lamp' width='500' height='400'> Element is present  xpath: //div[@class='single-row-item-four']//span/span] <img src=D:\BuildPiper_Rahul\Reports\26Dec_135602\ActivityFilterby_Status_chrome\ActivityFilterby_Status_chrome_360_Dec_144320.jpg alt='Lamp' width='500' height='400'> Clicking on element clearSelectionButton <img src=D:\BuildPiper_Rahul\Reports\26Dec_135602\ActivityFilterby_Status_chrome\ActivityFilterby_Status_chrome_360_Dec_144320.jpg alt='Lamp' width='500' height='400'> Clicking on element statusDropDown <img src=D:\BuildPiper_Rahul\Reports\26Dec_135602\ActivityFilterby_Status_chrome\ActivityFilterby_Status_chrome_360_Dec_144320.jpg alt='Lamp' width='500' height='400'> Clicking on element statusFailedCheckbox <img src=D:\BuildPiper_Rahul\Reports\26Dec_135602\ActivityFilterby_Status_chrome\ActivityFilterby_Status_chrome_360_Dec_144351.jpg alt='Lamp' width='500' height='400'> Element is present  xpath: //div[@class='single-row-item-four']//span/span] <img src=D:\BuildPiper_Rahul\Reports\26Dec_135602\ActivityFilterby_Status_chrome\ActivityFilterby_Status_chrome_360_Dec_144401.jpg alt='Lamp' width='500' height='400'> Clicking on element clearSelectionButton <img src=D:\BuildPiper_Rahul\Reports\26Dec_135602\ActivityFilterby_Status_chrome\ActivityFilterby_Status_chrome_360_Dec_144402.jpg alt='Lamp' width='500' height='400'> Clicking on element statusDropDown <img src=D:\BuildPiper_Rahul\Reports\26Dec_135602\ActivityFilterby_Status_chrome\ActivityFilterby_Status_chrome_360_Dec_144402.jpg alt='Lamp' width='500' height='400'> Clicking on element statusRevokedCheckbox <img src=D:\BuildPiper_Rahul\Reports\26Dec_135602\ActivityFilterby_Status_chrome\ActivityFilterby_Status_chrome_360_Dec_144433.jpg alt='Lamp' width='500' height='400'> Element is present  xpath: //div[@class='single-row-item-four']//span/span] <img src=D:\BuildPiper_Rahul\Reports\26Dec_135602\ActivityFilterby_Status_chrome\ActivityFilterby_Status_chrome_360_Dec_144443.jpg alt='Lamp' width='500' height='400'> Clicking on element clearSelectionButton <img src=D:\BuildPiper_Rahul\Reports\26Dec_135602\ActivityFilterby_Status_chrome\ActivityFilterby_Status_chrome_360_Dec_144443.jpg alt='Lamp' width='500' height='400'> Clicking on element statusDropDown <img src=D:\BuildPiper_Rahul\Reports\26Dec_135602\ActivityFilterby_Status_chrome\ActivityFilterby_Status_chrome_360_Dec_144444.jpg alt='Lamp' width='500' height='400'> ####### End of Test Case: ActivityFilterby_Status #######  </system-out>
</testsuite> <!-- com.buildpiper.testcases.JobExecutionActivityTestcases -->
