<?xml version="1.0" encoding="UTF-8"?>
<!-- Generated by org.testng.reporters.JUnitReportReporter -->
<testsuite hostname="DESKTOP-PTF1H2O" failures="0" tests="1" name="com.buildpiper.testcases.ServiceCreationComprehensiveTestCases" time="802.898" errors="1" timestamp="2023-12-26T14:46:45 IST" skipped="0">
  <testcase classname="com.buildpiper.testcases.ServiceCreationComprehensiveTestCases" name="serviceOverview_Promote" time="802.898">
    <error message="no such element: Unable to locate element: {&quot;method&quot;:&quot;xpath&quot;,&quot;selector&quot;:&quot;//div[contains(@class,&#039;popup-card&#039;)]//td//p[contains(@class,&#039;round-chip&#039;)]&quot;}
  (Session info: chrome=120.0.6099.111)
For documentation on this error, please visit: https://www.seleniumhq.org/exceptions/no_such_element.html
Build info: version: &#039;3.141.59&#039;, revision: &#039;e82be7d358&#039;, time: &#039;2018-11-14T08:17:03&#039;
System info: host: &#039;DESKTOP-PTF1H2O&#039;, ip: &#039;192.168.1.9&#039;, os.name: &#039;Windows 10&#039;, os.arch: &#039;amd64&#039;, os.version: &#039;10.0&#039;, java.version: &#039;19.0.1&#039;
Driver info: org.openqa.selenium.chrome.ChromeDriver
Capabilities {acceptInsecureCerts: false, browserName: chrome, browserVersion: 120.0.6099.111, chrome: {chromedriverVersion: 120.0.6099.109 (3419140ab66..., userDataDir: C:\Users\Rahul\AppData\Loca...}, fedcm:accounts: true, goog:chromeOptions: {debuggerAddress: localhost:51993}, javascriptEnabled: true, networkConnectionEnabled: false, pageLoadStrategy: normal, platform: WINDOWS, platformName: WINDOWS, proxy: Proxy(), setWindowRect: true, strictFileInteractability: false, timeouts: {implicit: 0, pageLoad: 300000, script: 30000}, unhandledPromptBehavior: dismiss and notify, webauthn:extension:credBlob: true, webauthn:extension:largeBlob: true, webauthn:extension:minPinLength: true, webauthn:extension:prf: true, webauthn:virtualAuthenticators: true}
Session ID: cefa3ca5186b95c004af5ac8e1611543
*** Element info: {Using=xpath, value=//div[contains(@class,&#039;popup-card&#039;)]//td//p[contains(@class,&#039;round-chip&#039;)]}" type="org.openqa.selenium.NoSuchElementException">
      <![CDATA[org.openqa.selenium.NoSuchElementException: no such element: Unable to locate element: {"method":"xpath","selector":"//div[contains(@class,'popup-card')]//td//p[contains(@class,'round-chip')]"}
  (Session info: chrome=120.0.6099.111)
For documentation on this error, please visit: https://www.seleniumhq.org/exceptions/no_such_element.html
Build info: version: '3.141.59', revision: 'e82be7d358', time: '2018-11-14T08:17:03'
System info: host: 'DESKTOP-PTF1H2O', ip: '192.168.1.9', os.name: 'Windows 10', os.arch: 'amd64', os.version: '10.0', java.version: '19.0.1'
Driver info: org.openqa.selenium.chrome.ChromeDriver
Capabilities {acceptInsecureCerts: false, browserName: chrome, browserVersion: 120.0.6099.111, chrome: {chromedriverVersion: 120.0.6099.109 (3419140ab66..., userDataDir: C:\Users\Rahul\AppData\Loca...}, fedcm:accounts: true, goog:chromeOptions: {debuggerAddress: localhost:51993}, javascriptEnabled: true, networkConnectionEnabled: false, pageLoadStrategy: normal, platform: WINDOWS, platformName: WINDOWS, proxy: Proxy(), setWindowRect: true, strictFileInteractability: false, timeouts: {implicit: 0, pageLoad: 300000, script: 30000}, unhandledPromptBehavior: dismiss and notify, webauthn:extension:credBlob: true, webauthn:extension:largeBlob: true, webauthn:extension:minPinLength: true, webauthn:extension:prf: true, webauthn:virtualAuthenticators: true}
Session ID: cefa3ca5186b95c004af5ac8e1611543
*** Element info: {Using=xpath, value=//div[contains(@class,'popup-card')]//td//p[contains(@class,'round-chip')]}
at java.base/jdk.internal.reflect.DirectConstructorHandleAccessor.newInstance(DirectConstructorHandleAccessor.java:67)
at java.base/java.lang.reflect.Constructor.newInstanceWithCaller(Constructor.java:500)
at java.base/java.lang.reflect.Constructor.newInstance(Constructor.java:484)
at org.openqa.selenium.remote.http.W3CHttpResponseCodec.createException(W3CHttpResponseCodec.java:187)
at org.openqa.selenium.remote.http.W3CHttpResponseCodec.decode(W3CHttpResponseCodec.java:122)
at org.openqa.selenium.remote.http.W3CHttpResponseCodec.decode(W3CHttpResponseCodec.java:49)
at org.openqa.selenium.remote.HttpCommandExecutor.execute(HttpCommandExecutor.java:158)
at org.openqa.selenium.remote.service.DriverCommandExecutor.execute(DriverCommandExecutor.java:83)
at org.openqa.selenium.remote.RemoteWebDriver.execute(RemoteWebDriver.java:552)
at org.openqa.selenium.remote.RemoteWebDriver.findElement(RemoteWebDriver.java:323)
at org.openqa.selenium.remote.RemoteWebDriver.findElementByXPath(RemoteWebDriver.java:428)
at org.openqa.selenium.By$ByXPath.findElement(By.java:353)
at org.openqa.selenium.remote.RemoteWebDriver.findElement(RemoteWebDriver.java:315)
at org.openqa.selenium.support.pagefactory.DefaultElementLocator.findElement(DefaultElementLocator.java:69)
at org.openqa.selenium.support.pagefactory.internal.LocatingElementHandler.invoke(LocatingElementHandler.java:38)
at jdk.proxy2/jdk.proxy2.$Proxy26.isDisplayed(Unknown Source)
at com.buildpiper.capabilities.UICapability.ui_IsElementDisplay(UICapability.java:193)
at com.buildpiper.base.Capability.ui_IsElementDisplay(Capability.java:267)
at com.buildpiper.pages.ServiceCreationPage.Verify_promoteStatus(ServiceCreationPage.java:2015)
at com.buildpiper.testcases.ServiceCreationComprehensiveTestCases.serviceOverview_Promote(ServiceCreationComprehensiveTestCases.java:305)
at java.base/jdk.internal.reflect.DirectMethodHandleAccessor.invoke(DirectMethodHandleAccessor.java:104)
at java.base/java.lang.reflect.Method.invoke(Method.java:578)
at org.testng.internal.MethodInvocationHelper.invokeMethod(MethodInvocationHelper.java:134)
at org.testng.internal.TestInvoker.invokeMethod(TestInvoker.java:597)
at org.testng.internal.TestInvoker.invokeTestMethod(TestInvoker.java:173)
at org.testng.internal.MethodRunner.runInSequence(MethodRunner.java:46)
at org.testng.internal.TestInvoker$MethodInvocationAgent.invoke(TestInvoker.java:816)
at org.testng.internal.TestInvoker.invokeTestMethods(TestInvoker.java:146)
at org.testng.internal.TestMethodWorker.invokeTestMethods(TestMethodWorker.java:146)
at org.testng.internal.TestMethodWorker.run(TestMethodWorker.java:128)
at java.base/java.util.ArrayList.forEach(ArrayList.java:1511)
at org.testng.TestRunner.privateRun(TestRunner.java:766)
at org.testng.TestRunner.run(TestRunner.java:587)
at org.testng.SuiteRunner.runTest(SuiteRunner.java:384)
at org.testng.SuiteRunner.runSequentially(SuiteRunner.java:378)
at org.testng.SuiteRunner.privateRun(SuiteRunner.java:337)
at org.testng.SuiteRunner.run(SuiteRunner.java:286)
at org.testng.SuiteRunnerWorker.runSuite(SuiteRunnerWorker.java:53)
at org.testng.SuiteRunnerWorker.run(SuiteRunnerWorker.java:96)
at org.testng.TestNG.runSuitesSequentially(TestNG.java:1187)
at org.testng.TestNG.runSuitesLocally(TestNG.java:1109)
at org.testng.TestNG.runSuites(TestNG.java:1039)
at org.testng.TestNG.run(TestNG.java:1007)
at org.testng.remote.AbstractRemoteTestNG.run(AbstractRemoteTestNG.java:115)
at org.testng.remote.RemoteTestNG.initAndRun(RemoteTestNG.java:251)
at org.testng.remote.RemoteTestNG.main(RemoteTestNG.java:77)
]]>
    </error>
  </testcase> <!-- serviceOverview_Promote -->
  <system-out>
checking if driver exist <img src=D:\BuildPiper_Rahul\Reports\26Dec_135602\serviceOverview_Promote_chrome\serviceOverview_Promote_chrome_360_Dec_141221.jpg alt='Lamp' width='500' height='400'> checking if driver exist <img src=D:\BuildPiper_Rahul\Reports\26Dec_135602\serviceOverview_Promote_chrome\serviceOverview_Promote_chrome_360_Dec_141221.jpg alt='Lamp' width='500' height='400'> checking if driver exist <img src=D:\BuildPiper_Rahul\Reports\26Dec_135602\serviceOverview_Promote_chrome\serviceOverview_Promote_chrome_360_Dec_141222.jpg alt='Lamp' width='500' height='400'> checking if driver exist <img src=D:\BuildPiper_Rahul\Reports\26Dec_135602\serviceOverview_Promote_chrome\serviceOverview_Promote_chrome_360_Dec_141222.jpg alt='Lamp' width='500' height='400'> Clicking on element userMenuAppBar <img src=D:\BuildPiper_Rahul\Reports\26Dec_135602\serviceOverview_Promote_chrome\serviceOverview_Promote_chrome_360_Dec_141222.jpg alt='Lamp' width='500' height='400'> Clicking on element switching to user account <img src=D:\BuildPiper_Rahul\Reports\26Dec_135602\serviceOverview_Promote_chrome\serviceOverview_Promote_chrome_360_Dec_141222.jpg alt='Lamp' width='500' height='400'> Element is present  xpath: //li//button[contains(@class,'main-nav-1')]//span[1][@title]] <img src=D:\BuildPiper_Rahul\Reports\26Dec_135602\serviceOverview_Promote_chrome\serviceOverview_Promote_chrome_360_Dec_141233.jpg alt='Lamp' width='500' height='400'> Element is present  xpath: //button//span[2][@class='flaticon-expand-arrow']/../..//div//span[@title='Service Overview']/span] <img src=D:\BuildPiper_Rahul\Reports\26Dec_135602\serviceOverview_Promote_chrome\serviceOverview_Promote_chrome_360_Dec_141236.jpg alt='Lamp' width='500' height='400'> Element is present  xpath: //a[@class='btn btn-submit']] <img src=D:\BuildPiper_Rahul\Reports\26Dec_135602\serviceOverview_Promote_chrome\serviceOverview_Promote_chrome_360_Dec_141236.jpg alt='Lamp' width='500' height='400'> Clicking on element Poc_QA addServiceBtn <img src=D:\BuildPiper_Rahul\Reports\26Dec_135602\serviceOverview_Promote_chrome\serviceOverview_Promote_chrome_360_Dec_141237.jpg alt='Lamp' width='500' height='400'> Element is present  xpath: //h1[@class='main-heading']] <img src=D:\BuildPiper_Rahul\Reports\26Dec_135602\serviceOverview_Promote_chrome\serviceOverview_Promote_chrome_360_Dec_141237.jpg alt='Lamp' width='500' height='400'> Element is present  xpath: //p[(@class='hint-text-main-heading')]] <img src=D:\BuildPiper_Rahul\Reports\26Dec_135602\serviceOverview_Promote_chrome\serviceOverview_Promote_chrome_360_Dec_141237.jpg alt='Lamp' width='500' height='400'> Setting value on element sets service name <img src=D:\BuildPiper_Rahul\Reports\26Dec_135602\serviceOverview_Promote_chrome\serviceOverview_Promote_chrome_360_Dec_141238.jpg alt='Lamp' width='500' height='400'> Setting value on element sets external name <img src=D:\BuildPiper_Rahul\Reports\26Dec_135602\serviceOverview_Promote_chrome\serviceOverview_Promote_chrome_360_Dec_141241.jpg alt='Lamp' width='500' height='400'> Clicking on element Poc_QA selectEveryRadioBtn <img src=D:\BuildPiper_Rahul\Reports\26Dec_135602\serviceOverview_Promote_chrome\serviceOverview_Promote_chrome_360_Dec_141241.jpg alt='Lamp' width='500' height='400'> Clicking on element Poc_QA SubmitCreatePage <img src=D:\BuildPiper_Rahul\Reports\26Dec_135602\serviceOverview_Promote_chrome\serviceOverview_Promote_chrome_360_Dec_141241.jpg alt='Lamp' width='500' height='400'> Element is present  xpath: //h1[@class='h1' and contains(.,'Create a Environment')]] <img src=D:\BuildPiper_Rahul\Reports\26Dec_135602\serviceOverview_Promote_chrome\serviceOverview_Promote_chrome_360_Dec_141242.jpg alt='Lamp' width='500' height='400'> Element is present  xpath: //div[@class='staticwrap-inner']] <img src=D:\BuildPiper_Rahul\Reports\26Dec_135602\serviceOverview_Promote_chrome\serviceOverview_Promote_chrome_360_Dec_141242.jpg alt='Lamp' width='500' height='400'> Element is present  xpath: //select[@name='env_id']] <img src=D:\BuildPiper_Rahul\Reports\26Dec_135602\serviceOverview_Promote_chrome\serviceOverview_Promote_chrome_360_Dec_141243.jpg alt='Lamp' width='500' height='400'> Element is present  xpath: //button[@class='btn btn-submit']] <img src=D:\BuildPiper_Rahul\Reports\26Dec_135602\serviceOverview_Promote_chrome\serviceOverview_Promote_chrome_360_Dec_141318.jpg alt='Lamp' width='500' height='400'> Clicking on element Poc_QA SubmitEnvPage <img src=D:\BuildPiper_Rahul\Reports\26Dec_135602\serviceOverview_Promote_chrome\serviceOverview_Promote_chrome_360_Dec_141318.jpg alt='Lamp' width='500' height='400'> Element is present  xpath: //div[@class='font-27 font-family-nunito font-weight-300 lh-12 mr-5']] <img src=D:\BuildPiper_Rahul\Reports\26Dec_135602\serviceOverview_Promote_chrome\serviceOverview_Promote_chrome_360_Dec_141319.jpg alt='Lamp' width='500' height='400'> Element is present  xpath: //span[contains(text(),'Project:')]] <img src=D:\BuildPiper_Rahul\Reports\26Dec_135602\serviceOverview_Promote_chrome\serviceOverview_Promote_chrome_360_Dec_141320.jpg alt='Lamp' width='500' height='400'> Element is present  xpath: //*[text()='Env Build Details']] <img src=D:\BuildPiper_Rahul\Reports\26Dec_135602\serviceOverview_Promote_chrome\serviceOverview_Promote_chrome_360_Dec_141320.jpg alt='Lamp' width='500' height='400'> Clicking on element Poc_QA validateBuildDetails <img src=D:\BuildPiper_Rahul\Reports\26Dec_135602\serviceOverview_Promote_chrome\serviceOverview_Promote_chrome_360_Dec_141320.jpg alt='Lamp' width='500' height='400'> Element is present  xpath: //p[@class='main-text mb-10']] <img src=D:\BuildPiper_Rahul\Reports\26Dec_135602\serviceOverview_Promote_chrome\serviceOverview_Promote_chrome_360_Dec_141321.jpg alt='Lamp' width='500' height='400'> Element is present  xpath: //span[@class='sub-text mb-10']] <img src=D:\BuildPiper_Rahul\Reports\26Dec_135602\serviceOverview_Promote_chrome\serviceOverview_Promote_chrome_360_Dec_141321.jpg alt='Lamp' width='500' height='400'> Element is present  xpath: //*[text()='Env Deploy Details']] <img src=D:\BuildPiper_Rahul\Reports\26Dec_135602\serviceOverview_Promote_chrome\serviceOverview_Promote_chrome_360_Dec_141321.jpg alt='Lamp' width='500' height='400'> Clicking on element Poc_QA validateDeployDetails <img src=D:\BuildPiper_Rahul\Reports\26Dec_135602\serviceOverview_Promote_chrome\serviceOverview_Promote_chrome_360_Dec_141321.jpg alt='Lamp' width='500' height='400'> Element is present  xpath: //p[@class='main-text mb-10']] <img src=D:\BuildPiper_Rahul\Reports\26Dec_135602\serviceOverview_Promote_chrome\serviceOverview_Promote_chrome_360_Dec_141321.jpg alt='Lamp' width='500' height='400'> Element is present  xpath: //span[@class='sub-text mb-10']] <img src=D:\BuildPiper_Rahul\Reports\26Dec_135602\serviceOverview_Promote_chrome\serviceOverview_Promote_chrome_360_Dec_141322.jpg alt='Lamp' width='500' height='400'> Element is present  xpath: //*[text()='To have a very smooth configuration we strongly recommend BuildPiper UI.']] <img src=D:\BuildPiper_Rahul\Reports\26Dec_135602\serviceOverview_Promote_chrome\serviceOverview_Promote_chrome_360_Dec_141322.jpg alt='Lamp' width='500' height='400'> Element is present  xpath: //*[text()='you can also configure the CD by uploading your custom manifest file.']] <img src=D:\BuildPiper_Rahul\Reports\26Dec_135602\serviceOverview_Promote_chrome\serviceOverview_Promote_chrome_360_Dec_141322.jpg alt='Lamp' width='500' height='400'> Element is present  xpath: //*[text()='Env Build Details']] <img src=D:\BuildPiper_Rahul\Reports\26Dec_135602\serviceOverview_Promote_chrome\serviceOverview_Promote_chrome_360_Dec_141322.jpg alt='Lamp' width='500' height='400'> Clicking on element Poc_QA validateBuildDetails <img src=D:\BuildPiper_Rahul\Reports\26Dec_135602\serviceOverview_Promote_chrome\serviceOverview_Promote_chrome_360_Dec_141323.jpg alt='Lamp' width='500' height='400'> Element is present  xpath: //*[text()='Configure Build']] <img src=D:\BuildPiper_Rahul\Reports\26Dec_135602\serviceOverview_Promote_chrome\serviceOverview_Promote_chrome_360_Dec_141323.jpg alt='Lamp' width='500' height='400'> Clicking on element Poc_QA clickConfigBuild <img src=D:\BuildPiper_Rahul\Reports\26Dec_135602\serviceOverview_Promote_chrome\serviceOverview_Promote_chrome_360_Dec_141323.jpg alt='Lamp' width='500' height='400'> Element is present  xpath: //div[@class='md-step-circle current']] <img src=D:\BuildPiper_Rahul\Reports\26Dec_135602\serviceOverview_Promote_chrome\serviceOverview_Promote_chrome_360_Dec_141326.jpg alt='Lamp' width='500' height='400'> Element is present  xpath: //h4[@class='mainHeading']] <img src=D:\BuildPiper_Rahul\Reports\26Dec_135602\serviceOverview_Promote_chrome\serviceOverview_Promote_chrome_360_Dec_141326.jpg alt='Lamp' width='500' height='400'> Element is present  xpath: //*[text()='Please Select the Git URL']] <img src=D:\BuildPiper_Rahul\Reports\26Dec_135602\serviceOverview_Promote_chrome\serviceOverview_Promote_chrome_360_Dec_141327.jpg alt='Lamp' width='500' height='400'> Element is present  xpath: //div[@class='MuiInputBase-root MuiOutlinedInput-root MuiAutocomplete-inputRoot MuiInputBase-fullWidth MuiInputBase-formControl MuiInputBase-adornedEnd MuiOutlinedInput-adornedEnd']] <img src=D:\BuildPiper_Rahul\Reports\26Dec_135602\serviceOverview_Promote_chrome\serviceOverview_Promote_chrome_360_Dec_141327.jpg alt='Lamp' width='500' height='400'> Clicking on element Poc_QA gitUrlInputField <img src=D:\BuildPiper_Rahul\Reports\26Dec_135602\serviceOverview_Promote_chrome\serviceOverview_Promote_chrome_360_Dec_141327.jpg alt='Lamp' width='500' height='400'> Clicking on element ClicksclearField <img src=D:\BuildPiper_Rahul\Reports\26Dec_135602\serviceOverview_Promote_chrome\serviceOverview_Promote_chrome_360_Dec_141332.jpg alt='Lamp' width='500' height='400'> Element is present  xpath: //*[text()='Load Branches']] <img src=D:\BuildPiper_Rahul\Reports\26Dec_135602\serviceOverview_Promote_chrome\serviceOverview_Promote_chrome_360_Dec_141342.jpg alt='Lamp' width='500' height='400'> Clicking on element Poc_QA loadBranchesBtn <img src=D:\BuildPiper_Rahul\Reports\26Dec_135602\serviceOverview_Promote_chrome\serviceOverview_Promote_chrome_360_Dec_141342.jpg alt='Lamp' width='500' height='400'> Element is present  xpath: //*[text()='Advance Configurations']] <img src=D:\BuildPiper_Rahul\Reports\26Dec_135602\serviceOverview_Promote_chrome\serviceOverview_Promote_chrome_360_Dec_141356.jpg alt='Lamp' width='500' height='400'> Clicking on element Poc_QA clickContinueBtn <img src=D:\BuildPiper_Rahul\Reports\26Dec_135602\serviceOverview_Promote_chrome\serviceOverview_Promote_chrome_360_Dec_141356.jpg alt='Lamp' width='500' height='400'> Element is present  xpath: //h4[@class='mainHeading']] <img src=D:\BuildPiper_Rahul\Reports\26Dec_135602\serviceOverview_Promote_chrome\serviceOverview_Promote_chrome_360_Dec_141401.jpg alt='Lamp' width='500' height='400'> Element is present  xpath: //*[text()='Build Env Details']] <img src=D:\BuildPiper_Rahul\Reports\26Dec_135602\serviceOverview_Promote_chrome\serviceOverview_Promote_chrome_360_Dec_141402.jpg alt='Lamp' width='500' height='400'> Clicking on element Poc_QA envDetailsSwitch <img src=D:\BuildPiper_Rahul\Reports\26Dec_135602\serviceOverview_Promote_chrome\serviceOverview_Promote_chrome_360_Dec_141402.jpg alt='Lamp' width='500' height='400'> Setting value on element Poc_QA envName <img src=D:\BuildPiper_Rahul\Reports\26Dec_135602\serviceOverview_Promote_chrome\serviceOverview_Promote_chrome_360_Dec_141402.jpg alt='Lamp' width='500' height='400'> Setting value on element Poc_QA envValue <img src=D:\BuildPiper_Rahul\Reports\26Dec_135602\serviceOverview_Promote_chrome\serviceOverview_Promote_chrome_360_Dec_141403.jpg alt='Lamp' width='500' height='400'> Clicking on element Poc_QA clickContinueBtn <img src=D:\BuildPiper_Rahul\Reports\26Dec_135602\serviceOverview_Promote_chrome\serviceOverview_Promote_chrome_360_Dec_141403.jpg alt='Lamp' width='500' height='400'> Clicking on element Poc_QA preHooksSwitch <img src=D:\BuildPiper_Rahul\Reports\26Dec_135602\serviceOverview_Promote_chrome\serviceOverview_Promote_chrome_360_Dec_141403.jpg alt='Lamp' width='500' height='400'> Setting value on element Poc_QA preHooksPasswordBox1 <img src=D:\BuildPiper_Rahul\Reports\26Dec_135602\serviceOverview_Promote_chrome\serviceOverview_Promote_chrome_360_Dec_141403.jpg alt='Lamp' width='500' height='400'> Clicking on element clicks on add New Hook <img src=D:\BuildPiper_Rahul\Reports\26Dec_135602\serviceOverview_Promote_chrome\serviceOverview_Promote_chrome_360_Dec_141404.jpg alt='Lamp' width='500' height='400'> Setting value on element Poc_QA preHooksPasswordBox2 <img src=D:\BuildPiper_Rahul\Reports\26Dec_135602\serviceOverview_Promote_chrome\serviceOverview_Promote_chrome_360_Dec_141404.jpg alt='Lamp' width='500' height='400'> Clicking on element Poc_QA postHooksSwitch <img src=D:\BuildPiper_Rahul\Reports\26Dec_135602\serviceOverview_Promote_chrome\serviceOverview_Promote_chrome_360_Dec_141404.jpg alt='Lamp' width='500' height='400'> Setting value on element Poc_QA postHooksPasswordBox1 <img src=D:\BuildPiper_Rahul\Reports\26Dec_135602\serviceOverview_Promote_chrome\serviceOverview_Promote_chrome_360_Dec_141404.jpg alt='Lamp' width='500' height='400'> Clicking on element clicks on add New Post Hook <img src=D:\BuildPiper_Rahul\Reports\26Dec_135602\serviceOverview_Promote_chrome\serviceOverview_Promote_chrome_360_Dec_141405.jpg alt='Lamp' width='500' height='400'> Setting value on element Poc_QA postHooksPasswordBox2 <img src=D:\BuildPiper_Rahul\Reports\26Dec_135602\serviceOverview_Promote_chrome\serviceOverview_Promote_chrome_360_Dec_141405.jpg alt='Lamp' width='500' height='400'> Clicking on element Poc_QA submitHooks <img src=D:\BuildPiper_Rahul\Reports\26Dec_135602\serviceOverview_Promote_chrome\serviceOverview_Promote_chrome_360_Dec_141405.jpg alt='Lamp' width='500' height='400'> Element is present  xpath: /html/body/div[1]/div/main/div[1]/div/div[1]/div/div/div[2]/div[2]/span[2]] <img src=D:\BuildPiper_Rahul\Reports\26Dec_135602\serviceOverview_Promote_chrome\serviceOverview_Promote_chrome_360_Dec_141406.jpg alt='Lamp' width='500' height='400'> Element is present  xpath: //*[text()='Job Template: ']] <img src=D:\BuildPiper_Rahul\Reports\26Dec_135602\serviceOverview_Promote_chrome\serviceOverview_Promote_chrome_360_Dec_141406.jpg alt='Lamp' width='500' height='400'> Element is present  xpath: //*[text()='Env Deploy Details']] <img src=D:\BuildPiper_Rahul\Reports\26Dec_135602\serviceOverview_Promote_chrome\serviceOverview_Promote_chrome_360_Dec_141406.jpg alt='Lamp' width='500' height='400'> Clicking on element Poc_QA validateDeployDetails <img src=D:\BuildPiper_Rahul\Reports\26Dec_135602\serviceOverview_Promote_chrome\serviceOverview_Promote_chrome_360_Dec_141407.jpg alt='Lamp' width='500' height='400'> Element is present  xpath: //button[@class='btn btn-submit']] <img src=D:\BuildPiper_Rahul\Reports\26Dec_135602\serviceOverview_Promote_chrome\serviceOverview_Promote_chrome_360_Dec_141407.jpg alt='Lamp' width='500' height='400'> Clicking on element clicks on buildPiperUI button <img src=D:\BuildPiper_Rahul\Reports\26Dec_135602\serviceOverview_Promote_chrome\serviceOverview_Promote_chrome_360_Dec_141407.jpg alt='Lamp' width='500' height='400'> Clicking on element Add Access Level <img src=D:\BuildPiper_Rahul\Reports\26Dec_135602\serviceOverview_Promote_chrome\serviceOverview_Promote_chrome_360_Dec_141408.jpg alt='Lamp' width='500' height='400'> Clicking on element Poc_QA privateAccess <img src=D:\BuildPiper_Rahul\Reports\26Dec_135602\serviceOverview_Promote_chrome\serviceOverview_Promote_chrome_360_Dec_141440.jpg alt='Lamp' width='500' height='400'> Clicking on element clicks add button <img src=D:\BuildPiper_Rahul\Reports\26Dec_135602\serviceOverview_Promote_chrome\serviceOverview_Promote_chrome_360_Dec_141441.jpg alt='Lamp' width='500' height='400'> Clicking on element clicks continue button <img src=D:\BuildPiper_Rahul\Reports\26Dec_135602\serviceOverview_Promote_chrome\serviceOverview_Promote_chrome_360_Dec_141443.jpg alt='Lamp' width='500' height='400'> Clicking on element clicks continue button <img src=D:\BuildPiper_Rahul\Reports\26Dec_135602\serviceOverview_Promote_chrome\serviceOverview_Promote_chrome_360_Dec_141446.jpg alt='Lamp' width='500' height='400'> Clicking on element clicks continue button <img src=D:\BuildPiper_Rahul\Reports\26Dec_135602\serviceOverview_Promote_chrome\serviceOverview_Promote_chrome_360_Dec_141448.jpg alt='Lamp' width='500' height='400'> Clicking on element clicks continue button <img src=D:\BuildPiper_Rahul\Reports\26Dec_135602\serviceOverview_Promote_chrome\serviceOverview_Promote_chrome_360_Dec_141450.jpg alt='Lamp' width='500' height='400'> Clicking on element clicks continue button <img src=D:\BuildPiper_Rahul\Reports\26Dec_135602\serviceOverview_Promote_chrome\serviceOverview_Promote_chrome_360_Dec_141453.jpg alt='Lamp' width='500' height='400'> Clicking on element clicks continue button <img src=D:\BuildPiper_Rahul\Reports\26Dec_135602\serviceOverview_Promote_chrome\serviceOverview_Promote_chrome_360_Dec_141455.jpg alt='Lamp' width='500' height='400'> Clicking on element clicks continue button <img src=D:\BuildPiper_Rahul\Reports\26Dec_135602\serviceOverview_Promote_chrome\serviceOverview_Promote_chrome_360_Dec_141457.jpg alt='Lamp' width='500' height='400'> Clicking on element clicks continue button <img src=D:\BuildPiper_Rahul\Reports\26Dec_135602\serviceOverview_Promote_chrome\serviceOverview_Promote_chrome_360_Dec_141459.jpg alt='Lamp' width='500' height='400'> Clicking on element clicks continue button <img src=D:\BuildPiper_Rahul\Reports\26Dec_135602\serviceOverview_Promote_chrome\serviceOverview_Promote_chrome_360_Dec_141502.jpg alt='Lamp' width='500' height='400'> Clicking on element Clicks on Deploy Details tag <img src=D:\BuildPiper_Rahul\Reports\26Dec_135602\serviceOverview_Promote_chrome\serviceOverview_Promote_chrome_360_Dec_141504.jpg alt='Lamp' width='500' height='400'> Clicking on element adds new environment to running service <img src=D:\BuildPiper_Rahul\Reports\26Dec_135602\serviceOverview_Promote_chrome\serviceOverview_Promote_chrome_360_Dec_141504.jpg alt='Lamp' width='500' height='400'> Element is present  xpath: //h1[@class='h1' and contains(.,'Create a Environment')]] <img src=D:\BuildPiper_Rahul\Reports\26Dec_135602\serviceOverview_Promote_chrome\serviceOverview_Promote_chrome_360_Dec_141504.jpg alt='Lamp' width='500' height='400'> Element is present  xpath: //div[@class='staticwrap-inner']] <img src=D:\BuildPiper_Rahul\Reports\26Dec_135602\serviceOverview_Promote_chrome\serviceOverview_Promote_chrome_360_Dec_141505.jpg alt='Lamp' width='500' height='400'> Element is present  xpath: //select[@name='env_id']] <img src=D:\BuildPiper_Rahul\Reports\26Dec_135602\serviceOverview_Promote_chrome\serviceOverview_Promote_chrome_360_Dec_141505.jpg alt='Lamp' width='500' height='400'> Element is present  xpath: //select[@name='project_job_template_id']] <img src=D:\BuildPiper_Rahul\Reports\26Dec_135602\serviceOverview_Promote_chrome\serviceOverview_Promote_chrome_360_Dec_141509.jpg alt='Lamp' width='500' height='400'> Element is present  xpath: //button[@class='btn btn-submit']] <img src=D:\BuildPiper_Rahul\Reports\26Dec_135602\serviceOverview_Promote_chrome\serviceOverview_Promote_chrome_360_Dec_141539.jpg alt='Lamp' width='500' height='400'> Clicking on element Poc_QA SubmitEnvPage <img src=D:\BuildPiper_Rahul\Reports\26Dec_135602\serviceOverview_Promote_chrome\serviceOverview_Promote_chrome_360_Dec_141539.jpg alt='Lamp' width='500' height='400'> Element is present  xpath: //span[@class='badge badge-dev']] <img src=D:\BuildPiper_Rahul\Reports\26Dec_135602\serviceOverview_Promote_chrome\serviceOverview_Promote_chrome_360_Dec_141540.jpg alt='Lamp' width='500' height='400'> Element is present  xpath: //*[text()='Configure Build']] <img src=D:\BuildPiper_Rahul\Reports\26Dec_135602\serviceOverview_Promote_chrome\serviceOverview_Promote_chrome_360_Dec_141541.jpg alt='Lamp' width='500' height='400'> Element is present  xpath: //*[text()='Configure Build']] <img src=D:\BuildPiper_Rahul\Reports\26Dec_135602\serviceOverview_Promote_chrome\serviceOverview_Promote_chrome_360_Dec_141542.jpg alt='Lamp' width='500' height='400'> Clicking on element Poc_QA clickConfigBuild <img src=D:\BuildPiper_Rahul\Reports\26Dec_135602\serviceOverview_Promote_chrome\serviceOverview_Promote_chrome_360_Dec_141542.jpg alt='Lamp' width='500' height='400'> Element is present  xpath: //div[@class='input-component']//label] <img src=D:\BuildPiper_Rahul\Reports\26Dec_135602\serviceOverview_Promote_chrome\serviceOverview_Promote_chrome_360_Dec_141546.jpg alt='Lamp' width='500' height='400'> Clicking on element user clicks next button <img src=D:\BuildPiper_Rahul\Reports\26Dec_135602\serviceOverview_Promote_chrome\serviceOverview_Promote_chrome_360_Dec_141550.jpg alt='Lamp' width='500' height='400'> Element is present  xpath: //*[text()='Load Branches']] <img src=D:\BuildPiper_Rahul\Reports\26Dec_135602\serviceOverview_Promote_chrome\serviceOverview_Promote_chrome_360_Dec_141554.jpg alt='Lamp' width='500' height='400'> Clicking on element Poc_QA loadBranchesBtn <img src=D:\BuildPiper_Rahul\Reports\26Dec_135602\serviceOverview_Promote_chrome\serviceOverview_Promote_chrome_360_Dec_141555.jpg alt='Lamp' width='500' height='400'> Clicking on element Poc_QA clickContinueBtn <img src=D:\BuildPiper_Rahul\Reports\26Dec_135602\serviceOverview_Promote_chrome\serviceOverview_Promote_chrome_360_Dec_141604.jpg alt='Lamp' width='500' height='400'> Clicking on element Poc_QA clickContinueBtn <img src=D:\BuildPiper_Rahul\Reports\26Dec_135602\serviceOverview_Promote_chrome\serviceOverview_Promote_chrome_360_Dec_141609.jpg alt='Lamp' width='500' height='400'> Clicking on element Poc_QA clickContinueBtn <img src=D:\BuildPiper_Rahul\Reports\26Dec_135602\serviceOverview_Promote_chrome\serviceOverview_Promote_chrome_360_Dec_141613.jpg alt='Lamp' width='500' height='400'> Element is present  xpath: //*[text()='Env Deploy Details']] <img src=D:\BuildPiper_Rahul\Reports\26Dec_135602\serviceOverview_Promote_chrome\serviceOverview_Promote_chrome_360_Dec_141613.jpg alt='Lamp' width='500' height='400'> Clicking on element Poc_QA validateDeployDetails <img src=D:\BuildPiper_Rahul\Reports\26Dec_135602\serviceOverview_Promote_chrome\serviceOverview_Promote_chrome_360_Dec_141614.jpg alt='Lamp' width='500' height='400'> Element is present  xpath: //button[@class='btn btn-submit']] <img src=D:\BuildPiper_Rahul\Reports\26Dec_135602\serviceOverview_Promote_chrome\serviceOverview_Promote_chrome_360_Dec_141614.jpg alt='Lamp' width='500' height='400'> Clicking on element clicks on buildPiperUI button <img src=D:\BuildPiper_Rahul\Reports\26Dec_135602\serviceOverview_Promote_chrome\serviceOverview_Promote_chrome_360_Dec_141614.jpg alt='Lamp' width='500' height='400'> Element is present  xpath: //label//..//..//..//select] <img src=D:\BuildPiper_Rahul\Reports\26Dec_135602\serviceOverview_Promote_chrome\serviceOverview_Promote_chrome_360_Dec_141617.jpg alt='Lamp' width='500' height='400'> Clicking on element user clicks next button <img src=D:\BuildPiper_Rahul\Reports\26Dec_135602\serviceOverview_Promote_chrome\serviceOverview_Promote_chrome_360_Dec_141618.jpg alt='Lamp' width='500' height='400'> Clicking on element Add Access Level <img src=D:\BuildPiper_Rahul\Reports\26Dec_135602\serviceOverview_Promote_chrome\serviceOverview_Promote_chrome_360_Dec_141618.jpg alt='Lamp' width='500' height='400'> Clicking on element Poc_QA privateAccess <img src=D:\BuildPiper_Rahul\Reports\26Dec_135602\serviceOverview_Promote_chrome\serviceOverview_Promote_chrome_360_Dec_141651.jpg alt='Lamp' width='500' height='400'> Clicking on element clicks add button <img src=D:\BuildPiper_Rahul\Reports\26Dec_135602\serviceOverview_Promote_chrome\serviceOverview_Promote_chrome_360_Dec_141652.jpg alt='Lamp' width='500' height='400'> Clicking on element clicks continue button <img src=D:\BuildPiper_Rahul\Reports\26Dec_135602\serviceOverview_Promote_chrome\serviceOverview_Promote_chrome_360_Dec_141654.jpg alt='Lamp' width='500' height='400'> Clicking on element clicks continue button <img src=D:\BuildPiper_Rahul\Reports\26Dec_135602\serviceOverview_Promote_chrome\serviceOverview_Promote_chrome_360_Dec_141656.jpg alt='Lamp' width='500' height='400'> Clicking on element clicks continue button <img src=D:\BuildPiper_Rahul\Reports\26Dec_135602\serviceOverview_Promote_chrome\serviceOverview_Promote_chrome_360_Dec_141659.jpg alt='Lamp' width='500' height='400'> Clicking on element clicks continue button <img src=D:\BuildPiper_Rahul\Reports\26Dec_135602\serviceOverview_Promote_chrome\serviceOverview_Promote_chrome_360_Dec_141701.jpg alt='Lamp' width='500' height='400'> Clicking on element clicks continue button <img src=D:\BuildPiper_Rahul\Reports\26Dec_135602\serviceOverview_Promote_chrome\serviceOverview_Promote_chrome_360_Dec_141703.jpg alt='Lamp' width='500' height='400'> Clicking on element clicks continue button <img src=D:\BuildPiper_Rahul\Reports\26Dec_135602\serviceOverview_Promote_chrome\serviceOverview_Promote_chrome_360_Dec_141705.jpg alt='Lamp' width='500' height='400'> Clicking on element clicks continue button <img src=D:\BuildPiper_Rahul\Reports\26Dec_135602\serviceOverview_Promote_chrome\serviceOverview_Promote_chrome_360_Dec_141708.jpg alt='Lamp' width='500' height='400'> Clicking on element clicks continue button <img src=D:\BuildPiper_Rahul\Reports\26Dec_135602\serviceOverview_Promote_chrome\serviceOverview_Promote_chrome_360_Dec_141710.jpg alt='Lamp' width='500' height='400'> Clicking on element clicks continue button <img src=D:\BuildPiper_Rahul\Reports\26Dec_135602\serviceOverview_Promote_chrome\serviceOverview_Promote_chrome_360_Dec_141712.jpg alt='Lamp' width='500' height='400'> Element is present  xpath: //li//button[contains(@class,'main-nav-1')]//span[1][@title]] <img src=D:\BuildPiper_Rahul\Reports\26Dec_135602\serviceOverview_Promote_chrome\serviceOverview_Promote_chrome_360_Dec_141714.jpg alt='Lamp' width='500' height='400'> Element is present  xpath: //button//span[2][@class='flaticon-expand-arrow']/../..//div//span[@title='Service Overview']/span] <img src=D:\BuildPiper_Rahul\Reports\26Dec_135602\serviceOverview_Promote_chrome\serviceOverview_Promote_chrome_360_Dec_141715.jpg alt='Lamp' width='500' height='400'> Element is present  xpath: //input[@placeholder='Name']] <img src=D:\BuildPiper_Rahul\Reports\26Dec_135602\serviceOverview_Promote_chrome\serviceOverview_Promote_chrome_360_Dec_141718.jpg alt='Lamp' width='500' height='400'> Clicking on element clicks on environment overview tab under applicartion name <img src=D:\BuildPiper_Rahul\Reports\26Dec_135602\serviceOverview_Promote_chrome\serviceOverview_Promote_chrome_360_Dec_141719.jpg alt='Lamp' width='500' height='400'> checking if driver exist <img src=D:\BuildPiper_Rahul\Reports\26Dec_135602\serviceOverview_Promote_chrome\serviceOverview_Promote_chrome_360_Dec_141724.jpg alt='Lamp' width='500' height='400'>  Element [[ChromeDriver: chrome on WINDOWS (cefa3ca5186b95c004af5ac8e1611543)] -> xpath: //button[@title='Build']] is not clickable using selenium click <img src=D:\BuildPiper_Rahul\Reports\26Dec_135602\serviceOverview_Promote_chrome\serviceOverview_Promote_chrome_360_Dec_141725.jpg alt='Lamp' width='500' height='400'> Clicking on element buildButton <img src=D:\BuildPiper_Rahul\Reports\26Dec_135602\serviceOverview_Promote_chrome\serviceOverview_Promote_chrome_360_Dec_141726.jpg alt='Lamp' width='500' height='400'>  Element [[ChromeDriver: chrome on WINDOWS (cefa3ca5186b95c004af5ac8e1611543)] -> xpath: //button[@title='Build']] is not clickable using selenium click <img src=D:\BuildPiper_Rahul\Reports\26Dec_135602\serviceOverview_Promote_chrome\serviceOverview_Promote_chrome_360_Dec_141728.jpg alt='Lamp' width='500' height='400'> Clicking on element buildButton <img src=D:\BuildPiper_Rahul\Reports\26Dec_135602\serviceOverview_Promote_chrome\serviceOverview_Promote_chrome_360_Dec_141728.jpg alt='Lamp' width='500' height='400'> checking if driver exist <img src=D:\BuildPiper_Rahul\Reports\26Dec_135602\serviceOverview_Promote_chrome\serviceOverview_Promote_chrome_360_Dec_141729.jpg alt='Lamp' width='500' height='400'> Clicking on element buildButton <img src=D:\BuildPiper_Rahul\Reports\26Dec_135602\serviceOverview_Promote_chrome\serviceOverview_Promote_chrome_360_Dec_141730.jpg alt='Lamp' width='500' height='400'> checking if driver exist <img src=D:\BuildPiper_Rahul\Reports\26Dec_135602\serviceOverview_Promote_chrome\serviceOverview_Promote_chrome_360_Dec_141806.jpg alt='Lamp' width='500' height='400'> Element is present  xpath: //span[contains(text(),'Please note You are building image in Env.')]/following-sibling::span[1]] <img src=D:\BuildPiper_Rahul\Reports\26Dec_135602\serviceOverview_Promote_chrome\serviceOverview_Promote_chrome_360_Dec_141810.jpg alt='Lamp' width='500' height='400'> checking if driver exist <img src=D:\BuildPiper_Rahul\Reports\26Dec_135602\serviceOverview_Promote_chrome\serviceOverview_Promote_chrome_360_Dec_141813.jpg alt='Lamp' width='500' height='400'> Clicking on element triggerBuild <img src=D:\BuildPiper_Rahul\Reports\26Dec_135602\serviceOverview_Promote_chrome\serviceOverview_Promote_chrome_360_Dec_141814.jpg alt='Lamp' width='500' height='400'> checking if driver exist <img src=D:\BuildPiper_Rahul\Reports\26Dec_135602\serviceOverview_Promote_chrome\serviceOverview_Promote_chrome_360_Dec_141822.jpg alt='Lamp' width='500' height='400'> Clicking on element refresh BuildandDeploy button <img src=D:\BuildPiper_Rahul\Reports\26Dec_135602\serviceOverview_Promote_chrome\serviceOverview_Promote_chrome_360_Dec_141822.jpg alt='Lamp' width='500' height='400'> checking if driver exist <img src=D:\BuildPiper_Rahul\Reports\26Dec_135602\serviceOverview_Promote_chrome\serviceOverview_Promote_chrome_360_Dec_141825.jpg alt='Lamp' width='500' height='400'> Element is present  xpath: //div[contains(@class,'popup-card')]//td//div[contains(@class,'round-chip')]] <img src=D:\BuildPiper_Rahul\Reports\26Dec_135602\serviceOverview_Promote_chrome\serviceOverview_Promote_chrome_360_Dec_141825.jpg alt='Lamp' width='500' height='400'> checking if driver exist <img src=D:\BuildPiper_Rahul\Reports\26Dec_135602\serviceOverview_Promote_chrome\serviceOverview_Promote_chrome_360_Dec_141956.jpg alt='Lamp' width='500' height='400'> Clicking on element buildRecent <img src=D:\BuildPiper_Rahul\Reports\26Dec_135602\serviceOverview_Promote_chrome\serviceOverview_Promote_chrome_360_Dec_141956.jpg alt='Lamp' width='500' height='400'> checking if driver exist <img src=D:\BuildPiper_Rahul\Reports\26Dec_135602\serviceOverview_Promote_chrome\serviceOverview_Promote_chrome_360_Dec_142007.jpg alt='Lamp' width='500' height='400'> Clicking on element refresh BuildandDeploy button <img src=D:\BuildPiper_Rahul\Reports\26Dec_135602\serviceOverview_Promote_chrome\serviceOverview_Promote_chrome_360_Dec_142007.jpg alt='Lamp' width='500' height='400'> checking if driver exist <img src=D:\BuildPiper_Rahul\Reports\26Dec_135602\serviceOverview_Promote_chrome\serviceOverview_Promote_chrome_360_Dec_142047.jpg alt='Lamp' width='500' height='400'> Clicking on element refresh BuildandDeploy button <img src=D:\BuildPiper_Rahul\Reports\26Dec_135602\serviceOverview_Promote_chrome\serviceOverview_Promote_chrome_360_Dec_142048.jpg alt='Lamp' width='500' height='400'> checking if driver exist <img src=D:\BuildPiper_Rahul\Reports\26Dec_135602\serviceOverview_Promote_chrome\serviceOverview_Promote_chrome_360_Dec_142058.jpg alt='Lamp' width='500' height='400'> Element is present  xpath: //div[contains(@class,'popup-card')]//td//div[contains(@class,'round-chip')]] <img src=D:\BuildPiper_Rahul\Reports\26Dec_135602\serviceOverview_Promote_chrome\serviceOverview_Promote_chrome_360_Dec_142058.jpg alt='Lamp' width='500' height='400'> checking if driver exist <img src=D:\BuildPiper_Rahul\Reports\26Dec_135602\serviceOverview_Promote_chrome\serviceOverview_Promote_chrome_360_Dec_142101.jpg alt='Lamp' width='500' height='400'> Clicking on element clicks buildwindow_closeButton <img src=D:\BuildPiper_Rahul\Reports\26Dec_135602\serviceOverview_Promote_chrome\serviceOverview_Promote_chrome_360_Dec_142102.jpg alt='Lamp' width='500' height='400'> checking if driver exist <img src=D:\BuildPiper_Rahul\Reports\26Dec_135602\serviceOverview_Promote_chrome\serviceOverview_Promote_chrome_360_Dec_142110.jpg alt='Lamp' width='500' height='400'> Clicking on element refresh BuildandDeploy button <img src=D:\BuildPiper_Rahul\Reports\26Dec_135602\serviceOverview_Promote_chrome\serviceOverview_Promote_chrome_360_Dec_142110.jpg alt='Lamp' width='500' height='400'> checking if driver exist <img src=D:\BuildPiper_Rahul\Reports\26Dec_135602\serviceOverview_Promote_chrome\serviceOverview_Promote_chrome_360_Dec_142112.jpg alt='Lamp' width='500' height='400'> Element is present  xpath: (//div/p[text()='Artifact']/following-sibling::span)[1]] <img src=D:\BuildPiper_Rahul\Reports\26Dec_135602\serviceOverview_Promote_chrome\serviceOverview_Promote_chrome_360_Dec_142112.jpg alt='Lamp' width='500' height='400'> checking if driver exist <img src=D:\BuildPiper_Rahul\Reports\26Dec_135602\serviceOverview_Promote_chrome\serviceOverview_Promote_chrome_360_Dec_142113.jpg alt='Lamp' width='500' height='400'> checking if driver exist <img src=D:\BuildPiper_Rahul\Reports\26Dec_135602\serviceOverview_Promote_chrome\serviceOverview_Promote_chrome_360_Dec_142113.jpg alt='Lamp' width='500' height='400'>  Element [[ChromeDriver: chrome on WINDOWS (cefa3ca5186b95c004af5ac8e1611543)] -> xpath: //button[@title='Deploy']] is not clickable using selenium click <img src=D:\BuildPiper_Rahul\Reports\26Dec_135602\serviceOverview_Promote_chrome\serviceOverview_Promote_chrome_360_Dec_142114.jpg alt='Lamp' width='500' height='400'> Clicking on element clicks deployButton <img src=D:\BuildPiper_Rahul\Reports\26Dec_135602\serviceOverview_Promote_chrome\serviceOverview_Promote_chrome_360_Dec_142114.jpg alt='Lamp' width='500' height='400'> Clicking on element deploytagInput <img src=D:\BuildPiper_Rahul\Reports\26Dec_135602\serviceOverview_Promote_chrome\serviceOverview_Promote_chrome_360_Dec_142120.jpg alt='Lamp' width='500' height='400'> Clicking on element cleardeployDropDown <img src=D:\BuildPiper_Rahul\Reports\26Dec_135602\serviceOverview_Promote_chrome\serviceOverview_Promote_chrome_360_Dec_142120.jpg alt='Lamp' width='500' height='400'> Clicking on element clicks triggerDeploy <img src=D:\BuildPiper_Rahul\Reports\26Dec_135602\serviceOverview_Promote_chrome\serviceOverview_Promote_chrome_360_Dec_142129.jpg alt='Lamp' width='500' height='400'> checking if driver exist <img src=D:\BuildPiper_Rahul\Reports\26Dec_135602\serviceOverview_Promote_chrome\serviceOverview_Promote_chrome_360_Dec_142137.jpg alt='Lamp' width='500' height='400'> Clicking on element refresh BuildandDeploy button <img src=D:\BuildPiper_Rahul\Reports\26Dec_135602\serviceOverview_Promote_chrome\serviceOverview_Promote_chrome_360_Dec_142137.jpg alt='Lamp' width='500' height='400'> checking if driver exist <img src=D:\BuildPiper_Rahul\Reports\26Dec_135602\serviceOverview_Promote_chrome\serviceOverview_Promote_chrome_360_Dec_142237.jpg alt='Lamp' width='500' height='400'> Clicking on element deployRecent <img src=D:\BuildPiper_Rahul\Reports\26Dec_135602\serviceOverview_Promote_chrome\serviceOverview_Promote_chrome_360_Dec_142238.jpg alt='Lamp' width='500' height='400'> checking if driver exist <img src=D:\BuildPiper_Rahul\Reports\26Dec_135602\serviceOverview_Promote_chrome\serviceOverview_Promote_chrome_360_Dec_142258.jpg alt='Lamp' width='500' height='400'> Clicking on element refresh BuildandDeploy button <img src=D:\BuildPiper_Rahul\Reports\26Dec_135602\serviceOverview_Promote_chrome\serviceOverview_Promote_chrome_360_Dec_142259.jpg alt='Lamp' width='500' height='400'> checking if driver exist <img src=D:\BuildPiper_Rahul\Reports\26Dec_135602\serviceOverview_Promote_chrome\serviceOverview_Promote_chrome_360_Dec_142309.jpg alt='Lamp' width='500' height='400'> Clicking on element refresh BuildandDeploy button <img src=D:\BuildPiper_Rahul\Reports\26Dec_135602\serviceOverview_Promote_chrome\serviceOverview_Promote_chrome_360_Dec_142309.jpg alt='Lamp' width='500' height='400'> checking if driver exist <img src=D:\BuildPiper_Rahul\Reports\26Dec_135602\serviceOverview_Promote_chrome\serviceOverview_Promote_chrome_360_Dec_142312.jpg alt='Lamp' width='500' height='400'> Element is present  xpath: //div[contains(@class,'popup-card')]//td//span[contains(@class,'round-chip')]] <img src=D:\BuildPiper_Rahul\Reports\26Dec_135602\serviceOverview_Promote_chrome\serviceOverview_Promote_chrome_360_Dec_142313.jpg alt='Lamp' width='500' height='400'> checking if driver exist <img src=D:\BuildPiper_Rahul\Reports\26Dec_135602\serviceOverview_Promote_chrome\serviceOverview_Promote_chrome_360_Dec_142316.jpg alt='Lamp' width='500' height='400'> Clicking on element clicks deploywindow_closeButton <img src=D:\BuildPiper_Rahul\Reports\26Dec_135602\serviceOverview_Promote_chrome\serviceOverview_Promote_chrome_360_Dec_142316.jpg alt='Lamp' width='500' height='400'> checking if driver exist <img src=D:\BuildPiper_Rahul\Reports\26Dec_135602\serviceOverview_Promote_chrome\serviceOverview_Promote_chrome_360_Dec_142319.jpg alt='Lamp' width='500' height='400'> Clicking on element clicks Promote Button <img src=D:\BuildPiper_Rahul\Reports\26Dec_135602\serviceOverview_Promote_chrome\serviceOverview_Promote_chrome_360_Dec_142320.jpg alt='Lamp' width='500' height='400'> Clicking on element deploytagInput <img src=D:\BuildPiper_Rahul\Reports\26Dec_135602\serviceOverview_Promote_chrome\serviceOverview_Promote_chrome_360_Dec_142327.jpg alt='Lamp' width='500' height='400'> Clicking on element cleardeployDropDown <img src=D:\BuildPiper_Rahul\Reports\26Dec_135602\serviceOverview_Promote_chrome\serviceOverview_Promote_chrome_360_Dec_142327.jpg alt='Lamp' width='500' height='400'> Clicking on element clicks triggerPromote <img src=D:\BuildPiper_Rahul\Reports\26Dec_135602\serviceOverview_Promote_chrome\serviceOverview_Promote_chrome_360_Dec_142337.jpg alt='Lamp' width='500' height='400'> checking if driver exist <img src=D:\BuildPiper_Rahul\Reports\26Dec_135602\serviceOverview_Promote_chrome\serviceOverview_Promote_chrome_360_Dec_142340.jpg alt='Lamp' width='500' height='400'> Clicking on element refresh BuildandDeploy button <img src=D:\BuildPiper_Rahul\Reports\26Dec_135602\serviceOverview_Promote_chrome\serviceOverview_Promote_chrome_360_Dec_142340.jpg alt='Lamp' width='500' height='400'> checking if driver exist <img src=D:\BuildPiper_Rahul\Reports\26Dec_135602\serviceOverview_Promote_chrome\serviceOverview_Promote_chrome_360_Dec_142343.jpg alt='Lamp' width='500' height='400'> ####### End of Test Case: serviceOverview_Promote #######  </system-out>
</testsuite> <!-- com.buildpiper.testcases.ServiceCreationComprehensiveTestCases -->
