<?xml version="1.0" encoding="UTF-8"?>
<!-- Generated by org.testng.reporters.JUnitReportReporter -->
<testsuite hostname="DESKTOP-PTF1H2O" failures="0" tests="1" name="com.buildpiper.testcases.EnvironmentTestcasesExecution" time="130.378" errors="0" timestamp="2023-12-08T12:48:01 IST" skipped="0">
  <testcase classname="com.buildpiper.testcases.EnvironmentTestcasesExecution" name="DeleteEnvironment" time="130.378"/>
  <system-out>
checking if driver exist <img src=D:\BuildPiper_Rahul\Reports\08Dec_124549\DeleteEnvironment_chrome\DeleteEnvironment_chrome_342_Dec_124602.jpg alt='Lamp' width='500' height='400'> Element : xpath: //button[@type='button' and @aria-controls='menu-appbar']//div//div]is displayed on screen Clicking on element userMenuAppBar <img src=D:\BuildPiper_Rahul\Reports\08Dec_124549\DeleteEnvironment_chrome\DeleteEnvironment_chrome_342_Dec_124611.jpg alt='Lamp' width='500' height='400'> Element : xpath: //button[contains(@class,'btn-link-green')][text()=' Switch to User Portal']]is displayed on screen Clicking on element switching to user account <img src=D:\BuildPiper_Rahul\Reports\08Dec_124549\DeleteEnvironment_chrome\DeleteEnvironment_chrome_342_Dec_124611.jpg alt='Lamp' width='500' height='400'> checking if driver exist <img src=D:\BuildPiper_Rahul\Reports\08Dec_124549\DeleteEnvironment_chrome\DeleteEnvironment_chrome_342_Dec_124616.jpg alt='Lamp' width='500' height='400'> Element : xpath: //li//button[contains(@class,'main-nav-1')]//span[@title]]is displayed on screen Element is present  xpath: //li//button[contains(@class,'main-nav-1')]//span[@title]] <img src=D:\BuildPiper_Rahul\Reports\08Dec_124549\DeleteEnvironment_chrome\DeleteEnvironment_chrome_342_Dec_124616.jpg alt='Lamp' width='500' height='400'> Element : xpath: //button//span[2][@class='flaticon-expand-arrow']/../..//div//span[@title='Environment Overview']]is displayed on screen Element is present  xpath: //button//span[2][@class='flaticon-expand-arrow']/../..//div//span[@title='Environment Overview']] <img src=D:\BuildPiper_Rahul\Reports\08Dec_124549\DeleteEnvironment_chrome\DeleteEnvironment_chrome_342_Dec_124617.jpg alt='Lamp' width='500' height='400'> Element : xpath: //button//span[2][@class='flaticon-expand-arrow']/../..//div//span[@title='Environment Overview']]is displayed on screen Clicking on element clicks on environment overview tab under applicartion name <img src=D:\BuildPiper_Rahul\Reports\08Dec_124549\DeleteEnvironment_chrome\DeleteEnvironment_chrome_342_Dec_124617.jpg alt='Lamp' width='500' height='400'> Element : xpath: //a[text()='New Environment']]is displayed on screen Element is present  xpath: //a[text()='New Environment']] <img src=D:\BuildPiper_Rahul\Reports\08Dec_124549\DeleteEnvironment_chrome\DeleteEnvironment_chrome_342_Dec_124618.jpg alt='Lamp' width='500' height='400'> Element : xpath: //a[text()='New Environment']]is displayed on screen Clicking on element clicks on add new environment button <img src=D:\BuildPiper_Rahul\Reports\08Dec_124549\DeleteEnvironment_chrome\DeleteEnvironment_chrome_342_Dec_124618.jpg alt='Lamp' width='500' height='400'> Element : xpath: //input[@placeholder='Environment Name']]is displayed on screen Element is present  xpath: //input[@placeholder='Environment Name']] <img src=D:\BuildPiper_Rahul\Reports\08Dec_124549\DeleteEnvironment_chrome\DeleteEnvironment_chrome_342_Dec_124619.jpg alt='Lamp' width='500' height='400'> Element : xpath: //input[@placeholder='Environment Name']]is displayed on screen Setting value on element  <img src=D:\BuildPiper_Rahul\Reports\08Dec_124549\DeleteEnvironment_chrome\DeleteEnvironment_chrome_342_Dec_124619.jpg alt='Lamp' width='500' height='400'> Element : xpath: //button[contains(@class,'btn btn-submit')][contains(text(),'Save')]]is displayed on screen Element is present  xpath: //button[contains(@class,'btn btn-submit')][contains(text(),'Save')]] <img src=D:\BuildPiper_Rahul\Reports\08Dec_124549\DeleteEnvironment_chrome\DeleteEnvironment_chrome_342_Dec_124622.jpg alt='Lamp' width='500' height='400'> Element : xpath: //button[contains(@class,'btn btn-submit')][contains(text(),'Save')]]is displayed on screen  Element Proxy element for: DefaultElementLocator 'By.xpath: //button[contains(@class,'btn btn-submit')][contains(text(),'Save')]' is not clickable using selenium click <img src=D:\BuildPiper_Rahul\Reports\08Dec_124549\DeleteEnvironment_chrome\DeleteEnvironment_chrome_342_Dec_124623.jpg alt='Lamp' width='500' height='400'> Clicking on element user clicks save button <img src=D:\BuildPiper_Rahul\Reports\08Dec_124549\DeleteEnvironment_chrome\DeleteEnvironment_chrome_342_Dec_124624.jpg alt='Lamp' width='500' height='400'> Element : xpath: //input[@name='name' and @placeholder='Name']]is displayed on screen Element : xpath: (//button[@class='MuiButtonBase-root MuiIconButton-root btn btn-with-icon btn-round'])[2]]is displayed on screen Clicking on element click on the delete Icon <img src=D:\BuildPiper_Rahul\Reports\08Dec_124549\DeleteEnvironment_chrome\DeleteEnvironment_chrome_342_Dec_124632.jpg alt='Lamp' width='500' height='400'> Element : xpath: //input[@name='remarks' and @placeholder='Please enter the reason to delete']]is displayed on screen Element : xpath: //button[@class='btn btn-danger'][text()='Delete']]is displayed on screen Clicking on element clicks on delete button after adding Environment <img src=D:\BuildPiper_Rahul\Reports\08Dec_124549\DeleteEnvironment_chrome\DeleteEnvironment_chrome_342_Dec_124635.jpg alt='Lamp' width='500' height='400'> Element : xpath: //input[@name='name' and @placeholder='Name']]is displayed on screen checking if driver exist Open URL:http://122.160.30.218:16680/ <img src=D:\BuildPiper_Rahul\Reports\08Dec_124549\DeleteEnvironment_chrome\DeleteEnvironment_chrome_342_Dec_124649.jpg alt='Lamp' width='500' height='400'> Executing; ui_launch Element : name: email]is displayed on screen Setting value on element USER_NAME <img src=D:\BuildPiper_Rahul\Reports\08Dec_124549\DeleteEnvironment_chrome\DeleteEnvironment_chrome_342_Dec_124702.jpg alt='Lamp' width='500' height='400'> Element : name: password]is displayed on screen Setting value on element PASSWORD <img src=D:\BuildPiper_Rahul\Reports\08Dec_124549\DeleteEnvironment_chrome\DeleteEnvironment_chrome_342_Dec_124702.jpg alt='Lamp' width='500' height='400'> Element : xpath: //button[@type='submit']]is displayed on screen Clicking on element LOGIN_BTN <img src=D:\BuildPiper_Rahul\Reports\08Dec_124549\DeleteEnvironment_chrome\DeleteEnvironment_chrome_342_Dec_124703.jpg alt='Lamp' width='500' height='400'> Successful navigation is validated for LoginPage checking if driver exist <img src=D:\BuildPiper_Rahul\Reports\08Dec_124549\DeleteEnvironment_chrome\DeleteEnvironment_chrome_342_Dec_124703.jpg alt='Lamp' width='500' height='400'> checking if driver exist <img src=D:\BuildPiper_Rahul\Reports\08Dec_124549\DeleteEnvironment_chrome\DeleteEnvironment_chrome_342_Dec_124703.jpg alt='Lamp' width='500' height='400'> Element : xpath: //button[@type='button' and @aria-controls='menu-appbar']//div//div]is displayed on screen Clicking on element userMenuAppBar <img src=D:\BuildPiper_Rahul\Reports\08Dec_124549\DeleteEnvironment_chrome\DeleteEnvironment_chrome_342_Dec_124704.jpg alt='Lamp' width='500' height='400'> Element : xpath: //button[contains(@class,'btn-link-green')][text()=' Switch to User Portal']]is displayed on screen Clicking on element switching to user account <img src=D:\BuildPiper_Rahul\Reports\08Dec_124549\DeleteEnvironment_chrome\DeleteEnvironment_chrome_342_Dec_124705.jpg alt='Lamp' width='500' height='400'> checking if driver exist <img src=D:\BuildPiper_Rahul\Reports\08Dec_124549\DeleteEnvironment_chrome\DeleteEnvironment_chrome_342_Dec_124710.jpg alt='Lamp' width='500' height='400'> Element : xpath: //li//button[contains(@class,'main-nav-1')]//span[@title]]is displayed on screen Element is present  xpath: //li//button[contains(@class,'main-nav-1')]//span[@title]] <img src=D:\BuildPiper_Rahul\Reports\08Dec_124549\DeleteEnvironment_chrome\DeleteEnvironment_chrome_342_Dec_124710.jpg alt='Lamp' width='500' height='400'> Element : xpath: //button//span[2][@class='flaticon-expand-arrow']/../..//div//span[@title='Environment Overview']]is displayed on screen Element is present  xpath: //button//span[2][@class='flaticon-expand-arrow']/../..//div//span[@title='Environment Overview']] <img src=D:\BuildPiper_Rahul\Reports\08Dec_124549\DeleteEnvironment_chrome\DeleteEnvironment_chrome_342_Dec_124711.jpg alt='Lamp' width='500' height='400'> Element : xpath: //button//span[2][@class='flaticon-expand-arrow']/../..//div//span[@title='Environment Overview']]is displayed on screen Clicking on element clicks on environment overview tab under applicartion name <img src=D:\BuildPiper_Rahul\Reports\08Dec_124549\DeleteEnvironment_chrome\DeleteEnvironment_chrome_342_Dec_124711.jpg alt='Lamp' width='500' height='400'> Element : xpath: //a[text()='New Environment']]is displayed on screen Element is present  xpath: //a[text()='New Environment']] <img src=D:\BuildPiper_Rahul\Reports\08Dec_124549\DeleteEnvironment_chrome\DeleteEnvironment_chrome_342_Dec_124712.jpg alt='Lamp' width='500' height='400'> Element : xpath: //a[text()='New Environment']]is displayed on screen Clicking on element clicks on add new environment button <img src=D:\BuildPiper_Rahul\Reports\08Dec_124549\DeleteEnvironment_chrome\DeleteEnvironment_chrome_342_Dec_124712.jpg alt='Lamp' width='500' height='400'> Element : xpath: //input[@placeholder='Environment Name']]is displayed on screen Element is present  xpath: //input[@placeholder='Environment Name']] <img src=D:\BuildPiper_Rahul\Reports\08Dec_124549\DeleteEnvironment_chrome\DeleteEnvironment_chrome_342_Dec_124713.jpg alt='Lamp' width='500' height='400'> Element : xpath: //input[@placeholder='Environment Name']]is displayed on screen Setting value on element  <img src=D:\BuildPiper_Rahul\Reports\08Dec_124549\DeleteEnvironment_chrome\DeleteEnvironment_chrome_342_Dec_124713.jpg alt='Lamp' width='500' height='400'> Element : xpath: //button[contains(@class,'btn btn-submit')][contains(text(),'Save')]]is displayed on screen Element is present  xpath: //button[contains(@class,'btn btn-submit')][contains(text(),'Save')]] <img src=D:\BuildPiper_Rahul\Reports\08Dec_124549\DeleteEnvironment_chrome\DeleteEnvironment_chrome_342_Dec_124716.jpg alt='Lamp' width='500' height='400'> Element : xpath: //button[contains(@class,'btn btn-submit')][contains(text(),'Save')]]is displayed on screen  Element Proxy element for: DefaultElementLocator 'By.xpath: //button[contains(@class,'btn btn-submit')][contains(text(),'Save')]' is not clickable using selenium click <img src=D:\BuildPiper_Rahul\Reports\08Dec_124549\DeleteEnvironment_chrome\DeleteEnvironment_chrome_342_Dec_124717.jpg alt='Lamp' width='500' height='400'> Clicking on element user clicks save button <img src=D:\BuildPiper_Rahul\Reports\08Dec_124549\DeleteEnvironment_chrome\DeleteEnvironment_chrome_342_Dec_124717.jpg alt='Lamp' width='500' height='400'> checking if driver exist <img src=D:\BuildPiper_Rahul\Reports\08Dec_124549\DeleteEnvironment_chrome\DeleteEnvironment_chrome_342_Dec_124723.jpg alt='Lamp' width='500' height='400'> Element : xpath: //button//span[2][@class='flaticon-expand-arrow']/../..//div//span[@title='Service Overview']/span]is displayed on screen Clicking on element Poc_QA serviceOverviewLink <img src=D:\BuildPiper_Rahul\Reports\08Dec_124549\DeleteEnvironment_chrome\DeleteEnvironment_chrome_342_Dec_124723.jpg alt='Lamp' width='500' height='400'> Element : xpath: //input[@name='name' and @placeholder='Name']]is displayed on screen checking if driver exist <img src=D:\BuildPiper_Rahul\Reports\08Dec_124549\DeleteEnvironment_chrome\DeleteEnvironment_chrome_342_Dec_124733.jpg alt='Lamp' width='500' height='400'> Element : xpath: //div[contains(@class,'service-name')]//a[contains(@href,'service')]]is displayed on screen Clicking on element ServiceList <img src=D:\BuildPiper_Rahul\Reports\08Dec_124549\DeleteEnvironment_chrome\DeleteEnvironment_chrome_342_Dec_124733.jpg alt='Lamp' width='500' height='400'> checking if driver exist <img src=D:\BuildPiper_Rahul\Reports\08Dec_124549\DeleteEnvironment_chrome\DeleteEnvironment_chrome_342_Dec_124736.jpg alt='Lamp' width='500' height='400'> Element : xpath: //a[text()='Add Environment']]is displayed on screen Clicking on element adds new environment to running service <img src=D:\BuildPiper_Rahul\Reports\08Dec_124549\DeleteEnvironment_chrome\DeleteEnvironment_chrome_342_Dec_124736.jpg alt='Lamp' width='500' height='400'> checking if driver exist <img src=D:\BuildPiper_Rahul\Reports\08Dec_124549\DeleteEnvironment_chrome\DeleteEnvironment_chrome_342_Dec_124741.jpg alt='Lamp' width='500' height='400'> Element : xpath: //select[@name='env_id']]is displayed on screen Element is present  xpath: //select[@name='env_id']] <img src=D:\BuildPiper_Rahul\Reports\08Dec_124549\DeleteEnvironment_chrome\DeleteEnvironment_chrome_342_Dec_124741.jpg alt='Lamp' width='500' height='400'> checking if driver exist <img src=D:\BuildPiper_Rahul\Reports\08Dec_124549\DeleteEnvironment_chrome\DeleteEnvironment_chrome_342_Dec_124741.jpg alt='Lamp' width='500' height='400'> checking if driver exist <img src=D:\BuildPiper_Rahul\Reports\08Dec_124549\DeleteEnvironment_chrome\DeleteEnvironment_chrome_342_Dec_124747.jpg alt='Lamp' width='500' height='400'> Element : xpath: //button[@class='btn btn-submit']]is displayed on screen Clicking on element Service Save & Continue <img src=D:\BuildPiper_Rahul\Reports\08Dec_124549\DeleteEnvironment_chrome\DeleteEnvironment_chrome_342_Dec_124747.jpg alt='Lamp' width='500' height='400'> Element : xpath: //li//button[contains(@class,'main-nav-1')]//span[@title]]is displayed on screen Element is present  xpath: //li//button[contains(@class,'main-nav-1')]//span[@title]] <img src=D:\BuildPiper_Rahul\Reports\08Dec_124549\DeleteEnvironment_chrome\DeleteEnvironment_chrome_342_Dec_124752.jpg alt='Lamp' width='500' height='400'> Element : xpath: //button//span[2][@class='flaticon-expand-arrow']/../..//div//span[@title='Environment Overview']]is displayed on screen Element is present  xpath: //button//span[2][@class='flaticon-expand-arrow']/../..//div//span[@title='Environment Overview']] <img src=D:\BuildPiper_Rahul\Reports\08Dec_124549\DeleteEnvironment_chrome\DeleteEnvironment_chrome_342_Dec_124752.jpg alt='Lamp' width='500' height='400'> Element : xpath: //button//span[2][@class='flaticon-expand-arrow']/../..//div//span[@title='Environment Overview']]is displayed on screen Clicking on element clicks on environment overview tab under applicartion name <img src=D:\BuildPiper_Rahul\Reports\08Dec_124549\DeleteEnvironment_chrome\DeleteEnvironment_chrome_342_Dec_124753.jpg alt='Lamp' width='500' height='400'> Element : xpath: //input[@name='name' and @placeholder='Name']]is displayed on screen Element : xpath: //input[@name='name' and @placeholder='Name']]is displayed on screen Element : xpath: (//button[@class='MuiButtonBase-root MuiIconButton-root btn btn-with-icon btn-round'])[2]]is displayed on screen Clicking on element click on the delete Icon <img src=D:\BuildPiper_Rahul\Reports\08Dec_124549\DeleteEnvironment_chrome\DeleteEnvironment_chrome_342_Dec_124757.jpg alt='Lamp' width='500' height='400'> Result upload to testlink is disabled, Please ensure you have 'UpdateTestLink=Yes' in project.properties  ####### End of Test Case: DeleteEnvironment #######  </system-out>
</testsuite> <!-- com.buildpiper.testcases.EnvironmentTestcasesExecution -->
