<?xml version="1.0" encoding="UTF-8"?>
<!-- Generated by org.testng.reporters.JUnitReportReporter -->
<testsuite hostname="DESKTOP-PTF1H2O" failures="0" tests="1" name="com.buildpiper.testcases.LenskartScan" time="225.252" errors="0" timestamp="2023-12-06T20:37:15 IST" skipped="0">
  <testcase classname="com.buildpiper.testcases.LenskartScan" name="ManualBuildandDeployHelmService" time="225.252"/>
  <system-out>
checking if driver exist <img src=D:\BuildPiper_Rahul\Reports\06Dec_203327\ManualBuildandDeployHelmService_chrome\ManualBuildandDeployHelmService_chrome_340_Dec_203348.jpg alt='Lamp' width='500' height='400'> checking if driver exist <img src=D:\BuildPiper_Rahul\Reports\06Dec_203327\ManualBuildandDeployHelmService_chrome\ManualBuildandDeployHelmService_chrome_340_Dec_203353.jpg alt='Lamp' width='500' height='400'> Element : xpath: //li//button[contains(@class,'main-nav-1')]//span[1][@title]]is displayed on screen Element is present  xpath: //li//button[contains(@class,'main-nav-1')]//span[1][@title]] <img src=D:\BuildPiper_Rahul\Reports\06Dec_203327\ManualBuildandDeployHelmService_chrome\ManualBuildandDeployHelmService_chrome_340_Dec_203353.jpg alt='Lamp' width='500' height='400'> Element : xpath: //button//span[2][@class='flaticon-expand-arrow']/../..//div//span[@title='Service Overview']/span]is displayed on screen Element is present  xpath: //button//span[2][@class='flaticon-expand-arrow']/../..//div//span[@title='Service Overview']/span] <img src=D:\BuildPiper_Rahul\Reports\06Dec_203327\ManualBuildandDeployHelmService_chrome\ManualBuildandDeployHelmService_chrome_340_Dec_203354.jpg alt='Lamp' width='500' height='400'> Element : xpath: //button//span[2][@class='flaticon-expand-arrow']/../..//div//span[@title='Service Overview']/span]is displayed on screen Clicking on element Poc_QA serviceOverviewLink <img src=D:\BuildPiper_Rahul\Reports\06Dec_203327\ManualBuildandDeployHelmService_chrome\ManualBuildandDeployHelmService_chrome_340_Dec_203355.jpg alt='Lamp' width='500' height='400'> Element : xpath: //input[@placeholder='Name']]is displayed on screen Element is present  xpath: //input[@placeholder='Name']] <img src=D:\BuildPiper_Rahul\Reports\06Dec_203327\ManualBuildandDeployHelmService_chrome\ManualBuildandDeployHelmService_chrome_340_Dec_203358.jpg alt='Lamp' width='500' height='400'> Element : xpath: //input[@placeholder='Name']]is displayed on screen Clicking on element clicks on environment overview tab under applicartion name <img src=D:\BuildPiper_Rahul\Reports\06Dec_203327\ManualBuildandDeployHelmService_chrome\ManualBuildandDeployHelmService_chrome_340_Dec_203358.jpg alt='Lamp' width='500' height='400'> Element : xpath: //input[@placeholder='Name']]is displayed on screen checking if driver exist <img src=D:\BuildPiper_Rahul\Reports\06Dec_203327\ManualBuildandDeployHelmService_chrome\ManualBuildandDeployHelmService_chrome_340_Dec_203405.jpg alt='Lamp' width='500' height='400'> checking if driver exist <img src=D:\BuildPiper_Rahul\Reports\06Dec_203327\ManualBuildandDeployHelmService_chrome\ManualBuildandDeployHelmService_chrome_340_Dec_203405.jpg alt='Lamp' width='500' height='400'> Element : xpath: //button[@title='Build']]is displayed on screen  Element [[ChromeDriver: chrome on WINDOWS (6e6f2e5abfdeec6b7de42f5bdf2d36b1)] -> xpath: //button[@title='Build']] is not clickable using selenium click <img src=D:\BuildPiper_Rahul\Reports\06Dec_203327\ManualBuildandDeployHelmService_chrome\ManualBuildandDeployHelmService_chrome_340_Dec_203407.jpg alt='Lamp' width='500' height='400'> Clicking on element buildButton <img src=D:\BuildPiper_Rahul\Reports\06Dec_203327\ManualBuildandDeployHelmService_chrome\ManualBuildandDeployHelmService_chrome_340_Dec_203407.jpg alt='Lamp' width='500' height='400'> checking if driver exist <img src=D:\BuildPiper_Rahul\Reports\06Dec_203327\ManualBuildandDeployHelmService_chrome\ManualBuildandDeployHelmService_chrome_340_Dec_203408.jpg alt='Lamp' width='500' height='400'> Element : xpath: //button[@title='Build']]is displayed on screen Clicking on element buildButton <img src=D:\BuildPiper_Rahul\Reports\06Dec_203327\ManualBuildandDeployHelmService_chrome\ManualBuildandDeployHelmService_chrome_340_Dec_203409.jpg alt='Lamp' width='500' height='400'> checking if driver exist <img src=D:\BuildPiper_Rahul\Reports\06Dec_203327\ManualBuildandDeployHelmService_chrome\ManualBuildandDeployHelmService_chrome_340_Dec_203414.jpg alt='Lamp' width='500' height='400'> Element : xpath: //span[contains(text(),'Please note You are building image in Env.')]/following-sibling::span[1]]is displayed on screen Element is present  xpath: //span[contains(text(),'Please note You are building image in Env.')]/following-sibling::span[1]] <img src=D:\BuildPiper_Rahul\Reports\06Dec_203327\ManualBuildandDeployHelmService_chrome\ManualBuildandDeployHelmService_chrome_340_Dec_203415.jpg alt='Lamp' width='500' height='400'> checking if driver exist <img src=D:\BuildPiper_Rahul\Reports\06Dec_203327\ManualBuildandDeployHelmService_chrome\ManualBuildandDeployHelmService_chrome_340_Dec_203418.jpg alt='Lamp' width='500' height='400'> Element : xpath: //button[text()='Trigger Build']]is displayed on screen Clicking on element triggerBuild <img src=D:\BuildPiper_Rahul\Reports\06Dec_203327\ManualBuildandDeployHelmService_chrome\ManualBuildandDeployHelmService_chrome_340_Dec_203418.jpg alt='Lamp' width='500' height='400'> checking if driver exist <img src=D:\BuildPiper_Rahul\Reports\06Dec_203327\ManualBuildandDeployHelmService_chrome\ManualBuildandDeployHelmService_chrome_340_Dec_203427.jpg alt='Lamp' width='500' height='400'> Element : xpath: //div[contains(@class,'popup-card')]//td//div[contains(@class,'round-chip')]]is displayed on screen Element is present  xpath: //div[contains(@class,'popup-card')]//td//div[contains(@class,'round-chip')]] <img src=D:\BuildPiper_Rahul\Reports\06Dec_203327\ManualBuildandDeployHelmService_chrome\ManualBuildandDeployHelmService_chrome_340_Dec_203427.jpg alt='Lamp' width='500' height='400'> checking if driver exist <img src=D:\BuildPiper_Rahul\Reports\06Dec_203327\ManualBuildandDeployHelmService_chrome\ManualBuildandDeployHelmService_chrome_340_Dec_203458.jpg alt='Lamp' width='500' height='400'> Element : xpath: //div[contains(@class,'popup-card')]//span[text()='Build #']]is displayed on screen Clicking on element buildRecent <img src=D:\BuildPiper_Rahul\Reports\06Dec_203327\ManualBuildandDeployHelmService_chrome\ManualBuildandDeployHelmService_chrome_340_Dec_203458.jpg alt='Lamp' width='500' height='400'> checking if driver exist <img src=D:\BuildPiper_Rahul\Reports\06Dec_203327\ManualBuildandDeployHelmService_chrome\ManualBuildandDeployHelmService_chrome_340_Dec_203511.jpg alt='Lamp' width='500' height='400'> Element : xpath: //div[contains(@class,'popup-card mb')]//button[@class='btn-round border-navy bg-clear-btn']]is displayed on screen Clicking on element refresh BuildandDeploy button <img src=D:\BuildPiper_Rahul\Reports\06Dec_203327\ManualBuildandDeployHelmService_chrome\ManualBuildandDeployHelmService_chrome_340_Dec_203511.jpg alt='Lamp' width='500' height='400'> checking if driver exist <img src=D:\BuildPiper_Rahul\Reports\06Dec_203327\ManualBuildandDeployHelmService_chrome\ManualBuildandDeployHelmService_chrome_340_Dec_203515.jpg alt='Lamp' width='500' height='400'> Element : xpath: //div[contains(@class,'popup-card')]//td//div[contains(@class,'round-chip')]]is displayed on screen Element is present  xpath: //div[contains(@class,'popup-card')]//td//div[contains(@class,'round-chip')]] <img src=D:\BuildPiper_Rahul\Reports\06Dec_203327\ManualBuildandDeployHelmService_chrome\ManualBuildandDeployHelmService_chrome_340_Dec_203515.jpg alt='Lamp' width='500' height='400'> checking if driver exist <img src=D:\BuildPiper_Rahul\Reports\06Dec_203327\ManualBuildandDeployHelmService_chrome\ManualBuildandDeployHelmService_chrome_340_Dec_203518.jpg alt='Lamp' width='500' height='400'> Element : xpath: //div[@class='card']//button[@class='MuiButtonBase-root MuiIconButton-root']]is displayed on screen  Element Proxy element for: DefaultElementLocator 'By.xpath: //div[@class='card']//button[@class='MuiButtonBase-root MuiIconButton-root']' is not clickable using selenium click <img src=D:\BuildPiper_Rahul\Reports\06Dec_203327\ManualBuildandDeployHelmService_chrome\ManualBuildandDeployHelmService_chrome_340_Dec_203520.jpg alt='Lamp' width='500' height='400'> Clicking on element clicks buildwindow_closeButton <img src=D:\BuildPiper_Rahul\Reports\06Dec_203327\ManualBuildandDeployHelmService_chrome\ManualBuildandDeployHelmService_chrome_340_Dec_203520.jpg alt='Lamp' width='500' height='400'> checking if driver exist <img src=D:\BuildPiper_Rahul\Reports\06Dec_203327\ManualBuildandDeployHelmService_chrome\ManualBuildandDeployHelmService_chrome_340_Dec_203523.jpg alt='Lamp' width='500' height='400'> Element : xpath: //button[@title='Deploy']]is displayed on screen Clicking on element clicks deployButton <img src=D:\BuildPiper_Rahul\Reports\06Dec_203327\ManualBuildandDeployHelmService_chrome\ManualBuildandDeployHelmService_chrome_340_Dec_203524.jpg alt='Lamp' width='500' height='400'> Element : xpath: //input[@id='deploy_tag']]is displayed on screen Clicking on element deploytagInput <img src=D:\BuildPiper_Rahul\Reports\06Dec_203327\ManualBuildandDeployHelmService_chrome\ManualBuildandDeployHelmService_chrome_340_Dec_203529.jpg alt='Lamp' width='500' height='400'> Element : xpath: //button[@title='Clear']]is displayed on screen Clicking on element cleardeployDropDown <img src=D:\BuildPiper_Rahul\Reports\06Dec_203327\ManualBuildandDeployHelmService_chrome\ManualBuildandDeployHelmService_chrome_340_Dec_203530.jpg alt='Lamp' width='500' height='400'> Element : xpath: //input[@id='deploy_tag']]is displayed on screen Element : xpath: //button[contains(text(),'Trigger Deploy ')]]is displayed on screen Clicking on element clicks triggerDeploy <img src=D:\BuildPiper_Rahul\Reports\06Dec_203327\ManualBuildandDeployHelmService_chrome\ManualBuildandDeployHelmService_chrome_340_Dec_203540.jpg alt='Lamp' width='500' height='400'> checking if driver exist <img src=D:\BuildPiper_Rahul\Reports\06Dec_203327\ManualBuildandDeployHelmService_chrome\ManualBuildandDeployHelmService_chrome_340_Dec_203543.jpg alt='Lamp' width='500' height='400'> Element : xpath: //div[contains(@class,'popup-card')]//td//span[contains(@class,'round-chip')]]is displayed on screen Element is present  xpath: //div[contains(@class,'popup-card')]//td//span[contains(@class,'round-chip')]] <img src=D:\BuildPiper_Rahul\Reports\06Dec_203327\ManualBuildandDeployHelmService_chrome\ManualBuildandDeployHelmService_chrome_340_Dec_203544.jpg alt='Lamp' width='500' height='400'> checking if driver exist <img src=D:\BuildPiper_Rahul\Reports\06Dec_203327\ManualBuildandDeployHelmService_chrome\ManualBuildandDeployHelmService_chrome_340_Dec_203624.jpg alt='Lamp' width='500' height='400'> Element : xpath: //div[contains(@class,'popup-card')]//span[text()='Deploy#']]is displayed on screen Clicking on element deployRecent <img src=D:\BuildPiper_Rahul\Reports\06Dec_203327\ManualBuildandDeployHelmService_chrome\ManualBuildandDeployHelmService_chrome_340_Dec_203625.jpg alt='Lamp' width='500' height='400'> checking if driver exist <img src=D:\BuildPiper_Rahul\Reports\06Dec_203327\ManualBuildandDeployHelmService_chrome\ManualBuildandDeployHelmService_chrome_340_Dec_203636.jpg alt='Lamp' width='500' height='400'> Element : xpath: //div[contains(@class,'popup-card mb')]//button[@class='btn-round border-navy bg-clear-btn']]is displayed on screen Clicking on element refresh BuildandDeploy button <img src=D:\BuildPiper_Rahul\Reports\06Dec_203327\ManualBuildandDeployHelmService_chrome\ManualBuildandDeployHelmService_chrome_340_Dec_203636.jpg alt='Lamp' width='500' height='400'> checking if driver exist <img src=D:\BuildPiper_Rahul\Reports\06Dec_203327\ManualBuildandDeployHelmService_chrome\ManualBuildandDeployHelmService_chrome_340_Dec_203640.jpg alt='Lamp' width='500' height='400'> Element : xpath: //div[contains(@class,'popup-card')]//td//span[contains(@class,'round-chip')]]is displayed on screen Element is present  xpath: //div[contains(@class,'popup-card')]//td//span[contains(@class,'round-chip')]] <img src=D:\BuildPiper_Rahul\Reports\06Dec_203327\ManualBuildandDeployHelmService_chrome\ManualBuildandDeployHelmService_chrome_340_Dec_203640.jpg alt='Lamp' width='500' height='400'> checking if driver exist <img src=D:\BuildPiper_Rahul\Reports\06Dec_203327\ManualBuildandDeployHelmService_chrome\ManualBuildandDeployHelmService_chrome_340_Dec_203643.jpg alt='Lamp' width='500' height='400'> Element : xpath: //div[@class='card']//button[@class='MuiButtonBase-root MuiIconButton-root']]is displayed on screen  Element Proxy element for: DefaultElementLocator 'By.xpath: //div[@class='card']//button[@class='MuiButtonBase-root MuiIconButton-root']' is not clickable using selenium click <img src=D:\BuildPiper_Rahul\Reports\06Dec_203327\ManualBuildandDeployHelmService_chrome\ManualBuildandDeployHelmService_chrome_340_Dec_203645.jpg alt='Lamp' width='500' height='400'> Clicking on element clicks deploywindow_closeButton <img src=D:\BuildPiper_Rahul\Reports\06Dec_203327\ManualBuildandDeployHelmService_chrome\ManualBuildandDeployHelmService_chrome_340_Dec_203645.jpg alt='Lamp' width='500' height='400'> checking if driver exist <img src=D:\BuildPiper_Rahul\Reports\06Dec_203327\ManualBuildandDeployHelmService_chrome\ManualBuildandDeployHelmService_chrome_340_Dec_203648.jpg alt='Lamp' width='500' height='400'> Element : xpath: //button[@title='Monitoring']]is displayed on screen Clicking on element monitoring button <img src=D:\BuildPiper_Rahul\Reports\06Dec_203327\ManualBuildandDeployHelmService_chrome\ManualBuildandDeployHelmService_chrome_340_Dec_203649.jpg alt='Lamp' width='500' height='400'> Element : xpath: (//ul[@class='headerul']/li[2])[1]]is displayed on screen  Element [[ChromeDriver: chrome on WINDOWS (6e6f2e5abfdeec6b7de42f5bdf2d36b1)] -> xpath: (//ul[@class='headerul']/li[2])[1]] is not clickable using selenium click <img src=D:\BuildPiper_Rahul\Reports\06Dec_203327\ManualBuildandDeployHelmService_chrome\ManualBuildandDeployHelmService_chrome_340_Dec_203701.jpg alt='Lamp' width='500' height='400'> Clicking on element podsStatusTab <img src=D:\BuildPiper_Rahul\Reports\06Dec_203327\ManualBuildandDeployHelmService_chrome\ManualBuildandDeployHelmService_chrome_340_Dec_203701.jpg alt='Lamp' width='500' height='400'> Element : xpath: //div[@class='card pod-card ']//p[1]/span]is displayed on screen Element is present  xpath: //div[@class='card pod-card ']//p[1]/span] <img src=D:\BuildPiper_Rahul\Reports\06Dec_203327\ManualBuildandDeployHelmService_chrome\ManualBuildandDeployHelmService_chrome_340_Dec_203711.jpg alt='Lamp' width='500' height='400'> Element : xpath: //div[@class='card pod-card ']//p[1]/span]is displayed on screen Clicking on element podsStatus <img src=D:\BuildPiper_Rahul\Reports\06Dec_203327\ManualBuildandDeployHelmService_chrome\ManualBuildandDeployHelmService_chrome_340_Dec_203711.jpg alt='Lamp' width='500' height='400'> Result upload to testlink is disabled, Please ensure you have 'UpdateTestLink=Yes' in project.properties  ####### End of Test Case: ManualBuildandDeployHelmService #######  </system-out>
</testsuite> <!-- com.buildpiper.testcases.LenskartScan -->
