<?xml version="1.0" encoding="UTF-8"?>
<!-- Generated by org.testng.reporters.JUnitReportReporter -->
<testsuite hostname="DESKTOP-PTF1H2O" failures="0" tests="1" name="com.buildpiper.testcases.RepoIntegrationTestCases" time="27.253" errors="0" timestamp="2023-12-08T13:02:00 IST" skipped="0">
  <testcase classname="com.buildpiper.testcases.RepoIntegrationTestCases" name="AddSecretsOnAddRepoPage" time="27.253"/>
  <system-out>
checking if driver exist <img src=D:\BuildPiper_Rahul\Reports\08Dec_130132\AddSecretsOnAddRepoPage_chrome\AddSecretsOnAddRepoPage_chrome_342_Dec_130145.jpg alt='Lamp' width='500' height='400'> Element : xpath: //span[contains(@class,'shopping-basket-button')]//span[text()='Integrations']]is displayed on screen Clicking on element Integration button under side bar <img src=D:\BuildPiper_Rahul\Reports\08Dec_130132\AddSecretsOnAddRepoPage_chrome\AddSecretsOnAddRepoPage_chrome_342_Dec_130151.jpg alt='Lamp' width='500' height='400'> Element : xpath: //a[@href='/repo/list']]is displayed on screen Clicking on element Repo Integration button under Integration button <img src=D:\BuildPiper_Rahul\Reports\08Dec_130132\AddSecretsOnAddRepoPage_chrome\AddSecretsOnAddRepoPage_chrome_342_Dec_130151.jpg alt='Lamp' width='500' height='400'> Element : xpath: //button[contains(@class,'btn btn-primary-v2')][text()=' Add Repo']]is displayed on screen Element is present  xpath: //button[contains(@class,'btn btn-primary-v2')][text()=' Add Repo']] <img src=D:\BuildPiper_Rahul\Reports\08Dec_130132\AddSecretsOnAddRepoPage_chrome\AddSecretsOnAddRepoPage_chrome_342_Dec_130151.jpg alt='Lamp' width='500' height='400'> Element : xpath: //button[contains(@class,'btn btn-primary-v2')][text()=' Add Repo']]is displayed on screen Clicking on element clicks on add repo button <img src=D:\BuildPiper_Rahul\Reports\08Dec_130132\AddSecretsOnAddRepoPage_chrome\AddSecretsOnAddRepoPage_chrome_342_Dec_130151.jpg alt='Lamp' width='500' height='400'> Element : xpath: //input[@name='name' and @placeholder]]is displayed on screen Element : xpath: //a[@href='/secrets/add']]is displayed on screen Clicking on element adds new secret <img src=D:\BuildPiper_Rahul\Reports\08Dec_130132\AddSecretsOnAddRepoPage_chrome\AddSecretsOnAddRepoPage_chrome_342_Dec_130152.jpg alt='Lamp' width='500' height='400'> Result upload to testlink is disabled, Please ensure you have 'UpdateTestLink=Yes' in project.properties  ####### End of Test Case: AddSecretsOnAddRepoPage #######  </system-out>
</testsuite> <!-- com.buildpiper.testcases.RepoIntegrationTestCases -->
