<?xml version="1.0" encoding="UTF-8"?>
<!-- Generated by org.testng.reporters.JUnitReportReporter -->
<testsuite hostname="DESKTOP-PTF1H2O" failures="0" tests="1" name="com.buildpiper.testcases.ServiceCreationTestcases" time="182.315" errors="0" timestamp="2023-12-06T21:04:55 IST" skipped="0">
  <testcase classname="com.buildpiper.testcases.ServiceCreationTestcases" name="BuildDeployAlternate" time="182.315"/>
  <system-out>
checking if driver exist <img src=D:\BuildPiper_Rahul\Reports\06Dec_210150\BuildDeployAlternate_chrome\BuildDeployAlternate_chrome_340_Dec_210217.jpg alt='Lamp' width='500' height='400'> checking if driver exist <img src=D:\BuildPiper_Rahul\Reports\06Dec_210150\BuildDeployAlternate_chrome\BuildDeployAlternate_chrome_340_Dec_210220.jpg alt='Lamp' width='500' height='400'> Element : xpath: //li//button[contains(@class,'main-nav-1')]//span[@title]]is displayed on screen Element is present  xpath: //li//button[contains(@class,'main-nav-1')]//span[@title]] <img src=D:\BuildPiper_Rahul\Reports\06Dec_210150\BuildDeployAlternate_chrome\BuildDeployAlternate_chrome_340_Dec_210220.jpg alt='Lamp' width='500' height='400'> Element : xpath: //div[not(contains(@class,'jss'))]/ul/a[@class='subOptionChild']//span[@title='Build / Deploy']]is displayed on screen Clicking on element Poc_QA buildDeploy <img src=D:\BuildPiper_Rahul\Reports\06Dec_210150\BuildDeployAlternate_chrome\BuildDeployAlternate_chrome_340_Dec_210221.jpg alt='Lamp' width='500' height='400'> Element : xpath: //div[@class='input-component']//input[@name='build_deploy' and @type='radio']]is displayed on screen Clicking on element Poc_QA buildRadioBtn <img src=D:\BuildPiper_Rahul\Reports\06Dec_210150\BuildDeployAlternate_chrome\BuildDeployAlternate_chrome_340_Dec_210228.jpg alt='Lamp' width='500' height='400'> Element : xpath: //input[@id='branch' and @name='branch']]is displayed on screen Clicking on element Poc_QA inputBranchName <img src=D:\BuildPiper_Rahul\Reports\06Dec_210150\BuildDeployAlternate_chrome\BuildDeployAlternate_chrome_340_Dec_210230.jpg alt='Lamp' width='500' height='400'> Element : xpath: //button[@title='Clear']]is displayed on screen Clicking on element ClicksclearField <img src=D:\BuildPiper_Rahul\Reports\06Dec_210150\BuildDeployAlternate_chrome\BuildDeployAlternate_chrome_340_Dec_210236.jpg alt='Lamp' width='500' height='400'> Element : xpath: //input[@id='branch' and @name='branch']]is displayed on screen Element : xpath: //button[@class='btn btn-submit'][text()='Build']]is displayed on screen Clicking on element clicks build button <img src=D:\BuildPiper_Rahul\Reports\06Dec_210150\BuildDeployAlternate_chrome\BuildDeployAlternate_chrome_340_Dec_210236.jpg alt='Lamp' width='500' height='400'> Element : xpath: //button[@class='btn btn-primary' and text()='Continue']]is displayed on screen Element is present  xpath: //button[@class='btn btn-primary' and text()='Continue']] <img src=D:\BuildPiper_Rahul\Reports\06Dec_210150\BuildDeployAlternate_chrome\BuildDeployAlternate_chrome_340_Dec_210437.jpg alt='Lamp' width='500' height='400'> Element : xpath: //button[@class='btn btn-primary' and text()='Continue']]is displayed on screen Clicking on element Click continueBtn <img src=D:\BuildPiper_Rahul\Reports\06Dec_210150\BuildDeployAlternate_chrome\BuildDeployAlternate_chrome_340_Dec_210437.jpg alt='Lamp' width='500' height='400'> Element : xpath: //div[not(contains(@class,'jss'))]/ul/a[@class='subOptionChild']//span[@title='Build / Deploy']]is displayed on screen  Element Proxy element for: DefaultElementLocator 'By.xpath: //div[not(contains(@class,'jss'))]/ul/a[@class='subOptionChild']//span[@title='Build / Deploy']' is not clickable using selenium click <img src=D:\BuildPiper_Rahul\Reports\06Dec_210150\BuildDeployAlternate_chrome\BuildDeployAlternate_chrome_340_Dec_210439.jpg alt='Lamp' width='500' height='400'> Clicking on element Poc_QA buildDeploy <img src=D:\BuildPiper_Rahul\Reports\06Dec_210150\BuildDeployAlternate_chrome\BuildDeployAlternate_chrome_340_Dec_210439.jpg alt='Lamp' width='500' height='400'> Element : xpath: (//div[@class='input-component']//input[@name='build_deploy' and @type='radio'])[2]/..]is displayed on screen Clicking on element Poc_QA DeployRadioBtn <img src=D:\BuildPiper_Rahul\Reports\06Dec_210150\BuildDeployAlternate_chrome\BuildDeployAlternate_chrome_340_Dec_210448.jpg alt='Lamp' width='500' height='400'> Element : xpath: //input[@name='deploy_tag' and @placeholder='Enter value']]is displayed on screen Element : xpath: //button[@class='btn btn-submit'][text()='Deploy']]is displayed on screen Clicking on element clicks deploy button <img src=D:\BuildPiper_Rahul\Reports\06Dec_210150\BuildDeployAlternate_chrome\BuildDeployAlternate_chrome_340_Dec_210454.jpg alt='Lamp' width='500' height='400'> Result upload to testlink is disabled, Please ensure you have 'UpdateTestLink=Yes' in project.properties  ####### End of Test Case: BuildDeployAlternate #######  </system-out>
</testsuite> <!-- com.buildpiper.testcases.ServiceCreationTestcases -->
