<?xml version="1.0" encoding="UTF-8"?>
<!-- Generated by org.testng.reporters.JUnitReportReporter -->
<testsuite hostname="DESKTOP-PTF1H2O" failures="1" tests="1" name="com.buildpiper.testcases.ServiceCreationComprehensiveTestCases" time="949.988" errors="0" timestamp="2023-12-21T15:34:34 IST" skipped="0">
  <testcase classname="com.buildpiper.testcases.ServiceCreationComprehensiveTestCases" name="serviceOverview_Promote" time="949.988">
    <failure message="expected [RUNNING] but found [IN QUEUE]" type="java.lang.AssertionError">
      <![CDATA[java.lang.AssertionError: expected [RUNNING] but found [IN QUEUE]
at org.testng.Assert.fail(Assert.java:97)
at org.testng.Assert.assertEqualsImpl(Assert.java:136)
at org.testng.Assert.assertEquals(Assert.java:118)
at org.testng.Assert.assertEquals(Assert.java:575)
at org.testng.Assert.assertEquals(Assert.java:585)
at com.buildpiper.pages.ServiceCreationPage.serviceHistory(ServiceCreationPage.java:2159)
at com.buildpiper.testcases.ServiceCreationComprehensiveTestCases.serviceOverview_Promote(ServiceCreationComprehensiveTestCases.java:328)
at java.base/jdk.internal.reflect.DirectMethodHandleAccessor.invoke(DirectMethodHandleAccessor.java:104)
at java.base/java.lang.reflect.Method.invoke(Method.java:578)
at org.testng.internal.MethodInvocationHelper.invokeMethod(MethodInvocationHelper.java:134)
at org.testng.internal.TestInvoker.invokeMethod(TestInvoker.java:597)
at org.testng.internal.TestInvoker.invokeTestMethod(TestInvoker.java:173)
at org.testng.internal.MethodRunner.runInSequence(MethodRunner.java:46)
at org.testng.internal.TestInvoker$MethodInvocationAgent.invoke(TestInvoker.java:816)
at org.testng.internal.TestInvoker.invokeTestMethods(TestInvoker.java:146)
at org.testng.internal.TestMethodWorker.invokeTestMethods(TestMethodWorker.java:146)
at org.testng.internal.TestMethodWorker.run(TestMethodWorker.java:128)
at java.base/java.util.ArrayList.forEach(ArrayList.java:1511)
at org.testng.TestRunner.privateRun(TestRunner.java:766)
at org.testng.TestRunner.run(TestRunner.java:587)
at org.testng.SuiteRunner.runTest(SuiteRunner.java:384)
at org.testng.SuiteRunner.runSequentially(SuiteRunner.java:378)
at org.testng.SuiteRunner.privateRun(SuiteRunner.java:337)
at org.testng.SuiteRunner.run(SuiteRunner.java:286)
at org.testng.SuiteRunnerWorker.runSuite(SuiteRunnerWorker.java:53)
at org.testng.SuiteRunnerWorker.run(SuiteRunnerWorker.java:96)
at org.testng.TestNG.runSuitesSequentially(TestNG.java:1187)
at org.testng.TestNG.runSuitesLocally(TestNG.java:1109)
at org.testng.TestNG.runSuites(TestNG.java:1039)
at org.testng.TestNG.run(TestNG.java:1007)
at org.testng.remote.AbstractRemoteTestNG.run(AbstractRemoteTestNG.java:115)
at org.testng.remote.RemoteTestNG.initAndRun(RemoteTestNG.java:251)
at org.testng.remote.RemoteTestNG.main(RemoteTestNG.java:77)
]]>
    </failure>
  </testcase> <!-- serviceOverview_Promote -->
  <system-out>
checking if driver exist <img src=D:\BuildPiper_Rahul\Reports\21Dec_150033\serviceOverview_Promote_chrome\serviceOverview_Promote_chrome_355_Dec_150047.jpg alt='Lamp' width='500' height='400'> checking if driver exist <img src=D:\BuildPiper_Rahul\Reports\21Dec_150033\serviceOverview_Promote_chrome\serviceOverview_Promote_chrome_355_Dec_150047.jpg alt='Lamp' width='500' height='400'> checking if driver exist <img src=D:\BuildPiper_Rahul\Reports\21Dec_150033\serviceOverview_Promote_chrome\serviceOverview_Promote_chrome_355_Dec_150047.jpg alt='Lamp' width='500' height='400'> checking if driver exist <img src=D:\BuildPiper_Rahul\Reports\21Dec_150033\serviceOverview_Promote_chrome\serviceOverview_Promote_chrome_355_Dec_150047.jpg alt='Lamp' width='500' height='400'> Clicking on element userMenuAppBar <img src=D:\BuildPiper_Rahul\Reports\21Dec_150033\serviceOverview_Promote_chrome\serviceOverview_Promote_chrome_355_Dec_150047.jpg alt='Lamp' width='500' height='400'> Clicking on element switching to user account <img src=D:\BuildPiper_Rahul\Reports\21Dec_150033\serviceOverview_Promote_chrome\serviceOverview_Promote_chrome_355_Dec_150048.jpg alt='Lamp' width='500' height='400'> Element is present  xpath: //li//button[contains(@class,'main-nav-1')]//span[1][@title]] <img src=D:\BuildPiper_Rahul\Reports\21Dec_150033\serviceOverview_Promote_chrome\serviceOverview_Promote_chrome_355_Dec_150058.jpg alt='Lamp' width='500' height='400'> Element is present  xpath: //button//span[2][@class='flaticon-expand-arrow']/../..//div//span[@title='Service Overview']/span] <img src=D:\BuildPiper_Rahul\Reports\21Dec_150033\serviceOverview_Promote_chrome\serviceOverview_Promote_chrome_355_Dec_150102.jpg alt='Lamp' width='500' height='400'> Element is present  xpath: //a[@class='btn btn-submit']] <img src=D:\BuildPiper_Rahul\Reports\21Dec_150033\serviceOverview_Promote_chrome\serviceOverview_Promote_chrome_355_Dec_150102.jpg alt='Lamp' width='500' height='400'> Clicking on element Poc_QA addServiceBtn <img src=D:\BuildPiper_Rahul\Reports\21Dec_150033\serviceOverview_Promote_chrome\serviceOverview_Promote_chrome_355_Dec_150103.jpg alt='Lamp' width='500' height='400'> Element is present  xpath: //h1[@class='main-heading']] <img src=D:\BuildPiper_Rahul\Reports\21Dec_150033\serviceOverview_Promote_chrome\serviceOverview_Promote_chrome_355_Dec_150103.jpg alt='Lamp' width='500' height='400'> Element is present  xpath: //p[(@class='hint-text-main-heading')]] <img src=D:\BuildPiper_Rahul\Reports\21Dec_150033\serviceOverview_Promote_chrome\serviceOverview_Promote_chrome_355_Dec_150103.jpg alt='Lamp' width='500' height='400'> Setting value on element sets service name <img src=D:\BuildPiper_Rahul\Reports\21Dec_150033\serviceOverview_Promote_chrome\serviceOverview_Promote_chrome_355_Dec_150104.jpg alt='Lamp' width='500' height='400'> Setting value on element sets external name <img src=D:\BuildPiper_Rahul\Reports\21Dec_150033\serviceOverview_Promote_chrome\serviceOverview_Promote_chrome_355_Dec_150107.jpg alt='Lamp' width='500' height='400'> Clicking on element Poc_QA selectEveryRadioBtn <img src=D:\BuildPiper_Rahul\Reports\21Dec_150033\serviceOverview_Promote_chrome\serviceOverview_Promote_chrome_355_Dec_150107.jpg alt='Lamp' width='500' height='400'> Clicking on element Poc_QA SubmitCreatePage <img src=D:\BuildPiper_Rahul\Reports\21Dec_150033\serviceOverview_Promote_chrome\serviceOverview_Promote_chrome_355_Dec_150108.jpg alt='Lamp' width='500' height='400'> Element is present  xpath: //h1[@class='h1' and contains(.,'Create a Environment')]] <img src=D:\BuildPiper_Rahul\Reports\21Dec_150033\serviceOverview_Promote_chrome\serviceOverview_Promote_chrome_355_Dec_150108.jpg alt='Lamp' width='500' height='400'> Element is present  xpath: //div[@class='staticwrap-inner']] <img src=D:\BuildPiper_Rahul\Reports\21Dec_150033\serviceOverview_Promote_chrome\serviceOverview_Promote_chrome_355_Dec_150109.jpg alt='Lamp' width='500' height='400'> Element is present  xpath: //select[@name='env_id']] <img src=D:\BuildPiper_Rahul\Reports\21Dec_150033\serviceOverview_Promote_chrome\serviceOverview_Promote_chrome_355_Dec_150111.jpg alt='Lamp' width='500' height='400'> Element is present  xpath: //button[@class='btn btn-submit']] <img src=D:\BuildPiper_Rahul\Reports\21Dec_150033\serviceOverview_Promote_chrome\serviceOverview_Promote_chrome_355_Dec_150147.jpg alt='Lamp' width='500' height='400'> Clicking on element Poc_QA SubmitEnvPage <img src=D:\BuildPiper_Rahul\Reports\21Dec_150033\serviceOverview_Promote_chrome\serviceOverview_Promote_chrome_355_Dec_150147.jpg alt='Lamp' width='500' height='400'> Element is present  xpath: //div[@class='font-27 font-family-nunito font-weight-300 lh-12 mr-5']] <img src=D:\BuildPiper_Rahul\Reports\21Dec_150033\serviceOverview_Promote_chrome\serviceOverview_Promote_chrome_355_Dec_150149.jpg alt='Lamp' width='500' height='400'> Element is present  xpath: //span[contains(text(),'Project:')]] <img src=D:\BuildPiper_Rahul\Reports\21Dec_150033\serviceOverview_Promote_chrome\serviceOverview_Promote_chrome_355_Dec_150150.jpg alt='Lamp' width='500' height='400'> Element is present  xpath: //*[text()='Env Build Details']] <img src=D:\BuildPiper_Rahul\Reports\21Dec_150033\serviceOverview_Promote_chrome\serviceOverview_Promote_chrome_355_Dec_150150.jpg alt='Lamp' width='500' height='400'> Clicking on element Poc_QA validateBuildDetails <img src=D:\BuildPiper_Rahul\Reports\21Dec_150033\serviceOverview_Promote_chrome\serviceOverview_Promote_chrome_355_Dec_150150.jpg alt='Lamp' width='500' height='400'> Element is present  xpath: //p[@class='main-text mb-10']] <img src=D:\BuildPiper_Rahul\Reports\21Dec_150033\serviceOverview_Promote_chrome\serviceOverview_Promote_chrome_355_Dec_150151.jpg alt='Lamp' width='500' height='400'> Element is present  xpath: //span[@class='sub-text mb-10']] <img src=D:\BuildPiper_Rahul\Reports\21Dec_150033\serviceOverview_Promote_chrome\serviceOverview_Promote_chrome_355_Dec_150151.jpg alt='Lamp' width='500' height='400'> Element is present  xpath: //*[text()='Env Deploy Details']] <img src=D:\BuildPiper_Rahul\Reports\21Dec_150033\serviceOverview_Promote_chrome\serviceOverview_Promote_chrome_355_Dec_150151.jpg alt='Lamp' width='500' height='400'> Clicking on element Poc_QA validateDeployDetails <img src=D:\BuildPiper_Rahul\Reports\21Dec_150033\serviceOverview_Promote_chrome\serviceOverview_Promote_chrome_355_Dec_150152.jpg alt='Lamp' width='500' height='400'> Element is present  xpath: //p[@class='main-text mb-10']] <img src=D:\BuildPiper_Rahul\Reports\21Dec_150033\serviceOverview_Promote_chrome\serviceOverview_Promote_chrome_355_Dec_150152.jpg alt='Lamp' width='500' height='400'> Element is present  xpath: //span[@class='sub-text mb-10']] <img src=D:\BuildPiper_Rahul\Reports\21Dec_150033\serviceOverview_Promote_chrome\serviceOverview_Promote_chrome_355_Dec_150152.jpg alt='Lamp' width='500' height='400'> Element is present  xpath: //*[text()='To have a very smooth configuration we strongly recommend BuildPiper UI.']] <img src=D:\BuildPiper_Rahul\Reports\21Dec_150033\serviceOverview_Promote_chrome\serviceOverview_Promote_chrome_355_Dec_150152.jpg alt='Lamp' width='500' height='400'> Element is present  xpath: //*[text()='you can also configure the CD by uploading your custom manifest file.']] <img src=D:\BuildPiper_Rahul\Reports\21Dec_150033\serviceOverview_Promote_chrome\serviceOverview_Promote_chrome_355_Dec_150153.jpg alt='Lamp' width='500' height='400'> Element is present  xpath: //*[text()='Env Build Details']] <img src=D:\BuildPiper_Rahul\Reports\21Dec_150033\serviceOverview_Promote_chrome\serviceOverview_Promote_chrome_355_Dec_150153.jpg alt='Lamp' width='500' height='400'> Clicking on element Poc_QA validateBuildDetails <img src=D:\BuildPiper_Rahul\Reports\21Dec_150033\serviceOverview_Promote_chrome\serviceOverview_Promote_chrome_355_Dec_150153.jpg alt='Lamp' width='500' height='400'> Element is present  xpath: //*[text()='Configure Build']] <img src=D:\BuildPiper_Rahul\Reports\21Dec_150033\serviceOverview_Promote_chrome\serviceOverview_Promote_chrome_355_Dec_150153.jpg alt='Lamp' width='500' height='400'> Clicking on element Poc_QA clickConfigBuild <img src=D:\BuildPiper_Rahul\Reports\21Dec_150033\serviceOverview_Promote_chrome\serviceOverview_Promote_chrome_355_Dec_150154.jpg alt='Lamp' width='500' height='400'> Element is present  xpath: //div[@class='md-step-circle current']] <img src=D:\BuildPiper_Rahul\Reports\21Dec_150033\serviceOverview_Promote_chrome\serviceOverview_Promote_chrome_355_Dec_150157.jpg alt='Lamp' width='500' height='400'> Element is present  xpath: //h4[@class='mainHeading']] <img src=D:\BuildPiper_Rahul\Reports\21Dec_150033\serviceOverview_Promote_chrome\serviceOverview_Promote_chrome_355_Dec_150157.jpg alt='Lamp' width='500' height='400'> Element is present  xpath: //*[text()='Please Select the Git URL']] <img src=D:\BuildPiper_Rahul\Reports\21Dec_150033\serviceOverview_Promote_chrome\serviceOverview_Promote_chrome_355_Dec_150157.jpg alt='Lamp' width='500' height='400'> Element is present  xpath: //div[@class='MuiInputBase-root MuiOutlinedInput-root MuiAutocomplete-inputRoot MuiInputBase-fullWidth MuiInputBase-formControl MuiInputBase-adornedEnd MuiOutlinedInput-adornedEnd']] <img src=D:\BuildPiper_Rahul\Reports\21Dec_150033\serviceOverview_Promote_chrome\serviceOverview_Promote_chrome_355_Dec_150157.jpg alt='Lamp' width='500' height='400'> Clicking on element Poc_QA gitUrlInputField <img src=D:\BuildPiper_Rahul\Reports\21Dec_150033\serviceOverview_Promote_chrome\serviceOverview_Promote_chrome_355_Dec_150158.jpg alt='Lamp' width='500' height='400'> Clicking on element ClicksclearField <img src=D:\BuildPiper_Rahul\Reports\21Dec_150033\serviceOverview_Promote_chrome\serviceOverview_Promote_chrome_355_Dec_150203.jpg alt='Lamp' width='500' height='400'> Element is present  xpath: //*[text()='Load Branches']] <img src=D:\BuildPiper_Rahul\Reports\21Dec_150033\serviceOverview_Promote_chrome\serviceOverview_Promote_chrome_355_Dec_150213.jpg alt='Lamp' width='500' height='400'> Clicking on element Poc_QA loadBranchesBtn <img src=D:\BuildPiper_Rahul\Reports\21Dec_150033\serviceOverview_Promote_chrome\serviceOverview_Promote_chrome_355_Dec_150213.jpg alt='Lamp' width='500' height='400'> Element is present  xpath: //*[text()='Advance Configurations']] <img src=D:\BuildPiper_Rahul\Reports\21Dec_150033\serviceOverview_Promote_chrome\serviceOverview_Promote_chrome_355_Dec_150227.jpg alt='Lamp' width='500' height='400'> Clicking on element Poc_QA clickContinueBtn <img src=D:\BuildPiper_Rahul\Reports\21Dec_150033\serviceOverview_Promote_chrome\serviceOverview_Promote_chrome_355_Dec_150227.jpg alt='Lamp' width='500' height='400'> Element is present  xpath: //h4[@class='mainHeading']] <img src=D:\BuildPiper_Rahul\Reports\21Dec_150033\serviceOverview_Promote_chrome\serviceOverview_Promote_chrome_355_Dec_150232.jpg alt='Lamp' width='500' height='400'> Element is present  xpath: //*[text()='Build Env Details']] <img src=D:\BuildPiper_Rahul\Reports\21Dec_150033\serviceOverview_Promote_chrome\serviceOverview_Promote_chrome_355_Dec_150232.jpg alt='Lamp' width='500' height='400'> Clicking on element Poc_QA envDetailsSwitch <img src=D:\BuildPiper_Rahul\Reports\21Dec_150033\serviceOverview_Promote_chrome\serviceOverview_Promote_chrome_355_Dec_150233.jpg alt='Lamp' width='500' height='400'> Setting value on element Poc_QA envName <img src=D:\BuildPiper_Rahul\Reports\21Dec_150033\serviceOverview_Promote_chrome\serviceOverview_Promote_chrome_355_Dec_150233.jpg alt='Lamp' width='500' height='400'> Setting value on element Poc_QA envValue <img src=D:\BuildPiper_Rahul\Reports\21Dec_150033\serviceOverview_Promote_chrome\serviceOverview_Promote_chrome_355_Dec_150233.jpg alt='Lamp' width='500' height='400'> Clicking on element Poc_QA clickContinueBtn <img src=D:\BuildPiper_Rahul\Reports\21Dec_150033\serviceOverview_Promote_chrome\serviceOverview_Promote_chrome_355_Dec_150233.jpg alt='Lamp' width='500' height='400'> Clicking on element Poc_QA preHooksSwitch <img src=D:\BuildPiper_Rahul\Reports\21Dec_150033\serviceOverview_Promote_chrome\serviceOverview_Promote_chrome_355_Dec_150234.jpg alt='Lamp' width='500' height='400'> Setting value on element Poc_QA preHooksPasswordBox1 <img src=D:\BuildPiper_Rahul\Reports\21Dec_150033\serviceOverview_Promote_chrome\serviceOverview_Promote_chrome_355_Dec_150234.jpg alt='Lamp' width='500' height='400'> Clicking on element clicks on add New Hook <img src=D:\BuildPiper_Rahul\Reports\21Dec_150033\serviceOverview_Promote_chrome\serviceOverview_Promote_chrome_355_Dec_150234.jpg alt='Lamp' width='500' height='400'> Setting value on element Poc_QA preHooksPasswordBox2 <img src=D:\BuildPiper_Rahul\Reports\21Dec_150033\serviceOverview_Promote_chrome\serviceOverview_Promote_chrome_355_Dec_150235.jpg alt='Lamp' width='500' height='400'> Clicking on element Poc_QA postHooksSwitch <img src=D:\BuildPiper_Rahul\Reports\21Dec_150033\serviceOverview_Promote_chrome\serviceOverview_Promote_chrome_355_Dec_150235.jpg alt='Lamp' width='500' height='400'> Setting value on element Poc_QA postHooksPasswordBox1 <img src=D:\BuildPiper_Rahul\Reports\21Dec_150033\serviceOverview_Promote_chrome\serviceOverview_Promote_chrome_355_Dec_150235.jpg alt='Lamp' width='500' height='400'> Clicking on element clicks on add New Post Hook <img src=D:\BuildPiper_Rahul\Reports\21Dec_150033\serviceOverview_Promote_chrome\serviceOverview_Promote_chrome_355_Dec_150235.jpg alt='Lamp' width='500' height='400'> Setting value on element Poc_QA postHooksPasswordBox2 <img src=D:\BuildPiper_Rahul\Reports\21Dec_150033\serviceOverview_Promote_chrome\serviceOverview_Promote_chrome_355_Dec_150236.jpg alt='Lamp' width='500' height='400'> Clicking on element Poc_QA submitHooks <img src=D:\BuildPiper_Rahul\Reports\21Dec_150033\serviceOverview_Promote_chrome\serviceOverview_Promote_chrome_355_Dec_150236.jpg alt='Lamp' width='500' height='400'> Element is present  xpath: /html/body/div[1]/div/main/div[1]/div/div[1]/div/div/div[2]/div[2]/span[2]] <img src=D:\BuildPiper_Rahul\Reports\21Dec_150033\serviceOverview_Promote_chrome\serviceOverview_Promote_chrome_355_Dec_150237.jpg alt='Lamp' width='500' height='400'> Element is present  xpath: //*[text()='Job Template: ']] <img src=D:\BuildPiper_Rahul\Reports\21Dec_150033\serviceOverview_Promote_chrome\serviceOverview_Promote_chrome_355_Dec_150238.jpg alt='Lamp' width='500' height='400'> Element is present  xpath: //*[text()='Env Deploy Details']] <img src=D:\BuildPiper_Rahul\Reports\21Dec_150033\serviceOverview_Promote_chrome\serviceOverview_Promote_chrome_355_Dec_150238.jpg alt='Lamp' width='500' height='400'> Clicking on element Poc_QA validateDeployDetails <img src=D:\BuildPiper_Rahul\Reports\21Dec_150033\serviceOverview_Promote_chrome\serviceOverview_Promote_chrome_355_Dec_150239.jpg alt='Lamp' width='500' height='400'> Element is present  xpath: //button[@class='btn btn-submit']] <img src=D:\BuildPiper_Rahul\Reports\21Dec_150033\serviceOverview_Promote_chrome\serviceOverview_Promote_chrome_355_Dec_150239.jpg alt='Lamp' width='500' height='400'> Clicking on element clicks on buildPiperUI button <img src=D:\BuildPiper_Rahul\Reports\21Dec_150033\serviceOverview_Promote_chrome\serviceOverview_Promote_chrome_355_Dec_150239.jpg alt='Lamp' width='500' height='400'> Clicking on element Add Access Level <img src=D:\BuildPiper_Rahul\Reports\21Dec_150033\serviceOverview_Promote_chrome\serviceOverview_Promote_chrome_355_Dec_150240.jpg alt='Lamp' width='500' height='400'> Clicking on element Poc_QA privateAccess <img src=D:\BuildPiper_Rahul\Reports\21Dec_150033\serviceOverview_Promote_chrome\serviceOverview_Promote_chrome_355_Dec_150313.jpg alt='Lamp' width='500' height='400'> Clicking on element clicks add button <img src=D:\BuildPiper_Rahul\Reports\21Dec_150033\serviceOverview_Promote_chrome\serviceOverview_Promote_chrome_355_Dec_150313.jpg alt='Lamp' width='500' height='400'> Clicking on element clicks continue button <img src=D:\BuildPiper_Rahul\Reports\21Dec_150033\serviceOverview_Promote_chrome\serviceOverview_Promote_chrome_355_Dec_150314.jpg alt='Lamp' width='500' height='400'> Clicking on element clicks continue button <img src=D:\BuildPiper_Rahul\Reports\21Dec_150033\serviceOverview_Promote_chrome\serviceOverview_Promote_chrome_355_Dec_150316.jpg alt='Lamp' width='500' height='400'> Clicking on element clicks continue button <img src=D:\BuildPiper_Rahul\Reports\21Dec_150033\serviceOverview_Promote_chrome\serviceOverview_Promote_chrome_355_Dec_150318.jpg alt='Lamp' width='500' height='400'> Clicking on element clicks continue button <img src=D:\BuildPiper_Rahul\Reports\21Dec_150033\serviceOverview_Promote_chrome\serviceOverview_Promote_chrome_355_Dec_150321.jpg alt='Lamp' width='500' height='400'> Clicking on element clicks continue button <img src=D:\BuildPiper_Rahul\Reports\21Dec_150033\serviceOverview_Promote_chrome\serviceOverview_Promote_chrome_355_Dec_150323.jpg alt='Lamp' width='500' height='400'> Clicking on element clicks continue button <img src=D:\BuildPiper_Rahul\Reports\21Dec_150033\serviceOverview_Promote_chrome\serviceOverview_Promote_chrome_355_Dec_150325.jpg alt='Lamp' width='500' height='400'> Clicking on element clicks continue button <img src=D:\BuildPiper_Rahul\Reports\21Dec_150033\serviceOverview_Promote_chrome\serviceOverview_Promote_chrome_355_Dec_150327.jpg alt='Lamp' width='500' height='400'> Clicking on element clicks continue button <img src=D:\BuildPiper_Rahul\Reports\21Dec_150033\serviceOverview_Promote_chrome\serviceOverview_Promote_chrome_355_Dec_150330.jpg alt='Lamp' width='500' height='400'> Clicking on element clicks continue button <img src=D:\BuildPiper_Rahul\Reports\21Dec_150033\serviceOverview_Promote_chrome\serviceOverview_Promote_chrome_355_Dec_150332.jpg alt='Lamp' width='500' height='400'> Clicking on element Clicks on Deploy Details tag <img src=D:\BuildPiper_Rahul\Reports\21Dec_150033\serviceOverview_Promote_chrome\serviceOverview_Promote_chrome_355_Dec_150334.jpg alt='Lamp' width='500' height='400'> Clicking on element adds new environment to running service <img src=D:\BuildPiper_Rahul\Reports\21Dec_150033\serviceOverview_Promote_chrome\serviceOverview_Promote_chrome_355_Dec_150334.jpg alt='Lamp' width='500' height='400'> Element is present  xpath: //h1[@class='h1' and contains(.,'Create a Environment')]] <img src=D:\BuildPiper_Rahul\Reports\21Dec_150033\serviceOverview_Promote_chrome\serviceOverview_Promote_chrome_355_Dec_150335.jpg alt='Lamp' width='500' height='400'> Element is present  xpath: //div[@class='staticwrap-inner']] <img src=D:\BuildPiper_Rahul\Reports\21Dec_150033\serviceOverview_Promote_chrome\serviceOverview_Promote_chrome_355_Dec_150335.jpg alt='Lamp' width='500' height='400'> Element is present  xpath: //select[@name='env_id']] <img src=D:\BuildPiper_Rahul\Reports\21Dec_150033\serviceOverview_Promote_chrome\serviceOverview_Promote_chrome_355_Dec_150337.jpg alt='Lamp' width='500' height='400'> Element is present  xpath: //select[@name='project_job_template_id']] <img src=D:\BuildPiper_Rahul\Reports\21Dec_150033\serviceOverview_Promote_chrome\serviceOverview_Promote_chrome_355_Dec_150340.jpg alt='Lamp' width='500' height='400'> Element is present  xpath: //button[@class='btn btn-submit']] <img src=D:\BuildPiper_Rahul\Reports\21Dec_150033\serviceOverview_Promote_chrome\serviceOverview_Promote_chrome_355_Dec_150411.jpg alt='Lamp' width='500' height='400'> Clicking on element Poc_QA SubmitEnvPage <img src=D:\BuildPiper_Rahul\Reports\21Dec_150033\serviceOverview_Promote_chrome\serviceOverview_Promote_chrome_355_Dec_150411.jpg alt='Lamp' width='500' height='400'> Element is present  xpath: //span[@class='badge badge-dev']] <img src=D:\BuildPiper_Rahul\Reports\21Dec_150033\serviceOverview_Promote_chrome\serviceOverview_Promote_chrome_355_Dec_150415.jpg alt='Lamp' width='500' height='400'> Element is present  xpath: //*[text()='Configure Build']] <img src=D:\BuildPiper_Rahul\Reports\21Dec_150033\serviceOverview_Promote_chrome\serviceOverview_Promote_chrome_355_Dec_150415.jpg alt='Lamp' width='500' height='400'> Element is present  xpath: //*[text()='Configure Build']] <img src=D:\BuildPiper_Rahul\Reports\21Dec_150033\serviceOverview_Promote_chrome\serviceOverview_Promote_chrome_355_Dec_150417.jpg alt='Lamp' width='500' height='400'> Clicking on element Poc_QA clickConfigBuild <img src=D:\BuildPiper_Rahul\Reports\21Dec_150033\serviceOverview_Promote_chrome\serviceOverview_Promote_chrome_355_Dec_150418.jpg alt='Lamp' width='500' height='400'> Element is present  xpath: //div[@class='input-component']//label] <img src=D:\BuildPiper_Rahul\Reports\21Dec_150033\serviceOverview_Promote_chrome\serviceOverview_Promote_chrome_355_Dec_150421.jpg alt='Lamp' width='500' height='400'> Clicking on element user clicks next button <img src=D:\BuildPiper_Rahul\Reports\21Dec_150033\serviceOverview_Promote_chrome\serviceOverview_Promote_chrome_355_Dec_150425.jpg alt='Lamp' width='500' height='400'> Element is present  xpath: //*[text()='Load Branches']] <img src=D:\BuildPiper_Rahul\Reports\21Dec_150033\serviceOverview_Promote_chrome\serviceOverview_Promote_chrome_355_Dec_150430.jpg alt='Lamp' width='500' height='400'> Clicking on element Poc_QA loadBranchesBtn <img src=D:\BuildPiper_Rahul\Reports\21Dec_150033\serviceOverview_Promote_chrome\serviceOverview_Promote_chrome_355_Dec_150430.jpg alt='Lamp' width='500' height='400'> Clicking on element Poc_QA clickContinueBtn <img src=D:\BuildPiper_Rahul\Reports\21Dec_150033\serviceOverview_Promote_chrome\serviceOverview_Promote_chrome_355_Dec_150439.jpg alt='Lamp' width='500' height='400'> Clicking on element Poc_QA clickContinueBtn <img src=D:\BuildPiper_Rahul\Reports\21Dec_150033\serviceOverview_Promote_chrome\serviceOverview_Promote_chrome_355_Dec_150444.jpg alt='Lamp' width='500' height='400'> Clicking on element Poc_QA clickContinueBtn <img src=D:\BuildPiper_Rahul\Reports\21Dec_150033\serviceOverview_Promote_chrome\serviceOverview_Promote_chrome_355_Dec_150448.jpg alt='Lamp' width='500' height='400'> Element is present  xpath: //*[text()='Env Deploy Details']] <img src=D:\BuildPiper_Rahul\Reports\21Dec_150033\serviceOverview_Promote_chrome\serviceOverview_Promote_chrome_355_Dec_150450.jpg alt='Lamp' width='500' height='400'> Clicking on element Poc_QA validateDeployDetails <img src=D:\BuildPiper_Rahul\Reports\21Dec_150033\serviceOverview_Promote_chrome\serviceOverview_Promote_chrome_355_Dec_150450.jpg alt='Lamp' width='500' height='400'> Element is present  xpath: //button[@class='btn btn-submit']] <img src=D:\BuildPiper_Rahul\Reports\21Dec_150033\serviceOverview_Promote_chrome\serviceOverview_Promote_chrome_355_Dec_150450.jpg alt='Lamp' width='500' height='400'> Clicking on element clicks on buildPiperUI button <img src=D:\BuildPiper_Rahul\Reports\21Dec_150033\serviceOverview_Promote_chrome\serviceOverview_Promote_chrome_355_Dec_150450.jpg alt='Lamp' width='500' height='400'> Element is present  xpath: //label//..//..//..//select] <img src=D:\BuildPiper_Rahul\Reports\21Dec_150033\serviceOverview_Promote_chrome\serviceOverview_Promote_chrome_355_Dec_150454.jpg alt='Lamp' width='500' height='400'> Clicking on element user clicks next button <img src=D:\BuildPiper_Rahul\Reports\21Dec_150033\serviceOverview_Promote_chrome\serviceOverview_Promote_chrome_355_Dec_150454.jpg alt='Lamp' width='500' height='400'> Clicking on element Add Access Level <img src=D:\BuildPiper_Rahul\Reports\21Dec_150033\serviceOverview_Promote_chrome\serviceOverview_Promote_chrome_355_Dec_150455.jpg alt='Lamp' width='500' height='400'> Clicking on element Poc_QA privateAccess <img src=D:\BuildPiper_Rahul\Reports\21Dec_150033\serviceOverview_Promote_chrome\serviceOverview_Promote_chrome_355_Dec_150528.jpg alt='Lamp' width='500' height='400'> Clicking on element clicks add button <img src=D:\BuildPiper_Rahul\Reports\21Dec_150033\serviceOverview_Promote_chrome\serviceOverview_Promote_chrome_355_Dec_150528.jpg alt='Lamp' width='500' height='400'> Clicking on element clicks continue button <img src=D:\BuildPiper_Rahul\Reports\21Dec_150033\serviceOverview_Promote_chrome\serviceOverview_Promote_chrome_355_Dec_150529.jpg alt='Lamp' width='500' height='400'> Clicking on element clicks continue button <img src=D:\BuildPiper_Rahul\Reports\21Dec_150033\serviceOverview_Promote_chrome\serviceOverview_Promote_chrome_355_Dec_150531.jpg alt='Lamp' width='500' height='400'> Clicking on element clicks continue button <img src=D:\BuildPiper_Rahul\Reports\21Dec_150033\serviceOverview_Promote_chrome\serviceOverview_Promote_chrome_355_Dec_150533.jpg alt='Lamp' width='500' height='400'> Clicking on element clicks continue button <img src=D:\BuildPiper_Rahul\Reports\21Dec_150033\serviceOverview_Promote_chrome\serviceOverview_Promote_chrome_355_Dec_150535.jpg alt='Lamp' width='500' height='400'> Clicking on element clicks continue button <img src=D:\BuildPiper_Rahul\Reports\21Dec_150033\serviceOverview_Promote_chrome\serviceOverview_Promote_chrome_355_Dec_150538.jpg alt='Lamp' width='500' height='400'> Clicking on element clicks continue button <img src=D:\BuildPiper_Rahul\Reports\21Dec_150033\serviceOverview_Promote_chrome\serviceOverview_Promote_chrome_355_Dec_150540.jpg alt='Lamp' width='500' height='400'> Clicking on element clicks continue button <img src=D:\BuildPiper_Rahul\Reports\21Dec_150033\serviceOverview_Promote_chrome\serviceOverview_Promote_chrome_355_Dec_150542.jpg alt='Lamp' width='500' height='400'> Clicking on element clicks continue button <img src=D:\BuildPiper_Rahul\Reports\21Dec_150033\serviceOverview_Promote_chrome\serviceOverview_Promote_chrome_355_Dec_150544.jpg alt='Lamp' width='500' height='400'> Clicking on element clicks continue button <img src=D:\BuildPiper_Rahul\Reports\21Dec_150033\serviceOverview_Promote_chrome\serviceOverview_Promote_chrome_355_Dec_150547.jpg alt='Lamp' width='500' height='400'> Element is present  xpath: //li//button[contains(@class,'main-nav-1')]//span[1][@title]] <img src=D:\BuildPiper_Rahul\Reports\21Dec_150033\serviceOverview_Promote_chrome\serviceOverview_Promote_chrome_355_Dec_150549.jpg alt='Lamp' width='500' height='400'> Element is present  xpath: //button//span[2][@class='flaticon-expand-arrow']/../..//div//span[@title='Service Overview']/span] <img src=D:\BuildPiper_Rahul\Reports\21Dec_150033\serviceOverview_Promote_chrome\serviceOverview_Promote_chrome_355_Dec_150549.jpg alt='Lamp' width='500' height='400'> Element is present  xpath: //input[@placeholder='Name']] <img src=D:\BuildPiper_Rahul\Reports\21Dec_150033\serviceOverview_Promote_chrome\serviceOverview_Promote_chrome_355_Dec_150553.jpg alt='Lamp' width='500' height='400'> Clicking on element clicks on environment overview tab under applicartion name <img src=D:\BuildPiper_Rahul\Reports\21Dec_150033\serviceOverview_Promote_chrome\serviceOverview_Promote_chrome_355_Dec_150553.jpg alt='Lamp' width='500' height='400'> checking if driver exist <img src=D:\BuildPiper_Rahul\Reports\21Dec_150033\serviceOverview_Promote_chrome\serviceOverview_Promote_chrome_355_Dec_150558.jpg alt='Lamp' width='500' height='400'>  Element [[ChromeDriver: chrome on WINDOWS (cc6cdeb01d1bf5cedbec04ca5d0cd042)] -> xpath: //button[@title='Build']] is not clickable using selenium click <img src=D:\BuildPiper_Rahul\Reports\21Dec_150033\serviceOverview_Promote_chrome\serviceOverview_Promote_chrome_355_Dec_150600.jpg alt='Lamp' width='500' height='400'> Clicking on element buildButton <img src=D:\BuildPiper_Rahul\Reports\21Dec_150033\serviceOverview_Promote_chrome\serviceOverview_Promote_chrome_355_Dec_150600.jpg alt='Lamp' width='500' height='400'>  Element [[ChromeDriver: chrome on WINDOWS (cc6cdeb01d1bf5cedbec04ca5d0cd042)] -> xpath: //button[@title='Build']] is not clickable using selenium click <img src=D:\BuildPiper_Rahul\Reports\21Dec_150033\serviceOverview_Promote_chrome\serviceOverview_Promote_chrome_355_Dec_150602.jpg alt='Lamp' width='500' height='400'> Clicking on element buildButton <img src=D:\BuildPiper_Rahul\Reports\21Dec_150033\serviceOverview_Promote_chrome\serviceOverview_Promote_chrome_355_Dec_150602.jpg alt='Lamp' width='500' height='400'> checking if driver exist <img src=D:\BuildPiper_Rahul\Reports\21Dec_150033\serviceOverview_Promote_chrome\serviceOverview_Promote_chrome_355_Dec_150604.jpg alt='Lamp' width='500' height='400'> Clicking on element buildButton <img src=D:\BuildPiper_Rahul\Reports\21Dec_150033\serviceOverview_Promote_chrome\serviceOverview_Promote_chrome_355_Dec_150604.jpg alt='Lamp' width='500' height='400'> checking if driver exist <img src=D:\BuildPiper_Rahul\Reports\21Dec_150033\serviceOverview_Promote_chrome\serviceOverview_Promote_chrome_355_Dec_150640.jpg alt='Lamp' width='500' height='400'> Element is present  xpath: //span[contains(text(),'Please note You are building image in Env.')]/following-sibling::span[1]] <img src=D:\BuildPiper_Rahul\Reports\21Dec_150033\serviceOverview_Promote_chrome\serviceOverview_Promote_chrome_355_Dec_150645.jpg alt='Lamp' width='500' height='400'> checking if driver exist <img src=D:\BuildPiper_Rahul\Reports\21Dec_150033\serviceOverview_Promote_chrome\serviceOverview_Promote_chrome_355_Dec_150648.jpg alt='Lamp' width='500' height='400'> Clicking on element triggerBuild <img src=D:\BuildPiper_Rahul\Reports\21Dec_150033\serviceOverview_Promote_chrome\serviceOverview_Promote_chrome_355_Dec_150648.jpg alt='Lamp' width='500' height='400'> checking if driver exist <img src=D:\BuildPiper_Rahul\Reports\21Dec_150033\serviceOverview_Promote_chrome\serviceOverview_Promote_chrome_355_Dec_150656.jpg alt='Lamp' width='500' height='400'> Clicking on element refresh BuildandDeploy button <img src=D:\BuildPiper_Rahul\Reports\21Dec_150033\serviceOverview_Promote_chrome\serviceOverview_Promote_chrome_355_Dec_150656.jpg alt='Lamp' width='500' height='400'> checking if driver exist <img src=D:\BuildPiper_Rahul\Reports\21Dec_150033\serviceOverview_Promote_chrome\serviceOverview_Promote_chrome_355_Dec_150700.jpg alt='Lamp' width='500' height='400'> Element is present  xpath: //div[contains(@class,'popup-card')]//td//div[contains(@class,'round-chip')]] <img src=D:\BuildPiper_Rahul\Reports\21Dec_150033\serviceOverview_Promote_chrome\serviceOverview_Promote_chrome_355_Dec_150700.jpg alt='Lamp' width='500' height='400'> checking if driver exist <img src=D:\BuildPiper_Rahul\Reports\21Dec_150033\serviceOverview_Promote_chrome\serviceOverview_Promote_chrome_355_Dec_150830.jpg alt='Lamp' width='500' height='400'> Clicking on element buildRecent <img src=D:\BuildPiper_Rahul\Reports\21Dec_150033\serviceOverview_Promote_chrome\serviceOverview_Promote_chrome_355_Dec_150830.jpg alt='Lamp' width='500' height='400'> checking if driver exist <img src=D:\BuildPiper_Rahul\Reports\21Dec_150033\serviceOverview_Promote_chrome\serviceOverview_Promote_chrome_355_Dec_150841.jpg alt='Lamp' width='500' height='400'> Clicking on element refresh BuildandDeploy button <img src=D:\BuildPiper_Rahul\Reports\21Dec_150033\serviceOverview_Promote_chrome\serviceOverview_Promote_chrome_355_Dec_150841.jpg alt='Lamp' width='500' height='400'> checking if driver exist <img src=D:\BuildPiper_Rahul\Reports\21Dec_150033\serviceOverview_Promote_chrome\serviceOverview_Promote_chrome_355_Dec_150921.jpg alt='Lamp' width='500' height='400'> Clicking on element refresh BuildandDeploy button <img src=D:\BuildPiper_Rahul\Reports\21Dec_150033\serviceOverview_Promote_chrome\serviceOverview_Promote_chrome_355_Dec_150922.jpg alt='Lamp' width='500' height='400'> checking if driver exist <img src=D:\BuildPiper_Rahul\Reports\21Dec_150033\serviceOverview_Promote_chrome\serviceOverview_Promote_chrome_355_Dec_150932.jpg alt='Lamp' width='500' height='400'> Element is present  xpath: //div[contains(@class,'popup-card')]//td//div[contains(@class,'round-chip')]] <img src=D:\BuildPiper_Rahul\Reports\21Dec_150033\serviceOverview_Promote_chrome\serviceOverview_Promote_chrome_355_Dec_150932.jpg alt='Lamp' width='500' height='400'> checking if driver exist <img src=D:\BuildPiper_Rahul\Reports\21Dec_150033\serviceOverview_Promote_chrome\serviceOverview_Promote_chrome_355_Dec_150935.jpg alt='Lamp' width='500' height='400'> Clicking on element clicks buildwindow_closeButton <img src=D:\BuildPiper_Rahul\Reports\21Dec_150033\serviceOverview_Promote_chrome\serviceOverview_Promote_chrome_355_Dec_150936.jpg alt='Lamp' width='500' height='400'> checking if driver exist <img src=D:\BuildPiper_Rahul\Reports\21Dec_150033\serviceOverview_Promote_chrome\serviceOverview_Promote_chrome_355_Dec_150944.jpg alt='Lamp' width='500' height='400'> Clicking on element refresh BuildandDeploy button <img src=D:\BuildPiper_Rahul\Reports\21Dec_150033\serviceOverview_Promote_chrome\serviceOverview_Promote_chrome_355_Dec_150944.jpg alt='Lamp' width='500' height='400'> checking if driver exist <img src=D:\BuildPiper_Rahul\Reports\21Dec_150033\serviceOverview_Promote_chrome\serviceOverview_Promote_chrome_355_Dec_150946.jpg alt='Lamp' width='500' height='400'> Element is present  xpath: (//div/p[text()='Artifact']/following-sibling::span)[1]] <img src=D:\BuildPiper_Rahul\Reports\21Dec_150033\serviceOverview_Promote_chrome\serviceOverview_Promote_chrome_355_Dec_150946.jpg alt='Lamp' width='500' height='400'> checking if driver exist <img src=D:\BuildPiper_Rahul\Reports\21Dec_150033\serviceOverview_Promote_chrome\serviceOverview_Promote_chrome_355_Dec_150947.jpg alt='Lamp' width='500' height='400'> checking if driver exist <img src=D:\BuildPiper_Rahul\Reports\21Dec_150033\serviceOverview_Promote_chrome\serviceOverview_Promote_chrome_355_Dec_150947.jpg alt='Lamp' width='500' height='400'>  Element [[ChromeDriver: chrome on WINDOWS (cc6cdeb01d1bf5cedbec04ca5d0cd042)] -> xpath: //button[@title='Deploy']] is not clickable using selenium click <img src=D:\BuildPiper_Rahul\Reports\21Dec_150033\serviceOverview_Promote_chrome\serviceOverview_Promote_chrome_355_Dec_150948.jpg alt='Lamp' width='500' height='400'> Clicking on element clicks deployButton <img src=D:\BuildPiper_Rahul\Reports\21Dec_150033\serviceOverview_Promote_chrome\serviceOverview_Promote_chrome_355_Dec_150948.jpg alt='Lamp' width='500' height='400'> Clicking on element deploytagInput <img src=D:\BuildPiper_Rahul\Reports\21Dec_150033\serviceOverview_Promote_chrome\serviceOverview_Promote_chrome_355_Dec_150954.jpg alt='Lamp' width='500' height='400'> Clicking on element cleardeployDropDown <img src=D:\BuildPiper_Rahul\Reports\21Dec_150033\serviceOverview_Promote_chrome\serviceOverview_Promote_chrome_355_Dec_150954.jpg alt='Lamp' width='500' height='400'> Clicking on element clicks triggerDeploy <img src=D:\BuildPiper_Rahul\Reports\21Dec_150033\serviceOverview_Promote_chrome\serviceOverview_Promote_chrome_355_Dec_151003.jpg alt='Lamp' width='500' height='400'> checking if driver exist <img src=D:\BuildPiper_Rahul\Reports\21Dec_150033\serviceOverview_Promote_chrome\serviceOverview_Promote_chrome_355_Dec_151011.jpg alt='Lamp' width='500' height='400'> Clicking on element refresh BuildandDeploy button <img src=D:\BuildPiper_Rahul\Reports\21Dec_150033\serviceOverview_Promote_chrome\serviceOverview_Promote_chrome_355_Dec_151011.jpg alt='Lamp' width='500' height='400'> checking if driver exist <img src=D:\BuildPiper_Rahul\Reports\21Dec_150033\serviceOverview_Promote_chrome\serviceOverview_Promote_chrome_355_Dec_151111.jpg alt='Lamp' width='500' height='400'> Clicking on element deployRecent <img src=D:\BuildPiper_Rahul\Reports\21Dec_150033\serviceOverview_Promote_chrome\serviceOverview_Promote_chrome_355_Dec_151111.jpg alt='Lamp' width='500' height='400'> checking if driver exist <img src=D:\BuildPiper_Rahul\Reports\21Dec_150033\serviceOverview_Promote_chrome\serviceOverview_Promote_chrome_355_Dec_151132.jpg alt='Lamp' width='500' height='400'> Clicking on element refresh BuildandDeploy button <img src=D:\BuildPiper_Rahul\Reports\21Dec_150033\serviceOverview_Promote_chrome\serviceOverview_Promote_chrome_355_Dec_151132.jpg alt='Lamp' width='500' height='400'> checking if driver exist <img src=D:\BuildPiper_Rahul\Reports\21Dec_150033\serviceOverview_Promote_chrome\serviceOverview_Promote_chrome_355_Dec_151143.jpg alt='Lamp' width='500' height='400'> Clicking on element refresh BuildandDeploy button <img src=D:\BuildPiper_Rahul\Reports\21Dec_150033\serviceOverview_Promote_chrome\serviceOverview_Promote_chrome_355_Dec_151143.jpg alt='Lamp' width='500' height='400'> checking if driver exist <img src=D:\BuildPiper_Rahul\Reports\21Dec_150033\serviceOverview_Promote_chrome\serviceOverview_Promote_chrome_355_Dec_151146.jpg alt='Lamp' width='500' height='400'> Element is present  xpath: //div[contains(@class,'popup-card')]//td//span[contains(@class,'round-chip')]] <img src=D:\BuildPiper_Rahul\Reports\21Dec_150033\serviceOverview_Promote_chrome\serviceOverview_Promote_chrome_355_Dec_151146.jpg alt='Lamp' width='500' height='400'> checking if driver exist <img src=D:\BuildPiper_Rahul\Reports\21Dec_150033\serviceOverview_Promote_chrome\serviceOverview_Promote_chrome_355_Dec_151149.jpg alt='Lamp' width='500' height='400'> Clicking on element clicks deploywindow_closeButton <img src=D:\BuildPiper_Rahul\Reports\21Dec_150033\serviceOverview_Promote_chrome\serviceOverview_Promote_chrome_355_Dec_151150.jpg alt='Lamp' width='500' height='400'> checking if driver exist <img src=D:\BuildPiper_Rahul\Reports\21Dec_150033\serviceOverview_Promote_chrome\serviceOverview_Promote_chrome_355_Dec_151153.jpg alt='Lamp' width='500' height='400'> Clicking on element clicks Promote Button <img src=D:\BuildPiper_Rahul\Reports\21Dec_150033\serviceOverview_Promote_chrome\serviceOverview_Promote_chrome_355_Dec_151153.jpg alt='Lamp' width='500' height='400'> Clicking on element deploytagInput <img src=D:\BuildPiper_Rahul\Reports\21Dec_150033\serviceOverview_Promote_chrome\serviceOverview_Promote_chrome_355_Dec_151201.jpg alt='Lamp' width='500' height='400'> Clicking on element cleardeployDropDown <img src=D:\BuildPiper_Rahul\Reports\21Dec_150033\serviceOverview_Promote_chrome\serviceOverview_Promote_chrome_355_Dec_151201.jpg alt='Lamp' width='500' height='400'> Clicking on element clicks triggerPromote <img src=D:\BuildPiper_Rahul\Reports\21Dec_150033\serviceOverview_Promote_chrome\serviceOverview_Promote_chrome_355_Dec_151210.jpg alt='Lamp' width='500' height='400'> checking if driver exist <img src=D:\BuildPiper_Rahul\Reports\21Dec_150033\serviceOverview_Promote_chrome\serviceOverview_Promote_chrome_355_Dec_151214.jpg alt='Lamp' width='500' height='400'> Clicking on element refresh BuildandDeploy button <img src=D:\BuildPiper_Rahul\Reports\21Dec_150033\serviceOverview_Promote_chrome\serviceOverview_Promote_chrome_355_Dec_151214.jpg alt='Lamp' width='500' height='400'> checking if driver exist <img src=D:\BuildPiper_Rahul\Reports\21Dec_150033\serviceOverview_Promote_chrome\serviceOverview_Promote_chrome_355_Dec_151217.jpg alt='Lamp' width='500' height='400'> Element is present  xpath: //div[contains(@class,'popup-card')]//td//p[contains(@class,'round-chip')]] <img src=D:\BuildPiper_Rahul\Reports\21Dec_150033\serviceOverview_Promote_chrome\serviceOverview_Promote_chrome_355_Dec_151217.jpg alt='Lamp' width='500' height='400'> checking if driver exist <img src=D:\BuildPiper_Rahul\Reports\21Dec_150033\serviceOverview_Promote_chrome\serviceOverview_Promote_chrome_355_Dec_151222.jpg alt='Lamp' width='500' height='400'> Clicking on element refresh BuildandDeploy button <img src=D:\BuildPiper_Rahul\Reports\21Dec_150033\serviceOverview_Promote_chrome\serviceOverview_Promote_chrome_355_Dec_151222.jpg alt='Lamp' width='500' height='400'> checking if driver exist <img src=D:\BuildPiper_Rahul\Reports\21Dec_150033\serviceOverview_Promote_chrome\serviceOverview_Promote_chrome_355_Dec_151302.jpg alt='Lamp' width='500' height='400'> Clicking on element promoteRecent <img src=D:\BuildPiper_Rahul\Reports\21Dec_150033\serviceOverview_Promote_chrome\serviceOverview_Promote_chrome_355_Dec_151302.jpg alt='Lamp' width='500' height='400'> checking if driver exist <img src=D:\BuildPiper_Rahul\Reports\21Dec_150033\serviceOverview_Promote_chrome\serviceOverview_Promote_chrome_355_Dec_151311.jpg alt='Lamp' width='500' height='400'> Clicking on element refresh BuildandDeploy button <img src=D:\BuildPiper_Rahul\Reports\21Dec_150033\serviceOverview_Promote_chrome\serviceOverview_Promote_chrome_355_Dec_151311.jpg alt='Lamp' width='500' height='400'> checking if driver exist <img src=D:\BuildPiper_Rahul\Reports\21Dec_150033\serviceOverview_Promote_chrome\serviceOverview_Promote_chrome_355_Dec_151326.jpg alt='Lamp' width='500' height='400'> Clicking on element refresh BuildandDeploy button <img src=D:\BuildPiper_Rahul\Reports\21Dec_150033\serviceOverview_Promote_chrome\serviceOverview_Promote_chrome_355_Dec_151327.jpg alt='Lamp' width='500' height='400'> checking if driver exist <img src=D:\BuildPiper_Rahul\Reports\21Dec_150033\serviceOverview_Promote_chrome\serviceOverview_Promote_chrome_355_Dec_151330.jpg alt='Lamp' width='500' height='400'> Element is present  xpath: //div[contains(@class,'popup-card')]//td//p[contains(@class,'round-chip')]] <img src=D:\BuildPiper_Rahul\Reports\21Dec_150033\serviceOverview_Promote_chrome\serviceOverview_Promote_chrome_355_Dec_151330.jpg alt='Lamp' width='500' height='400'> checking if driver exist <img src=D:\BuildPiper_Rahul\Reports\21Dec_150033\serviceOverview_Promote_chrome\serviceOverview_Promote_chrome_355_Dec_151333.jpg alt='Lamp' width='500' height='400'> Clicking on element clicks deploywindow_closeButton <img src=D:\BuildPiper_Rahul\Reports\21Dec_150033\serviceOverview_Promote_chrome\serviceOverview_Promote_chrome_355_Dec_151333.jpg alt='Lamp' width='500' height='400'> checking if driver exist <img src=D:\BuildPiper_Rahul\Reports\21Dec_150033\serviceOverview_Promote_chrome\serviceOverview_Promote_chrome_355_Dec_151407.jpg alt='Lamp' width='500' height='400'> Clicking on element monitoring button <img src=D:\BuildPiper_Rahul\Reports\21Dec_150033\serviceOverview_Promote_chrome\serviceOverview_Promote_chrome_355_Dec_151407.jpg alt='Lamp' width='500' height='400'> Clicking on element refreshMonitor <img src=D:\BuildPiper_Rahul\Reports\21Dec_150033\serviceOverview_Promote_chrome\serviceOverview_Promote_chrome_355_Dec_151417.jpg alt='Lamp' width='500' height='400'> Clicking on element podsStatusTab <img src=D:\BuildPiper_Rahul\Reports\21Dec_150033\serviceOverview_Promote_chrome\serviceOverview_Promote_chrome_355_Dec_151424.jpg alt='Lamp' width='500' height='400'> Element is present  xpath: //div[@class='card pod-card ']//p[1]/span] <img src=D:\BuildPiper_Rahul\Reports\21Dec_150033\serviceOverview_Promote_chrome\serviceOverview_Promote_chrome_355_Dec_151434.jpg alt='Lamp' width='500' height='400'> Clicking on element eventsTab <img src=D:\BuildPiper_Rahul\Reports\21Dec_150033\serviceOverview_Promote_chrome\serviceOverview_Promote_chrome_355_Dec_151435.jpg alt='Lamp' width='500' height='400'> Clicking on element containersTab <img src=D:\BuildPiper_Rahul\Reports\21Dec_150033\serviceOverview_Promote_chrome\serviceOverview_Promote_chrome_355_Dec_151435.jpg alt='Lamp' width='500' height='400'> Clicking on element logsTab <img src=D:\BuildPiper_Rahul\Reports\21Dec_150033\serviceOverview_Promote_chrome\serviceOverview_Promote_chrome_355_Dec_151438.jpg alt='Lamp' width='500' height='400'> Clicking on element historywindow_closeButton <img src=D:\BuildPiper_Rahul\Reports\21Dec_150033\serviceOverview_Promote_chrome\serviceOverview_Promote_chrome_355_Dec_151440.jpg alt='Lamp' width='500' height='400'> checking if driver exist <img src=D:\BuildPiper_Rahul\Reports\21Dec_150033\serviceOverview_Promote_chrome\serviceOverview_Promote_chrome_355_Dec_151443.jpg alt='Lamp' width='500' height='400'> Clicking on element history button <img src=D:\BuildPiper_Rahul\Reports\21Dec_150033\serviceOverview_Promote_chrome\serviceOverview_Promote_chrome_355_Dec_151444.jpg alt='Lamp' width='500' height='400'> Clicking on element viewActivityDetails <img src=D:\BuildPiper_Rahul\Reports\21Dec_150033\serviceOverview_Promote_chrome\serviceOverview_Promote_chrome_355_Dec_151449.jpg alt='Lamp' width='500' height='400'> Clicking on element Select ServiceType Tab <img src=D:\BuildPiper_Rahul\Reports\21Dec_150033\serviceOverview_Promote_chrome\serviceOverview_Promote_chrome_355_Dec_151522.jpg alt='Lamp' width='500' height='400'> Clicking on element viewActivityDetails <img src=D:\BuildPiper_Rahul\Reports\21Dec_150033\serviceOverview_Promote_chrome\serviceOverview_Promote_chrome_355_Dec_151524.jpg alt='Lamp' width='500' height='400'> Clicking on element Select ServiceType Tab <img src=D:\BuildPiper_Rahul\Reports\21Dec_150033\serviceOverview_Promote_chrome\serviceOverview_Promote_chrome_355_Dec_151556.jpg alt='Lamp' width='500' height='400'> Clicking on element Select ServiceType Tab <img src=D:\BuildPiper_Rahul\Reports\21Dec_150033\serviceOverview_Promote_chrome\serviceOverview_Promote_chrome_355_Dec_151601.jpg alt='Lamp' width='500' height='400'> Clicking on element rebuildbutton <img src=D:\BuildPiper_Rahul\Reports\21Dec_150033\serviceOverview_Promote_chrome\serviceOverview_Promote_chrome_355_Dec_151603.jpg alt='Lamp' width='500' height='400'> ####### End of Test Case: serviceOverview_Promote #######  </system-out>
</testsuite> <!-- com.buildpiper.testcases.ServiceCreationComprehensiveTestCases -->
