<?xml version="1.0" encoding="UTF-8"?>
<!-- Generated by org.testng.reporters.JUnitReportReporter -->
<testsuite hostname="DESKTOP-PTF1H2O" failures="0" tests="1" name="com.buildpiper.testcases.ServiceCreationTestcases" time="27.568" errors="1" timestamp="2023-11-09T18:30:13 IST" skipped="0">
  <testcase classname="com.buildpiper.testcases.ServiceCreationTestcases" name="ServiceOverviewSearch" time="27.568">
    <error message="no such element: Unable to locate element: {&quot;method&quot;:&quot;xpath&quot;,&quot;selector&quot;:&quot;//div[@class=&#039;history-body&#039;]/div/a&quot;}
  (Session info: chrome=119.0.6045.123)
For documentation on this error, please visit: https://www.seleniumhq.org/exceptions/no_such_element.html
Build info: version: &#039;3.141.59&#039;, revision: &#039;e82be7d358&#039;, time: &#039;2018-11-14T08:17:03&#039;
System info: host: &#039;DESKTOP-PTF1H2O&#039;, ip: &#039;192.168.1.9&#039;, os.name: &#039;Windows 10&#039;, os.arch: &#039;amd64&#039;, os.version: &#039;10.0&#039;, java.version: &#039;19.0.1&#039;
Driver info: org.openqa.selenium.chrome.ChromeDriver
Capabilities {acceptInsecureCerts: false, browserName: chrome, browserVersion: 119.0.6045.123, chrome: {chromedriverVersion: 119.0.6045.105 (38c72552c5e..., userDataDir: C:\Users\Rahul\AppData\Loca...}, fedcm:accounts: true, goog:chromeOptions: {debuggerAddress: localhost:63983}, javascriptEnabled: true, networkConnectionEnabled: false, pageLoadStrategy: normal, platform: WINDOWS, platformName: WINDOWS, proxy: Proxy(), setWindowRect: true, strictFileInteractability: false, timeouts: {implicit: 0, pageLoad: 300000, script: 30000}, unhandledPromptBehavior: dismiss and notify, webauthn:extension:credBlob: true, webauthn:extension:largeBlob: true, webauthn:extension:minPinLength: true, webauthn:extension:prf: true, webauthn:virtualAuthenticators: true}
Session ID: e704ed96993883ca9f8169e5a9130bba
*** Element info: {Using=xpath, value=//div[@class=&#039;history-body&#039;]/div/a}" type="org.openqa.selenium.NoSuchElementException">
      <![CDATA[org.openqa.selenium.NoSuchElementException: no such element: Unable to locate element: {"method":"xpath","selector":"//div[@class='history-body']/div/a"}
  (Session info: chrome=119.0.6045.123)
For documentation on this error, please visit: https://www.seleniumhq.org/exceptions/no_such_element.html
Build info: version: '3.141.59', revision: 'e82be7d358', time: '2018-11-14T08:17:03'
System info: host: 'DESKTOP-PTF1H2O', ip: '192.168.1.9', os.name: 'Windows 10', os.arch: 'amd64', os.version: '10.0', java.version: '19.0.1'
Driver info: org.openqa.selenium.chrome.ChromeDriver
Capabilities {acceptInsecureCerts: false, browserName: chrome, browserVersion: 119.0.6045.123, chrome: {chromedriverVersion: 119.0.6045.105 (38c72552c5e..., userDataDir: C:\Users\Rahul\AppData\Loca...}, fedcm:accounts: true, goog:chromeOptions: {debuggerAddress: localhost:63983}, javascriptEnabled: true, networkConnectionEnabled: false, pageLoadStrategy: normal, platform: WINDOWS, platformName: WINDOWS, proxy: Proxy(), setWindowRect: true, strictFileInteractability: false, timeouts: {implicit: 0, pageLoad: 300000, script: 30000}, unhandledPromptBehavior: dismiss and notify, webauthn:extension:credBlob: true, webauthn:extension:largeBlob: true, webauthn:extension:minPinLength: true, webauthn:extension:prf: true, webauthn:virtualAuthenticators: true}
Session ID: e704ed96993883ca9f8169e5a9130bba
*** Element info: {Using=xpath, value=//div[@class='history-body']/div/a}
at java.base/jdk.internal.reflect.DirectConstructorHandleAccessor.newInstance(DirectConstructorHandleAccessor.java:67)
at java.base/java.lang.reflect.Constructor.newInstanceWithCaller(Constructor.java:500)
at java.base/java.lang.reflect.Constructor.newInstance(Constructor.java:484)
at org.openqa.selenium.remote.http.W3CHttpResponseCodec.createException(W3CHttpResponseCodec.java:187)
at org.openqa.selenium.remote.http.W3CHttpResponseCodec.decode(W3CHttpResponseCodec.java:122)
at org.openqa.selenium.remote.http.W3CHttpResponseCodec.decode(W3CHttpResponseCodec.java:49)
at org.openqa.selenium.remote.HttpCommandExecutor.execute(HttpCommandExecutor.java:158)
at org.openqa.selenium.remote.service.DriverCommandExecutor.execute(DriverCommandExecutor.java:83)
at org.openqa.selenium.remote.RemoteWebDriver.execute(RemoteWebDriver.java:552)
at org.openqa.selenium.remote.RemoteWebDriver.findElement(RemoteWebDriver.java:323)
at org.openqa.selenium.remote.RemoteWebDriver.findElementByXPath(RemoteWebDriver.java:428)
at org.openqa.selenium.By$ByXPath.findElement(By.java:353)
at org.openqa.selenium.remote.RemoteWebDriver.findElement(RemoteWebDriver.java:315)
at org.openqa.selenium.support.pagefactory.DefaultElementLocator.findElement(DefaultElementLocator.java:69)
at org.openqa.selenium.support.pagefactory.internal.LocatingElementHandler.invoke(LocatingElementHandler.java:38)
at jdk.proxy2/jdk.proxy2.$Proxy25.getText(Unknown Source)
at com.buildpiper.pages.ServiceCreationPage.SearchService(ServiceCreationPage.java:1415)
at com.buildpiper.testcases.ServiceCreationTestcases.ServiceOverviewSearch(ServiceCreationTestcases.java:138)
at java.base/jdk.internal.reflect.DirectMethodHandleAccessor.invoke(DirectMethodHandleAccessor.java:104)
at java.base/java.lang.reflect.Method.invoke(Method.java:578)
at org.testng.internal.MethodInvocationHelper.invokeMethod(MethodInvocationHelper.java:134)
at org.testng.internal.TestInvoker.invokeMethod(TestInvoker.java:597)
at org.testng.internal.TestInvoker.invokeTestMethod(TestInvoker.java:173)
at org.testng.internal.MethodRunner.runInSequence(MethodRunner.java:46)
at org.testng.internal.TestInvoker$MethodInvocationAgent.invoke(TestInvoker.java:816)
at org.testng.internal.TestInvoker.invokeTestMethods(TestInvoker.java:146)
at org.testng.internal.TestMethodWorker.invokeTestMethods(TestMethodWorker.java:146)
at org.testng.internal.TestMethodWorker.run(TestMethodWorker.java:128)
at java.base/java.util.ArrayList.forEach(ArrayList.java:1511)
at org.testng.TestRunner.privateRun(TestRunner.java:766)
at org.testng.TestRunner.run(TestRunner.java:587)
at org.testng.SuiteRunner.runTest(SuiteRunner.java:384)
at org.testng.SuiteRunner.runSequentially(SuiteRunner.java:378)
at org.testng.SuiteRunner.privateRun(SuiteRunner.java:337)
at org.testng.SuiteRunner.run(SuiteRunner.java:286)
at org.testng.SuiteRunnerWorker.runSuite(SuiteRunnerWorker.java:53)
at org.testng.SuiteRunnerWorker.run(SuiteRunnerWorker.java:96)
at org.testng.TestNG.runSuitesSequentially(TestNG.java:1187)
at org.testng.TestNG.runSuitesLocally(TestNG.java:1109)
at org.testng.TestNG.runSuites(TestNG.java:1039)
at org.testng.TestNG.run(TestNG.java:1007)
at org.testng.remote.AbstractRemoteTestNG.run(AbstractRemoteTestNG.java:115)
at org.testng.remote.RemoteTestNG.initAndRun(RemoteTestNG.java:251)
at org.testng.remote.RemoteTestNG.main(RemoteTestNG.java:77)
]]>
    </error>
  </testcase> <!-- ServiceOverviewSearch -->
  <system-out>
checking if driver exist Open URL:http://122.160.30.218:16680/ <img src=D:\buildpiper\BP-3.1MajorRelease\Reports\09Nov_182944\ServiceOverviewSearch_chrome\ServiceOverviewSearch_chrome_313_Nov_182947.jpg alt='Lamp' width='500' height='400'> Executing; ui_launch Element : name: email]is displayed on screen Setting value on element USER_NAME <img src=D:\buildpiper\BP-3.1MajorRelease\Reports\09Nov_182944\ServiceOverviewSearch_chrome\ServiceOverviewSearch_chrome_313_Nov_182950.jpg alt='Lamp' width='500' height='400'> Element : name: password]is displayed on screen Setting value on element PASSWORD <img src=D:\buildpiper\BP-3.1MajorRelease\Reports\09Nov_182944\ServiceOverviewSearch_chrome\ServiceOverviewSearch_chrome_313_Nov_182950.jpg alt='Lamp' width='500' height='400'> Element : xpath: //button[@type='submit']]is displayed on screen Clicking on element LOGIN_BTN <img src=D:\buildpiper\BP-3.1MajorRelease\Reports\09Nov_182944\ServiceOverviewSearch_chrome\ServiceOverviewSearch_chrome_313_Nov_182951.jpg alt='Lamp' width='500' height='400'> Successful navigation is validated for LoginPage checking if driver exist <img src=D:\buildpiper\BP-3.1MajorRelease\Reports\09Nov_182944\ServiceOverviewSearch_chrome\ServiceOverviewSearch_chrome_313_Nov_182951.jpg alt='Lamp' width='500' height='400'> checking if driver exist <img src=D:\buildpiper\BP-3.1MajorRelease\Reports\09Nov_182944\ServiceOverviewSearch_chrome\ServiceOverviewSearch_chrome_313_Nov_182952.jpg alt='Lamp' width='500' height='400'> Element : xpath: //button[@type='button' and @aria-controls='menu-appbar']//div//div]is displayed on screen Clicking on element userMenuAppBar <img src=D:\buildpiper\BP-3.1MajorRelease\Reports\09Nov_182944\ServiceOverviewSearch_chrome\ServiceOverviewSearch_chrome_313_Nov_182952.jpg alt='Lamp' width='500' height='400'> Element : xpath: //button[contains(@class,'btn-link-green')][text()=' Switch to User Portal']]is displayed on screen Clicking on element switching to user account <img src=D:\buildpiper\BP-3.1MajorRelease\Reports\09Nov_182944\ServiceOverviewSearch_chrome\ServiceOverviewSearch_chrome_313_Nov_182952.jpg alt='Lamp' width='500' height='400'> checking if driver exist <img src=D:\buildpiper\BP-3.1MajorRelease\Reports\09Nov_182944\ServiceOverviewSearch_chrome\ServiceOverviewSearch_chrome_313_Nov_182953.jpg alt='Lamp' width='500' height='400'> Element : xpath: //li//button[contains(@class,'main-nav-1')]//span[1][@title]]is displayed on screen Element is present  xpath: //li//button[contains(@class,'main-nav-1')]//span[1][@title]] <img src=D:\buildpiper\BP-3.1MajorRelease\Reports\09Nov_182944\ServiceOverviewSearch_chrome\ServiceOverviewSearch_chrome_313_Nov_182953.jpg alt='Lamp' width='500' height='400'> Element : xpath: //button//span[2][@class='flaticon-expand-arrow']/../..//div//span[@title='Service Overview']]is displayed on screen Element is present  xpath: //button//span[2][@class='flaticon-expand-arrow']/../..//div//span[@title='Service Overview']] <img src=D:\buildpiper\BP-3.1MajorRelease\Reports\09Nov_182944\ServiceOverviewSearch_chrome\ServiceOverviewSearch_chrome_313_Nov_182953.jpg alt='Lamp' width='500' height='400'> Element : xpath: //button//span[2][@class='flaticon-expand-arrow']/../..//div//span[@title='Service Overview']]is displayed on screen Clicking on element Poc_QA serviceOverviewLink <img src=D:\buildpiper\BP-3.1MajorRelease\Reports\09Nov_182944\ServiceOverviewSearch_chrome\ServiceOverviewSearch_chrome_313_Nov_182953.jpg alt='Lamp' width='500' height='400'> Element : xpath: //input[@placeholder='Name']]is displayed on screen Element is present  xpath: //input[@placeholder='Name']] <img src=D:\buildpiper\BP-3.1MajorRelease\Reports\09Nov_182944\ServiceOverviewSearch_chrome\ServiceOverviewSearch_chrome_313_Nov_182957.jpg alt='Lamp' width='500' height='400'> Element : xpath: //input[@placeholder='Name']]is displayed on screen Clicking on element clicks on environment overview tab under applicartion name <img src=D:\buildpiper\BP-3.1MajorRelease\Reports\09Nov_182944\ServiceOverviewSearch_chrome\ServiceOverviewSearch_chrome_313_Nov_182957.jpg alt='Lamp' width='500' height='400'> Element : xpath: //input[@placeholder='Name']]is displayed on screen Element : xpath: //input[@placeholder='Name']]is displayed on screen Element is present  xpath: //input[@placeholder='Name']] <img src=D:\buildpiper\BP-3.1MajorRelease\Reports\09Nov_182944\ServiceOverviewSearch_chrome\ServiceOverviewSearch_chrome_313_Nov_183000.jpg alt='Lamp' width='500' height='400'> Element : xpath: //input[@placeholder='Name']]is displayed on screen Clicking on element clicks on environment overview tab under applicartion name <img src=D:\buildpiper\BP-3.1MajorRelease\Reports\09Nov_182944\ServiceOverviewSearch_chrome\ServiceOverviewSearch_chrome_313_Nov_183001.jpg alt='Lamp' width='500' height='400'> Element : xpath: //input[@placeholder='Name']]is displayed on screen Element : xpath: //button[text()='Check Status']]is displayed on screen Clicking on element Click on statusCheck <img src=D:\buildpiper\BP-3.1MajorRelease\Reports\09Nov_182944\ServiceOverviewSearch_chrome\ServiceOverviewSearch_chrome_313_Nov_183004.jpg alt='Lamp' width='500' height='400'> Element is present  xpath: //button[@title='Build']] <img src=D:\buildpiper\BP-3.1MajorRelease\Reports\09Nov_182944\ServiceOverviewSearch_chrome\ServiceOverviewSearch_chrome_313_Nov_183009.jpg alt='Lamp' width='500' height='400'> Element is present  xpath: //button[@title='Deploy']] <img src=D:\buildpiper\BP-3.1MajorRelease\Reports\09Nov_182944\ServiceOverviewSearch_chrome\ServiceOverviewSearch_chrome_313_Nov_183010.jpg alt='Lamp' width='500' height='400'> Element is present  xpath: //button/span[@class='flaticon-forward-arrow']] <img src=D:\buildpiper\BP-3.1MajorRelease\Reports\09Nov_182944\ServiceOverviewSearch_chrome\ServiceOverviewSearch_chrome_313_Nov_183010.jpg alt='Lamp' width='500' height='400'> Element is present  xpath: //button[@title='History']] <img src=D:\buildpiper\BP-3.1MajorRelease\Reports\09Nov_182944\ServiceOverviewSearch_chrome\ServiceOverviewSearch_chrome_313_Nov_183010.jpg alt='Lamp' width='500' height='400'> Element is present  xpath: //button[@title='Monitoring']] <img src=D:\buildpiper\BP-3.1MajorRelease\Reports\09Nov_182944\ServiceOverviewSearch_chrome\ServiceOverviewSearch_chrome_313_Nov_183010.jpg alt='Lamp' width='500' height='400'> Element : xpath: //button[@title='History']]is displayed on screen  Element [[ChromeDriver: chrome on WINDOWS (e704ed96993883ca9f8169e5a9130bba)] -> xpath: //button[@title='History']] is not clickable using selenium click <img src=D:\buildpiper\BP-3.1MajorRelease\Reports\09Nov_182944\ServiceOverviewSearch_chrome\ServiceOverviewSearch_chrome_313_Nov_183012.jpg alt='Lamp' width='500' height='400'> Clicking on element Click on History Icon <img src=D:\buildpiper\BP-3.1MajorRelease\Reports\09Nov_182944\ServiceOverviewSearch_chrome\ServiceOverviewSearch_chrome_313_Nov_183012.jpg alt='Lamp' width='500' height='400'> Element : xpath: //ul[@class='headerul']/li[text()='Deploy']]is displayed on screen Clicking on element Select ServiceType Tab <img src=D:\buildpiper\BP-3.1MajorRelease\Reports\09Nov_182944\ServiceOverviewSearch_chrome\ServiceOverviewSearch_chrome_313_Nov_183012.jpg alt='Lamp' width='500' height='400'> Element : xpath: //ul[@class='headerul']/li[text()='Promote']]is displayed on screen Clicking on element Select ServiceType Tab <img src=D:\buildpiper\BP-3.1MajorRelease\Reports\09Nov_182944\ServiceOverviewSearch_chrome\ServiceOverviewSearch_chrome_313_Nov_183012.jpg alt='Lamp' width='500' height='400'> Result upload to testlink is disabled, Please ensure you have 'UpdateTestLink=Yes' in project.properties  ####### End of Test Case: ServiceOverviewSearch #######  </system-out>
</testsuite> <!-- com.buildpiper.testcases.ServiceCreationTestcases -->
