<?xml version="1.0" encoding="UTF-8"?>
<!-- Generated by org.testng.reporters.JUnitReportReporter -->
<testsuite hostname="DESKTOP-PTF1H2O" failures="0" tests="1" name="com.buildpiper.testcases.JobExecutionActivityTestcases" time="30.222" errors="0" timestamp="2023-12-08T12:59:22 IST" skipped="0">
  <testcase classname="com.buildpiper.testcases.JobExecutionActivityTestcases" name="VerifyServiceLink" time="30.222"/>
  <system-out>
checking if driver exist <img src=D:\BuildPiper_Rahul\Reports\08Dec_125851\VerifyServiceLink_chrome\VerifyServiceLink_chrome_342_Dec_125904.jpg alt='Lamp' width='500' height='400'> Element : xpath: //button[@type='button' and @aria-controls='menu-appbar']//div//div]is displayed on screen Clicking on element userMenuAppBar <img src=D:\BuildPiper_Rahul\Reports\08Dec_125851\VerifyServiceLink_chrome\VerifyServiceLink_chrome_342_Dec_125904.jpg alt='Lamp' width='500' height='400'> Element : xpath: //span[text()='Job Execution History']]is displayed on screen Clicking on element select Job Execution Activity Menu <img src=D:\BuildPiper_Rahul\Reports\08Dec_125851\VerifyServiceLink_chrome\VerifyServiceLink_chrome_342_Dec_125904.jpg alt='Lamp' width='500' height='400'> checking if driver exist <img src=D:\BuildPiper_Rahul\Reports\08Dec_125851\VerifyServiceLink_chrome\VerifyServiceLink_chrome_342_Dec_125908.jpg alt='Lamp' width='500' height='400'> Element : xpath: //li//button[contains(@class,'main-nav-1')]//span[1][@title]]is displayed on screen Element is present  xpath: //li//button[contains(@class,'main-nav-1')]//span[1][@title]] <img src=D:\BuildPiper_Rahul\Reports\08Dec_125851\VerifyServiceLink_chrome\VerifyServiceLink_chrome_342_Dec_125913.jpg alt='Lamp' width='500' height='400'> Element : xpath: (//div[@class='single-row-item-three']//span[text()='Component']/following-sibling::a)[1]/span]is displayed on screen Element is present  xpath: (//div[@class='single-row-item-three']//span[text()='Component']/following-sibling::a)[1]/span] <img src=D:\BuildPiper_Rahul\Reports\08Dec_125851\VerifyServiceLink_chrome\VerifyServiceLink_chrome_342_Dec_125918.jpg alt='Lamp' width='500' height='400'> Element : xpath: (//div[@class='single-row-item-three']//span[text()='Component']/following-sibling::a)[1]]is displayed on screen Clicking on element componentListFirstLink <img src=D:\BuildPiper_Rahul\Reports\08Dec_125851\VerifyServiceLink_chrome\VerifyServiceLink_chrome_342_Dec_125918.jpg alt='Lamp' width='500' height='400'> Element : xpath: //div[(@class='heading-section-env')]/div/following-sibling::div/div/div]is displayed on screen Element is present  xpath: //div[(@class='heading-section-env')]/div/following-sibling::div/div/div] <img src=D:\BuildPiper_Rahul\Reports\08Dec_125851\VerifyServiceLink_chrome\VerifyServiceLink_chrome_342_Dec_125922.jpg alt='Lamp' width='500' height='400'> Result upload to testlink is disabled, Please ensure you have 'UpdateTestLink=Yes' in project.properties  ####### End of Test Case: VerifyServiceLink #######  </system-out>
</testsuite> <!-- com.buildpiper.testcases.JobExecutionActivityTestcases -->
