<?xml version="1.0" encoding="UTF-8"?>
<!-- Generated by org.testng.reporters.JUnitReportReporter -->
<testsuite hostname="DESKTOP-PTF1H2O" failures="0" tests="1" name="com.buildpiper.testcases.LenskartScan" time="263.862" errors="0" timestamp="2023-12-14T17:50:06 IST" skipped="0">
  <testcase classname="com.buildpiper.testcases.LenskartScan" name="MultideployService" time="263.862"/>
  <system-out>
checking if driver exist <img src=D:\BuildPiper_Rahul\Reports\14Dec_174541\MultideployService_chrome\MultideployService_chrome_348_Dec_174556.jpg alt='Lamp' width='500' height='400'> Element : xpath: //button[@type='button' and @aria-controls='menu-appbar']//div//div]is displayed on screen Clicking on element userMenuAppBar <img src=D:\BuildPiper_Rahul\Reports\14Dec_174541\MultideployService_chrome\MultideployService_chrome_348_Dec_174556.jpg alt='Lamp' width='500' height='400'> Element : xpath: //button[contains(@class,'btn-link-green')][text()=' Switch to User Portal']]is displayed on screen Clicking on element switching to user account <img src=D:\BuildPiper_Rahul\Reports\14Dec_174541\MultideployService_chrome\MultideployService_chrome_348_Dec_174556.jpg alt='Lamp' width='500' height='400'> checking if driver exist <img src=D:\BuildPiper_Rahul\Reports\14Dec_174541\MultideployService_chrome\MultideployService_chrome_348_Dec_174557.jpg alt='Lamp' width='500' height='400'> Element : xpath: //li//button[contains(@class,'main-nav-1')]//span[1][@title]]is displayed on screen Element is present  xpath: //li//button[contains(@class,'main-nav-1')]//span[1][@title]] <img src=D:\BuildPiper_Rahul\Reports\14Dec_174541\MultideployService_chrome\MultideployService_chrome_348_Dec_174602.jpg alt='Lamp' width='500' height='400'> Element : xpath: //button//span[2][@class='flaticon-expand-arrow']/../..//div//span[@title='Service Overview']]is displayed on screen Element is present  xpath: //button//span[2][@class='flaticon-expand-arrow']/../..//div//span[@title='Service Overview']] <img src=D:\BuildPiper_Rahul\Reports\14Dec_174541\MultideployService_chrome\MultideployService_chrome_348_Dec_174602.jpg alt='Lamp' width='500' height='400'> Element : xpath: //button//span[2][@class='flaticon-expand-arrow']/../..//div//span[@title='Service Overview']]is displayed on screen Clicking on element Poc_QA serviceOverviewLink <img src=D:\BuildPiper_Rahul\Reports\14Dec_174541\MultideployService_chrome\MultideployService_chrome_348_Dec_174625.jpg alt='Lamp' width='500' height='400'> Element : xpath: //a[@class='btn btn-submit']]is displayed on screen Element is present  xpath: //a[@class='btn btn-submit']] <img src=D:\BuildPiper_Rahul\Reports\14Dec_174541\MultideployService_chrome\MultideployService_chrome_348_Dec_174625.jpg alt='Lamp' width='500' height='400'> Element : xpath: //a[@class='btn btn-submit']]is displayed on screen Clicking on element Poc_QA addServiceBtn <img src=D:\BuildPiper_Rahul\Reports\14Dec_174541\MultideployService_chrome\MultideployService_chrome_348_Dec_174625.jpg alt='Lamp' width='500' height='400'> Element : xpath: //h1[@class='main-heading']]is displayed on screen Element is present  xpath: //h1[@class='main-heading']] <img src=D:\BuildPiper_Rahul\Reports\14Dec_174541\MultideployService_chrome\MultideployService_chrome_348_Dec_174626.jpg alt='Lamp' width='500' height='400'> Element : xpath: //p[(@class='hint-text-main-heading')]]is displayed on screen Element is present  xpath: //p[(@class='hint-text-main-heading')]] <img src=D:\BuildPiper_Rahul\Reports\14Dec_174541\MultideployService_chrome\MultideployService_chrome_348_Dec_174626.jpg alt='Lamp' width='500' height='400'> Element : xpath: //input[@placeholder='demo-app']]is displayed on screen Setting value on element sets service name <img src=D:\BuildPiper_Rahul\Reports\14Dec_174541\MultideployService_chrome\MultideployService_chrome_348_Dec_174626.jpg alt='Lamp' width='500' height='400'> Element : xpath: //input[@placeholder='Sample-Service']]is displayed on screen Setting value on element sets external name <img src=D:\BuildPiper_Rahul\Reports\14Dec_174541\MultideployService_chrome\MultideployService_chrome_348_Dec_174630.jpg alt='Lamp' width='500' height='400'> Element : xpath: //span[contains(.,'Build for every environment')]]is displayed on screen Clicking on element Poc_QA selectEveryRadioBtn <img src=D:\BuildPiper_Rahul\Reports\14Dec_174541\MultideployService_chrome\MultideployService_chrome_348_Dec_174630.jpg alt='Lamp' width='500' height='400'> Element : xpath: //button[@class='btn btn-submit']]is displayed on screen Clicking on element Poc_QA SubmitCreatePage <img src=D:\BuildPiper_Rahul\Reports\14Dec_174541\MultideployService_chrome\MultideployService_chrome_348_Dec_174630.jpg alt='Lamp' width='500' height='400'> Element : xpath: //h1[@class='h1' and contains(.,'Create a Environment')]]is displayed on screen Element is present  xpath: //h1[@class='h1' and contains(.,'Create a Environment')]] <img src=D:\BuildPiper_Rahul\Reports\14Dec_174541\MultideployService_chrome\MultideployService_chrome_348_Dec_174631.jpg alt='Lamp' width='500' height='400'> Element : xpath: //div[@class='staticwrap-inner']]is displayed on screen Element is present  xpath: //div[@class='staticwrap-inner']] <img src=D:\BuildPiper_Rahul\Reports\14Dec_174541\MultideployService_chrome\MultideployService_chrome_348_Dec_174631.jpg alt='Lamp' width='500' height='400'> Element : xpath: //select[@name='env_id']]is displayed on screen Element is present  xpath: //select[@name='env_id']] <img src=D:\BuildPiper_Rahul\Reports\14Dec_174541\MultideployService_chrome\MultideployService_chrome_348_Dec_174634.jpg alt='Lamp' width='500' height='400'> Element : xpath: //button[@class='btn btn-submit']]is displayed on screen Element is present  xpath: //button[@class='btn btn-submit']] <img src=D:\BuildPiper_Rahul\Reports\14Dec_174541\MultideployService_chrome\MultideployService_chrome_348_Dec_174709.jpg alt='Lamp' width='500' height='400'> Element : xpath: //button[@class='btn btn-submit']]is displayed on screen Clicking on element Poc_QA SubmitEnvPage <img src=D:\BuildPiper_Rahul\Reports\14Dec_174541\MultideployService_chrome\MultideployService_chrome_348_Dec_174709.jpg alt='Lamp' width='500' height='400'> Element : xpath: //div[@class='font-27 font-family-nunito font-weight-300 lh-12 mr-5']]is displayed on screen Element is present  xpath: //div[@class='font-27 font-family-nunito font-weight-300 lh-12 mr-5']] <img src=D:\BuildPiper_Rahul\Reports\14Dec_174541\MultideployService_chrome\MultideployService_chrome_348_Dec_174712.jpg alt='Lamp' width='500' height='400'> Element : xpath: //span[contains(text(),'Project:')]]is displayed on screen Element is present  xpath: //span[contains(text(),'Project:')]] <img src=D:\BuildPiper_Rahul\Reports\14Dec_174541\MultideployService_chrome\MultideployService_chrome_348_Dec_174712.jpg alt='Lamp' width='500' height='400'> Element : xpath: //*[text()='Env Build Details']]is displayed on screen Element is present  xpath: //*[text()='Env Build Details']] <img src=D:\BuildPiper_Rahul\Reports\14Dec_174541\MultideployService_chrome\MultideployService_chrome_348_Dec_174713.jpg alt='Lamp' width='500' height='400'> Element : xpath: //*[text()='Env Build Details']]is displayed on screen Clicking on element Poc_QA validateBuildDetails <img src=D:\BuildPiper_Rahul\Reports\14Dec_174541\MultideployService_chrome\MultideployService_chrome_348_Dec_174713.jpg alt='Lamp' width='500' height='400'> Element : xpath: //p[@class='main-text mb-10']]is displayed on screen Element is present  xpath: //p[@class='main-text mb-10']] <img src=D:\BuildPiper_Rahul\Reports\14Dec_174541\MultideployService_chrome\MultideployService_chrome_348_Dec_174713.jpg alt='Lamp' width='500' height='400'> Element : xpath: //span[@class='sub-text mb-10']]is displayed on screen Element is present  xpath: //span[@class='sub-text mb-10']] <img src=D:\BuildPiper_Rahul\Reports\14Dec_174541\MultideployService_chrome\MultideployService_chrome_348_Dec_174714.jpg alt='Lamp' width='500' height='400'> Element : xpath: //*[text()='Env Deploy Details']]is displayed on screen Element is present  xpath: //*[text()='Env Deploy Details']] <img src=D:\BuildPiper_Rahul\Reports\14Dec_174541\MultideployService_chrome\MultideployService_chrome_348_Dec_174714.jpg alt='Lamp' width='500' height='400'> Element : xpath: //*[text()='Env Deploy Details']]is displayed on screen Clicking on element Poc_QA validateDeployDetails <img src=D:\BuildPiper_Rahul\Reports\14Dec_174541\MultideployService_chrome\MultideployService_chrome_348_Dec_174714.jpg alt='Lamp' width='500' height='400'> Element : xpath: //p[@class='main-text mb-10']]is displayed on screen Element is present  xpath: //p[@class='main-text mb-10']] <img src=D:\BuildPiper_Rahul\Reports\14Dec_174541\MultideployService_chrome\MultideployService_chrome_348_Dec_174714.jpg alt='Lamp' width='500' height='400'> Element : xpath: //span[@class='sub-text mb-10']]is displayed on screen Element is present  xpath: //span[@class='sub-text mb-10']] <img src=D:\BuildPiper_Rahul\Reports\14Dec_174541\MultideployService_chrome\MultideployService_chrome_348_Dec_174715.jpg alt='Lamp' width='500' height='400'> Element : xpath: //*[text()='To have a very smooth configuration we strongly recommend BuildPiper UI.']]is displayed on screen Element is present  xpath: //*[text()='To have a very smooth configuration we strongly recommend BuildPiper UI.']] <img src=D:\BuildPiper_Rahul\Reports\14Dec_174541\MultideployService_chrome\MultideployService_chrome_348_Dec_174715.jpg alt='Lamp' width='500' height='400'> Element : xpath: //*[text()='you can also configure the CD by uploading your custom manifest file.']]is displayed on screen Element is present  xpath: //*[text()='you can also configure the CD by uploading your custom manifest file.']] <img src=D:\BuildPiper_Rahul\Reports\14Dec_174541\MultideployService_chrome\MultideployService_chrome_348_Dec_174715.jpg alt='Lamp' width='500' height='400'> checking if driver exist <img src=D:\BuildPiper_Rahul\Reports\14Dec_174541\MultideployService_chrome\MultideployService_chrome_348_Dec_174715.jpg alt='Lamp' width='500' height='400'> Element : xpath: //*[text()='Env Build Details']]is displayed on screen Element is present  xpath: //*[text()='Env Build Details']] <img src=D:\BuildPiper_Rahul\Reports\14Dec_174541\MultideployService_chrome\MultideployService_chrome_348_Dec_174715.jpg alt='Lamp' width='500' height='400'> Element : xpath: //*[text()='Env Build Details']]is displayed on screen Clicking on element Poc_QA validateBuildDetails <img src=D:\BuildPiper_Rahul\Reports\14Dec_174541\MultideployService_chrome\MultideployService_chrome_348_Dec_174716.jpg alt='Lamp' width='500' height='400'> Element : xpath: //*[text()='Configure Build']]is displayed on screen Element is present  xpath: //*[text()='Configure Build']] <img src=D:\BuildPiper_Rahul\Reports\14Dec_174541\MultideployService_chrome\MultideployService_chrome_348_Dec_174716.jpg alt='Lamp' width='500' height='400'> Element : xpath: //*[text()='Configure Build']]is displayed on screen Clicking on element Poc_QA clickConfigBuild <img src=D:\BuildPiper_Rahul\Reports\14Dec_174541\MultideployService_chrome\MultideployService_chrome_348_Dec_174716.jpg alt='Lamp' width='500' height='400'> Element : xpath: //div[@class='md-step-circle current']]is displayed on screen Element is present  xpath: //div[@class='md-step-circle current']] <img src=D:\BuildPiper_Rahul\Reports\14Dec_174541\MultideployService_chrome\MultideployService_chrome_348_Dec_174720.jpg alt='Lamp' width='500' height='400'> Element : xpath: //h4[@class='mainHeading']]is displayed on screen Element is present  xpath: //h4[@class='mainHeading']] <img src=D:\BuildPiper_Rahul\Reports\14Dec_174541\MultideployService_chrome\MultideployService_chrome_348_Dec_174720.jpg alt='Lamp' width='500' height='400'> Element : xpath: //*[text()='Please Select the Git URL']]is displayed on screen Element is present  xpath: //*[text()='Please Select the Git URL']] <img src=D:\BuildPiper_Rahul\Reports\14Dec_174541\MultideployService_chrome\MultideployService_chrome_348_Dec_174720.jpg alt='Lamp' width='500' height='400'> Element : xpath: //div[@class='MuiInputBase-root MuiOutlinedInput-root MuiAutocomplete-inputRoot MuiInputBase-fullWidth MuiInputBase-formControl MuiInputBase-adornedEnd MuiOutlinedInput-adornedEnd']]is displayed on screen Element is present  xpath: //div[@class='MuiInputBase-root MuiOutlinedInput-root MuiAutocomplete-inputRoot MuiInputBase-fullWidth MuiInputBase-formControl MuiInputBase-adornedEnd MuiOutlinedInput-adornedEnd']] <img src=D:\BuildPiper_Rahul\Reports\14Dec_174541\MultideployService_chrome\MultideployService_chrome_348_Dec_174720.jpg alt='Lamp' width='500' height='400'> Element : xpath: //input[@name='git_url']]is displayed on screen Clicking on element Poc_QA gitUrlInputField <img src=D:\BuildPiper_Rahul\Reports\14Dec_174541\MultideployService_chrome\MultideployService_chrome_348_Dec_174720.jpg alt='Lamp' width='500' height='400'> Element : xpath: //button[@title='Clear']]is displayed on screen Clicking on element ClicksclearField <img src=D:\BuildPiper_Rahul\Reports\14Dec_174541\MultideployService_chrome\MultideployService_chrome_348_Dec_174726.jpg alt='Lamp' width='500' height='400'> Element : xpath: //input[@name='git_url']]is displayed on screen Element : xpath: //*[text()='Load Branches']]is displayed on screen Element is present  xpath: //*[text()='Load Branches']] <img src=D:\BuildPiper_Rahul\Reports\14Dec_174541\MultideployService_chrome\MultideployService_chrome_348_Dec_174736.jpg alt='Lamp' width='500' height='400'> Element : xpath: //*[text()='Load Branches']]is displayed on screen Clicking on element Poc_QA loadBranchesBtn <img src=D:\BuildPiper_Rahul\Reports\14Dec_174541\MultideployService_chrome\MultideployService_chrome_348_Dec_174736.jpg alt='Lamp' width='500' height='400'> Element : xpath: //input[@name='file_paths']]is displayed on screen Element : xpath: //input[@name='file_paths_build_context']]is displayed on screen Element : xpath: //*[text()='Advance Configurations']]is displayed on screen Element is present  xpath: //*[text()='Advance Configurations']] <img src=D:\BuildPiper_Rahul\Reports\14Dec_174541\MultideployService_chrome\MultideployService_chrome_348_Dec_174749.jpg alt='Lamp' width='500' height='400'> Element : xpath: //button[text()='Continue']]is displayed on screen Clicking on element Poc_QA clickContinueBtn <img src=D:\BuildPiper_Rahul\Reports\14Dec_174541\MultideployService_chrome\MultideployService_chrome_348_Dec_174750.jpg alt='Lamp' width='500' height='400'> Element : xpath: //h4[@class='mainHeading']]is displayed on screen Element is present  xpath: //h4[@class='mainHeading']] <img src=D:\BuildPiper_Rahul\Reports\14Dec_174541\MultideployService_chrome\MultideployService_chrome_348_Dec_174755.jpg alt='Lamp' width='500' height='400'> Element : xpath: //*[text()='Build Env Details']]is displayed on screen Element is present  xpath: //*[text()='Build Env Details']] <img src=D:\BuildPiper_Rahul\Reports\14Dec_174541\MultideployService_chrome\MultideployService_chrome_348_Dec_174755.jpg alt='Lamp' width='500' height='400'> Element : xpath: //span[@class='switch-label'][@data-on]]is displayed on screen Clicking on element Poc_QA envDetailsSwitch <img src=D:\BuildPiper_Rahul\Reports\14Dec_174541\MultideployService_chrome\MultideployService_chrome_348_Dec_174756.jpg alt='Lamp' width='500' height='400'> Element : xpath: //input[@name='key']]is displayed on screen Setting value on element Poc_QA envName <img src=D:\BuildPiper_Rahul\Reports\14Dec_174541\MultideployService_chrome\MultideployService_chrome_348_Dec_174756.jpg alt='Lamp' width='500' height='400'> Element : xpath: //input[@name='value']]is displayed on screen Setting value on element Poc_QA envValue <img src=D:\BuildPiper_Rahul\Reports\14Dec_174541\MultideployService_chrome\MultideployService_chrome_348_Dec_174756.jpg alt='Lamp' width='500' height='400'> Element : xpath: //button[text()='Continue']]is displayed on screen Clicking on element Poc_QA clickContinueBtn <img src=D:\BuildPiper_Rahul\Reports\14Dec_174541\MultideployService_chrome\MultideployService_chrome_348_Dec_174756.jpg alt='Lamp' width='500' height='400'> Element : xpath: //input[@name='pre_hook_enabled']/../span[@class='switch-handle']]is displayed on screen Clicking on element Poc_QA preHooksSwitch <img src=D:\BuildPiper_Rahul\Reports\14Dec_174541\MultideployService_chrome\MultideployService_chrome_348_Dec_174757.jpg alt='Lamp' width='500' height='400'> Element : xpath: //p[contains(.,'Add Pre Hook')]/../../..//input[@placeholder='Run Command' and string-length(@value)=0]]is displayed on screen Setting value on element Poc_QA preHooksPasswordBox1 <img src=D:\BuildPiper_Rahul\Reports\14Dec_174541\MultideployService_chrome\MultideployService_chrome_348_Dec_174757.jpg alt='Lamp' width='500' height='400'> Element : xpath: //button[@class='nowrap']]is displayed on screen Clicking on element clicks on add New Hook <img src=D:\BuildPiper_Rahul\Reports\14Dec_174541\MultideployService_chrome\MultideployService_chrome_348_Dec_174757.jpg alt='Lamp' width='500' height='400'> Element : xpath: //p[contains(.,'Add Pre Hook')]/../../..//input[@placeholder='Run Command' and string-length(@value)=0]]is displayed on screen Setting value on element Poc_QA preHooksPasswordBox2 <img src=D:\BuildPiper_Rahul\Reports\14Dec_174541\MultideployService_chrome\MultideployService_chrome_348_Dec_174757.jpg alt='Lamp' width='500' height='400'> Element : xpath: //input[@name='post_hook_enabled']/../span[@class='switch-handle']]is displayed on screen Clicking on element Poc_QA postHooksSwitch <img src=D:\BuildPiper_Rahul\Reports\14Dec_174541\MultideployService_chrome\MultideployService_chrome_348_Dec_174758.jpg alt='Lamp' width='500' height='400'> Element : xpath: //p[contains(.,'Add Post Hook')]/../../..//input[@placeholder='Run Command' and string-length(@value)=0]]is displayed on screen Setting value on element Poc_QA postHooksPasswordBox1 <img src=D:\BuildPiper_Rahul\Reports\14Dec_174541\MultideployService_chrome\MultideployService_chrome_348_Dec_174758.jpg alt='Lamp' width='500' height='400'> Element : xpath: (//button[@class='nowrap'])[2]]is displayed on screen Clicking on element clicks on add New Post Hook <img src=D:\BuildPiper_Rahul\Reports\14Dec_174541\MultideployService_chrome\MultideployService_chrome_348_Dec_174758.jpg alt='Lamp' width='500' height='400'> Element : xpath: //p[contains(.,'Add Post Hook')]/../../..//input[@placeholder='Run Command' and string-length(@value)=0]]is displayed on screen Setting value on element Poc_QA postHooksPasswordBox2 <img src=D:\BuildPiper_Rahul\Reports\14Dec_174541\MultideployService_chrome\MultideployService_chrome_348_Dec_174758.jpg alt='Lamp' width='500' height='400'> Element : xpath: //button[@class='btn btn-submit']]is displayed on screen Clicking on element Poc_QA submitHooks <img src=D:\BuildPiper_Rahul\Reports\14Dec_174541\MultideployService_chrome\MultideployService_chrome_348_Dec_174759.jpg alt='Lamp' width='500' height='400'> Element : xpath: /html/body/div[1]/div/main/div[1]/div/div[1]/div/div/div[2]/div[2]/span[2]]is displayed on screen Element is present  xpath: /html/body/div[1]/div/main/div[1]/div/div[1]/div/div/div[2]/div[2]/span[2]] <img src=D:\BuildPiper_Rahul\Reports\14Dec_174541\MultideployService_chrome\MultideployService_chrome_348_Dec_174800.jpg alt='Lamp' width='500' height='400'> Element : xpath: //*[text()='Job Template: ']]is displayed on screen Element is present  xpath: //*[text()='Job Template: ']] <img src=D:\BuildPiper_Rahul\Reports\14Dec_174541\MultideployService_chrome\MultideployService_chrome_348_Dec_174801.jpg alt='Lamp' width='500' height='400'> checking if driver exist <img src=D:\BuildPiper_Rahul\Reports\14Dec_174541\MultideployService_chrome\MultideployService_chrome_348_Dec_174801.jpg alt='Lamp' width='500' height='400'> Element : xpath: //*[text()='Env Deploy Details']]is displayed on screen Element is present  xpath: //*[text()='Env Deploy Details']] <img src=D:\BuildPiper_Rahul\Reports\14Dec_174541\MultideployService_chrome\MultideployService_chrome_348_Dec_174802.jpg alt='Lamp' width='500' height='400'> Element : xpath: //*[text()='Env Deploy Details']]is displayed on screen Clicking on element Poc_QA validateDeployDetails <img src=D:\BuildPiper_Rahul\Reports\14Dec_174541\MultideployService_chrome\MultideployService_chrome_348_Dec_174802.jpg alt='Lamp' width='500' height='400'> Element : xpath: //button[@class='btn btn-submit']]is displayed on screen Element is present  xpath: //button[@class='btn btn-submit']] <img src=D:\BuildPiper_Rahul\Reports\14Dec_174541\MultideployService_chrome\MultideployService_chrome_348_Dec_174802.jpg alt='Lamp' width='500' height='400'> Element : xpath: //button[@class='btn btn-submit']]is displayed on screen Clicking on element clicks on buildPiperUI button <img src=D:\BuildPiper_Rahul\Reports\14Dec_174541\MultideployService_chrome\MultideployService_chrome_348_Dec_174802.jpg alt='Lamp' width='500' height='400'> Element : xpath: //button//span[text()=' Add Access Level']]is displayed on screen Clicking on element Add Access Level <img src=D:\BuildPiper_Rahul\Reports\14Dec_174541\MultideployService_chrome\MultideployService_chrome_348_Dec_174803.jpg alt='Lamp' width='500' height='400'> Clicking on element Poc_QA privateAccess <img src=D:\BuildPiper_Rahul\Reports\14Dec_174541\MultideployService_chrome\MultideployService_chrome_348_Dec_174836.jpg alt='Lamp' width='500' height='400'> Element : xpath: //input[@placeholder='name'][@name='name']]is displayed on screen Element : xpath: //input[@placeholder='4001'][@name='port']]is displayed on screen Element : xpath: //input[@placeholder='4001'][@name='target_port']]is displayed on screen Element : xpath: //button[@class='btn btn-v2-primary btn-sm']]is displayed on screen Clicking on element clicks add button <img src=D:\BuildPiper_Rahul\Reports\14Dec_174541\MultideployService_chrome\MultideployService_chrome_348_Dec_174837.jpg alt='Lamp' width='500' height='400'> Element : xpath: //button[@class='btn btn-submit']]is displayed on screen Clicking on element clicks continue button <img src=D:\BuildPiper_Rahul\Reports\14Dec_174541\MultideployService_chrome\MultideployService_chrome_348_Dec_174837.jpg alt='Lamp' width='500' height='400'> Element : xpath: //button[@class='btn btn-submit']]is displayed on screen Clicking on element clicks continue button <img src=D:\BuildPiper_Rahul\Reports\14Dec_174541\MultideployService_chrome\MultideployService_chrome_348_Dec_174839.jpg alt='Lamp' width='500' height='400'> Element : xpath: //button[@class='btn btn-submit']]is displayed on screen Clicking on element clicks continue button <img src=D:\BuildPiper_Rahul\Reports\14Dec_174541\MultideployService_chrome\MultideployService_chrome_348_Dec_174842.jpg alt='Lamp' width='500' height='400'> Element : xpath: //button[@class='btn btn-submit']]is displayed on screen Clicking on element clicks continue button <img src=D:\BuildPiper_Rahul\Reports\14Dec_174541\MultideployService_chrome\MultideployService_chrome_348_Dec_174844.jpg alt='Lamp' width='500' height='400'> Element : xpath: //button[@class='btn btn-submit']]is displayed on screen Clicking on element clicks continue button <img src=D:\BuildPiper_Rahul\Reports\14Dec_174541\MultideployService_chrome\MultideployService_chrome_348_Dec_174846.jpg alt='Lamp' width='500' height='400'> Element : xpath: //button[@class='btn btn-submit']]is displayed on screen Clicking on element clicks continue button <img src=D:\BuildPiper_Rahul\Reports\14Dec_174541\MultideployService_chrome\MultideployService_chrome_348_Dec_174848.jpg alt='Lamp' width='500' height='400'> Element : xpath: //button[@class='btn btn-submit']]is displayed on screen Clicking on element clicks continue button <img src=D:\BuildPiper_Rahul\Reports\14Dec_174541\MultideployService_chrome\MultideployService_chrome_348_Dec_174851.jpg alt='Lamp' width='500' height='400'> Element : xpath: //button[@class='btn btn-submit']]is displayed on screen Clicking on element clicks continue button <img src=D:\BuildPiper_Rahul\Reports\14Dec_174541\MultideployService_chrome\MultideployService_chrome_348_Dec_174853.jpg alt='Lamp' width='500' height='400'> Element : xpath: //button[@class='btn btn-submit']]is displayed on screen Clicking on element clicks continue button <img src=D:\BuildPiper_Rahul\Reports\14Dec_174541\MultideployService_chrome\MultideployService_chrome_348_Dec_174855.jpg alt='Lamp' width='500' height='400'> Element : xpath: //*[text()='Env Deploy Details']]is displayed on screen Clicking on element Clicks on Deploy Details tag <img src=D:\BuildPiper_Rahul\Reports\14Dec_174541\MultideployService_chrome\MultideployService_chrome_348_Dec_174858.jpg alt='Lamp' width='500' height='400'> checking if driver exist <img src=D:\BuildPiper_Rahul\Reports\14Dec_174541\MultideployService_chrome\MultideployService_chrome_348_Dec_174858.jpg alt='Lamp' width='500' height='400'> Element : xpath: //span[text()='Setup Other Deployment']]is displayed on screen Clicking on element setupOtherDeploymentbutton <img src=D:\BuildPiper_Rahul\Reports\14Dec_174541\MultideployService_chrome\MultideployService_chrome_348_Dec_174858.jpg alt='Lamp' width='500' height='400'> Element : xpath: //*[text()='Env Deploy Details']]is displayed on screen Element is present  xpath: //*[text()='Env Deploy Details']] <img src=D:\BuildPiper_Rahul\Reports\14Dec_174541\MultideployService_chrome\MultideployService_chrome_348_Dec_174858.jpg alt='Lamp' width='500' height='400'> Element : xpath: //*[text()='Env Deploy Details']]is displayed on screen Clicking on element Poc_QA validateDeployDetails <img src=D:\BuildPiper_Rahul\Reports\14Dec_174541\MultideployService_chrome\MultideployService_chrome_348_Dec_174858.jpg alt='Lamp' width='500' height='400'> Element : xpath: //button[@class='btn btn-submit']]is displayed on screen Element is present  xpath: //button[@class='btn btn-submit']] <img src=D:\BuildPiper_Rahul\Reports\14Dec_174541\MultideployService_chrome\MultideployService_chrome_348_Dec_174859.jpg alt='Lamp' width='500' height='400'> Element : xpath: //button[@class='btn btn-submit']]is displayed on screen Clicking on element clicks on buildPiperUI button <img src=D:\BuildPiper_Rahul\Reports\14Dec_174541\MultideployService_chrome\MultideployService_chrome_348_Dec_174859.jpg alt='Lamp' width='500' height='400'> Element : xpath: //button[@class='btn btn-primary' and text()=' Next ']]is displayed on screen Clicking on element user clicks next button <img src=D:\BuildPiper_Rahul\Reports\14Dec_174541\MultideployService_chrome\MultideployService_chrome_348_Dec_174908.jpg alt='Lamp' width='500' height='400'> Element : xpath: //button//span[text()=' Add Access Level']]is displayed on screen Clicking on element Add Access Level <img src=D:\BuildPiper_Rahul\Reports\14Dec_174541\MultideployService_chrome\MultideployService_chrome_348_Dec_174912.jpg alt='Lamp' width='500' height='400'> Clicking on element Poc_QA privateAccess <img src=D:\BuildPiper_Rahul\Reports\14Dec_174541\MultideployService_chrome\MultideployService_chrome_348_Dec_174944.jpg alt='Lamp' width='500' height='400'> Element : xpath: //input[@placeholder='name'][@name='name']]is displayed on screen Element : xpath: //input[@placeholder='4001'][@name='port']]is displayed on screen Element : xpath: //input[@placeholder='4001'][@name='target_port']]is displayed on screen Element : xpath: //button[@class='btn btn-v2-primary btn-sm']]is displayed on screen Clicking on element clicks add button <img src=D:\BuildPiper_Rahul\Reports\14Dec_174541\MultideployService_chrome\MultideployService_chrome_348_Dec_174945.jpg alt='Lamp' width='500' height='400'> Element : xpath: //button[@class='btn btn-submit']]is displayed on screen Clicking on element clicks continue button <img src=D:\BuildPiper_Rahul\Reports\14Dec_174541\MultideployService_chrome\MultideployService_chrome_348_Dec_174945.jpg alt='Lamp' width='500' height='400'> Element : xpath: //button[@class='btn btn-submit']]is displayed on screen Clicking on element clicks continue button <img src=D:\BuildPiper_Rahul\Reports\14Dec_174541\MultideployService_chrome\MultideployService_chrome_348_Dec_174948.jpg alt='Lamp' width='500' height='400'> Element : xpath: //button[@class='btn btn-submit']]is displayed on screen Clicking on element clicks continue button <img src=D:\BuildPiper_Rahul\Reports\14Dec_174541\MultideployService_chrome\MultideployService_chrome_348_Dec_174950.jpg alt='Lamp' width='500' height='400'> Element : xpath: //button[@class='btn btn-submit']]is displayed on screen Clicking on element clicks continue button <img src=D:\BuildPiper_Rahul\Reports\14Dec_174541\MultideployService_chrome\MultideployService_chrome_348_Dec_174952.jpg alt='Lamp' width='500' height='400'> Element : xpath: //button[@class='btn btn-submit']]is displayed on screen Clicking on element clicks continue button <img src=D:\BuildPiper_Rahul\Reports\14Dec_174541\MultideployService_chrome\MultideployService_chrome_348_Dec_174954.jpg alt='Lamp' width='500' height='400'> Element : xpath: //button[@class='btn btn-submit']]is displayed on screen Clicking on element clicks continue button <img src=D:\BuildPiper_Rahul\Reports\14Dec_174541\MultideployService_chrome\MultideployService_chrome_348_Dec_174957.jpg alt='Lamp' width='500' height='400'> Element : xpath: //button[@class='btn btn-submit']]is displayed on screen Clicking on element clicks continue button <img src=D:\BuildPiper_Rahul\Reports\14Dec_174541\MultideployService_chrome\MultideployService_chrome_348_Dec_174959.jpg alt='Lamp' width='500' height='400'> Element : xpath: //button[@class='btn btn-submit']]is displayed on screen Clicking on element clicks continue button <img src=D:\BuildPiper_Rahul\Reports\14Dec_174541\MultideployService_chrome\MultideployService_chrome_348_Dec_175001.jpg alt='Lamp' width='500' height='400'> Element : xpath: //button[@class='btn btn-submit']]is displayed on screen Clicking on element clicks continue button <img src=D:\BuildPiper_Rahul\Reports\14Dec_174541\MultideployService_chrome\MultideployService_chrome_348_Dec_175003.jpg alt='Lamp' width='500' height='400'> Result upload to testlink is disabled, Please ensure you have 'UpdateTestLink=Yes' in project.properties  ####### End of Test Case: MultideployService #######  </system-out>
</testsuite> <!-- com.buildpiper.testcases.LenskartScan -->
