<?xml version="1.0" encoding="UTF-8"?>
<!-- Generated by org.testng.reporters.JUnitReportReporter -->
<testsuite hostname="DESKTOP-PTF1H2O" failures="1" tests="2" name="com.buildpiper.testcases.JobExecutionActivityTestcases" time="324.703" errors="0" timestamp="2024-01-03T21:49:19 IST" skipped="0">
  <testcase classname="com.buildpiper.testcases.JobExecutionActivityTestcases" name="ActivityFilterby_Status" time="153.906">
    <failure message="expected [Success] but found []" type="java.lang.AssertionError">
      <![CDATA[java.lang.AssertionError: expected [Success] but found []
at org.testng.Assert.fail(Assert.java:97)
at org.testng.Assert.assertEqualsImpl(Assert.java:136)
at org.testng.Assert.assertEquals(Assert.java:118)
at org.testng.Assert.assertEquals(Assert.java:575)
at org.testng.Assert.assertEquals(Assert.java:585)
at com.buildpiper.pages.JobExecutionActivity.VerifyActivityStatusList(JobExecutionActivity.java:272)
at com.buildpiper.pages.JobExecutionActivity.ActivityFilterby_Status(JobExecutionActivity.java:287)
at com.buildpiper.testcases.JobExecutionActivityTestcases.ActivityFilterby_Status(JobExecutionActivityTestcases.java:69)
at java.base/jdk.internal.reflect.DirectMethodHandleAccessor.invoke(DirectMethodHandleAccessor.java:104)
at java.base/java.lang.reflect.Method.invoke(Method.java:578)
at org.testng.internal.MethodInvocationHelper.invokeMethod(MethodInvocationHelper.java:134)
at org.testng.internal.TestInvoker.invokeMethod(TestInvoker.java:597)
at org.testng.internal.TestInvoker.invokeTestMethod(TestInvoker.java:173)
at org.testng.internal.MethodRunner.runInSequence(MethodRunner.java:46)
at org.testng.internal.TestInvoker$MethodInvocationAgent.invoke(TestInvoker.java:816)
at org.testng.internal.TestInvoker.invokeTestMethods(TestInvoker.java:146)
at org.testng.internal.TestMethodWorker.invokeTestMethods(TestMethodWorker.java:146)
at org.testng.internal.TestMethodWorker.run(TestMethodWorker.java:128)
at java.base/java.util.ArrayList.forEach(ArrayList.java:1511)
at org.testng.TestRunner.privateRun(TestRunner.java:766)
at org.testng.TestRunner.run(TestRunner.java:587)
at org.testng.SuiteRunner.runTest(SuiteRunner.java:384)
at org.testng.SuiteRunner.runSequentially(SuiteRunner.java:378)
at org.testng.SuiteRunner.privateRun(SuiteRunner.java:337)
at org.testng.SuiteRunner.run(SuiteRunner.java:286)
at org.testng.SuiteRunnerWorker.runSuite(SuiteRunnerWorker.java:53)
at org.testng.SuiteRunnerWorker.run(SuiteRunnerWorker.java:96)
at org.testng.TestNG.runSuitesSequentially(TestNG.java:1187)
at org.testng.TestNG.runSuitesLocally(TestNG.java:1109)
at org.testng.TestNG.runSuites(TestNG.java:1039)
at org.testng.TestNG.run(TestNG.java:1007)
at org.testng.remote.AbstractRemoteTestNG.run(AbstractRemoteTestNG.java:115)
at org.testng.remote.RemoteTestNG.initAndRun(RemoteTestNG.java:251)
at org.testng.remote.RemoteTestNG.main(RemoteTestNG.java:77)
]]>
    </failure>
  </testcase> <!-- ActivityFilterby_Status -->
  <system-out>
checking if driver exist <img src=D:\BuildPiper_Rahul\Reports\03Jan_210314\ActivityFilterby_Status_chrome\ActivityFilterby_Status_chrome_03_Jan_214503.jpg alt='Lamp' width='500' height='400'> Clicking on element userMenuAppBar <img src=D:\BuildPiper_Rahul\Reports\03Jan_210314\ActivityFilterby_Status_chrome\ActivityFilterby_Status_chrome_03_Jan_214503.jpg alt='Lamp' width='500' height='400'> Clicking on element select Job Execution Activity Menu <img src=D:\BuildPiper_Rahul\Reports\03Jan_210314\ActivityFilterby_Status_chrome\ActivityFilterby_Status_chrome_03_Jan_214504.jpg alt='Lamp' width='500' height='400'> checking if driver exist <img src=D:\BuildPiper_Rahul\Reports\03Jan_210314\ActivityFilterby_Status_chrome\ActivityFilterby_Status_chrome_03_Jan_214507.jpg alt='Lamp' width='500' height='400'> Element is present  xpath: //li//button[contains(@class,'main-nav-1')]//span[1][@title]] <img src=D:\BuildPiper_Rahul\Reports\03Jan_210314\ActivityFilterby_Status_chrome\ActivityFilterby_Status_chrome_03_Jan_214512.jpg alt='Lamp' width='500' height='400'> Element is present  xpath: //button[@class='MuiButtonBase-root MuiIconButton-root']//span[text()='More']] <img src=D:\BuildPiper_Rahul\Reports\03Jan_210314\ActivityFilterby_Status_chrome\ActivityFilterby_Status_chrome_03_Jan_214512.jpg alt='Lamp' width='500' height='400'> Clicking on element More Button <img src=D:\BuildPiper_Rahul\Reports\03Jan_210314\ActivityFilterby_Status_chrome\ActivityFilterby_Status_chrome_03_Jan_214513.jpg alt='Lamp' width='500' height='400'> Clicking on element Status Checkbox <img src=D:\BuildPiper_Rahul\Reports\03Jan_210314\ActivityFilterby_Status_chrome\ActivityFilterby_Status_chrome_03_Jan_214545.jpg alt='Lamp' width='500' height='400'> Clicking on element statusDropDown <img src=D:\BuildPiper_Rahul\Reports\03Jan_210314\ActivityFilterby_Status_chrome\ActivityFilterby_Status_chrome_03_Jan_214546.jpg alt='Lamp' width='500' height='400'> Clicking on element statusSuccessCheckbox <img src=D:\BuildPiper_Rahul\Reports\03Jan_210314\ActivityFilterby_Status_chrome\ActivityFilterby_Status_chrome_03_Jan_214617.jpg alt='Lamp' width='500' height='400'> Element is present  xpath: //div[@class='single-row-item-four']//span/span] <img src=D:\BuildPiper_Rahul\Reports\03Jan_210314\ActivityFilterby_Status_chrome\ActivityFilterby_Status_chrome_03_Jan_214627.jpg alt='Lamp' width='500' height='400'> ####### End of Test Case: ActivityFilterby_Status #######  </system-out>
  <testcase classname="com.buildpiper.testcases.JobExecutionActivityTestcases" name="PaginationCheck" time="170.797"/>
  <system-out>
checking if driver exist <img src=D:\BuildPiper_Rahul\Reports\03Jan_210314\PaginationCheck_chrome\PaginationCheck_chrome_03_Jan_214727.jpg alt='Lamp' width='500' height='400'> Clicking on element userMenuAppBar <img src=D:\BuildPiper_Rahul\Reports\03Jan_210314\PaginationCheck_chrome\PaginationCheck_chrome_03_Jan_214728.jpg alt='Lamp' width='500' height='400'> Clicking on element select Job Execution Activity Menu <img src=D:\BuildPiper_Rahul\Reports\03Jan_210314\PaginationCheck_chrome\PaginationCheck_chrome_03_Jan_214728.jpg alt='Lamp' width='500' height='400'> checking if driver exist <img src=D:\BuildPiper_Rahul\Reports\03Jan_210314\PaginationCheck_chrome\PaginationCheck_chrome_03_Jan_214731.jpg alt='Lamp' width='500' height='400'> Element is present  xpath: //li//button[contains(@class,'main-nav-1')]//span[1][@title]] <img src=D:\BuildPiper_Rahul\Reports\03Jan_210314\PaginationCheck_chrome\PaginationCheck_chrome_03_Jan_214736.jpg alt='Lamp' width='500' height='400'> Element is present  xpath: //button[contains(@class,'btn btn-with-icon pagination-btn btn-not-allowed btn-round cursor-not-allowed text-grey-')]] <img src=D:\BuildPiper_Rahul\Reports\03Jan_210314\PaginationCheck_chrome\PaginationCheck_chrome_03_Jan_214737.jpg alt='Lamp' width='500' height='400'> Element is present  xpath: //input[@name='page_number']] <img src=D:\BuildPiper_Rahul\Reports\03Jan_210314\PaginationCheck_chrome\PaginationCheck_chrome_03_Jan_214807.jpg alt='Lamp' width='500' height='400'> Element is present  xpath: //button[contains(@class,'btn btn-with-icon pagination-btn btn-not-allowed btn-round cursor-not-allowed text-grey-')]] <img src=D:\BuildPiper_Rahul\Reports\03Jan_210314\PaginationCheck_chrome\PaginationCheck_chrome_03_Jan_214848.jpg alt='Lamp' width='500' height='400'> ####### End of Test Case: PaginationCheck #######  </system-out>
</testsuite> <!-- com.buildpiper.testcases.JobExecutionActivityTestcases -->
