<?xml version="1.0" encoding="UTF-8"?>
<!-- Generated by org.testng.reporters.JUnitReportReporter -->
<testsuite hostname="DESKTOP-PTF1H2O" failures="0" tests="1" name="com.buildpiper.testcases.ServiceCreationTestcases" time="177.631" errors="0" timestamp="2023-12-08T11:55:23 IST" skipped="0">
  <testcase classname="com.buildpiper.testcases.ServiceCreationTestcases" name="BuildDeployAlternate" time="177.631"/>
  <system-out>
checking if driver exist <img src=D:\BuildPiper_Rahul\Reports\08Dec_115224\BuildDeployAlternate_chrome\BuildDeployAlternate_chrome_342_Dec_115242.jpg alt='Lamp' width='500' height='400'> Element : xpath: //button[@type='button' and @aria-controls='menu-appbar']//div//div]is displayed on screen Clicking on element userMenuAppBar <img src=D:\BuildPiper_Rahul\Reports\08Dec_115224\BuildDeployAlternate_chrome\BuildDeployAlternate_chrome_342_Dec_115242.jpg alt='Lamp' width='500' height='400'> Element : xpath: //a[@href='/integration/containerRegistries']]is displayed on screen Clicking on element clicks on container registry <img src=D:\BuildPiper_Rahul\Reports\08Dec_115224\BuildDeployAlternate_chrome\BuildDeployAlternate_chrome_342_Dec_115243.jpg alt='Lamp' width='500' height='400'> Element : xpath: (//button[@class='test-btn'])[1]]is displayed on screen Clicking on element clicks on first container registry test <img src=D:\BuildPiper_Rahul\Reports\08Dec_115224\BuildDeployAlternate_chrome\BuildDeployAlternate_chrome_342_Dec_115243.jpg alt='Lamp' width='500' height='400'> Element : xpath: //div[contains(@class,'connected text connected')]]is displayed on screen Element is present  xpath: //div[contains(@class,'connected text connected')]] <img src=D:\BuildPiper_Rahul\Reports\08Dec_115224\BuildDeployAlternate_chrome\BuildDeployAlternate_chrome_342_Dec_115244.jpg alt='Lamp' width='500' height='400'> Element : xpath: //button[@type='button' and @aria-controls='menu-appbar']//div//div]is displayed on screen Clicking on element userMenuAppBar <img src=D:\BuildPiper_Rahul\Reports\08Dec_115224\BuildDeployAlternate_chrome\BuildDeployAlternate_chrome_342_Dec_115249.jpg alt='Lamp' width='500' height='400'> Element : xpath: //button[contains(@class,'btn-link-green')][text()=' Switch to User Portal']]is displayed on screen Clicking on element switching to user account <img src=D:\BuildPiper_Rahul\Reports\08Dec_115224\BuildDeployAlternate_chrome\BuildDeployAlternate_chrome_342_Dec_115249.jpg alt='Lamp' width='500' height='400'> checking if driver exist <img src=D:\BuildPiper_Rahul\Reports\08Dec_115224\BuildDeployAlternate_chrome\BuildDeployAlternate_chrome_342_Dec_115252.jpg alt='Lamp' width='500' height='400'> Element : xpath: //li//button[contains(@class,'main-nav-1')]//span[@title]]is displayed on screen Element is present  xpath: //li//button[contains(@class,'main-nav-1')]//span[@title]] <img src=D:\BuildPiper_Rahul\Reports\08Dec_115224\BuildDeployAlternate_chrome\BuildDeployAlternate_chrome_342_Dec_115252.jpg alt='Lamp' width='500' height='400'> Element : xpath: //div[not(contains(@class,'jss'))]/ul/a[@class='subOptionChild']//span[@title='Build / Deploy']]is displayed on screen Clicking on element Poc_QA buildDeploy <img src=D:\BuildPiper_Rahul\Reports\08Dec_115224\BuildDeployAlternate_chrome\BuildDeployAlternate_chrome_342_Dec_115252.jpg alt='Lamp' width='500' height='400'> Element : xpath: //div[@class='input-component']//input[@name='build_deploy' and @type='radio']]is displayed on screen Clicking on element Poc_QA buildRadioBtn <img src=D:\BuildPiper_Rahul\Reports\08Dec_115224\BuildDeployAlternate_chrome\BuildDeployAlternate_chrome_342_Dec_115258.jpg alt='Lamp' width='500' height='400'> Element : xpath: //input[@id='branch' and @name='branch']]is displayed on screen Clicking on element Poc_QA inputBranchName <img src=D:\BuildPiper_Rahul\Reports\08Dec_115224\BuildDeployAlternate_chrome\BuildDeployAlternate_chrome_342_Dec_115300.jpg alt='Lamp' width='500' height='400'> Element : xpath: //button[@title='Clear']]is displayed on screen Clicking on element ClicksclearField <img src=D:\BuildPiper_Rahul\Reports\08Dec_115224\BuildDeployAlternate_chrome\BuildDeployAlternate_chrome_342_Dec_115305.jpg alt='Lamp' width='500' height='400'> Element : xpath: //input[@id='branch' and @name='branch']]is displayed on screen Element : xpath: //button[@class='btn btn-submit'][text()='Build']]is displayed on screen Clicking on element clicks build button <img src=D:\BuildPiper_Rahul\Reports\08Dec_115224\BuildDeployAlternate_chrome\BuildDeployAlternate_chrome_342_Dec_115305.jpg alt='Lamp' width='500' height='400'> Element : xpath: //button[@class='btn btn-primary' and text()='Continue']]is displayed on screen Element is present  xpath: //button[@class='btn btn-primary' and text()='Continue']] <img src=D:\BuildPiper_Rahul\Reports\08Dec_115224\BuildDeployAlternate_chrome\BuildDeployAlternate_chrome_342_Dec_115506.jpg alt='Lamp' width='500' height='400'> Element : xpath: //button[@class='btn btn-primary' and text()='Continue']]is displayed on screen Clicking on element Click continueBtn <img src=D:\BuildPiper_Rahul\Reports\08Dec_115224\BuildDeployAlternate_chrome\BuildDeployAlternate_chrome_342_Dec_115506.jpg alt='Lamp' width='500' height='400'> Element : xpath: //div[not(contains(@class,'jss'))]/ul/a[@class='subOptionChild']//span[@title='Build / Deploy']]is displayed on screen Clicking on element Poc_QA buildDeploy <img src=D:\BuildPiper_Rahul\Reports\08Dec_115224\BuildDeployAlternate_chrome\BuildDeployAlternate_chrome_342_Dec_115507.jpg alt='Lamp' width='500' height='400'> Element : xpath: (//div[@class='input-component']//input[@name='build_deploy' and @type='radio'])[2]/..]is displayed on screen Clicking on element Poc_QA DeployRadioBtn <img src=D:\BuildPiper_Rahul\Reports\08Dec_115224\BuildDeployAlternate_chrome\BuildDeployAlternate_chrome_342_Dec_115515.jpg alt='Lamp' width='500' height='400'> Element : xpath: //input[@name='deploy_tag' and @placeholder='Enter value']]is displayed on screen Element : xpath: //input[@name='deploy_tag' and @placeholder='Enter value']]is displayed on screen Element : xpath: //button[@class='btn btn-submit'][text()='Deploy']]is displayed on screen Clicking on element clicks deploy button <img src=D:\BuildPiper_Rahul\Reports\08Dec_115224\BuildDeployAlternate_chrome\BuildDeployAlternate_chrome_342_Dec_115522.jpg alt='Lamp' width='500' height='400'> Result upload to testlink is disabled, Please ensure you have 'UpdateTestLink=Yes' in project.properties  ####### End of Test Case: BuildDeployAlternate #######  </system-out>
</testsuite> <!-- com.buildpiper.testcases.ServiceCreationTestcases -->
