<?xml version="1.0" encoding="UTF-8"?>
<!-- Generated by org.testng.reporters.JUnitReportReporter -->
<testsuite hostname="DESKTOP-PTF1H2O" failures="0" tests="1" name="com.buildpiper.testcases.LenskartScan" time="57.415" errors="1" timestamp="2023-12-11T14:19:34 IST" skipped="0">
  <testcase classname="com.buildpiper.testcases.LenskartScan" name="JobStatusInsidePipleineforMultipleService" time="57.415">
    <error message="expected:&lt;FAILED&gt; but was:&lt;SUCCESS&gt;" type="junit.framework.ComparisonFailure">
      <![CDATA[junit.framework.ComparisonFailure: expected:<FAILED> but was:<SUCCESS>
at junit.framework.Assert.assertEquals(Assert.java:81)
at junit.framework.Assert.assertEquals(Assert.java:87)
at com.buildpiper.pages.BuildPipeLinePage.FindStatusandBranch(BuildPipeLinePage.java:1694)
at com.buildpiper.testcases.LenskartScan.JobStatusInsidePipleineforMultipleService(LenskartScan.java:138)
at java.base/jdk.internal.reflect.DirectMethodHandleAccessor.invoke(DirectMethodHandleAccessor.java:104)
at java.base/java.lang.reflect.Method.invoke(Method.java:578)
at org.testng.internal.MethodInvocationHelper.invokeMethod(MethodInvocationHelper.java:134)
at org.testng.internal.TestInvoker.invokeMethod(TestInvoker.java:597)
at org.testng.internal.TestInvoker.invokeTestMethod(TestInvoker.java:173)
at org.testng.internal.MethodRunner.runInSequence(MethodRunner.java:46)
at org.testng.internal.TestInvoker$MethodInvocationAgent.invoke(TestInvoker.java:816)
at org.testng.internal.TestInvoker.invokeTestMethods(TestInvoker.java:146)
at org.testng.internal.TestMethodWorker.invokeTestMethods(TestMethodWorker.java:146)
at org.testng.internal.TestMethodWorker.run(TestMethodWorker.java:128)
at java.base/java.util.ArrayList.forEach(ArrayList.java:1511)
at org.testng.TestRunner.privateRun(TestRunner.java:766)
at org.testng.TestRunner.run(TestRunner.java:587)
at org.testng.SuiteRunner.runTest(SuiteRunner.java:384)
at org.testng.SuiteRunner.runSequentially(SuiteRunner.java:378)
at org.testng.SuiteRunner.privateRun(SuiteRunner.java:337)
at org.testng.SuiteRunner.run(SuiteRunner.java:286)
at org.testng.SuiteRunnerWorker.runSuite(SuiteRunnerWorker.java:53)
at org.testng.SuiteRunnerWorker.run(SuiteRunnerWorker.java:96)
at org.testng.TestNG.runSuitesSequentially(TestNG.java:1187)
at org.testng.TestNG.runSuitesLocally(TestNG.java:1109)
at org.testng.TestNG.runSuites(TestNG.java:1039)
at org.testng.TestNG.run(TestNG.java:1007)
at org.testng.remote.AbstractRemoteTestNG.run(AbstractRemoteTestNG.java:115)
at org.testng.remote.RemoteTestNG.initAndRun(RemoteTestNG.java:251)
at org.testng.remote.RemoteTestNG.main(RemoteTestNG.java:77)
]]>
    </error>
  </testcase> <!-- JobStatusInsidePipleineforMultipleService -->
  <system-out>
checking if driver exist <img src=D:\BuildPiper_Rahul\Reports\11Dec_141835\JobStatusInsidePipleineforMultipleService_chrome\JobStatusInsidePipleineforMultipleService_chrome_345_Dec_141853.jpg alt='Lamp' width='500' height='400'> checking if driver exist <img src=D:\BuildPiper_Rahul\Reports\11Dec_141835\JobStatusInsidePipleineforMultipleService_chrome\JobStatusInsidePipleineforMultipleService_chrome_345_Dec_141858.jpg alt='Lamp' width='500' height='400'> Element : xpath: //li//button[contains(@class,'main-nav-1')]//span[@title]]is displayed on screen Element is present  xpath: //li//button[contains(@class,'main-nav-1')]//span[@title]] <img src=D:\BuildPiper_Rahul\Reports\11Dec_141835\JobStatusInsidePipleineforMultipleService_chrome\JobStatusInsidePipleineforMultipleService_chrome_345_Dec_141859.jpg alt='Lamp' width='500' height='400'> Element : xpath: //button//span[2][@class='flaticon-expand-arrow']/../..//li//span[contains(.,'Pipeline Overview')]]is displayed on screen Clicking on element Poc_QA pipelineOverviewLink <img src=D:\BuildPiper_Rahul\Reports\11Dec_141835\JobStatusInsidePipleineforMultipleService_chrome\JobStatusInsidePipleineforMultipleService_chrome_345_Dec_141859.jpg alt='Lamp' width='500' height='400'> Element : xpath: //div[@class='input-component']//input[@name='name' and @placeholder='Name']]is displayed on screen Element is present  xpath: //div[@class='input-component']//input[@name='name' and @placeholder='Name']] <img src=D:\BuildPiper_Rahul\Reports\11Dec_141835\JobStatusInsidePipleineforMultipleService_chrome\JobStatusInsidePipleineforMultipleService_chrome_345_Dec_141905.jpg alt='Lamp' width='500' height='400'> Element : xpath: //div[@class='input-component']//input[@name='name' and @placeholder='Name']]is displayed on screen Element : xpath: //div[@class='service-name']/a]is displayed on screen Clicking on element search Pipeline hyperlink <img src=D:\BuildPiper_Rahul\Reports\11Dec_141835\JobStatusInsidePipleineforMultipleService_chrome\JobStatusInsidePipleineforMultipleService_chrome_345_Dec_141906.jpg alt='Lamp' width='500' height='400'> Element : xpath: //div[@class='flaticon-expand-button']]is displayed on screen Clicking on element Expend Job <img src=D:\BuildPiper_Rahul\Reports\11Dec_141835\JobStatusInsidePipleineforMultipleService_chrome\JobStatusInsidePipleineforMultipleService_chrome_345_Dec_141912.jpg alt='Lamp' width='500' height='400'> Element : xpath: //div[@class='flaticon-expand-button']]is displayed on screen Clicking on element Expend Job <img src=D:\BuildPiper_Rahul\Reports\11Dec_141835\JobStatusInsidePipleineforMultipleService_chrome\JobStatusInsidePipleineforMultipleService_chrome_345_Dec_141914.jpg alt='Lamp' width='500' height='400'> Element : xpath: //div[@class='flaticon-expand-button']]is displayed on screen Clicking on element Expend Job <img src=D:\BuildPiper_Rahul\Reports\11Dec_141835\JobStatusInsidePipleineforMultipleService_chrome\JobStatusInsidePipleineforMultipleService_chrome_345_Dec_141916.jpg alt='Lamp' width='500' height='400'> Element : xpath: //div[@class='flaticon-expand-button']]is displayed on screen Clicking on element Expend Job <img src=D:\BuildPiper_Rahul\Reports\11Dec_141835\JobStatusInsidePipleineforMultipleService_chrome\JobStatusInsidePipleineforMultipleService_chrome_345_Dec_141919.jpg alt='Lamp' width='500' height='400'> Element : xpath: //div[@class='flaticon-expand-button']]is displayed on screen Clicking on element Expend Job <img src=D:\BuildPiper_Rahul\Reports\11Dec_141835\JobStatusInsidePipleineforMultipleService_chrome\JobStatusInsidePipleineforMultipleService_chrome_345_Dec_141921.jpg alt='Lamp' width='500' height='400'> Element : xpath: //div[@class='flaticon-expand-button']]is displayed on screen Clicking on element  <img src=D:\BuildPiper_Rahul\Reports\11Dec_141835\JobStatusInsidePipleineforMultipleService_chrome\JobStatusInsidePipleineforMultipleService_chrome_345_Dec_141924.jpg alt='Lamp' width='500' height='400'> Element : xpath: //div[@class='flaticon-expand-button']]is displayed on screen Clicking on element  <img src=D:\BuildPiper_Rahul\Reports\11Dec_141835\JobStatusInsidePipleineforMultipleService_chrome\JobStatusInsidePipleineforMultipleService_chrome_345_Dec_141928.jpg alt='Lamp' width='500' height='400'> Element : xpath: //div[@class='flaticon-expand-button']]is displayed on screen Clicking on element  <img src=D:\BuildPiper_Rahul\Reports\11Dec_141835\JobStatusInsidePipleineforMultipleService_chrome\JobStatusInsidePipleineforMultipleService_chrome_345_Dec_141931.jpg alt='Lamp' width='500' height='400'> Result upload to testlink is disabled, Please ensure you have 'UpdateTestLink=Yes' in project.properties  ####### End of Test Case: JobStatusInsidePipleineforMultipleService #######  </system-out>
</testsuite> <!-- com.buildpiper.testcases.LenskartScan -->
