<?xml version="1.0" encoding="UTF-8"?>
<!-- Generated by org.testng.reporters.JUnitReportReporter -->
<testsuite hostname="DESKTOP-PTF1H2O" failures="0" tests="1" name="com.buildpiper.testcases.ServiceCreationTestcases" time="336.633" errors="0" timestamp="2023-12-18T19:55:45 IST" skipped="0">
  <testcase classname="com.buildpiper.testcases.ServiceCreationTestcases" name="EditandDeleteServiceEnvironment" time="336.633"/>
  <system-out>
checking if driver exist <img src=D:\BuildPiper_Rahul\Reports\18Dec_195007\EditandDeleteServiceEnvironment_chrome\EditandDeleteServiceEnvironment_chrome_352_Dec_195031.jpg alt='Lamp' width='500' height='400'> checking if driver exist <img src=D:\BuildPiper_Rahul\Reports\18Dec_195007\EditandDeleteServiceEnvironment_chrome\EditandDeleteServiceEnvironment_chrome_352_Dec_195031.jpg alt='Lamp' width='500' height='400'> checking if driver exist <img src=D:\BuildPiper_Rahul\Reports\18Dec_195007\EditandDeleteServiceEnvironment_chrome\EditandDeleteServiceEnvironment_chrome_352_Dec_195031.jpg alt='Lamp' width='500' height='400'> checking if driver exist <img src=D:\BuildPiper_Rahul\Reports\18Dec_195007\EditandDeleteServiceEnvironment_chrome\EditandDeleteServiceEnvironment_chrome_352_Dec_195031.jpg alt='Lamp' width='500' height='400'> Element : xpath: //button[@type='button' and @aria-controls='menu-appbar']//div//div]is displayed on screen Clicking on element userMenuAppBar <img src=D:\BuildPiper_Rahul\Reports\18Dec_195007\EditandDeleteServiceEnvironment_chrome\EditandDeleteServiceEnvironment_chrome_352_Dec_195032.jpg alt='Lamp' width='500' height='400'> Element : xpath: //button[contains(@class,'btn-link-green')][text()=' Switch to User Portal']]is displayed on screen Clicking on element switching to user account <img src=D:\BuildPiper_Rahul\Reports\18Dec_195007\EditandDeleteServiceEnvironment_chrome\EditandDeleteServiceEnvironment_chrome_352_Dec_195032.jpg alt='Lamp' width='500' height='400'> Element : xpath: //li//button[contains(@class,'main-nav-1')]//span[1][@title]]is displayed on screen Element is present  xpath: //li//button[contains(@class,'main-nav-1')]//span[1][@title]] <img src=D:\BuildPiper_Rahul\Reports\18Dec_195007\EditandDeleteServiceEnvironment_chrome\EditandDeleteServiceEnvironment_chrome_352_Dec_195041.jpg alt='Lamp' width='500' height='400'> Element : xpath: //button//span[2][@class='flaticon-expand-arrow']/../..//div//span[@title='Service Overview']/span]is displayed on screen Element is present  xpath: //button//span[2][@class='flaticon-expand-arrow']/../..//div//span[@title='Service Overview']/span] <img src=D:\BuildPiper_Rahul\Reports\18Dec_195007\EditandDeleteServiceEnvironment_chrome\EditandDeleteServiceEnvironment_chrome_352_Dec_195045.jpg alt='Lamp' width='500' height='400'> Element : xpath: //a[@class='btn btn-submit']]is displayed on screen Element is present  xpath: //a[@class='btn btn-submit']] <img src=D:\BuildPiper_Rahul\Reports\18Dec_195007\EditandDeleteServiceEnvironment_chrome\EditandDeleteServiceEnvironment_chrome_352_Dec_195045.jpg alt='Lamp' width='500' height='400'> Element : xpath: //a[@class='btn btn-submit']]is displayed on screen Clicking on element Poc_QA addServiceBtn <img src=D:\BuildPiper_Rahul\Reports\18Dec_195007\EditandDeleteServiceEnvironment_chrome\EditandDeleteServiceEnvironment_chrome_352_Dec_195046.jpg alt='Lamp' width='500' height='400'> Element : xpath: //h1[@class='main-heading']]is displayed on screen Element is present  xpath: //h1[@class='main-heading']] <img src=D:\BuildPiper_Rahul\Reports\18Dec_195007\EditandDeleteServiceEnvironment_chrome\EditandDeleteServiceEnvironment_chrome_352_Dec_195046.jpg alt='Lamp' width='500' height='400'> Element : xpath: //p[(@class='hint-text-main-heading')]]is displayed on screen Element is present  xpath: //p[(@class='hint-text-main-heading')]] <img src=D:\BuildPiper_Rahul\Reports\18Dec_195007\EditandDeleteServiceEnvironment_chrome\EditandDeleteServiceEnvironment_chrome_352_Dec_195046.jpg alt='Lamp' width='500' height='400'> Element : xpath: //input[@placeholder='demo-app']]is displayed on screen Setting value on element sets service name <img src=D:\BuildPiper_Rahul\Reports\18Dec_195007\EditandDeleteServiceEnvironment_chrome\EditandDeleteServiceEnvironment_chrome_352_Dec_195047.jpg alt='Lamp' width='500' height='400'> Element : xpath: //input[@placeholder='Sample-Service']]is displayed on screen Setting value on element sets external name <img src=D:\BuildPiper_Rahul\Reports\18Dec_195007\EditandDeleteServiceEnvironment_chrome\EditandDeleteServiceEnvironment_chrome_352_Dec_195050.jpg alt='Lamp' width='500' height='400'> Element : xpath: //span[contains(.,'Build for every environment')]]is displayed on screen Clicking on element Poc_QA selectEveryRadioBtn <img src=D:\BuildPiper_Rahul\Reports\18Dec_195007\EditandDeleteServiceEnvironment_chrome\EditandDeleteServiceEnvironment_chrome_352_Dec_195050.jpg alt='Lamp' width='500' height='400'> Element : xpath: //button[@class='btn btn-submit']]is displayed on screen Clicking on element Poc_QA SubmitCreatePage <img src=D:\BuildPiper_Rahul\Reports\18Dec_195007\EditandDeleteServiceEnvironment_chrome\EditandDeleteServiceEnvironment_chrome_352_Dec_195050.jpg alt='Lamp' width='500' height='400'> Element : xpath: //h1[@class='h1' and contains(.,'Create a Environment')]]is displayed on screen Element is present  xpath: //h1[@class='h1' and contains(.,'Create a Environment')]] <img src=D:\BuildPiper_Rahul\Reports\18Dec_195007\EditandDeleteServiceEnvironment_chrome\EditandDeleteServiceEnvironment_chrome_352_Dec_195051.jpg alt='Lamp' width='500' height='400'> Element : xpath: //div[@class='staticwrap-inner']]is displayed on screen Element is present  xpath: //div[@class='staticwrap-inner']] <img src=D:\BuildPiper_Rahul\Reports\18Dec_195007\EditandDeleteServiceEnvironment_chrome\EditandDeleteServiceEnvironment_chrome_352_Dec_195052.jpg alt='Lamp' width='500' height='400'> Element : xpath: //select[@name='env_id']]is displayed on screen Element is present  xpath: //select[@name='env_id']] <img src=D:\BuildPiper_Rahul\Reports\18Dec_195007\EditandDeleteServiceEnvironment_chrome\EditandDeleteServiceEnvironment_chrome_352_Dec_195054.jpg alt='Lamp' width='500' height='400'> Element : xpath: //button[@class='btn btn-submit']]is displayed on screen Element is present  xpath: //button[@class='btn btn-submit']] <img src=D:\BuildPiper_Rahul\Reports\18Dec_195007\EditandDeleteServiceEnvironment_chrome\EditandDeleteServiceEnvironment_chrome_352_Dec_195130.jpg alt='Lamp' width='500' height='400'> Element : xpath: //button[@class='btn btn-submit']]is displayed on screen Clicking on element Poc_QA SubmitEnvPage <img src=D:\BuildPiper_Rahul\Reports\18Dec_195007\EditandDeleteServiceEnvironment_chrome\EditandDeleteServiceEnvironment_chrome_352_Dec_195130.jpg alt='Lamp' width='500' height='400'> Element : xpath: //div[@class='font-27 font-family-nunito font-weight-300 lh-12 mr-5']]is displayed on screen Element is present  xpath: //div[@class='font-27 font-family-nunito font-weight-300 lh-12 mr-5']] <img src=D:\BuildPiper_Rahul\Reports\18Dec_195007\EditandDeleteServiceEnvironment_chrome\EditandDeleteServiceEnvironment_chrome_352_Dec_195132.jpg alt='Lamp' width='500' height='400'> Element : xpath: //span[contains(text(),'Project:')]]is displayed on screen Element is present  xpath: //span[contains(text(),'Project:')]] <img src=D:\BuildPiper_Rahul\Reports\18Dec_195007\EditandDeleteServiceEnvironment_chrome\EditandDeleteServiceEnvironment_chrome_352_Dec_195133.jpg alt='Lamp' width='500' height='400'> Element : xpath: //*[text()='Env Build Details']]is displayed on screen Element is present  xpath: //*[text()='Env Build Details']] <img src=D:\BuildPiper_Rahul\Reports\18Dec_195007\EditandDeleteServiceEnvironment_chrome\EditandDeleteServiceEnvironment_chrome_352_Dec_195133.jpg alt='Lamp' width='500' height='400'> Element : xpath: //*[text()='Env Build Details']]is displayed on screen Clicking on element Poc_QA validateBuildDetails <img src=D:\BuildPiper_Rahul\Reports\18Dec_195007\EditandDeleteServiceEnvironment_chrome\EditandDeleteServiceEnvironment_chrome_352_Dec_195133.jpg alt='Lamp' width='500' height='400'> Element : xpath: //p[@class='main-text mb-10']]is displayed on screen Element is present  xpath: //p[@class='main-text mb-10']] <img src=D:\BuildPiper_Rahul\Reports\18Dec_195007\EditandDeleteServiceEnvironment_chrome\EditandDeleteServiceEnvironment_chrome_352_Dec_195133.jpg alt='Lamp' width='500' height='400'> Element : xpath: //span[@class='sub-text mb-10']]is displayed on screen Element is present  xpath: //span[@class='sub-text mb-10']] <img src=D:\BuildPiper_Rahul\Reports\18Dec_195007\EditandDeleteServiceEnvironment_chrome\EditandDeleteServiceEnvironment_chrome_352_Dec_195134.jpg alt='Lamp' width='500' height='400'> Element : xpath: //*[text()='Env Deploy Details']]is displayed on screen Element is present  xpath: //*[text()='Env Deploy Details']] <img src=D:\BuildPiper_Rahul\Reports\18Dec_195007\EditandDeleteServiceEnvironment_chrome\EditandDeleteServiceEnvironment_chrome_352_Dec_195134.jpg alt='Lamp' width='500' height='400'> Element : xpath: //*[text()='Env Deploy Details']]is displayed on screen Clicking on element Poc_QA validateDeployDetails <img src=D:\BuildPiper_Rahul\Reports\18Dec_195007\EditandDeleteServiceEnvironment_chrome\EditandDeleteServiceEnvironment_chrome_352_Dec_195134.jpg alt='Lamp' width='500' height='400'> Element : xpath: //p[@class='main-text mb-10']]is displayed on screen Element is present  xpath: //p[@class='main-text mb-10']] <img src=D:\BuildPiper_Rahul\Reports\18Dec_195007\EditandDeleteServiceEnvironment_chrome\EditandDeleteServiceEnvironment_chrome_352_Dec_195134.jpg alt='Lamp' width='500' height='400'> Element : xpath: //span[@class='sub-text mb-10']]is displayed on screen Element is present  xpath: //span[@class='sub-text mb-10']] <img src=D:\BuildPiper_Rahul\Reports\18Dec_195007\EditandDeleteServiceEnvironment_chrome\EditandDeleteServiceEnvironment_chrome_352_Dec_195135.jpg alt='Lamp' width='500' height='400'> Element : xpath: //*[text()='To have a very smooth configuration we strongly recommend BuildPiper UI.']]is displayed on screen Element is present  xpath: //*[text()='To have a very smooth configuration we strongly recommend BuildPiper UI.']] <img src=D:\BuildPiper_Rahul\Reports\18Dec_195007\EditandDeleteServiceEnvironment_chrome\EditandDeleteServiceEnvironment_chrome_352_Dec_195135.jpg alt='Lamp' width='500' height='400'> Element : xpath: //*[text()='you can also configure the CD by uploading your custom manifest file.']]is displayed on screen Element is present  xpath: //*[text()='you can also configure the CD by uploading your custom manifest file.']] <img src=D:\BuildPiper_Rahul\Reports\18Dec_195007\EditandDeleteServiceEnvironment_chrome\EditandDeleteServiceEnvironment_chrome_352_Dec_195135.jpg alt='Lamp' width='500' height='400'> Element : xpath: //*[text()='Env Build Details']]is displayed on screen Element is present  xpath: //*[text()='Env Build Details']] <img src=D:\BuildPiper_Rahul\Reports\18Dec_195007\EditandDeleteServiceEnvironment_chrome\EditandDeleteServiceEnvironment_chrome_352_Dec_195135.jpg alt='Lamp' width='500' height='400'> Element : xpath: //*[text()='Env Build Details']]is displayed on screen Clicking on element Poc_QA validateBuildDetails <img src=D:\BuildPiper_Rahul\Reports\18Dec_195007\EditandDeleteServiceEnvironment_chrome\EditandDeleteServiceEnvironment_chrome_352_Dec_195136.jpg alt='Lamp' width='500' height='400'> Element : xpath: //*[text()='Configure Build']]is displayed on screen Element is present  xpath: //*[text()='Configure Build']] <img src=D:\BuildPiper_Rahul\Reports\18Dec_195007\EditandDeleteServiceEnvironment_chrome\EditandDeleteServiceEnvironment_chrome_352_Dec_195136.jpg alt='Lamp' width='500' height='400'> Element : xpath: //*[text()='Configure Build']]is displayed on screen Clicking on element Poc_QA clickConfigBuild <img src=D:\BuildPiper_Rahul\Reports\18Dec_195007\EditandDeleteServiceEnvironment_chrome\EditandDeleteServiceEnvironment_chrome_352_Dec_195136.jpg alt='Lamp' width='500' height='400'> Element : xpath: //div[@class='md-step-circle current']]is displayed on screen Element is present  xpath: //div[@class='md-step-circle current']] <img src=D:\BuildPiper_Rahul\Reports\18Dec_195007\EditandDeleteServiceEnvironment_chrome\EditandDeleteServiceEnvironment_chrome_352_Dec_195139.jpg alt='Lamp' width='500' height='400'> Element : xpath: //h4[@class='mainHeading']]is displayed on screen Element is present  xpath: //h4[@class='mainHeading']] <img src=D:\BuildPiper_Rahul\Reports\18Dec_195007\EditandDeleteServiceEnvironment_chrome\EditandDeleteServiceEnvironment_chrome_352_Dec_195140.jpg alt='Lamp' width='500' height='400'> Element : xpath: //*[text()='Please Select the Git URL']]is displayed on screen Element is present  xpath: //*[text()='Please Select the Git URL']] <img src=D:\BuildPiper_Rahul\Reports\18Dec_195007\EditandDeleteServiceEnvironment_chrome\EditandDeleteServiceEnvironment_chrome_352_Dec_195140.jpg alt='Lamp' width='500' height='400'> Element : xpath: //div[@class='MuiInputBase-root MuiOutlinedInput-root MuiAutocomplete-inputRoot MuiInputBase-fullWidth MuiInputBase-formControl MuiInputBase-adornedEnd MuiOutlinedInput-adornedEnd']]is displayed on screen Element is present  xpath: //div[@class='MuiInputBase-root MuiOutlinedInput-root MuiAutocomplete-inputRoot MuiInputBase-fullWidth MuiInputBase-formControl MuiInputBase-adornedEnd MuiOutlinedInput-adornedEnd']] <img src=D:\BuildPiper_Rahul\Reports\18Dec_195007\EditandDeleteServiceEnvironment_chrome\EditandDeleteServiceEnvironment_chrome_352_Dec_195140.jpg alt='Lamp' width='500' height='400'> Element : xpath: //input[@name='git_url']]is displayed on screen Clicking on element Poc_QA gitUrlInputField <img src=D:\BuildPiper_Rahul\Reports\18Dec_195007\EditandDeleteServiceEnvironment_chrome\EditandDeleteServiceEnvironment_chrome_352_Dec_195140.jpg alt='Lamp' width='500' height='400'> Element : xpath: //button[@title='Clear']]is displayed on screen Clicking on element ClicksclearField <img src=D:\BuildPiper_Rahul\Reports\18Dec_195007\EditandDeleteServiceEnvironment_chrome\EditandDeleteServiceEnvironment_chrome_352_Dec_195146.jpg alt='Lamp' width='500' height='400'> Element : xpath: //input[@name='git_url']]is displayed on screen Element : xpath: //*[text()='Load Branches']]is displayed on screen Element is present  xpath: //*[text()='Load Branches']] <img src=D:\BuildPiper_Rahul\Reports\18Dec_195007\EditandDeleteServiceEnvironment_chrome\EditandDeleteServiceEnvironment_chrome_352_Dec_195155.jpg alt='Lamp' width='500' height='400'> Element : xpath: //*[text()='Load Branches']]is displayed on screen Clicking on element Poc_QA loadBranchesBtn <img src=D:\BuildPiper_Rahul\Reports\18Dec_195007\EditandDeleteServiceEnvironment_chrome\EditandDeleteServiceEnvironment_chrome_352_Dec_195155.jpg alt='Lamp' width='500' height='400'> Element : xpath: //input[@name='file_paths']]is displayed on screen Element : xpath: //input[@name='file_paths_build_context']]is displayed on screen Element : xpath: //*[text()='Advance Configurations']]is displayed on screen Element is present  xpath: //*[text()='Advance Configurations']] <img src=D:\BuildPiper_Rahul\Reports\18Dec_195007\EditandDeleteServiceEnvironment_chrome\EditandDeleteServiceEnvironment_chrome_352_Dec_195209.jpg alt='Lamp' width='500' height='400'> Element : xpath: //button[text()='Continue']]is displayed on screen Clicking on element Poc_QA clickContinueBtn <img src=D:\BuildPiper_Rahul\Reports\18Dec_195007\EditandDeleteServiceEnvironment_chrome\EditandDeleteServiceEnvironment_chrome_352_Dec_195209.jpg alt='Lamp' width='500' height='400'> Element : xpath: //h4[@class='mainHeading']]is displayed on screen Element is present  xpath: //h4[@class='mainHeading']] <img src=D:\BuildPiper_Rahul\Reports\18Dec_195007\EditandDeleteServiceEnvironment_chrome\EditandDeleteServiceEnvironment_chrome_352_Dec_195215.jpg alt='Lamp' width='500' height='400'> Element : xpath: //*[text()='Build Env Details']]is displayed on screen Element is present  xpath: //*[text()='Build Env Details']] <img src=D:\BuildPiper_Rahul\Reports\18Dec_195007\EditandDeleteServiceEnvironment_chrome\EditandDeleteServiceEnvironment_chrome_352_Dec_195215.jpg alt='Lamp' width='500' height='400'> Element : xpath: //span[@class='switch-label'][@data-on]]is displayed on screen Clicking on element Poc_QA envDetailsSwitch <img src=D:\BuildPiper_Rahul\Reports\18Dec_195007\EditandDeleteServiceEnvironment_chrome\EditandDeleteServiceEnvironment_chrome_352_Dec_195215.jpg alt='Lamp' width='500' height='400'> Element : xpath: //input[@name='key']]is displayed on screen Setting value on element Poc_QA envName <img src=D:\BuildPiper_Rahul\Reports\18Dec_195007\EditandDeleteServiceEnvironment_chrome\EditandDeleteServiceEnvironment_chrome_352_Dec_195215.jpg alt='Lamp' width='500' height='400'> Element : xpath: //input[@name='value']]is displayed on screen Setting value on element Poc_QA envValue <img src=D:\BuildPiper_Rahul\Reports\18Dec_195007\EditandDeleteServiceEnvironment_chrome\EditandDeleteServiceEnvironment_chrome_352_Dec_195216.jpg alt='Lamp' width='500' height='400'> Element : xpath: //button[text()='Continue']]is displayed on screen Clicking on element Poc_QA clickContinueBtn <img src=D:\BuildPiper_Rahul\Reports\18Dec_195007\EditandDeleteServiceEnvironment_chrome\EditandDeleteServiceEnvironment_chrome_352_Dec_195216.jpg alt='Lamp' width='500' height='400'> Element : xpath: //input[@name='pre_hook_enabled']/../span[@class='switch-handle']]is displayed on screen Clicking on element Poc_QA preHooksSwitch <img src=D:\BuildPiper_Rahul\Reports\18Dec_195007\EditandDeleteServiceEnvironment_chrome\EditandDeleteServiceEnvironment_chrome_352_Dec_195216.jpg alt='Lamp' width='500' height='400'> Element : xpath: //p[contains(.,'Add Pre Hook')]/../../..//input[@placeholder='Run Command' and string-length(@value)=0]]is displayed on screen Setting value on element Poc_QA preHooksPasswordBox1 <img src=D:\BuildPiper_Rahul\Reports\18Dec_195007\EditandDeleteServiceEnvironment_chrome\EditandDeleteServiceEnvironment_chrome_352_Dec_195216.jpg alt='Lamp' width='500' height='400'> Element : xpath: //button[@class='nowrap']]is displayed on screen Clicking on element clicks on add New Hook <img src=D:\BuildPiper_Rahul\Reports\18Dec_195007\EditandDeleteServiceEnvironment_chrome\EditandDeleteServiceEnvironment_chrome_352_Dec_195217.jpg alt='Lamp' width='500' height='400'> Element : xpath: //p[contains(.,'Add Pre Hook')]/../../..//input[@placeholder='Run Command' and string-length(@value)=0]]is displayed on screen Setting value on element Poc_QA preHooksPasswordBox2 <img src=D:\BuildPiper_Rahul\Reports\18Dec_195007\EditandDeleteServiceEnvironment_chrome\EditandDeleteServiceEnvironment_chrome_352_Dec_195217.jpg alt='Lamp' width='500' height='400'> Element : xpath: //input[@name='post_hook_enabled']/../span[@class='switch-handle']]is displayed on screen Clicking on element Poc_QA postHooksSwitch <img src=D:\BuildPiper_Rahul\Reports\18Dec_195007\EditandDeleteServiceEnvironment_chrome\EditandDeleteServiceEnvironment_chrome_352_Dec_195217.jpg alt='Lamp' width='500' height='400'> Element : xpath: //p[contains(.,'Add Post Hook')]/../../..//input[@placeholder='Run Command' and string-length(@value)=0]]is displayed on screen Setting value on element Poc_QA postHooksPasswordBox1 <img src=D:\BuildPiper_Rahul\Reports\18Dec_195007\EditandDeleteServiceEnvironment_chrome\EditandDeleteServiceEnvironment_chrome_352_Dec_195218.jpg alt='Lamp' width='500' height='400'> Element : xpath: (//button[@class='nowrap'])[2]]is displayed on screen Clicking on element clicks on add New Post Hook <img src=D:\BuildPiper_Rahul\Reports\18Dec_195007\EditandDeleteServiceEnvironment_chrome\EditandDeleteServiceEnvironment_chrome_352_Dec_195218.jpg alt='Lamp' width='500' height='400'> Element : xpath: //p[contains(.,'Add Post Hook')]/../../..//input[@placeholder='Run Command' and string-length(@value)=0]]is displayed on screen Setting value on element Poc_QA postHooksPasswordBox2 <img src=D:\BuildPiper_Rahul\Reports\18Dec_195007\EditandDeleteServiceEnvironment_chrome\EditandDeleteServiceEnvironment_chrome_352_Dec_195218.jpg alt='Lamp' width='500' height='400'> Element : xpath: //button[@class='btn btn-submit']]is displayed on screen Clicking on element Poc_QA submitHooks <img src=D:\BuildPiper_Rahul\Reports\18Dec_195007\EditandDeleteServiceEnvironment_chrome\EditandDeleteServiceEnvironment_chrome_352_Dec_195218.jpg alt='Lamp' width='500' height='400'> Element : xpath: /html/body/div[1]/div/main/div[1]/div/div[1]/div/div/div[2]/div[2]/span[2]]is displayed on screen Element is present  xpath: /html/body/div[1]/div/main/div[1]/div/div[1]/div/div/div[2]/div[2]/span[2]] <img src=D:\BuildPiper_Rahul\Reports\18Dec_195007\EditandDeleteServiceEnvironment_chrome\EditandDeleteServiceEnvironment_chrome_352_Dec_195219.jpg alt='Lamp' width='500' height='400'> Element : xpath: //*[text()='Job Template: ']]is displayed on screen Element is present  xpath: //*[text()='Job Template: ']] <img src=D:\BuildPiper_Rahul\Reports\18Dec_195007\EditandDeleteServiceEnvironment_chrome\EditandDeleteServiceEnvironment_chrome_352_Dec_195221.jpg alt='Lamp' width='500' height='400'> Element : xpath: //*[text()='Env Deploy Details']]is displayed on screen Element is present  xpath: //*[text()='Env Deploy Details']] <img src=D:\BuildPiper_Rahul\Reports\18Dec_195007\EditandDeleteServiceEnvironment_chrome\EditandDeleteServiceEnvironment_chrome_352_Dec_195221.jpg alt='Lamp' width='500' height='400'> Element : xpath: //*[text()='Env Deploy Details']]is displayed on screen Clicking on element Poc_QA validateDeployDetails <img src=D:\BuildPiper_Rahul\Reports\18Dec_195007\EditandDeleteServiceEnvironment_chrome\EditandDeleteServiceEnvironment_chrome_352_Dec_195222.jpg alt='Lamp' width='500' height='400'> Element : xpath: //button[@class='btn btn-submit']]is displayed on screen Element is present  xpath: //button[@class='btn btn-submit']] <img src=D:\BuildPiper_Rahul\Reports\18Dec_195007\EditandDeleteServiceEnvironment_chrome\EditandDeleteServiceEnvironment_chrome_352_Dec_195222.jpg alt='Lamp' width='500' height='400'> Element : xpath: //button[@class='btn btn-submit']]is displayed on screen Clicking on element clicks on buildPiperUI button <img src=D:\BuildPiper_Rahul\Reports\18Dec_195007\EditandDeleteServiceEnvironment_chrome\EditandDeleteServiceEnvironment_chrome_352_Dec_195222.jpg alt='Lamp' width='500' height='400'> Element : xpath: //button//span[text()=' Add Access Level']]is displayed on screen Clicking on element Add Access Level <img src=D:\BuildPiper_Rahul\Reports\18Dec_195007\EditandDeleteServiceEnvironment_chrome\EditandDeleteServiceEnvironment_chrome_352_Dec_195223.jpg alt='Lamp' width='500' height='400'> Clicking on element Poc_QA privateAccess <img src=D:\BuildPiper_Rahul\Reports\18Dec_195007\EditandDeleteServiceEnvironment_chrome\EditandDeleteServiceEnvironment_chrome_352_Dec_195256.jpg alt='Lamp' width='500' height='400'> Element : xpath: //input[@placeholder='name'][@name='name']]is displayed on screen Element : xpath: //input[@placeholder='4001'][@name='port']]is displayed on screen Element : xpath: //input[@placeholder='4001'][@name='target_port']]is displayed on screen Element : xpath: //button[@class='btn btn-v2-primary btn-sm']]is displayed on screen Clicking on element clicks add button <img src=D:\BuildPiper_Rahul\Reports\18Dec_195007\EditandDeleteServiceEnvironment_chrome\EditandDeleteServiceEnvironment_chrome_352_Dec_195257.jpg alt='Lamp' width='500' height='400'> Element : xpath: //button[@class='btn btn-submit']]is displayed on screen Clicking on element clicks continue button <img src=D:\BuildPiper_Rahul\Reports\18Dec_195007\EditandDeleteServiceEnvironment_chrome\EditandDeleteServiceEnvironment_chrome_352_Dec_195257.jpg alt='Lamp' width='500' height='400'> Element : xpath: //button[@class='btn btn-submit']]is displayed on screen Clicking on element clicks continue button <img src=D:\BuildPiper_Rahul\Reports\18Dec_195007\EditandDeleteServiceEnvironment_chrome\EditandDeleteServiceEnvironment_chrome_352_Dec_195259.jpg alt='Lamp' width='500' height='400'> Element : xpath: //button[@class='btn btn-submit']]is displayed on screen Clicking on element clicks continue button <img src=D:\BuildPiper_Rahul\Reports\18Dec_195007\EditandDeleteServiceEnvironment_chrome\EditandDeleteServiceEnvironment_chrome_352_Dec_195301.jpg alt='Lamp' width='500' height='400'> Element : xpath: //button[@class='btn btn-submit']]is displayed on screen Clicking on element clicks continue button <img src=D:\BuildPiper_Rahul\Reports\18Dec_195007\EditandDeleteServiceEnvironment_chrome\EditandDeleteServiceEnvironment_chrome_352_Dec_195304.jpg alt='Lamp' width='500' height='400'> Element : xpath: //button[@class='btn btn-submit']]is displayed on screen Clicking on element clicks continue button <img src=D:\BuildPiper_Rahul\Reports\18Dec_195007\EditandDeleteServiceEnvironment_chrome\EditandDeleteServiceEnvironment_chrome_352_Dec_195306.jpg alt='Lamp' width='500' height='400'> Element : xpath: //button[@class='btn btn-submit']]is displayed on screen Clicking on element clicks continue button <img src=D:\BuildPiper_Rahul\Reports\18Dec_195007\EditandDeleteServiceEnvironment_chrome\EditandDeleteServiceEnvironment_chrome_352_Dec_195308.jpg alt='Lamp' width='500' height='400'> Element : xpath: //button[@class='btn btn-submit']]is displayed on screen Clicking on element clicks continue button <img src=D:\BuildPiper_Rahul\Reports\18Dec_195007\EditandDeleteServiceEnvironment_chrome\EditandDeleteServiceEnvironment_chrome_352_Dec_195311.jpg alt='Lamp' width='500' height='400'> Element : xpath: //button[@class='btn btn-submit']]is displayed on screen Clicking on element clicks continue button <img src=D:\BuildPiper_Rahul\Reports\18Dec_195007\EditandDeleteServiceEnvironment_chrome\EditandDeleteServiceEnvironment_chrome_352_Dec_195313.jpg alt='Lamp' width='500' height='400'> Element : xpath: //button[@class='btn btn-submit']]is displayed on screen Clicking on element clicks continue button <img src=D:\BuildPiper_Rahul\Reports\18Dec_195007\EditandDeleteServiceEnvironment_chrome\EditandDeleteServiceEnvironment_chrome_352_Dec_195315.jpg alt='Lamp' width='500' height='400'> Element : xpath: //*[text()='Env Deploy Details']]is displayed on screen Clicking on element Clicks on Deploy Details tag <img src=D:\BuildPiper_Rahul\Reports\18Dec_195007\EditandDeleteServiceEnvironment_chrome\EditandDeleteServiceEnvironment_chrome_352_Dec_195317.jpg alt='Lamp' width='500' height='400'> Element : xpath: //a[@class='text-anchor-blue d-flex align-center text-right btn btn-flaticon']]is displayed on screen Element is present  xpath: //a[@class='text-anchor-blue d-flex align-center text-right btn btn-flaticon']] <img src=D:\BuildPiper_Rahul\Reports\18Dec_195007\EditandDeleteServiceEnvironment_chrome\EditandDeleteServiceEnvironment_chrome_352_Dec_195321.jpg alt='Lamp' width='500' height='400'> Element : xpath: //a[@class='text-anchor-blue d-flex align-center text-right btn btn-flaticon']]is displayed on screen Clicking on element editEnvironment <img src=D:\BuildPiper_Rahul\Reports\18Dec_195007\EditandDeleteServiceEnvironment_chrome\EditandDeleteServiceEnvironment_chrome_352_Dec_195321.jpg alt='Lamp' width='500' height='400'> Clicking on element Poc_QA allowManualBuildNo <img src=D:\BuildPiper_Rahul\Reports\18Dec_195007\EditandDeleteServiceEnvironment_chrome\EditandDeleteServiceEnvironment_chrome_352_Dec_195354.jpg alt='Lamp' width='500' height='400'> Clicking on element Poc_QA allowManualDeployNo <img src=D:\BuildPiper_Rahul\Reports\18Dec_195007\EditandDeleteServiceEnvironment_chrome\EditandDeleteServiceEnvironment_chrome_352_Dec_195425.jpg alt='Lamp' width='500' height='400'> Element : xpath: //button[@class='btn btn-submit']]is displayed on screen Clicking on element Poc_QA SubmitEnvPage <img src=D:\BuildPiper_Rahul\Reports\18Dec_195007\EditandDeleteServiceEnvironment_chrome\EditandDeleteServiceEnvironment_chrome_352_Dec_195428.jpg alt='Lamp' width='500' height='400'> Element : xpath: //a[@class='text-anchor-blue d-flex align-center text-right btn btn-flaticon']]is displayed on screen Clicking on element editEnvironment <img src=D:\BuildPiper_Rahul\Reports\18Dec_195007\EditandDeleteServiceEnvironment_chrome\EditandDeleteServiceEnvironment_chrome_352_Dec_195532.jpg alt='Lamp' width='500' height='400'> Element : xpath: //button[@class='btn btn-submit']]is displayed on screen Clicking on element Poc_QA SubmitEnvPage <img src=D:\BuildPiper_Rahul\Reports\18Dec_195007\EditandDeleteServiceEnvironment_chrome\EditandDeleteServiceEnvironment_chrome_352_Dec_195535.jpg alt='Lamp' width='500' height='400'> Element : xpath: //button[@class='MuiButtonBase-root MuiIconButton-root btn btn-flaticon']]is displayed on screen Clicking on element deleteEnvironment <img src=D:\BuildPiper_Rahul\Reports\18Dec_195007\EditandDeleteServiceEnvironment_chrome\EditandDeleteServiceEnvironment_chrome_352_Dec_195540.jpg alt='Lamp' width='500' height='400'> Element : xpath: //input[@placeholder='Please enter the reason to delete']]is displayed on screen Element is present  xpath: //input[@placeholder='Please enter the reason to delete']] <img src=D:\BuildPiper_Rahul\Reports\18Dec_195007\EditandDeleteServiceEnvironment_chrome\EditandDeleteServiceEnvironment_chrome_352_Dec_195543.jpg alt='Lamp' width='500' height='400'> Element : xpath: //input[@placeholder='Please enter the reason to delete']]is displayed on screen Setting value on element deletePopupInputField <img src=D:\BuildPiper_Rahul\Reports\18Dec_195007\EditandDeleteServiceEnvironment_chrome\EditandDeleteServiceEnvironment_chrome_352_Dec_195543.jpg alt='Lamp' width='500' height='400'> Element : xpath: //button[text()='Delete']]is displayed on screen Clicking on element deleteButton <img src=D:\BuildPiper_Rahul\Reports\18Dec_195007\EditandDeleteServiceEnvironment_chrome\EditandDeleteServiceEnvironment_chrome_352_Dec_195544.jpg alt='Lamp' width='500' height='400'> Result upload to testlink is disabled, Please ensure you have 'UpdateTestLink=Yes' in project.properties  ####### End of Test Case: EditandDeleteServiceEnvironment #######  </system-out>
</testsuite> <!-- com.buildpiper.testcases.ServiceCreationTestcases -->
