<?xml version="1.0" encoding="UTF-8"?>
<!-- Generated by org.testng.reporters.JUnitReportReporter -->
<testsuite hostname="DESKTOP-PTF1H2O" failures="0" tests="1" name="com.buildpiper.testcases.EnvironmentTestcasesExecution" time="29.061" errors="0" timestamp="2023-11-02T12:53:15 IST" skipped="0">
  <testcase classname="com.buildpiper.testcases.EnvironmentTestcasesExecution" name="EnvironmentLevelSearch" time="29.061"/>
  <system-out>
checking if driver exist Open URL:http://122.160.30.218:16680/ <img src=D:\buildpiper\BP-3.1MajorRelease\Reports\02Nov_125246\EnvironmentLevelSearch_chrome\EnvironmentLevelSearch_chrome_306_Nov_125248.jpg alt='Lamp' width='500' height='400'> Executing; ui_launch Element : name: email]is displayed on screen Setting value on element USER_NAME <img src=D:\buildpiper\BP-3.1MajorRelease\Reports\02Nov_125246\EnvironmentLevelSearch_chrome\EnvironmentLevelSearch_chrome_306_Nov_125252.jpg alt='Lamp' width='500' height='400'> Element : name: password]is displayed on screen Setting value on element PASSWORD <img src=D:\buildpiper\BP-3.1MajorRelease\Reports\02Nov_125246\EnvironmentLevelSearch_chrome\EnvironmentLevelSearch_chrome_306_Nov_125253.jpg alt='Lamp' width='500' height='400'> Element : xpath: //button[@type='submit']]is displayed on screen Clicking on element LOGIN_BTN <img src=D:\buildpiper\BP-3.1MajorRelease\Reports\02Nov_125246\EnvironmentLevelSearch_chrome\EnvironmentLevelSearch_chrome_306_Nov_125253.jpg alt='Lamp' width='500' height='400'> Successful navigation is validated for LoginPage checking if driver exist <img src=D:\buildpiper\BP-3.1MajorRelease\Reports\02Nov_125246\EnvironmentLevelSearch_chrome\EnvironmentLevelSearch_chrome_306_Nov_125254.jpg alt='Lamp' width='500' height='400'> checking if driver exist <img src=D:\buildpiper\BP-3.1MajorRelease\Reports\02Nov_125246\EnvironmentLevelSearch_chrome\EnvironmentLevelSearch_chrome_306_Nov_125254.jpg alt='Lamp' width='500' height='400'> Element : xpath: //button[@type='button' and @aria-controls='menu-appbar']//div//div]is displayed on screen Clicking on element userMenuAppBar <img src=D:\buildpiper\BP-3.1MajorRelease\Reports\02Nov_125246\EnvironmentLevelSearch_chrome\EnvironmentLevelSearch_chrome_306_Nov_125254.jpg alt='Lamp' width='500' height='400'> Element : xpath: //button[contains(@class,'btn-link-green')][text()=' Switch to User Portal']]is displayed on screen Clicking on element switching to user account <img src=D:\buildpiper\BP-3.1MajorRelease\Reports\02Nov_125246\EnvironmentLevelSearch_chrome\EnvironmentLevelSearch_chrome_306_Nov_125255.jpg alt='Lamp' width='500' height='400'> checking if driver exist <img src=D:\buildpiper\BP-3.1MajorRelease\Reports\02Nov_125246\EnvironmentLevelSearch_chrome\EnvironmentLevelSearch_chrome_306_Nov_125255.jpg alt='Lamp' width='500' height='400'> Element : xpath: //li//button[contains(@class,'main-nav-1')]//span[@title]]is displayed on screen Element is present  xpath: //li//button[contains(@class,'main-nav-1')]//span[@title]] <img src=D:\buildpiper\BP-3.1MajorRelease\Reports\02Nov_125246\EnvironmentLevelSearch_chrome\EnvironmentLevelSearch_chrome_306_Nov_125255.jpg alt='Lamp' width='500' height='400'> Element : xpath: //button//span[2][@class='flaticon-expand-arrow']/../..//div//span[@title='Environment Overview']]is displayed on screen Element is present  xpath: //button//span[2][@class='flaticon-expand-arrow']/../..//div//span[@title='Environment Overview']] <img src=D:\buildpiper\BP-3.1MajorRelease\Reports\02Nov_125246\EnvironmentLevelSearch_chrome\EnvironmentLevelSearch_chrome_306_Nov_125256.jpg alt='Lamp' width='500' height='400'> Element : xpath: //button//span[2][@class='flaticon-expand-arrow']/../..//div//span[@title='Environment Overview']]is displayed on screen Clicking on element clicks on environment overview tab under applicartion name <img src=D:\buildpiper\BP-3.1MajorRelease\Reports\02Nov_125246\EnvironmentLevelSearch_chrome\EnvironmentLevelSearch_chrome_306_Nov_125256.jpg alt='Lamp' width='500' height='400'> Element : xpath: //input[@name='name' and @placeholder='Name']]is displayed on screen Element : xpath: //button[@aria-label='close'][@type='button']]is displayed on screen Clicking on element click on Close search Environment <img src=D:\buildpiper\BP-3.1MajorRelease\Reports\02Nov_125246\EnvironmentLevelSearch_chrome\EnvironmentLevelSearch_chrome_306_Nov_125308.jpg alt='Lamp' width='500' height='400'> Result upload to testlink is disabled, Please ensure you have 'UpdateTestLink=Yes' in project.properties  ####### End of Test Case: EnvironmentLevelSearch #######  </system-out>
</testsuite> <!-- com.buildpiper.testcases.EnvironmentTestcasesExecution -->
