<?xml version="1.0" encoding="UTF-8"?>
<!-- Generated by org.testng.reporters.JUnitReportReporter -->
<testsuite hostname="DESKTOP-PTF1H2O" failures="0" tests="1" name="com.buildpiper.testcases.BuildPiperTestcasesExecutionComprehensiveTests" time="274.085" errors="0" timestamp="2024-01-04T12:34:06 IST" skipped="0">
  <testcase classname="com.buildpiper.testcases.BuildPiperTestcasesExecutionComprehensiveTests" name="CreateBasicPipeLine" time="274.085"/>
  <system-out>
checking if driver exist <img src=D:\BuildPiper_Rahul\Reports\04Jan_122930\CreateBasicPipeLine_chrome\CreateBasicPipeLine_chrome_04_Jan_122956.jpg alt='Lamp' width='500' height='400'> Element : xpath: //button[@type='button' and @aria-controls='menu-appbar']//div//div]is displayed on screen Clicking on element userMenuAppBar <img src=D:\BuildPiper_Rahul\Reports\04Jan_122930\CreateBasicPipeLine_chrome\CreateBasicPipeLine_chrome_04_Jan_122956.jpg alt='Lamp' width='500' height='400'> Element : xpath: //a[@href='/integration/containerRegistries']]is displayed on screen Clicking on element clicks on container registry <img src=D:\BuildPiper_Rahul\Reports\04Jan_122930\CreateBasicPipeLine_chrome\CreateBasicPipeLine_chrome_04_Jan_122957.jpg alt='Lamp' width='500' height='400'> Element : xpath: (//button[@class='test-btn'])[1]]is displayed on screen Clicking on element clicks on first container registry test <img src=D:\BuildPiper_Rahul\Reports\04Jan_122930\CreateBasicPipeLine_chrome\CreateBasicPipeLine_chrome_04_Jan_122957.jpg alt='Lamp' width='500' height='400'> Element : xpath: //div[contains(@class,'connected text connected')]]is displayed on screen Element is present  xpath: //div[contains(@class,'connected text connected')]] <img src=D:\BuildPiper_Rahul\Reports\04Jan_122930\CreateBasicPipeLine_chrome\CreateBasicPipeLine_chrome_04_Jan_122958.jpg alt='Lamp' width='500' height='400'> Element : xpath: //button[@type='button' and @aria-controls='menu-appbar']//div//div]is displayed on screen Clicking on element userMenuAppBar <img src=D:\BuildPiper_Rahul\Reports\04Jan_122930\CreateBasicPipeLine_chrome\CreateBasicPipeLine_chrome_04_Jan_123004.jpg alt='Lamp' width='500' height='400'> Element : xpath: //button[contains(@class,'btn-link-green')][text()=' Switch to User Portal']]is displayed on screen Clicking on element switching to user account <img src=D:\BuildPiper_Rahul\Reports\04Jan_122930\CreateBasicPipeLine_chrome\CreateBasicPipeLine_chrome_04_Jan_123004.jpg alt='Lamp' width='500' height='400'> checking if driver exist <img src=D:\BuildPiper_Rahul\Reports\04Jan_122930\CreateBasicPipeLine_chrome\CreateBasicPipeLine_chrome_04_Jan_123010.jpg alt='Lamp' width='500' height='400'> Element : xpath: //li//button[contains(@class,'main-nav-1')]//span[@title]]is displayed on screen Element is present  xpath: //li//button[contains(@class,'main-nav-1')]//span[@title]] <img src=D:\BuildPiper_Rahul\Reports\04Jan_122930\CreateBasicPipeLine_chrome\CreateBasicPipeLine_chrome_04_Jan_123015.jpg alt='Lamp' width='500' height='400'> Element : xpath: //button//span[2][@class='flaticon-expand-arrow']/../..//li//span[contains(.,'Pipeline Overview')]]is displayed on screen Clicking on element Poc_QA pipelineOverviewLink <img src=D:\BuildPiper_Rahul\Reports\04Jan_122930\CreateBasicPipeLine_chrome\CreateBasicPipeLine_chrome_04_Jan_123016.jpg alt='Lamp' width='500' height='400'> Element : xpath: //a[@class='btn btn-submit' and text()='Add Pipeline']]is displayed on screen  Element Proxy element for: DefaultElementLocator 'By.xpath: //a[@class='btn btn-submit' and text()='Add Pipeline']' is not clickable using selenium click <img src=D:\BuildPiper_Rahul\Reports\04Jan_122930\CreateBasicPipeLine_chrome\CreateBasicPipeLine_chrome_04_Jan_123047.jpg alt='Lamp' width='500' height='400'> Clicking on element clicks on add pipeline button <img src=D:\BuildPiper_Rahul\Reports\04Jan_122930\CreateBasicPipeLine_chrome\CreateBasicPipeLine_chrome_04_Jan_123047.jpg alt='Lamp' width='500' height='400'> Element : xpath: //div//input[@name='name' and @placeholder='Give a name to the pipeline']]is displayed on screen Setting value on element Gives unique name to pipeline <img src=D:\BuildPiper_Rahul\Reports\04Jan_122930\CreateBasicPipeLine_chrome\CreateBasicPipeLine_chrome_04_Jan_123048.jpg alt='Lamp' width='500' height='400'> Element : xpath: //input[@name='retention_execution_count' and @placeholder='Retention Count']]is displayed on screen Element : xpath: //button[contains(@class,'btn-save btn')][text()='Save']]is displayed on screen  Element Proxy element for: DefaultElementLocator 'By.xpath: //button[contains(@class,'btn-save btn')][text()='Save']' is not clickable using selenium click <img src=D:\BuildPiper_Rahul\Reports\04Jan_122930\CreateBasicPipeLine_chrome\CreateBasicPipeLine_chrome_04_Jan_123154.jpg alt='Lamp' width='500' height='400'> Clicking on element clicks on save pipeline button <img src=D:\BuildPiper_Rahul\Reports\04Jan_122930\CreateBasicPipeLine_chrome\CreateBasicPipeLine_chrome_04_Jan_123154.jpg alt='Lamp' width='500' height='400'> Element : xpath: //p[@class='pipeline-name']]is displayed on screen Element is present  xpath: //p[@class='pipeline-name']] <img src=D:\BuildPiper_Rahul\Reports\04Jan_122930\CreateBasicPipeLine_chrome\CreateBasicPipeLine_chrome_04_Jan_123155.jpg alt='Lamp' width='500' height='400'> Element : xpath: //button//div[@class='text-btn'][text()='Add New Stage']]is displayed on screen Element is present  xpath: //button//div[@class='text-btn'][text()='Add New Stage']] <img src=D:\BuildPiper_Rahul\Reports\04Jan_122930\CreateBasicPipeLine_chrome\CreateBasicPipeLine_chrome_04_Jan_123155.jpg alt='Lamp' width='500' height='400'> Element : xpath: //button//div[@class='text-btn'][text()='Add New Stage']]is displayed on screen Clicking on element adds first stage <img src=D:\BuildPiper_Rahul\Reports\04Jan_122930\CreateBasicPipeLine_chrome\CreateBasicPipeLine_chrome_04_Jan_123156.jpg alt='Lamp' width='500' height='400'> Element : xpath: //input[@name='name' and @placeholder='Stage name goes here']]is displayed on screen Element is present  xpath: //input[@name='name' and @placeholder='Stage name goes here']] <img src=D:\BuildPiper_Rahul\Reports\04Jan_122930\CreateBasicPipeLine_chrome\CreateBasicPipeLine_chrome_04_Jan_123156.jpg alt='Lamp' width='500' height='400'> Element : xpath: //input[@name='name' and @placeholder='Stage name goes here']]is displayed on screen Setting value on element sets first stage name <img src=D:\BuildPiper_Rahul\Reports\04Jan_122930\CreateBasicPipeLine_chrome\CreateBasicPipeLine_chrome_04_Jan_123156.jpg alt='Lamp' width='500' height='400'> Element : xpath: //div[@class='btn btn-add'][text()='ADD']]is displayed on screen Clicking on element adds button for first stage <img src=D:\BuildPiper_Rahul\Reports\04Jan_122930\CreateBasicPipeLine_chrome\CreateBasicPipeLine_chrome_04_Jan_123202.jpg alt='Lamp' width='500' height='400'> Element : xpath: //div[@class='text-btn'][text()='Add New Job ']]is displayed on screen Element is present  xpath: //div[@class='text-btn'][text()='Add New Job ']] <img src=D:\BuildPiper_Rahul\Reports\04Jan_122930\CreateBasicPipeLine_chrome\CreateBasicPipeLine_chrome_04_Jan_123202.jpg alt='Lamp' width='500' height='400'> Element : xpath: //div[@class='text-btn'][text()='Add New Job ']]is displayed on screen Clicking on element clicks on new job <img src=D:\BuildPiper_Rahul\Reports\04Jan_122930\CreateBasicPipeLine_chrome\CreateBasicPipeLine_chrome_04_Jan_123203.jpg alt='Lamp' width='500' height='400'> Element : xpath: //select[@name='task_type' and @class='select']]is displayed on screen Element is present  xpath: //select[@name='task_type' and @class='select']] <img src=D:\BuildPiper_Rahul\Reports\04Jan_122930\CreateBasicPipeLine_chrome\CreateBasicPipeLine_chrome_04_Jan_123204.jpg alt='Lamp' width='500' height='400'> Element : xpath: //span[text()='automation-682046mu117xjpt']]is displayed on screen Element is present  xpath: //span[text()='automation-682046mu117xjpt']] <img src=D:\BuildPiper_Rahul\Reports\04Jan_122930\CreateBasicPipeLine_chrome\CreateBasicPipeLine_chrome_04_Jan_123208.jpg alt='Lamp' width='500' height='400'> Element : xpath: //span[text()='automation-682046mu117xjpt']]is displayed on screen Clicking on element selects service component under the env <img src=D:\BuildPiper_Rahul\Reports\04Jan_122930\CreateBasicPipeLine_chrome\CreateBasicPipeLine_chrome_04_Jan_123208.jpg alt='Lamp' width='500' height='400'> Element : xpath: //div[@class='btn btn-add'][text()='ADD']]is displayed on screen Clicking on element clicks add stage btn <img src=D:\BuildPiper_Rahul\Reports\04Jan_122930\CreateBasicPipeLine_chrome\CreateBasicPipeLine_chrome_04_Jan_123209.jpg alt='Lamp' width='500' height='400'> Element : xpath: //div[@class='text-btn'][text()='Add New Job ']]is displayed on screen Element is present  xpath: //div[@class='text-btn'][text()='Add New Job ']] <img src=D:\BuildPiper_Rahul\Reports\04Jan_122930\CreateBasicPipeLine_chrome\CreateBasicPipeLine_chrome_04_Jan_123209.jpg alt='Lamp' width='500' height='400'> Element : xpath: //div[@class='text-btn'][text()='Add New Job ']]is displayed on screen Clicking on element clicks on new job <img src=D:\BuildPiper_Rahul\Reports\04Jan_122930\CreateBasicPipeLine_chrome\CreateBasicPipeLine_chrome_04_Jan_123210.jpg alt='Lamp' width='500' height='400'> Element : xpath: //select[@name='task_type' and @class='select']]is displayed on screen Element is present  xpath: //select[@name='task_type' and @class='select']] <img src=D:\BuildPiper_Rahul\Reports\04Jan_122930\CreateBasicPipeLine_chrome\CreateBasicPipeLine_chrome_04_Jan_123210.jpg alt='Lamp' width='500' height='400'> Element : xpath: //span[text()='automation-682046mu117xjpt']]is displayed on screen Element is present  xpath: //span[text()='automation-682046mu117xjpt']] <img src=D:\BuildPiper_Rahul\Reports\04Jan_122930\CreateBasicPipeLine_chrome\CreateBasicPipeLine_chrome_04_Jan_123213.jpg alt='Lamp' width='500' height='400'> Element : xpath: //span[text()='automation-682046mu117xjpt']]is displayed on screen Clicking on element selects service component under the env <img src=D:\BuildPiper_Rahul\Reports\04Jan_122930\CreateBasicPipeLine_chrome\CreateBasicPipeLine_chrome_04_Jan_123213.jpg alt='Lamp' width='500' height='400'> Element : xpath: //div[@class='btn btn-add'][text()='ADD']]is displayed on screen Clicking on element clicks add stage btn <img src=D:\BuildPiper_Rahul\Reports\04Jan_122930\CreateBasicPipeLine_chrome\CreateBasicPipeLine_chrome_04_Jan_123214.jpg alt='Lamp' width='500' height='400'> Element : xpath: //button//div[@class='text-btn'][text()='Add New Stage']]is displayed on screen Element is present  xpath: //button//div[@class='text-btn'][text()='Add New Stage']] <img src=D:\BuildPiper_Rahul\Reports\04Jan_122930\CreateBasicPipeLine_chrome\CreateBasicPipeLine_chrome_04_Jan_123214.jpg alt='Lamp' width='500' height='400'> Element : xpath: //button//div[@class='text-btn'][text()='Add New Stage']]is displayed on screen Clicking on element adds second stage <img src=D:\BuildPiper_Rahul\Reports\04Jan_122930\CreateBasicPipeLine_chrome\CreateBasicPipeLine_chrome_04_Jan_123215.jpg alt='Lamp' width='500' height='400'> Element : xpath: //div[@class='btn btn-add'][text()='ADD']]is displayed on screen Clicking on element clicks add stage btn <img src=D:\BuildPiper_Rahul\Reports\04Jan_122930\CreateBasicPipeLine_chrome\CreateBasicPipeLine_chrome_04_Jan_123215.jpg alt='Lamp' width='500' height='400'> Element : xpath: //input[@name='name' and @placeholder='Stage name goes here']]is displayed on screen Element is present  xpath: //input[@name='name' and @placeholder='Stage name goes here']] <img src=D:\BuildPiper_Rahul\Reports\04Jan_122930\CreateBasicPipeLine_chrome\CreateBasicPipeLine_chrome_04_Jan_123216.jpg alt='Lamp' width='500' height='400'> Element : xpath: //input[@name='name' and @placeholder='Stage name goes here']]is displayed on screen Setting value on element sets first stage name <img src=D:\BuildPiper_Rahul\Reports\04Jan_122930\CreateBasicPipeLine_chrome\CreateBasicPipeLine_chrome_04_Jan_123216.jpg alt='Lamp' width='500' height='400'> Element : xpath: //div[@class='btn btn-add'][text()='ADD']]is displayed on screen Clicking on element clicks add stage btn <img src=D:\BuildPiper_Rahul\Reports\04Jan_122930\CreateBasicPipeLine_chrome\CreateBasicPipeLine_chrome_04_Jan_123216.jpg alt='Lamp' width='500' height='400'> Element : xpath: //div[contains(@data-rbd-draggable-id,'stage-qa')]//div[@class='text-btn'][text()='Add New Job ']]is displayed on screen Element is present  xpath: //div[contains(@data-rbd-draggable-id,'stage-qa')]//div[@class='text-btn'][text()='Add New Job ']] <img src=D:\BuildPiper_Rahul\Reports\04Jan_122930\CreateBasicPipeLine_chrome\CreateBasicPipeLine_chrome_04_Jan_123217.jpg alt='Lamp' width='500' height='400'> Element : xpath: //div[contains(@data-rbd-draggable-id,'stage-qa')]//div[@class='text-btn'][text()='Add New Job ']]is displayed on screen Clicking on element clicks on new job <img src=D:\BuildPiper_Rahul\Reports\04Jan_122930\CreateBasicPipeLine_chrome\CreateBasicPipeLine_chrome_04_Jan_123217.jpg alt='Lamp' width='500' height='400'> Element : xpath: //select[@name='task_type' and @class='select']]is displayed on screen Element is present  xpath: //select[@name='task_type' and @class='select']] <img src=D:\BuildPiper_Rahul\Reports\04Jan_122930\CreateBasicPipeLine_chrome\CreateBasicPipeLine_chrome_04_Jan_123218.jpg alt='Lamp' width='500' height='400'> Element : xpath: //span[text()='automation-682046mu117xjpt']]is displayed on screen Element is present  xpath: //span[text()='automation-682046mu117xjpt']] <img src=D:\BuildPiper_Rahul\Reports\04Jan_122930\CreateBasicPipeLine_chrome\CreateBasicPipeLine_chrome_04_Jan_123221.jpg alt='Lamp' width='500' height='400'> Element : xpath: //span[text()='automation-682046mu117xjpt']]is displayed on screen Clicking on element selects service component under the env <img src=D:\BuildPiper_Rahul\Reports\04Jan_122930\CreateBasicPipeLine_chrome\CreateBasicPipeLine_chrome_04_Jan_123222.jpg alt='Lamp' width='500' height='400'> Element : xpath: //div[@class='btn btn-add'][text()='ADD']]is displayed on screen Clicking on element adds button for second stage <img src=D:\BuildPiper_Rahul\Reports\04Jan_122930\CreateBasicPipeLine_chrome\CreateBasicPipeLine_chrome_04_Jan_123222.jpg alt='Lamp' width='500' height='400'> Element : xpath: //div[contains(@data-rbd-draggable-id,'stage-qa')]//div[@class='text-btn'][text()='Add New Job ']]is displayed on screen Element is present  xpath: //div[contains(@data-rbd-draggable-id,'stage-qa')]//div[@class='text-btn'][text()='Add New Job ']] <img src=D:\BuildPiper_Rahul\Reports\04Jan_122930\CreateBasicPipeLine_chrome\CreateBasicPipeLine_chrome_04_Jan_123223.jpg alt='Lamp' width='500' height='400'> Element : xpath: //div[contains(@data-rbd-draggable-id,'stage-qa')]//div[@class='text-btn'][text()='Add New Job ']]is displayed on screen Clicking on element clicks on new job <img src=D:\BuildPiper_Rahul\Reports\04Jan_122930\CreateBasicPipeLine_chrome\CreateBasicPipeLine_chrome_04_Jan_123223.jpg alt='Lamp' width='500' height='400'> Element : xpath: //select[@name='task_type' and @class='select']]is displayed on screen Element is present  xpath: //select[@name='task_type' and @class='select']] <img src=D:\BuildPiper_Rahul\Reports\04Jan_122930\CreateBasicPipeLine_chrome\CreateBasicPipeLine_chrome_04_Jan_123224.jpg alt='Lamp' width='500' height='400'> Element : xpath: //span[text()='automation-682046mu117xjpt']]is displayed on screen Element is present  xpath: //span[text()='automation-682046mu117xjpt']] <img src=D:\BuildPiper_Rahul\Reports\04Jan_122930\CreateBasicPipeLine_chrome\CreateBasicPipeLine_chrome_04_Jan_123231.jpg alt='Lamp' width='500' height='400'> Element : xpath: //span[text()='automation-682046mu117xjpt']]is displayed on screen Clicking on element selects service component under the env <img src=D:\BuildPiper_Rahul\Reports\04Jan_122930\CreateBasicPipeLine_chrome\CreateBasicPipeLine_chrome_04_Jan_123231.jpg alt='Lamp' width='500' height='400'> Element : xpath: //div[@class='btn btn-add'][text()='ADD']]is displayed on screen Clicking on element clicks add stage btn <img src=D:\BuildPiper_Rahul\Reports\04Jan_122930\CreateBasicPipeLine_chrome\CreateBasicPipeLine_chrome_04_Jan_123232.jpg alt='Lamp' width='500' height='400'> Element : xpath: //button//div[@class='text-btn'][text()='Add New Stage']]is displayed on screen Element is present  xpath: //button//div[@class='text-btn'][text()='Add New Stage']] <img src=D:\BuildPiper_Rahul\Reports\04Jan_122930\CreateBasicPipeLine_chrome\CreateBasicPipeLine_chrome_04_Jan_123233.jpg alt='Lamp' width='500' height='400'> Element : xpath: //button//div[@class='text-btn'][text()='Add New Stage']]is displayed on screen Clicking on element adds third stage <img src=D:\BuildPiper_Rahul\Reports\04Jan_122930\CreateBasicPipeLine_chrome\CreateBasicPipeLine_chrome_04_Jan_123233.jpg alt='Lamp' width='500' height='400'> Element : xpath: //input[@name='name' and @placeholder='Stage name goes here']]is displayed on screen Setting value on element sets first stage name <img src=D:\BuildPiper_Rahul\Reports\04Jan_122930\CreateBasicPipeLine_chrome\CreateBasicPipeLine_chrome_04_Jan_123234.jpg alt='Lamp' width='500' height='400'> Element : xpath: //div[@class='btn btn-add'][text()='ADD']]is displayed on screen Clicking on element adds button for third stage <img src=D:\BuildPiper_Rahul\Reports\04Jan_122930\CreateBasicPipeLine_chrome\CreateBasicPipeLine_chrome_04_Jan_123239.jpg alt='Lamp' width='500' height='400'> Element : xpath: //div[contains(@data-rbd-draggable-id,'stage-prod')]//div[@class='text-btn'][text()='Add New Job ']]is displayed on screen Element is present  xpath: //div[contains(@data-rbd-draggable-id,'stage-prod')]//div[@class='text-btn'][text()='Add New Job ']] <img src=D:\BuildPiper_Rahul\Reports\04Jan_122930\CreateBasicPipeLine_chrome\CreateBasicPipeLine_chrome_04_Jan_123240.jpg alt='Lamp' width='500' height='400'> Element : xpath: //div[contains(@data-rbd-draggable-id,'stage-prod')]//div[@class='text-btn'][text()='Add New Job ']]is displayed on screen Clicking on element clicks on new job <img src=D:\BuildPiper_Rahul\Reports\04Jan_122930\CreateBasicPipeLine_chrome\CreateBasicPipeLine_chrome_04_Jan_123240.jpg alt='Lamp' width='500' height='400'> Element : xpath: //span[text()='automation-682046mu117xjpt']]is displayed on screen Element is present  xpath: //span[text()='automation-682046mu117xjpt']] <img src=D:\BuildPiper_Rahul\Reports\04Jan_122930\CreateBasicPipeLine_chrome\CreateBasicPipeLine_chrome_04_Jan_123251.jpg alt='Lamp' width='500' height='400'> Element : xpath: //span[text()='automation-682046mu117xjpt']]is displayed on screen Clicking on element selects service component under the env <img src=D:\BuildPiper_Rahul\Reports\04Jan_122930\CreateBasicPipeLine_chrome\CreateBasicPipeLine_chrome_04_Jan_123251.jpg alt='Lamp' width='500' height='400'> Element : xpath: //div[@class='btn btn-add'][text()='ADD']]is displayed on screen Clicking on element clicks add stage btn <img src=D:\BuildPiper_Rahul\Reports\04Jan_122930\CreateBasicPipeLine_chrome\CreateBasicPipeLine_chrome_04_Jan_123252.jpg alt='Lamp' width='500' height='400'> Element : xpath: //div[contains(@data-rbd-draggable-id,'stage-prod')]//div[@class='text-btn'][text()='Add New Job ']]is displayed on screen Element is present  xpath: //div[contains(@data-rbd-draggable-id,'stage-prod')]//div[@class='text-btn'][text()='Add New Job ']] <img src=D:\BuildPiper_Rahul\Reports\04Jan_122930\CreateBasicPipeLine_chrome\CreateBasicPipeLine_chrome_04_Jan_123252.jpg alt='Lamp' width='500' height='400'> Element : xpath: //div[contains(@data-rbd-draggable-id,'stage-prod')]//div[@class='text-btn'][text()='Add New Job ']]is displayed on screen Clicking on element clicks on new job <img src=D:\BuildPiper_Rahul\Reports\04Jan_122930\CreateBasicPipeLine_chrome\CreateBasicPipeLine_chrome_04_Jan_123253.jpg alt='Lamp' width='500' height='400'> Element : xpath: //span[text()='automation-682046mu117xjpt']]is displayed on screen Element is present  xpath: //span[text()='automation-682046mu117xjpt']] <img src=D:\BuildPiper_Rahul\Reports\04Jan_122930\CreateBasicPipeLine_chrome\CreateBasicPipeLine_chrome_04_Jan_123300.jpg alt='Lamp' width='500' height='400'> Element : xpath: //span[text()='automation-682046mu117xjpt']]is displayed on screen Clicking on element selects service component under the env <img src=D:\BuildPiper_Rahul\Reports\04Jan_122930\CreateBasicPipeLine_chrome\CreateBasicPipeLine_chrome_04_Jan_123301.jpg alt='Lamp' width='500' height='400'> Element : xpath: //div[@class='btn btn-add'][text()='ADD']]is displayed on screen Clicking on element clicks add stage btn <img src=D:\BuildPiper_Rahul\Reports\04Jan_122930\CreateBasicPipeLine_chrome\CreateBasicPipeLine_chrome_04_Jan_123301.jpg alt='Lamp' width='500' height='400'> Element : xpath: //button[contains(@class,'btn-save')]]is displayed on screen Element is present  xpath: //button[contains(@class,'btn-save')]] <img src=D:\BuildPiper_Rahul\Reports\04Jan_122930\CreateBasicPipeLine_chrome\CreateBasicPipeLine_chrome_04_Jan_123305.jpg alt='Lamp' width='500' height='400'> Element : xpath: //button[contains(@class,'btn-save')]]is displayed on screen Clicking on element clicks save workflow btn <img src=D:\BuildPiper_Rahul\Reports\04Jan_122930\CreateBasicPipeLine_chrome\CreateBasicPipeLine_chrome_04_Jan_123305.jpg alt='Lamp' width='500' height='400'> Element : xpath: //button//span[2][@class='flaticon-expand-arrow']/../..//li//span[contains(.,'Pipeline Overview')]]is displayed on screen Clicking on element Poc_QA pipelineOverviewLink <img src=D:\BuildPiper_Rahul\Reports\04Jan_122930\CreateBasicPipeLine_chrome\CreateBasicPipeLine_chrome_04_Jan_123315.jpg alt='Lamp' width='500' height='400'> Element : xpath: //div[@class='input-component']//input[@name='name' and @placeholder='Name']]is displayed on screen Element is present  xpath: //div[@class='input-component']//input[@name='name' and @placeholder='Name']] <img src=D:\BuildPiper_Rahul\Reports\04Jan_122930\CreateBasicPipeLine_chrome\CreateBasicPipeLine_chrome_04_Jan_123316.jpg alt='Lamp' width='500' height='400'> Element : xpath: //div[@class='input-component']//input[@name='name' and @placeholder='Name']]is displayed on screen Element : xpath: //a[contains(text(),'BasicPipeline')]]is displayed on screen Clicking on element clicks on pipeline hyperlink <img src=D:\BuildPiper_Rahul\Reports\04Jan_122930\CreateBasicPipeLine_chrome\CreateBasicPipeLine_chrome_04_Jan_123327.jpg alt='Lamp' width='500' height='400'> Element : xpath: //button[text()='Edit Basic Info ']]is displayed on screen Clicking on element clicks on edit pipeline info <img src=D:\BuildPiper_Rahul\Reports\04Jan_122930\CreateBasicPipeLine_chrome\CreateBasicPipeLine_chrome_04_Jan_123337.jpg alt='Lamp' width='500' height='400'> Element : xpath: //div[text()='Basic Info']]is displayed on screen Element is present  xpath: //div[text()='Basic Info']] <img src=D:\BuildPiper_Rahul\Reports\04Jan_122930\CreateBasicPipeLine_chrome\CreateBasicPipeLine_chrome_04_Jan_123337.jpg alt='Lamp' width='500' height='400'> Element : xpath: //button[@aria-label='close']]is displayed on screen Clicking on element clicks on close pipeline info <img src=D:\BuildPiper_Rahul\Reports\04Jan_122930\CreateBasicPipeLine_chrome\CreateBasicPipeLine_chrome_04_Jan_123337.jpg alt='Lamp' width='500' height='400'> Element : xpath: //button//span[2][@class='flaticon-expand-arrow']/../..//li//span[contains(.,'Pipeline Overview')]]is displayed on screen Clicking on element Poc_QA pipelineOverviewLink <img src=D:\BuildPiper_Rahul\Reports\04Jan_122930\CreateBasicPipeLine_chrome\CreateBasicPipeLine_chrome_04_Jan_123344.jpg alt='Lamp' width='500' height='400'> Element : xpath: //div[@class='input-component']//input[@name='name' and @placeholder='Name']]is displayed on screen Element is present  xpath: //div[@class='input-component']//input[@name='name' and @placeholder='Name']] <img src=D:\BuildPiper_Rahul\Reports\04Jan_122930\CreateBasicPipeLine_chrome\CreateBasicPipeLine_chrome_04_Jan_123344.jpg alt='Lamp' width='500' height='400'> Element : xpath: //div[@class='input-component']//input[@name='name' and @placeholder='Name']]is displayed on screen Element : xpath: //span[@title='Run Pipeline']/button]is displayed on screen Element is present  xpath: //span[@title='Run Pipeline']/button] <img src=D:\BuildPiper_Rahul\Reports\04Jan_122930\CreateBasicPipeLine_chrome\CreateBasicPipeLine_chrome_04_Jan_123351.jpg alt='Lamp' width='500' height='400'> Element : xpath: //span[@title='Run Pipeline']/button]is displayed on screen Clicking on element pipeline execution Start <img src=D:\BuildPiper_Rahul\Reports\04Jan_122930\CreateBasicPipeLine_chrome\CreateBasicPipeLine_chrome_04_Jan_123351.jpg alt='Lamp' width='500' height='400'> Element : xpath: //span[@title='Run Pipeline']/button]is displayed on screen Clicking on element pipeline execution Start <img src=D:\BuildPiper_Rahul\Reports\04Jan_122930\CreateBasicPipeLine_chrome\CreateBasicPipeLine_chrome_04_Jan_123353.jpg alt='Lamp' width='500' height='400'> Element : xpath: //a[contains(text(),'BasicPipeline')]]is displayed on screen Element is present  xpath: //a[contains(text(),'BasicPipeline')]] <img src=D:\BuildPiper_Rahul\Reports\04Jan_122930\CreateBasicPipeLine_chrome\CreateBasicPipeLine_chrome_04_Jan_123402.jpg alt='Lamp' width='500' height='400'> Element : xpath: //a[contains(text(),'BasicPipeline')]]is displayed on screen Clicking on element clicks pipeline hyperlink <img src=D:\BuildPiper_Rahul\Reports\04Jan_122930\CreateBasicPipeLine_chrome\CreateBasicPipeLine_chrome_04_Jan_123402.jpg alt='Lamp' width='500' height='400'> Element : xpath: //a[@title='view logs']]is displayed on screen Element is present  xpath: //a[@title='view logs']] <img src=D:\BuildPiper_Rahul\Reports\04Jan_122930\CreateBasicPipeLine_chrome\CreateBasicPipeLine_chrome_04_Jan_123404.jpg alt='Lamp' width='500' height='400'> Element : xpath: //a[@title='view logs']]is displayed on screen Clicking on element Poc_QA click on View Logs <img src=D:\BuildPiper_Rahul\Reports\04Jan_122930\CreateBasicPipeLine_chrome\CreateBasicPipeLine_chrome_04_Jan_123404.jpg alt='Lamp' width='500' height='400'> Result upload to testlink is disabled, Please ensure you have 'UpdateTestLink=Yes' in project.properties  ####### End of Test Case: CreateBasicPipeLine #######  </system-out>
</testsuite> <!-- com.buildpiper.testcases.BuildPiperTestcasesExecutionComprehensiveTests -->
