<?xml version="1.0" encoding="UTF-8"?>
<!-- Generated by org.testng.reporters.JUnitReportReporter -->
<testsuite hostname="DESKTOP-PTF1H2O" failures="1" tests="1" name="com.buildpiper.testcases.ServiceCreationTestcases" time="57.908" errors="0" timestamp="2023-12-15T17:52:54 IST" skipped="0">
  <testcase classname="com.buildpiper.testcases.ServiceCreationTestcases" name="HPAOtherDeploymentInfo" time="57.908">
    <failure message="expected [perfeasy-testing] but found [1]" type="java.lang.AssertionError">
      <![CDATA[java.lang.AssertionError: expected [perfeasy-testing] but found [1]
at org.testng.Assert.fail(Assert.java:97)
at org.testng.Assert.assertEqualsImpl(Assert.java:136)
at org.testng.Assert.assertEquals(Assert.java:118)
at org.testng.Assert.assertEquals(Assert.java:575)
at org.testng.Assert.assertEquals(Assert.java:585)
at com.buildpiper.pages.ServiceCreationPage.VerifyHPAMonitoring(ServiceCreationPage.java:1562)
at com.buildpiper.testcases.ServiceCreationTestcases.HPAOtherDeploymentInfo(ServiceCreationTestcases.java:172)
at java.base/jdk.internal.reflect.DirectMethodHandleAccessor.invoke(DirectMethodHandleAccessor.java:104)
at java.base/java.lang.reflect.Method.invoke(Method.java:578)
at org.testng.internal.MethodInvocationHelper.invokeMethod(MethodInvocationHelper.java:134)
at org.testng.internal.TestInvoker.invokeMethod(TestInvoker.java:597)
at org.testng.internal.TestInvoker.invokeTestMethod(TestInvoker.java:173)
at org.testng.internal.MethodRunner.runInSequence(MethodRunner.java:46)
at org.testng.internal.TestInvoker$MethodInvocationAgent.invoke(TestInvoker.java:816)
at org.testng.internal.TestInvoker.invokeTestMethods(TestInvoker.java:146)
at org.testng.internal.TestMethodWorker.invokeTestMethods(TestMethodWorker.java:146)
at org.testng.internal.TestMethodWorker.run(TestMethodWorker.java:128)
at java.base/java.util.ArrayList.forEach(ArrayList.java:1511)
at org.testng.TestRunner.privateRun(TestRunner.java:766)
at org.testng.TestRunner.run(TestRunner.java:587)
at org.testng.SuiteRunner.runTest(SuiteRunner.java:384)
at org.testng.SuiteRunner.runSequentially(SuiteRunner.java:378)
at org.testng.SuiteRunner.privateRun(SuiteRunner.java:337)
at org.testng.SuiteRunner.run(SuiteRunner.java:286)
at org.testng.SuiteRunnerWorker.runSuite(SuiteRunnerWorker.java:53)
at org.testng.SuiteRunnerWorker.run(SuiteRunnerWorker.java:96)
at org.testng.TestNG.runSuitesSequentially(TestNG.java:1187)
at org.testng.TestNG.runSuitesLocally(TestNG.java:1109)
at org.testng.TestNG.runSuites(TestNG.java:1039)
at org.testng.TestNG.run(TestNG.java:1007)
at org.testng.remote.AbstractRemoteTestNG.run(AbstractRemoteTestNG.java:115)
at org.testng.remote.RemoteTestNG.initAndRun(RemoteTestNG.java:251)
at org.testng.remote.RemoteTestNG.main(RemoteTestNG.java:77)
]]>
    </failure>
  </testcase> <!-- HPAOtherDeploymentInfo -->
  <system-out>
checking if driver exist <img src=D:\BuildPiper_Rahul\Reports\15Dec_175155\HPAOtherDeploymentInfo_chrome\HPAOtherDeploymentInfo_chrome_349_Dec_175208.jpg alt='Lamp' width='500' height='400'> checking if driver exist <img src=D:\BuildPiper_Rahul\Reports\15Dec_175155\HPAOtherDeploymentInfo_chrome\HPAOtherDeploymentInfo_chrome_349_Dec_175209.jpg alt='Lamp' width='500' height='400'> Element : xpath: //button[@type='button' and @aria-controls='menu-appbar']//div//div]is displayed on screen Clicking on element userMenuAppBar <img src=D:\BuildPiper_Rahul\Reports\15Dec_175155\HPAOtherDeploymentInfo_chrome\HPAOtherDeploymentInfo_chrome_349_Dec_175209.jpg alt='Lamp' width='500' height='400'> Element : xpath: //button[contains(@class,'btn-link-green')][text()=' Switch to User Portal']]is displayed on screen Clicking on element switching to user account <img src=D:\BuildPiper_Rahul\Reports\15Dec_175155\HPAOtherDeploymentInfo_chrome\HPAOtherDeploymentInfo_chrome_349_Dec_175209.jpg alt='Lamp' width='500' height='400'> Element : xpath: //li//button[contains(@class,'main-nav-1')]//span[1][@title]]is displayed on screen Element is present  xpath: //li//button[contains(@class,'main-nav-1')]//span[1][@title]] <img src=D:\BuildPiper_Rahul\Reports\15Dec_175155\HPAOtherDeploymentInfo_chrome\HPAOtherDeploymentInfo_chrome_349_Dec_175215.jpg alt='Lamp' width='500' height='400'> Element : xpath: //button//span[2][@class='flaticon-expand-arrow']/../..//div//span[@title='Service Overview']]is displayed on screen Element is present  xpath: //button//span[2][@class='flaticon-expand-arrow']/../..//div//span[@title='Service Overview']] <img src=D:\BuildPiper_Rahul\Reports\15Dec_175155\HPAOtherDeploymentInfo_chrome\HPAOtherDeploymentInfo_chrome_349_Dec_175215.jpg alt='Lamp' width='500' height='400'> Element : xpath: //button//span[2][@class='flaticon-expand-arrow']/../..//div//span[@title='Service Overview']]is displayed on screen Clicking on element Poc_QA serviceOverviewLink <img src=D:\BuildPiper_Rahul\Reports\15Dec_175155\HPAOtherDeploymentInfo_chrome\HPAOtherDeploymentInfo_chrome_349_Dec_175215.jpg alt='Lamp' width='500' height='400'> Element : xpath: //input[@placeholder='Name']]is displayed on screen Element is present  xpath: //input[@placeholder='Name']] <img src=D:\BuildPiper_Rahul\Reports\15Dec_175155\HPAOtherDeploymentInfo_chrome\HPAOtherDeploymentInfo_chrome_349_Dec_175219.jpg alt='Lamp' width='500' height='400'> Element : xpath: //input[@placeholder='Name']]is displayed on screen Clicking on element clicks on environment overview tab under applicartion name <img src=D:\BuildPiper_Rahul\Reports\15Dec_175155\HPAOtherDeploymentInfo_chrome\HPAOtherDeploymentInfo_chrome_349_Dec_175219.jpg alt='Lamp' width='500' height='400'> Element : xpath: //input[@placeholder='Name']]is displayed on screen Element : xpath: //div[contains(@class,'service-name')]//a[contains(@href,'service')]]is displayed on screen Clicking on element Service Link <img src=D:\BuildPiper_Rahul\Reports\15Dec_175155\HPAOtherDeploymentInfo_chrome\HPAOtherDeploymentInfo_chrome_349_Dec_175223.jpg alt='Lamp' width='500' height='400'> Element : xpath: //*[text()='Env Deploy Details']]is displayed on screen Element is present  xpath: //*[text()='Env Deploy Details']] <img src=D:\BuildPiper_Rahul\Reports\15Dec_175155\HPAOtherDeploymentInfo_chrome\HPAOtherDeploymentInfo_chrome_349_Dec_175226.jpg alt='Lamp' width='500' height='400'> Element : xpath: //*[text()='Env Deploy Details']]is displayed on screen Clicking on element validateDeployDetails <img src=D:\BuildPiper_Rahul\Reports\15Dec_175155\HPAOtherDeploymentInfo_chrome\HPAOtherDeploymentInfo_chrome_349_Dec_175226.jpg alt='Lamp' width='500' height='400'> Element : xpath: //*[text()='Other Deployment Info']]is displayed on screen Clicking on element otherDeploymentInfo <img src=D:\BuildPiper_Rahul\Reports\15Dec_175155\HPAOtherDeploymentInfo_chrome\HPAOtherDeploymentInfo_chrome_349_Dec_175228.jpg alt='Lamp' width='500' height='400'> Element : xpath: //div[@class='btn-group btn-icon-group ml-auto d-inline-block']/button[@class='btn btn-flaticon'][2]]is displayed on screen Element is present  xpath: //div[@class='btn-group btn-icon-group ml-auto d-inline-block']/button[@class='btn btn-flaticon'][2]] <img src=D:\BuildPiper_Rahul\Reports\15Dec_175155\HPAOtherDeploymentInfo_chrome\HPAOtherDeploymentInfo_chrome_349_Dec_175232.jpg alt='Lamp' width='500' height='400'> Element : xpath: //div[@class='btn-group btn-icon-group ml-auto d-inline-block']/button[@class='btn btn-flaticon'][2]]is displayed on screen  Element [[ChromeDriver: chrome on WINDOWS (a238fcc4f433f843befb0d50edebbdba)] -> xpath: //div[@class='btn-group btn-icon-group ml-auto d-inline-block']/button[@class='btn btn-flaticon'][2]] is not clickable using selenium click <img src=D:\BuildPiper_Rahul\Reports\15Dec_175155\HPAOtherDeploymentInfo_chrome\HPAOtherDeploymentInfo_chrome_349_Dec_175233.jpg alt='Lamp' width='500' height='400'> Clicking on element editHPA <img src=D:\BuildPiper_Rahul\Reports\15Dec_175155\HPAOtherDeploymentInfo_chrome\HPAOtherDeploymentInfo_chrome_349_Dec_175233.jpg alt='Lamp' width='500' height='400'> Element : xpath: //input[@placeholder='HPA Name']]is displayed on screen Element is present  xpath: //input[@placeholder='HPA Name']] <img src=D:\BuildPiper_Rahul\Reports\15Dec_175155\HPAOtherDeploymentInfo_chrome\HPAOtherDeploymentInfo_chrome_349_Dec_175235.jpg alt='Lamp' width='500' height='400'> Element : xpath: //input[@placeholder='HPA Name']]is displayed on screen Element : xpath: //input[@name='minimum_replication']]is displayed on screen Element : xpath: //input[@name='maximum_replication']]is displayed on screen Element : xpath: (//input[@class='range-slider-input'])[1]]is displayed on screen Element : xpath: (//input[@class='range-slider-input'])[2]]is displayed on screen Element : xpath: //*[text()='Save']]is displayed on screen Clicking on element saveHPA <img src=D:\BuildPiper_Rahul\Reports\15Dec_175155\HPAOtherDeploymentInfo_chrome\HPAOtherDeploymentInfo_chrome_349_Dec_175241.jpg alt='Lamp' width='500' height='400'> Element : xpath: //button//span[2][@class='flaticon-expand-arrow']/../..//div//span[@title='Service Overview']]is displayed on screen Element is present  xpath: //button//span[2][@class='flaticon-expand-arrow']/../..//div//span[@title='Service Overview']] <img src=D:\BuildPiper_Rahul\Reports\15Dec_175155\HPAOtherDeploymentInfo_chrome\HPAOtherDeploymentInfo_chrome_349_Dec_175245.jpg alt='Lamp' width='500' height='400'> Element : xpath: //button//span[2][@class='flaticon-expand-arrow']/../..//div//span[@title='Service Overview']]is displayed on screen Clicking on element Poc_QA serviceOverviewLink <img src=D:\BuildPiper_Rahul\Reports\15Dec_175155\HPAOtherDeploymentInfo_chrome\HPAOtherDeploymentInfo_chrome_349_Dec_175245.jpg alt='Lamp' width='500' height='400'> Element : xpath: //input[@placeholder='Name']]is displayed on screen Element is present  xpath: //input[@placeholder='Name']] <img src=D:\BuildPiper_Rahul\Reports\15Dec_175155\HPAOtherDeploymentInfo_chrome\HPAOtherDeploymentInfo_chrome_349_Dec_175246.jpg alt='Lamp' width='500' height='400'> Element : xpath: //input[@placeholder='Name']]is displayed on screen  Element [[ChromeDriver: chrome on WINDOWS (a238fcc4f433f843befb0d50edebbdba)] -> xpath: //input[@placeholder='Name']] is not clickable using selenium click <img src=D:\BuildPiper_Rahul\Reports\15Dec_175155\HPAOtherDeploymentInfo_chrome\HPAOtherDeploymentInfo_chrome_349_Dec_175248.jpg alt='Lamp' width='500' height='400'> Clicking on element clicks on environment overview tab under applicartion name <img src=D:\BuildPiper_Rahul\Reports\15Dec_175155\HPAOtherDeploymentInfo_chrome\HPAOtherDeploymentInfo_chrome_349_Dec_175248.jpg alt='Lamp' width='500' height='400'> Element : xpath: //input[@placeholder='Name']]is displayed on screen Element : xpath: //button[@title='Monitoring']]is displayed on screen  Element [[ChromeDriver: chrome on WINDOWS (a238fcc4f433f843befb0d50edebbdba)] -> xpath: //button[@title='Monitoring']] is not clickable using selenium click <img src=D:\BuildPiper_Rahul\Reports\15Dec_175155\HPAOtherDeploymentInfo_chrome\HPAOtherDeploymentInfo_chrome_349_Dec_175251.jpg alt='Lamp' width='500' height='400'> Clicking on element monitoring <img src=D:\BuildPiper_Rahul\Reports\15Dec_175155\HPAOtherDeploymentInfo_chrome\HPAOtherDeploymentInfo_chrome_349_Dec_175252.jpg alt='Lamp' width='500' height='400'> Result upload to testlink is disabled, Please ensure you have 'UpdateTestLink=Yes' in project.properties  ####### End of Test Case: HPAOtherDeploymentInfo #######  </system-out>
</testsuite> <!-- com.buildpiper.testcases.ServiceCreationTestcases -->
