<?xml version="1.0" encoding="UTF-8"?>
<!-- Generated by org.testng.reporters.JUnitReportReporter -->
<testsuite hostname="DESKTOP-PTF1H2O" failures="0" tests="1" name="com.buildpiper.testcases.ServiceCreationComprehensiveTestCases" time="172.574" errors="0" timestamp="2023-10-31T19:04:57 IST" skipped="0">
  <testcase classname="com.buildpiper.testcases.ServiceCreationComprehensiveTestCases" name="serviceOverview_TriggerBuild_Cache" time="172.574"/>
  <system-out>
checking if driver exist Open URL:http://122.160.30.218:16680/ <img src=D:\buildpiper\BP-3.1MajorRelease\Reports\31Oct_190118\serviceOverview_TriggerBuild_Cache_chrome\serviceOverview_TriggerBuild_Cache_chrome_304_Oct_190122.jpg alt='Lamp' width='500' height='400'> Executing; ui_launch Element : name: email]is displayed on screen Setting value on element USER_NAME <img src=D:\buildpiper\BP-3.1MajorRelease\Reports\31Oct_190118\serviceOverview_TriggerBuild_Cache_chrome\serviceOverview_TriggerBuild_Cache_chrome_304_Oct_190124.jpg alt='Lamp' width='500' height='400'> Element : name: password]is displayed on screen Setting value on element PASSWORD <img src=D:\buildpiper\BP-3.1MajorRelease\Reports\31Oct_190118\serviceOverview_TriggerBuild_Cache_chrome\serviceOverview_TriggerBuild_Cache_chrome_304_Oct_190124.jpg alt='Lamp' width='500' height='400'> Element : xpath: //button[@type='submit']]is displayed on screen Clicking on element LOGIN_BTN <img src=D:\buildpiper\BP-3.1MajorRelease\Reports\31Oct_190118\serviceOverview_TriggerBuild_Cache_chrome\serviceOverview_TriggerBuild_Cache_chrome_304_Oct_190125.jpg alt='Lamp' width='500' height='400'> Successful navigation is validated for LoginPage checking if driver exist <img src=D:\buildpiper\BP-3.1MajorRelease\Reports\31Oct_190118\serviceOverview_TriggerBuild_Cache_chrome\serviceOverview_TriggerBuild_Cache_chrome_304_Oct_190126.jpg alt='Lamp' width='500' height='400'> checking if driver exist <img src=D:\buildpiper\BP-3.1MajorRelease\Reports\31Oct_190118\serviceOverview_TriggerBuild_Cache_chrome\serviceOverview_TriggerBuild_Cache_chrome_304_Oct_190126.jpg alt='Lamp' width='500' height='400'> Element : xpath: //button[@type='button' and @aria-controls='menu-appbar']//div//div]is displayed on screen Clicking on element userMenuAppBar <img src=D:\buildpiper\BP-3.1MajorRelease\Reports\31Oct_190118\serviceOverview_TriggerBuild_Cache_chrome\serviceOverview_TriggerBuild_Cache_chrome_304_Oct_190126.jpg alt='Lamp' width='500' height='400'> Element : xpath: //button[contains(@class,'btn-link-green')][text()=' Switch to User Portal']]is displayed on screen Clicking on element switching to user account <img src=D:\buildpiper\BP-3.1MajorRelease\Reports\31Oct_190118\serviceOverview_TriggerBuild_Cache_chrome\serviceOverview_TriggerBuild_Cache_chrome_304_Oct_190126.jpg alt='Lamp' width='500' height='400'> checking if driver exist <img src=D:\buildpiper\BP-3.1MajorRelease\Reports\31Oct_190118\serviceOverview_TriggerBuild_Cache_chrome\serviceOverview_TriggerBuild_Cache_chrome_304_Oct_190127.jpg alt='Lamp' width='500' height='400'> Element : xpath: //li//button[contains(@class,'main-nav-1')]//span[1][@title]]is displayed on screen Element is present  xpath: //li//button[contains(@class,'main-nav-1')]//span[1][@title]] <img src=D:\buildpiper\BP-3.1MajorRelease\Reports\31Oct_190118\serviceOverview_TriggerBuild_Cache_chrome\serviceOverview_TriggerBuild_Cache_chrome_304_Oct_190132.jpg alt='Lamp' width='500' height='400'> Element : xpath: //button//span[2][@class='flaticon-expand-arrow']/../..//div//span[@title='Service Overview']]is displayed on screen Clicking on element Poc_QA serviceOverviewLink <img src=D:\buildpiper\BP-3.1MajorRelease\Reports\31Oct_190118\serviceOverview_TriggerBuild_Cache_chrome\serviceOverview_TriggerBuild_Cache_chrome_304_Oct_190132.jpg alt='Lamp' width='500' height='400'> Element : xpath: //a[@class='btn btn-submit']]is displayed on screen Element is present  xpath: //a[@class='btn btn-submit']] <img src=D:\buildpiper\BP-3.1MajorRelease\Reports\31Oct_190118\serviceOverview_TriggerBuild_Cache_chrome\serviceOverview_TriggerBuild_Cache_chrome_304_Oct_190133.jpg alt='Lamp' width='500' height='400'> Element : xpath: //a[@class='btn btn-submit']]is displayed on screen Clicking on element Poc_QA addServiceBtn <img src=D:\buildpiper\BP-3.1MajorRelease\Reports\31Oct_190118\serviceOverview_TriggerBuild_Cache_chrome\serviceOverview_TriggerBuild_Cache_chrome_304_Oct_190133.jpg alt='Lamp' width='500' height='400'> Element : xpath: //h1[@class='main-heading']]is displayed on screen Element is present  xpath: //h1[@class='main-heading']] <img src=D:\buildpiper\BP-3.1MajorRelease\Reports\31Oct_190118\serviceOverview_TriggerBuild_Cache_chrome\serviceOverview_TriggerBuild_Cache_chrome_304_Oct_190133.jpg alt='Lamp' width='500' height='400'> Element : xpath: //p[(@class='hint-text-main-heading')]]is displayed on screen Element is present  xpath: //p[(@class='hint-text-main-heading')]] <img src=D:\buildpiper\BP-3.1MajorRelease\Reports\31Oct_190118\serviceOverview_TriggerBuild_Cache_chrome\serviceOverview_TriggerBuild_Cache_chrome_304_Oct_190134.jpg alt='Lamp' width='500' height='400'> Element : xpath: //input[@placeholder='demo-app']]is displayed on screen Setting value on element sets service name <img src=D:\buildpiper\BP-3.1MajorRelease\Reports\31Oct_190118\serviceOverview_TriggerBuild_Cache_chrome\serviceOverview_TriggerBuild_Cache_chrome_304_Oct_190134.jpg alt='Lamp' width='500' height='400'> Element : xpath: //input[@placeholder='Sample-Service']]is displayed on screen Setting value on element sets external name <img src=D:\buildpiper\BP-3.1MajorRelease\Reports\31Oct_190118\serviceOverview_TriggerBuild_Cache_chrome\serviceOverview_TriggerBuild_Cache_chrome_304_Oct_190134.jpg alt='Lamp' width='500' height='400'> Element : xpath: //span[contains(.,'Build for every environment')]]is displayed on screen Clicking on element Poc_QA selectEveryRadioBtn <img src=D:\buildpiper\BP-3.1MajorRelease\Reports\31Oct_190118\serviceOverview_TriggerBuild_Cache_chrome\serviceOverview_TriggerBuild_Cache_chrome_304_Oct_190135.jpg alt='Lamp' width='500' height='400'> Element : xpath: //button[@class='btn btn-submit']]is displayed on screen Clicking on element Poc_QA SubmitCreatePage <img src=D:\buildpiper\BP-3.1MajorRelease\Reports\31Oct_190118\serviceOverview_TriggerBuild_Cache_chrome\serviceOverview_TriggerBuild_Cache_chrome_304_Oct_190135.jpg alt='Lamp' width='500' height='400'> Element : xpath: //h1[@class='h1' and contains(.,'Create a Environment')]]is displayed on screen Element is present  xpath: //h1[@class='h1' and contains(.,'Create a Environment')]] <img src=D:\buildpiper\BP-3.1MajorRelease\Reports\31Oct_190118\serviceOverview_TriggerBuild_Cache_chrome\serviceOverview_TriggerBuild_Cache_chrome_304_Oct_190135.jpg alt='Lamp' width='500' height='400'> Element : xpath: //div[@class='staticwrap-inner']]is displayed on screen Element is present  xpath: //div[@class='staticwrap-inner']] <img src=D:\buildpiper\BP-3.1MajorRelease\Reports\31Oct_190118\serviceOverview_TriggerBuild_Cache_chrome\serviceOverview_TriggerBuild_Cache_chrome_304_Oct_190135.jpg alt='Lamp' width='500' height='400'> Element : xpath: //select[@name='env_id']]is displayed on screen Element is present  xpath: //select[@name='env_id']] <img src=D:\buildpiper\BP-3.1MajorRelease\Reports\31Oct_190118\serviceOverview_TriggerBuild_Cache_chrome\serviceOverview_TriggerBuild_Cache_chrome_304_Oct_190136.jpg alt='Lamp' width='500' height='400'> Element : xpath: //button[@class='btn btn-submit']]is displayed on screen Element is present  xpath: //button[@class='btn btn-submit']] <img src=D:\buildpiper\BP-3.1MajorRelease\Reports\31Oct_190118\serviceOverview_TriggerBuild_Cache_chrome\serviceOverview_TriggerBuild_Cache_chrome_304_Oct_190136.jpg alt='Lamp' width='500' height='400'> Element : xpath: //button[@class='btn btn-submit']]is displayed on screen Clicking on element Poc_QA SubmitEnvPage <img src=D:\buildpiper\BP-3.1MajorRelease\Reports\31Oct_190118\serviceOverview_TriggerBuild_Cache_chrome\serviceOverview_TriggerBuild_Cache_chrome_304_Oct_190136.jpg alt='Lamp' width='500' height='400'> Element : xpath: //div[@class='font-27 font-family-nunito font-weight-300 lh-12 mr-5']]is displayed on screen Element is present  xpath: //div[@class='font-27 font-family-nunito font-weight-300 lh-12 mr-5']] <img src=D:\buildpiper\BP-3.1MajorRelease\Reports\31Oct_190118\serviceOverview_TriggerBuild_Cache_chrome\serviceOverview_TriggerBuild_Cache_chrome_304_Oct_190137.jpg alt='Lamp' width='500' height='400'> Element : xpath: //span[contains(text(),'Project:')]]is displayed on screen Element is present  xpath: //span[contains(text(),'Project:')]] <img src=D:\buildpiper\BP-3.1MajorRelease\Reports\31Oct_190118\serviceOverview_TriggerBuild_Cache_chrome\serviceOverview_TriggerBuild_Cache_chrome_304_Oct_190137.jpg alt='Lamp' width='500' height='400'> Element : xpath: //*[text()='Env Build Details']]is displayed on screen Element is present  xpath: //*[text()='Env Build Details']] <img src=D:\buildpiper\BP-3.1MajorRelease\Reports\31Oct_190118\serviceOverview_TriggerBuild_Cache_chrome\serviceOverview_TriggerBuild_Cache_chrome_304_Oct_190138.jpg alt='Lamp' width='500' height='400'> Element : xpath: //*[text()='Env Build Details']]is displayed on screen Clicking on element Poc_QA validateBuildDetails <img src=D:\buildpiper\BP-3.1MajorRelease\Reports\31Oct_190118\serviceOverview_TriggerBuild_Cache_chrome\serviceOverview_TriggerBuild_Cache_chrome_304_Oct_190138.jpg alt='Lamp' width='500' height='400'> Element : xpath: //p[@class='main-text mb-10']]is displayed on screen Element is present  xpath: //p[@class='main-text mb-10']] <img src=D:\buildpiper\BP-3.1MajorRelease\Reports\31Oct_190118\serviceOverview_TriggerBuild_Cache_chrome\serviceOverview_TriggerBuild_Cache_chrome_304_Oct_190138.jpg alt='Lamp' width='500' height='400'> Element : xpath: //span[@class='sub-text mb-10']]is displayed on screen Element is present  xpath: //span[@class='sub-text mb-10']] <img src=D:\buildpiper\BP-3.1MajorRelease\Reports\31Oct_190118\serviceOverview_TriggerBuild_Cache_chrome\serviceOverview_TriggerBuild_Cache_chrome_304_Oct_190138.jpg alt='Lamp' width='500' height='400'> Element : xpath: //*[text()='Env Deploy Details']]is displayed on screen Element is present  xpath: //*[text()='Env Deploy Details']] <img src=D:\buildpiper\BP-3.1MajorRelease\Reports\31Oct_190118\serviceOverview_TriggerBuild_Cache_chrome\serviceOverview_TriggerBuild_Cache_chrome_304_Oct_190138.jpg alt='Lamp' width='500' height='400'> Element : xpath: //*[text()='Env Deploy Details']]is displayed on screen Clicking on element Poc_QA validateDeployDetails <img src=D:\buildpiper\BP-3.1MajorRelease\Reports\31Oct_190118\serviceOverview_TriggerBuild_Cache_chrome\serviceOverview_TriggerBuild_Cache_chrome_304_Oct_190139.jpg alt='Lamp' width='500' height='400'> Element : xpath: //p[@class='main-text mb-10']]is displayed on screen Element is present  xpath: //p[@class='main-text mb-10']] <img src=D:\buildpiper\BP-3.1MajorRelease\Reports\31Oct_190118\serviceOverview_TriggerBuild_Cache_chrome\serviceOverview_TriggerBuild_Cache_chrome_304_Oct_190139.jpg alt='Lamp' width='500' height='400'> Element : xpath: //span[@class='sub-text mb-10']]is displayed on screen Element is present  xpath: //span[@class='sub-text mb-10']] <img src=D:\buildpiper\BP-3.1MajorRelease\Reports\31Oct_190118\serviceOverview_TriggerBuild_Cache_chrome\serviceOverview_TriggerBuild_Cache_chrome_304_Oct_190139.jpg alt='Lamp' width='500' height='400'> Element : xpath: //*[text()='To have a very smooth configuration we strongly recommend BuildPiper UI.']]is displayed on screen Element is present  xpath: //*[text()='To have a very smooth configuration we strongly recommend BuildPiper UI.']] <img src=D:\buildpiper\BP-3.1MajorRelease\Reports\31Oct_190118\serviceOverview_TriggerBuild_Cache_chrome\serviceOverview_TriggerBuild_Cache_chrome_304_Oct_190139.jpg alt='Lamp' width='500' height='400'> Element : xpath: //*[text()='you can also configure the CD by uploading your custom manifest file.']]is displayed on screen Element is present  xpath: //*[text()='you can also configure the CD by uploading your custom manifest file.']] <img src=D:\buildpiper\BP-3.1MajorRelease\Reports\31Oct_190118\serviceOverview_TriggerBuild_Cache_chrome\serviceOverview_TriggerBuild_Cache_chrome_304_Oct_190140.jpg alt='Lamp' width='500' height='400'> checking if driver exist <img src=D:\buildpiper\BP-3.1MajorRelease\Reports\31Oct_190118\serviceOverview_TriggerBuild_Cache_chrome\serviceOverview_TriggerBuild_Cache_chrome_304_Oct_190140.jpg alt='Lamp' width='500' height='400'> Element : xpath: //*[text()='Env Build Details']]is displayed on screen Element is present  xpath: //*[text()='Env Build Details']] <img src=D:\buildpiper\BP-3.1MajorRelease\Reports\31Oct_190118\serviceOverview_TriggerBuild_Cache_chrome\serviceOverview_TriggerBuild_Cache_chrome_304_Oct_190140.jpg alt='Lamp' width='500' height='400'> Element : xpath: //*[text()='Env Build Details']]is displayed on screen Clicking on element Poc_QA validateBuildDetails <img src=D:\buildpiper\BP-3.1MajorRelease\Reports\31Oct_190118\serviceOverview_TriggerBuild_Cache_chrome\serviceOverview_TriggerBuild_Cache_chrome_304_Oct_190140.jpg alt='Lamp' width='500' height='400'> Element : xpath: //*[text()='Configure Build']]is displayed on screen Element is present  xpath: //*[text()='Configure Build']] <img src=D:\buildpiper\BP-3.1MajorRelease\Reports\31Oct_190118\serviceOverview_TriggerBuild_Cache_chrome\serviceOverview_TriggerBuild_Cache_chrome_304_Oct_190140.jpg alt='Lamp' width='500' height='400'> Element : xpath: //*[text()='Configure Build']]is displayed on screen Clicking on element Poc_QA clickConfigBuild <img src=D:\buildpiper\BP-3.1MajorRelease\Reports\31Oct_190118\serviceOverview_TriggerBuild_Cache_chrome\serviceOverview_TriggerBuild_Cache_chrome_304_Oct_190141.jpg alt='Lamp' width='500' height='400'> Element : xpath: //div[@class='md-step-circle current']]is displayed on screen Element is present  xpath: //div[@class='md-step-circle current']] <img src=D:\buildpiper\BP-3.1MajorRelease\Reports\31Oct_190118\serviceOverview_TriggerBuild_Cache_chrome\serviceOverview_TriggerBuild_Cache_chrome_304_Oct_190144.jpg alt='Lamp' width='500' height='400'> Element : xpath: //h4[@class='mainHeading']]is displayed on screen Element is present  xpath: //h4[@class='mainHeading']] <img src=D:\buildpiper\BP-3.1MajorRelease\Reports\31Oct_190118\serviceOverview_TriggerBuild_Cache_chrome\serviceOverview_TriggerBuild_Cache_chrome_304_Oct_190144.jpg alt='Lamp' width='500' height='400'> Element : xpath: //*[text()='Please Select the Git URL']]is displayed on screen Element is present  xpath: //*[text()='Please Select the Git URL']] <img src=D:\buildpiper\BP-3.1MajorRelease\Reports\31Oct_190118\serviceOverview_TriggerBuild_Cache_chrome\serviceOverview_TriggerBuild_Cache_chrome_304_Oct_190144.jpg alt='Lamp' width='500' height='400'> Element : xpath: //div[@class='MuiInputBase-root MuiOutlinedInput-root MuiAutocomplete-inputRoot MuiInputBase-fullWidth MuiInputBase-formControl MuiInputBase-adornedEnd MuiOutlinedInput-adornedEnd']]is displayed on screen Element is present  xpath: //div[@class='MuiInputBase-root MuiOutlinedInput-root MuiAutocomplete-inputRoot MuiInputBase-fullWidth MuiInputBase-formControl MuiInputBase-adornedEnd MuiOutlinedInput-adornedEnd']] <img src=D:\buildpiper\BP-3.1MajorRelease\Reports\31Oct_190118\serviceOverview_TriggerBuild_Cache_chrome\serviceOverview_TriggerBuild_Cache_chrome_304_Oct_190145.jpg alt='Lamp' width='500' height='400'> Element : xpath: //input[@name='git_url']]is displayed on screen Clicking on element Poc_QA gitUrlInputField <img src=D:\buildpiper\BP-3.1MajorRelease\Reports\31Oct_190118\serviceOverview_TriggerBuild_Cache_chrome\serviceOverview_TriggerBuild_Cache_chrome_304_Oct_190145.jpg alt='Lamp' width='500' height='400'> Element : xpath: //button[@title='Clear']]is displayed on screen Clicking on element ClicksclearField <img src=D:\buildpiper\BP-3.1MajorRelease\Reports\31Oct_190118\serviceOverview_TriggerBuild_Cache_chrome\serviceOverview_TriggerBuild_Cache_chrome_304_Oct_190150.jpg alt='Lamp' width='500' height='400'> Element : xpath: //input[@name='git_url']]is displayed on screen Element : xpath: //*[text()='Load Branches']]is displayed on screen Element is present  xpath: //*[text()='Load Branches']] <img src=D:\buildpiper\BP-3.1MajorRelease\Reports\31Oct_190118\serviceOverview_TriggerBuild_Cache_chrome\serviceOverview_TriggerBuild_Cache_chrome_304_Oct_190200.jpg alt='Lamp' width='500' height='400'> Element : xpath: //*[text()='Load Branches']]is displayed on screen Clicking on element Poc_QA loadBranchesBtn <img src=D:\buildpiper\BP-3.1MajorRelease\Reports\31Oct_190118\serviceOverview_TriggerBuild_Cache_chrome\serviceOverview_TriggerBuild_Cache_chrome_304_Oct_190200.jpg alt='Lamp' width='500' height='400'> Element : xpath: //input[@name='file_paths']]is displayed on screen Element : xpath: //input[@name='file_paths_build_context']]is displayed on screen Element : xpath: //*[text()='Advance Configurations']]is displayed on screen Element is present  xpath: //*[text()='Advance Configurations']] <img src=D:\buildpiper\BP-3.1MajorRelease\Reports\31Oct_190118\serviceOverview_TriggerBuild_Cache_chrome\serviceOverview_TriggerBuild_Cache_chrome_304_Oct_190214.jpg alt='Lamp' width='500' height='400'> Element : xpath: //button[text()='Continue']]is displayed on screen Clicking on element Poc_QA clickContinueBtn <img src=D:\buildpiper\BP-3.1MajorRelease\Reports\31Oct_190118\serviceOverview_TriggerBuild_Cache_chrome\serviceOverview_TriggerBuild_Cache_chrome_304_Oct_190214.jpg alt='Lamp' width='500' height='400'> Element : xpath: //h4[@class='mainHeading']]is displayed on screen Element is present  xpath: //h4[@class='mainHeading']] <img src=D:\buildpiper\BP-3.1MajorRelease\Reports\31Oct_190118\serviceOverview_TriggerBuild_Cache_chrome\serviceOverview_TriggerBuild_Cache_chrome_304_Oct_190219.jpg alt='Lamp' width='500' height='400'> Element : xpath: //*[text()='Build Env Details']]is displayed on screen Element is present  xpath: //*[text()='Build Env Details']] <img src=D:\buildpiper\BP-3.1MajorRelease\Reports\31Oct_190118\serviceOverview_TriggerBuild_Cache_chrome\serviceOverview_TriggerBuild_Cache_chrome_304_Oct_190219.jpg alt='Lamp' width='500' height='400'> Element : xpath: //span[@class='switch-label'][@data-on]]is displayed on screen Clicking on element Poc_QA envDetailsSwitch <img src=D:\buildpiper\BP-3.1MajorRelease\Reports\31Oct_190118\serviceOverview_TriggerBuild_Cache_chrome\serviceOverview_TriggerBuild_Cache_chrome_304_Oct_190220.jpg alt='Lamp' width='500' height='400'> Element : xpath: //input[@name='key']]is displayed on screen Setting value on element Poc_QA envName <img src=D:\buildpiper\BP-3.1MajorRelease\Reports\31Oct_190118\serviceOverview_TriggerBuild_Cache_chrome\serviceOverview_TriggerBuild_Cache_chrome_304_Oct_190220.jpg alt='Lamp' width='500' height='400'> Element : xpath: //input[@name='value']]is displayed on screen Setting value on element Poc_QA envValue <img src=D:\buildpiper\BP-3.1MajorRelease\Reports\31Oct_190118\serviceOverview_TriggerBuild_Cache_chrome\serviceOverview_TriggerBuild_Cache_chrome_304_Oct_190220.jpg alt='Lamp' width='500' height='400'> Element : xpath: //button[text()='Continue']]is displayed on screen Clicking on element Poc_QA clickContinueBtn <img src=D:\buildpiper\BP-3.1MajorRelease\Reports\31Oct_190118\serviceOverview_TriggerBuild_Cache_chrome\serviceOverview_TriggerBuild_Cache_chrome_304_Oct_190220.jpg alt='Lamp' width='500' height='400'> Element : xpath: //input[@name='pre_hook_enabled']/../span[@class='switch-handle']]is displayed on screen Clicking on element Poc_QA preHooksSwitch <img src=D:\buildpiper\BP-3.1MajorRelease\Reports\31Oct_190118\serviceOverview_TriggerBuild_Cache_chrome\serviceOverview_TriggerBuild_Cache_chrome_304_Oct_190221.jpg alt='Lamp' width='500' height='400'> Element : xpath: //p[contains(.,'Add Pre Hook')]/../../..//input[@placeholder='Run Command' and string-length(@value)=0]]is displayed on screen Setting value on element Poc_QA preHooksPasswordBox1 <img src=D:\buildpiper\BP-3.1MajorRelease\Reports\31Oct_190118\serviceOverview_TriggerBuild_Cache_chrome\serviceOverview_TriggerBuild_Cache_chrome_304_Oct_190221.jpg alt='Lamp' width='500' height='400'> Element : xpath: //button[@class='nowrap']]is displayed on screen Clicking on element clicks on add New Hook <img src=D:\buildpiper\BP-3.1MajorRelease\Reports\31Oct_190118\serviceOverview_TriggerBuild_Cache_chrome\serviceOverview_TriggerBuild_Cache_chrome_304_Oct_190221.jpg alt='Lamp' width='500' height='400'> Element : xpath: //p[contains(.,'Add Pre Hook')]/../../..//input[@placeholder='Run Command' and string-length(@value)=0]]is displayed on screen Setting value on element Poc_QA preHooksPasswordBox2 <img src=D:\buildpiper\BP-3.1MajorRelease\Reports\31Oct_190118\serviceOverview_TriggerBuild_Cache_chrome\serviceOverview_TriggerBuild_Cache_chrome_304_Oct_190221.jpg alt='Lamp' width='500' height='400'> Element : xpath: //input[@name='post_hook_enabled']/../span[@class='switch-handle']]is displayed on screen Clicking on element Poc_QA postHooksSwitch <img src=D:\buildpiper\BP-3.1MajorRelease\Reports\31Oct_190118\serviceOverview_TriggerBuild_Cache_chrome\serviceOverview_TriggerBuild_Cache_chrome_304_Oct_190222.jpg alt='Lamp' width='500' height='400'> Element : xpath: //p[contains(.,'Add Post Hook')]/../../..//input[@placeholder='Run Command' and string-length(@value)=0]]is displayed on screen Setting value on element Poc_QA postHooksPasswordBox1 <img src=D:\buildpiper\BP-3.1MajorRelease\Reports\31Oct_190118\serviceOverview_TriggerBuild_Cache_chrome\serviceOverview_TriggerBuild_Cache_chrome_304_Oct_190222.jpg alt='Lamp' width='500' height='400'> Element : xpath: (//button[@class='nowrap'])[2]]is displayed on screen Clicking on element clicks on add New Post Hook <img src=D:\buildpiper\BP-3.1MajorRelease\Reports\31Oct_190118\serviceOverview_TriggerBuild_Cache_chrome\serviceOverview_TriggerBuild_Cache_chrome_304_Oct_190222.jpg alt='Lamp' width='500' height='400'> Element : xpath: //p[contains(.,'Add Post Hook')]/../../..//input[@placeholder='Run Command' and string-length(@value)=0]]is displayed on screen Setting value on element Poc_QA postHooksPasswordBox2 <img src=D:\buildpiper\BP-3.1MajorRelease\Reports\31Oct_190118\serviceOverview_TriggerBuild_Cache_chrome\serviceOverview_TriggerBuild_Cache_chrome_304_Oct_190222.jpg alt='Lamp' width='500' height='400'> Element : xpath: //button[@class='btn btn-submit']]is displayed on screen Clicking on element Poc_QA submitHooks <img src=D:\buildpiper\BP-3.1MajorRelease\Reports\31Oct_190118\serviceOverview_TriggerBuild_Cache_chrome\serviceOverview_TriggerBuild_Cache_chrome_304_Oct_190223.jpg alt='Lamp' width='500' height='400'> Element : xpath: /html/body/div[1]/div/main/div[1]/div/div[1]/div/div/div[2]/div[2]/span[2]]is displayed on screen Element is present  xpath: /html/body/div[1]/div/main/div[1]/div/div[1]/div/div/div[2]/div[2]/span[2]] <img src=D:\buildpiper\BP-3.1MajorRelease\Reports\31Oct_190118\serviceOverview_TriggerBuild_Cache_chrome\serviceOverview_TriggerBuild_Cache_chrome_304_Oct_190223.jpg alt='Lamp' width='500' height='400'> Element : xpath: //*[text()='Job Template: ']]is displayed on screen Element is present  xpath: //*[text()='Job Template: ']] <img src=D:\buildpiper\BP-3.1MajorRelease\Reports\31Oct_190118\serviceOverview_TriggerBuild_Cache_chrome\serviceOverview_TriggerBuild_Cache_chrome_304_Oct_190224.jpg alt='Lamp' width='500' height='400'> checking if driver exist <img src=D:\buildpiper\BP-3.1MajorRelease\Reports\31Oct_190118\serviceOverview_TriggerBuild_Cache_chrome\serviceOverview_TriggerBuild_Cache_chrome_304_Oct_190224.jpg alt='Lamp' width='500' height='400'> Element : xpath: //*[text()='Env Deploy Details']]is displayed on screen Element is present  xpath: //*[text()='Env Deploy Details']] <img src=D:\buildpiper\BP-3.1MajorRelease\Reports\31Oct_190118\serviceOverview_TriggerBuild_Cache_chrome\serviceOverview_TriggerBuild_Cache_chrome_304_Oct_190224.jpg alt='Lamp' width='500' height='400'> Element : xpath: //*[text()='Env Deploy Details']]is displayed on screen Clicking on element Poc_QA validateDeployDetails <img src=D:\buildpiper\BP-3.1MajorRelease\Reports\31Oct_190118\serviceOverview_TriggerBuild_Cache_chrome\serviceOverview_TriggerBuild_Cache_chrome_304_Oct_190224.jpg alt='Lamp' width='500' height='400'> Element : xpath: //button[@class='btn btn-submit']]is displayed on screen Element is present  xpath: //button[@class='btn btn-submit']] <img src=D:\buildpiper\BP-3.1MajorRelease\Reports\31Oct_190118\serviceOverview_TriggerBuild_Cache_chrome\serviceOverview_TriggerBuild_Cache_chrome_304_Oct_190225.jpg alt='Lamp' width='500' height='400'> Element : xpath: //button[@class='btn btn-submit']]is displayed on screen Clicking on element clicks on buildPiperUI button <img src=D:\buildpiper\BP-3.1MajorRelease\Reports\31Oct_190118\serviceOverview_TriggerBuild_Cache_chrome\serviceOverview_TriggerBuild_Cache_chrome_304_Oct_190225.jpg alt='Lamp' width='500' height='400'> Element : xpath: //button//span[text()=' Add Access Level']]is displayed on screen Clicking on element Add Access Level <img src=D:\buildpiper\BP-3.1MajorRelease\Reports\31Oct_190118\serviceOverview_TriggerBuild_Cache_chrome\serviceOverview_TriggerBuild_Cache_chrome_304_Oct_190226.jpg alt='Lamp' width='500' height='400'> Clicking on element Poc_QA privateAccess <img src=D:\buildpiper\BP-3.1MajorRelease\Reports\31Oct_190118\serviceOverview_TriggerBuild_Cache_chrome\serviceOverview_TriggerBuild_Cache_chrome_304_Oct_190258.jpg alt='Lamp' width='500' height='400'> Element : xpath: //input[@placeholder='name'][@name='name']]is displayed on screen Element : xpath: //input[@placeholder='4001'][@name='port']]is displayed on screen Element : xpath: //input[@placeholder='4001'][@name='target_port']]is displayed on screen Element : xpath: //button[@class='btn btn-v2-primary btn-sm']]is displayed on screen Clicking on element clicks add button <img src=D:\buildpiper\BP-3.1MajorRelease\Reports\31Oct_190118\serviceOverview_TriggerBuild_Cache_chrome\serviceOverview_TriggerBuild_Cache_chrome_304_Oct_190259.jpg alt='Lamp' width='500' height='400'> Element : xpath: //button[@class='btn btn-submit']]is displayed on screen Clicking on element clicks continue button <img src=D:\buildpiper\BP-3.1MajorRelease\Reports\31Oct_190118\serviceOverview_TriggerBuild_Cache_chrome\serviceOverview_TriggerBuild_Cache_chrome_304_Oct_190259.jpg alt='Lamp' width='500' height='400'> Element : xpath: //button[@class='btn btn-submit']]is displayed on screen Clicking on element clicks continue button <img src=D:\buildpiper\BP-3.1MajorRelease\Reports\31Oct_190118\serviceOverview_TriggerBuild_Cache_chrome\serviceOverview_TriggerBuild_Cache_chrome_304_Oct_190301.jpg alt='Lamp' width='500' height='400'> Element : xpath: //button[@class='btn btn-submit']]is displayed on screen Clicking on element clicks continue button <img src=D:\buildpiper\BP-3.1MajorRelease\Reports\31Oct_190118\serviceOverview_TriggerBuild_Cache_chrome\serviceOverview_TriggerBuild_Cache_chrome_304_Oct_190303.jpg alt='Lamp' width='500' height='400'> Element : xpath: //button[@class='btn btn-submit']]is displayed on screen Clicking on element clicks continue button <img src=D:\buildpiper\BP-3.1MajorRelease\Reports\31Oct_190118\serviceOverview_TriggerBuild_Cache_chrome\serviceOverview_TriggerBuild_Cache_chrome_304_Oct_190306.jpg alt='Lamp' width='500' height='400'> Element : xpath: //button[@class='btn btn-submit']]is displayed on screen Clicking on element clicks continue button <img src=D:\buildpiper\BP-3.1MajorRelease\Reports\31Oct_190118\serviceOverview_TriggerBuild_Cache_chrome\serviceOverview_TriggerBuild_Cache_chrome_304_Oct_190308.jpg alt='Lamp' width='500' height='400'> Element : xpath: //button[@class='btn btn-submit']]is displayed on screen Clicking on element clicks continue button <img src=D:\buildpiper\BP-3.1MajorRelease\Reports\31Oct_190118\serviceOverview_TriggerBuild_Cache_chrome\serviceOverview_TriggerBuild_Cache_chrome_304_Oct_190310.jpg alt='Lamp' width='500' height='400'> Element : xpath: //button[@class='btn btn-submit']]is displayed on screen Clicking on element clicks continue button <img src=D:\buildpiper\BP-3.1MajorRelease\Reports\31Oct_190118\serviceOverview_TriggerBuild_Cache_chrome\serviceOverview_TriggerBuild_Cache_chrome_304_Oct_190313.jpg alt='Lamp' width='500' height='400'> Element : xpath: //button[@class='btn btn-submit']]is displayed on screen Clicking on element clicks continue button <img src=D:\buildpiper\BP-3.1MajorRelease\Reports\31Oct_190118\serviceOverview_TriggerBuild_Cache_chrome\serviceOverview_TriggerBuild_Cache_chrome_304_Oct_190315.jpg alt='Lamp' width='500' height='400'> Element : xpath: //button[@class='btn btn-submit']]is displayed on screen Clicking on element clicks continue button <img src=D:\buildpiper\BP-3.1MajorRelease\Reports\31Oct_190118\serviceOverview_TriggerBuild_Cache_chrome\serviceOverview_TriggerBuild_Cache_chrome_304_Oct_190317.jpg alt='Lamp' width='500' height='400'> Element : xpath: //*[text()='Env Deploy Details']]is displayed on screen Clicking on element Clicks on Deploy Details tag <img src=D:\buildpiper\BP-3.1MajorRelease\Reports\31Oct_190118\serviceOverview_TriggerBuild_Cache_chrome\serviceOverview_TriggerBuild_Cache_chrome_304_Oct_190319.jpg alt='Lamp' width='500' height='400'> checking if driver exist <img src=D:\buildpiper\BP-3.1MajorRelease\Reports\31Oct_190118\serviceOverview_TriggerBuild_Cache_chrome\serviceOverview_TriggerBuild_Cache_chrome_304_Oct_190319.jpg alt='Lamp' width='500' height='400'> Element : xpath: //button[@title='Build']]is displayed on screen Clicking on element clicks buildButton <img src=D:\buildpiper\BP-3.1MajorRelease\Reports\31Oct_190118\serviceOverview_TriggerBuild_Cache_chrome\serviceOverview_TriggerBuild_Cache_chrome_304_Oct_190320.jpg alt='Lamp' width='500' height='400'> checking if driver exist <img src=D:\buildpiper\BP-3.1MajorRelease\Reports\31Oct_190118\serviceOverview_TriggerBuild_Cache_chrome\serviceOverview_TriggerBuild_Cache_chrome_304_Oct_190323.jpg alt='Lamp' width='500' height='400'> Element : xpath: //span[contains(text(),'Please note You are building image in Env.')]/following-sibling::span[1]]is displayed on screen Element is present  xpath: //span[contains(text(),'Please note You are building image in Env.')]/following-sibling::span[1]] <img src=D:\buildpiper\BP-3.1MajorRelease\Reports\31Oct_190118\serviceOverview_TriggerBuild_Cache_chrome\serviceOverview_TriggerBuild_Cache_chrome_304_Oct_190323.jpg alt='Lamp' width='500' height='400'> checking if driver exist <img src=D:\buildpiper\BP-3.1MajorRelease\Reports\31Oct_190118\serviceOverview_TriggerBuild_Cache_chrome\serviceOverview_TriggerBuild_Cache_chrome_304_Oct_190326.jpg alt='Lamp' width='500' height='400'>  Element + xpath: //input[@name='no_cache' and @class='switch-input']] is not clickable using selenium click <img src=D:\buildpiper\BP-3.1MajorRelease\Reports\31Oct_190118\serviceOverview_TriggerBuild_Cache_chrome\serviceOverview_TriggerBuild_Cache_chrome_304_Oct_190358.jpg alt='Lamp' width='500' height='400'> Clicking on element clicks on cacheToggle <img src=D:\buildpiper\BP-3.1MajorRelease\Reports\31Oct_190118\serviceOverview_TriggerBuild_Cache_chrome\serviceOverview_TriggerBuild_Cache_chrome_304_Oct_190358.jpg alt='Lamp' width='500' height='400'> checking if driver exist <img src=D:\buildpiper\BP-3.1MajorRelease\Reports\31Oct_190118\serviceOverview_TriggerBuild_Cache_chrome\serviceOverview_TriggerBuild_Cache_chrome_304_Oct_190401.jpg alt='Lamp' width='500' height='400'> Element : xpath: //button[text()='Trigger Build']]is displayed on screen Clicking on element clicks triggerBuild <img src=D:\buildpiper\BP-3.1MajorRelease\Reports\31Oct_190118\serviceOverview_TriggerBuild_Cache_chrome\serviceOverview_TriggerBuild_Cache_chrome_304_Oct_190401.jpg alt='Lamp' width='500' height='400'> checking if driver exist <img src=D:\buildpiper\BP-3.1MajorRelease\Reports\31Oct_190118\serviceOverview_TriggerBuild_Cache_chrome\serviceOverview_TriggerBuild_Cache_chrome_304_Oct_190405.jpg alt='Lamp' width='500' height='400'> Element : xpath: //div[@class='round-chip bg-round-blue status-font']]is displayed on screen Element is present  xpath: //div[@class='round-chip bg-round-blue status-font']] <img src=D:\buildpiper\BP-3.1MajorRelease\Reports\31Oct_190118\serviceOverview_TriggerBuild_Cache_chrome\serviceOverview_TriggerBuild_Cache_chrome_304_Oct_190405.jpg alt='Lamp' width='500' height='400'> checking if driver exist <img src=D:\buildpiper\BP-3.1MajorRelease\Reports\31Oct_190118\serviceOverview_TriggerBuild_Cache_chrome\serviceOverview_TriggerBuild_Cache_chrome_304_Oct_190408.jpg alt='Lamp' width='500' height='400'> Element : xpath: //span[text()='Build #']]is displayed on screen Clicking on element buildRecent <img src=D:\buildpiper\BP-3.1MajorRelease\Reports\31Oct_190118\serviceOverview_TriggerBuild_Cache_chrome\serviceOverview_TriggerBuild_Cache_chrome_304_Oct_190408.jpg alt='Lamp' width='500' height='400'> Result upload to testlink is disabled, Please ensure you have 'UpdateTestLink=Yes' in project.properties  ####### End of Test Case: serviceOverview_TriggerBuild_Cache #######  </system-out>
</testsuite> <!-- com.buildpiper.testcases.ServiceCreationComprehensiveTestCases -->
