<?xml version="1.0" encoding="UTF-8"?>
<!-- Generated by org.testng.reporters.JUnitReportReporter -->
<testsuite hostname="DESKTOP-PTF1H2O" failures="1" tests="3" name="com.buildpiper.testcases.ServiceCreationComprehensiveTestCases" time="602.402" errors="2" timestamp="2023-12-05T19:48:15 IST" skipped="0">
  <testcase classname="com.buildpiper.testcases.ServiceCreationComprehensiveTestCases" name="serviceOverview_TriggerBuild_NoCache" time="224.152">
    <error message="no such element: Unable to locate element: {&quot;method&quot;:&quot;xpath&quot;,&quot;selector&quot;:&quot;//button[text()=&#039;Trigger Build&#039;]&quot;}
  (Session info: chrome=119.0.6045.200)
For documentation on this error, please visit: https://www.seleniumhq.org/exceptions/no_such_element.html
Build info: version: &#039;3.141.59&#039;, revision: &#039;e82be7d358&#039;, time: &#039;2018-11-14T08:17:03&#039;
System info: host: &#039;DESKTOP-PTF1H2O&#039;, ip: &#039;10.8.0.88&#039;, os.name: &#039;Windows 10&#039;, os.arch: &#039;amd64&#039;, os.version: &#039;10.0&#039;, java.version: &#039;19.0.1&#039;
Driver info: org.openqa.selenium.chrome.ChromeDriver
Capabilities {acceptInsecureCerts: false, browserName: chrome, browserVersion: 119.0.6045.200, chrome: {chromedriverVersion: 119.0.6045.105 (38c72552c5e..., userDataDir: C:\Users\Rahul\AppData\Loca...}, fedcm:accounts: true, goog:chromeOptions: {debuggerAddress: localhost:57771}, javascriptEnabled: true, networkConnectionEnabled: false, pageLoadStrategy: normal, platform: WINDOWS, platformName: WINDOWS, proxy: Proxy(), setWindowRect: true, strictFileInteractability: false, timeouts: {implicit: 0, pageLoad: 300000, script: 30000}, unhandledPromptBehavior: dismiss and notify, webauthn:extension:credBlob: true, webauthn:extension:largeBlob: true, webauthn:extension:minPinLength: true, webauthn:extension:prf: true, webauthn:virtualAuthenticators: true}
Session ID: 6dcbe799dc8ecf7ba5758e1d17c70a6e
*** Element info: {Using=xpath, value=//button[text()=&#039;Trigger Build&#039;]}" type="org.openqa.selenium.NoSuchElementException">
      <![CDATA[org.openqa.selenium.NoSuchElementException: no such element: Unable to locate element: {"method":"xpath","selector":"//button[text()='Trigger Build']"}
  (Session info: chrome=119.0.6045.200)
For documentation on this error, please visit: https://www.seleniumhq.org/exceptions/no_such_element.html
Build info: version: '3.141.59', revision: 'e82be7d358', time: '2018-11-14T08:17:03'
System info: host: 'DESKTOP-PTF1H2O', ip: '10.8.0.88', os.name: 'Windows 10', os.arch: 'amd64', os.version: '10.0', java.version: '19.0.1'
Driver info: org.openqa.selenium.chrome.ChromeDriver
Capabilities {acceptInsecureCerts: false, browserName: chrome, browserVersion: 119.0.6045.200, chrome: {chromedriverVersion: 119.0.6045.105 (38c72552c5e..., userDataDir: C:\Users\Rahul\AppData\Loca...}, fedcm:accounts: true, goog:chromeOptions: {debuggerAddress: localhost:57771}, javascriptEnabled: true, networkConnectionEnabled: false, pageLoadStrategy: normal, platform: WINDOWS, platformName: WINDOWS, proxy: Proxy(), setWindowRect: true, strictFileInteractability: false, timeouts: {implicit: 0, pageLoad: 300000, script: 30000}, unhandledPromptBehavior: dismiss and notify, webauthn:extension:credBlob: true, webauthn:extension:largeBlob: true, webauthn:extension:minPinLength: true, webauthn:extension:prf: true, webauthn:virtualAuthenticators: true}
Session ID: 6dcbe799dc8ecf7ba5758e1d17c70a6e
*** Element info: {Using=xpath, value=//button[text()='Trigger Build']}
at java.base/jdk.internal.reflect.DirectConstructorHandleAccessor.newInstance(DirectConstructorHandleAccessor.java:67)
at java.base/java.lang.reflect.Constructor.newInstanceWithCaller(Constructor.java:500)
at java.base/java.lang.reflect.Constructor.newInstance(Constructor.java:484)
at org.openqa.selenium.remote.http.W3CHttpResponseCodec.createException(W3CHttpResponseCodec.java:187)
at org.openqa.selenium.remote.http.W3CHttpResponseCodec.decode(W3CHttpResponseCodec.java:122)
at org.openqa.selenium.remote.http.W3CHttpResponseCodec.decode(W3CHttpResponseCodec.java:49)
at org.openqa.selenium.remote.HttpCommandExecutor.execute(HttpCommandExecutor.java:158)
at org.openqa.selenium.remote.service.DriverCommandExecutor.execute(DriverCommandExecutor.java:83)
at org.openqa.selenium.remote.RemoteWebDriver.execute(RemoteWebDriver.java:552)
at org.openqa.selenium.remote.RemoteWebDriver.findElement(RemoteWebDriver.java:323)
at org.openqa.selenium.remote.RemoteWebDriver.findElementByXPath(RemoteWebDriver.java:428)
at org.openqa.selenium.By$ByXPath.findElement(By.java:353)
at org.openqa.selenium.remote.RemoteWebDriver.findElement(RemoteWebDriver.java:315)
at org.openqa.selenium.support.pagefactory.DefaultElementLocator.findElement(DefaultElementLocator.java:69)
at org.openqa.selenium.support.pagefactory.internal.LocatingElementHandler.invoke(LocatingElementHandler.java:38)
at jdk.proxy2/jdk.proxy2.$Proxy26.isDisplayed(Unknown Source)
at com.buildpiper.capabilities.UICapability.ui_IsElementDisplay(UICapability.java:191)
at com.buildpiper.capabilities.UICapability.ui_click(UICapability.java:66)
at com.buildpiper.base.Capability.ui_click(Capability.java:69)
at com.buildpiper.pages.ServiceCreationPage.buildTrigger(ServiceCreationPage.java:1361)
at com.buildpiper.testcases.ServiceCreationComprehensiveTestCases.serviceOverview_TriggerBuild_NoCache(ServiceCreationComprehensiveTestCases.java:92)
at java.base/jdk.internal.reflect.DirectMethodHandleAccessor.invoke(DirectMethodHandleAccessor.java:104)
at java.base/java.lang.reflect.Method.invoke(Method.java:578)
at org.testng.internal.MethodInvocationHelper.invokeMethod(MethodInvocationHelper.java:134)
at org.testng.internal.TestInvoker.invokeMethod(TestInvoker.java:597)
at org.testng.internal.TestInvoker.invokeTestMethod(TestInvoker.java:173)
at org.testng.internal.MethodRunner.runInSequence(MethodRunner.java:46)
at org.testng.internal.TestInvoker$MethodInvocationAgent.invoke(TestInvoker.java:816)
at org.testng.internal.TestInvoker.invokeTestMethods(TestInvoker.java:146)
at org.testng.internal.TestMethodWorker.invokeTestMethods(TestMethodWorker.java:146)
at org.testng.internal.TestMethodWorker.run(TestMethodWorker.java:128)
at java.base/java.util.ArrayList.forEach(ArrayList.java:1511)
at org.testng.TestRunner.privateRun(TestRunner.java:766)
at org.testng.TestRunner.run(TestRunner.java:587)
at org.testng.SuiteRunner.runTest(SuiteRunner.java:384)
at org.testng.SuiteRunner.runSequentially(SuiteRunner.java:378)
at org.testng.SuiteRunner.privateRun(SuiteRunner.java:337)
at org.testng.SuiteRunner.run(SuiteRunner.java:286)
at org.testng.SuiteRunnerWorker.runSuite(SuiteRunnerWorker.java:53)
at org.testng.SuiteRunnerWorker.run(SuiteRunnerWorker.java:96)
at org.testng.TestNG.runSuitesSequentially(TestNG.java:1187)
at org.testng.TestNG.runSuitesLocally(TestNG.java:1109)
at org.testng.TestNG.runSuites(TestNG.java:1039)
at org.testng.TestNG.run(TestNG.java:1007)
at org.testng.remote.AbstractRemoteTestNG.run(AbstractRemoteTestNG.java:115)
at org.testng.remote.RemoteTestNG.initAndRun(RemoteTestNG.java:251)
at org.testng.remote.RemoteTestNG.main(RemoteTestNG.java:77)
]]>
    </error>
  </testcase> <!-- serviceOverview_TriggerBuild_NoCache -->
  <system-out>
checking if driver exist <img src=D:\BuildPiper_Rahul\Reports\05Dec_191310\serviceOverview_TriggerBuild_NoCache_chrome\serviceOverview_TriggerBuild_NoCache_chrome_339_Dec_192501.jpg alt='Lamp' width='500' height='400'> checking if driver exist <img src=D:\BuildPiper_Rahul\Reports\05Dec_191310\serviceOverview_TriggerBuild_NoCache_chrome\serviceOverview_TriggerBuild_NoCache_chrome_339_Dec_192505.jpg alt='Lamp' width='500' height='400'> Element is present  xpath: //li//button[contains(@class,'main-nav-1')]//span[1][@title]] <img src=D:\BuildPiper_Rahul\Reports\05Dec_191310\serviceOverview_TriggerBuild_NoCache_chrome\serviceOverview_TriggerBuild_NoCache_chrome_339_Dec_192510.jpg alt='Lamp' width='500' height='400'> Clicking on element Poc_QA serviceOverviewLink <img src=D:\BuildPiper_Rahul\Reports\05Dec_191310\serviceOverview_TriggerBuild_NoCache_chrome\serviceOverview_TriggerBuild_NoCache_chrome_339_Dec_192511.jpg alt='Lamp' width='500' height='400'> Element is present  xpath: //a[@class='btn btn-submit']] <img src=D:\BuildPiper_Rahul\Reports\05Dec_191310\serviceOverview_TriggerBuild_NoCache_chrome\serviceOverview_TriggerBuild_NoCache_chrome_339_Dec_192511.jpg alt='Lamp' width='500' height='400'> Clicking on element Poc_QA addServiceBtn <img src=D:\BuildPiper_Rahul\Reports\05Dec_191310\serviceOverview_TriggerBuild_NoCache_chrome\serviceOverview_TriggerBuild_NoCache_chrome_339_Dec_192512.jpg alt='Lamp' width='500' height='400'> Element is present  xpath: //h1[@class='main-heading']] <img src=D:\BuildPiper_Rahul\Reports\05Dec_191310\serviceOverview_TriggerBuild_NoCache_chrome\serviceOverview_TriggerBuild_NoCache_chrome_339_Dec_192512.jpg alt='Lamp' width='500' height='400'> Element is present  xpath: //p[(@class='hint-text-main-heading')]] <img src=D:\BuildPiper_Rahul\Reports\05Dec_191310\serviceOverview_TriggerBuild_NoCache_chrome\serviceOverview_TriggerBuild_NoCache_chrome_339_Dec_192513.jpg alt='Lamp' width='500' height='400'> Setting value on element sets service name <img src=D:\BuildPiper_Rahul\Reports\05Dec_191310\serviceOverview_TriggerBuild_NoCache_chrome\serviceOverview_TriggerBuild_NoCache_chrome_339_Dec_192513.jpg alt='Lamp' width='500' height='400'> Setting value on element sets external name <img src=D:\BuildPiper_Rahul\Reports\05Dec_191310\serviceOverview_TriggerBuild_NoCache_chrome\serviceOverview_TriggerBuild_NoCache_chrome_339_Dec_192513.jpg alt='Lamp' width='500' height='400'> Clicking on element Poc_QA selectEveryRadioBtn <img src=D:\BuildPiper_Rahul\Reports\05Dec_191310\serviceOverview_TriggerBuild_NoCache_chrome\serviceOverview_TriggerBuild_NoCache_chrome_339_Dec_192514.jpg alt='Lamp' width='500' height='400'> Clicking on element Poc_QA SubmitCreatePage <img src=D:\BuildPiper_Rahul\Reports\05Dec_191310\serviceOverview_TriggerBuild_NoCache_chrome\serviceOverview_TriggerBuild_NoCache_chrome_339_Dec_192514.jpg alt='Lamp' width='500' height='400'> Element is present  xpath: //h1[@class='h1' and contains(.,'Create a Environment')]] <img src=D:\BuildPiper_Rahul\Reports\05Dec_191310\serviceOverview_TriggerBuild_NoCache_chrome\serviceOverview_TriggerBuild_NoCache_chrome_339_Dec_192516.jpg alt='Lamp' width='500' height='400'> Element is present  xpath: //div[@class='staticwrap-inner']] <img src=D:\BuildPiper_Rahul\Reports\05Dec_191310\serviceOverview_TriggerBuild_NoCache_chrome\serviceOverview_TriggerBuild_NoCache_chrome_339_Dec_192516.jpg alt='Lamp' width='500' height='400'> Element is present  xpath: //select[@name='env_id']] <img src=D:\BuildPiper_Rahul\Reports\05Dec_191310\serviceOverview_TriggerBuild_NoCache_chrome\serviceOverview_TriggerBuild_NoCache_chrome_339_Dec_192519.jpg alt='Lamp' width='500' height='400'> Element is present  xpath: //button[@class='btn btn-submit']] <img src=D:\BuildPiper_Rahul\Reports\05Dec_191310\serviceOverview_TriggerBuild_NoCache_chrome\serviceOverview_TriggerBuild_NoCache_chrome_339_Dec_192524.jpg alt='Lamp' width='500' height='400'> Clicking on element Poc_QA SubmitEnvPage <img src=D:\BuildPiper_Rahul\Reports\05Dec_191310\serviceOverview_TriggerBuild_NoCache_chrome\serviceOverview_TriggerBuild_NoCache_chrome_339_Dec_192524.jpg alt='Lamp' width='500' height='400'> Element is present  xpath: //div[@class='font-27 font-family-nunito font-weight-300 lh-12 mr-5']] <img src=D:\BuildPiper_Rahul\Reports\05Dec_191310\serviceOverview_TriggerBuild_NoCache_chrome\serviceOverview_TriggerBuild_NoCache_chrome_339_Dec_192531.jpg alt='Lamp' width='500' height='400'> Element is present  xpath: //span[contains(text(),'Project:')]] <img src=D:\BuildPiper_Rahul\Reports\05Dec_191310\serviceOverview_TriggerBuild_NoCache_chrome\serviceOverview_TriggerBuild_NoCache_chrome_339_Dec_192531.jpg alt='Lamp' width='500' height='400'> Element is present  xpath: //*[text()='Env Build Details']] <img src=D:\BuildPiper_Rahul\Reports\05Dec_191310\serviceOverview_TriggerBuild_NoCache_chrome\serviceOverview_TriggerBuild_NoCache_chrome_339_Dec_192532.jpg alt='Lamp' width='500' height='400'> Clicking on element Poc_QA validateBuildDetails <img src=D:\BuildPiper_Rahul\Reports\05Dec_191310\serviceOverview_TriggerBuild_NoCache_chrome\serviceOverview_TriggerBuild_NoCache_chrome_339_Dec_192533.jpg alt='Lamp' width='500' height='400'> Element is present  xpath: //p[@class='main-text mb-10']] <img src=D:\BuildPiper_Rahul\Reports\05Dec_191310\serviceOverview_TriggerBuild_NoCache_chrome\serviceOverview_TriggerBuild_NoCache_chrome_339_Dec_192533.jpg alt='Lamp' width='500' height='400'> Element is present  xpath: //span[@class='sub-text mb-10']] <img src=D:\BuildPiper_Rahul\Reports\05Dec_191310\serviceOverview_TriggerBuild_NoCache_chrome\serviceOverview_TriggerBuild_NoCache_chrome_339_Dec_192534.jpg alt='Lamp' width='500' height='400'> Element is present  xpath: //*[text()='Env Deploy Details']] <img src=D:\BuildPiper_Rahul\Reports\05Dec_191310\serviceOverview_TriggerBuild_NoCache_chrome\serviceOverview_TriggerBuild_NoCache_chrome_339_Dec_192534.jpg alt='Lamp' width='500' height='400'> Clicking on element Poc_QA validateDeployDetails <img src=D:\BuildPiper_Rahul\Reports\05Dec_191310\serviceOverview_TriggerBuild_NoCache_chrome\serviceOverview_TriggerBuild_NoCache_chrome_339_Dec_192534.jpg alt='Lamp' width='500' height='400'> Element is present  xpath: //p[@class='main-text mb-10']] <img src=D:\BuildPiper_Rahul\Reports\05Dec_191310\serviceOverview_TriggerBuild_NoCache_chrome\serviceOverview_TriggerBuild_NoCache_chrome_339_Dec_192534.jpg alt='Lamp' width='500' height='400'> Element is present  xpath: //span[@class='sub-text mb-10']] <img src=D:\BuildPiper_Rahul\Reports\05Dec_191310\serviceOverview_TriggerBuild_NoCache_chrome\serviceOverview_TriggerBuild_NoCache_chrome_339_Dec_192535.jpg alt='Lamp' width='500' height='400'> Element is present  xpath: //*[text()='To have a very smooth configuration we strongly recommend BuildPiper UI.']] <img src=D:\BuildPiper_Rahul\Reports\05Dec_191310\serviceOverview_TriggerBuild_NoCache_chrome\serviceOverview_TriggerBuild_NoCache_chrome_339_Dec_192535.jpg alt='Lamp' width='500' height='400'> Element is present  xpath: //*[text()='you can also configure the CD by uploading your custom manifest file.']] <img src=D:\BuildPiper_Rahul\Reports\05Dec_191310\serviceOverview_TriggerBuild_NoCache_chrome\serviceOverview_TriggerBuild_NoCache_chrome_339_Dec_192535.jpg alt='Lamp' width='500' height='400'> checking if driver exist <img src=D:\BuildPiper_Rahul\Reports\05Dec_191310\serviceOverview_TriggerBuild_NoCache_chrome\serviceOverview_TriggerBuild_NoCache_chrome_339_Dec_192535.jpg alt='Lamp' width='500' height='400'> Element is present  xpath: //*[text()='Env Build Details']] <img src=D:\BuildPiper_Rahul\Reports\05Dec_191310\serviceOverview_TriggerBuild_NoCache_chrome\serviceOverview_TriggerBuild_NoCache_chrome_339_Dec_192535.jpg alt='Lamp' width='500' height='400'> Clicking on element Poc_QA validateBuildDetails <img src=D:\BuildPiper_Rahul\Reports\05Dec_191310\serviceOverview_TriggerBuild_NoCache_chrome\serviceOverview_TriggerBuild_NoCache_chrome_339_Dec_192536.jpg alt='Lamp' width='500' height='400'> Element is present  xpath: //*[text()='Configure Build']] <img src=D:\BuildPiper_Rahul\Reports\05Dec_191310\serviceOverview_TriggerBuild_NoCache_chrome\serviceOverview_TriggerBuild_NoCache_chrome_339_Dec_192536.jpg alt='Lamp' width='500' height='400'> Clicking on element Poc_QA clickConfigBuild <img src=D:\BuildPiper_Rahul\Reports\05Dec_191310\serviceOverview_TriggerBuild_NoCache_chrome\serviceOverview_TriggerBuild_NoCache_chrome_339_Dec_192537.jpg alt='Lamp' width='500' height='400'> Element is present  xpath: //div[@class='md-step-circle current']] <img src=D:\BuildPiper_Rahul\Reports\05Dec_191310\serviceOverview_TriggerBuild_NoCache_chrome\serviceOverview_TriggerBuild_NoCache_chrome_339_Dec_192541.jpg alt='Lamp' width='500' height='400'> Element is present  xpath: //h4[@class='mainHeading']] <img src=D:\BuildPiper_Rahul\Reports\05Dec_191310\serviceOverview_TriggerBuild_NoCache_chrome\serviceOverview_TriggerBuild_NoCache_chrome_339_Dec_192541.jpg alt='Lamp' width='500' height='400'> Element is present  xpath: //*[text()='Please Select the Git URL']] <img src=D:\BuildPiper_Rahul\Reports\05Dec_191310\serviceOverview_TriggerBuild_NoCache_chrome\serviceOverview_TriggerBuild_NoCache_chrome_339_Dec_192541.jpg alt='Lamp' width='500' height='400'> Element is present  xpath: //div[@class='MuiInputBase-root MuiOutlinedInput-root MuiAutocomplete-inputRoot MuiInputBase-fullWidth MuiInputBase-formControl MuiInputBase-adornedEnd MuiOutlinedInput-adornedEnd']] <img src=D:\BuildPiper_Rahul\Reports\05Dec_191310\serviceOverview_TriggerBuild_NoCache_chrome\serviceOverview_TriggerBuild_NoCache_chrome_339_Dec_192542.jpg alt='Lamp' width='500' height='400'> Clicking on element Poc_QA gitUrlInputField <img src=D:\BuildPiper_Rahul\Reports\05Dec_191310\serviceOverview_TriggerBuild_NoCache_chrome\serviceOverview_TriggerBuild_NoCache_chrome_339_Dec_192542.jpg alt='Lamp' width='500' height='400'> Clicking on element ClicksclearField <img src=D:\BuildPiper_Rahul\Reports\05Dec_191310\serviceOverview_TriggerBuild_NoCache_chrome\serviceOverview_TriggerBuild_NoCache_chrome_339_Dec_192547.jpg alt='Lamp' width='500' height='400'> Element is present  xpath: //*[text()='Load Branches']] <img src=D:\BuildPiper_Rahul\Reports\05Dec_191310\serviceOverview_TriggerBuild_NoCache_chrome\serviceOverview_TriggerBuild_NoCache_chrome_339_Dec_192557.jpg alt='Lamp' width='500' height='400'> Clicking on element Poc_QA loadBranchesBtn <img src=D:\BuildPiper_Rahul\Reports\05Dec_191310\serviceOverview_TriggerBuild_NoCache_chrome\serviceOverview_TriggerBuild_NoCache_chrome_339_Dec_192557.jpg alt='Lamp' width='500' height='400'> Element is present  xpath: //*[text()='Advance Configurations']] <img src=D:\BuildPiper_Rahul\Reports\05Dec_191310\serviceOverview_TriggerBuild_NoCache_chrome\serviceOverview_TriggerBuild_NoCache_chrome_339_Dec_192611.jpg alt='Lamp' width='500' height='400'> Clicking on element Poc_QA clickContinueBtn <img src=D:\BuildPiper_Rahul\Reports\05Dec_191310\serviceOverview_TriggerBuild_NoCache_chrome\serviceOverview_TriggerBuild_NoCache_chrome_339_Dec_192611.jpg alt='Lamp' width='500' height='400'> Element is present  xpath: //h4[@class='mainHeading']] <img src=D:\BuildPiper_Rahul\Reports\05Dec_191310\serviceOverview_TriggerBuild_NoCache_chrome\serviceOverview_TriggerBuild_NoCache_chrome_339_Dec_192616.jpg alt='Lamp' width='500' height='400'> Element is present  xpath: //*[text()='Build Env Details']] <img src=D:\BuildPiper_Rahul\Reports\05Dec_191310\serviceOverview_TriggerBuild_NoCache_chrome\serviceOverview_TriggerBuild_NoCache_chrome_339_Dec_192616.jpg alt='Lamp' width='500' height='400'> Clicking on element Poc_QA envDetailsSwitch <img src=D:\BuildPiper_Rahul\Reports\05Dec_191310\serviceOverview_TriggerBuild_NoCache_chrome\serviceOverview_TriggerBuild_NoCache_chrome_339_Dec_192617.jpg alt='Lamp' width='500' height='400'> Setting value on element Poc_QA envName <img src=D:\BuildPiper_Rahul\Reports\05Dec_191310\serviceOverview_TriggerBuild_NoCache_chrome\serviceOverview_TriggerBuild_NoCache_chrome_339_Dec_192617.jpg alt='Lamp' width='500' height='400'> Setting value on element Poc_QA envValue <img src=D:\BuildPiper_Rahul\Reports\05Dec_191310\serviceOverview_TriggerBuild_NoCache_chrome\serviceOverview_TriggerBuild_NoCache_chrome_339_Dec_192617.jpg alt='Lamp' width='500' height='400'> Clicking on element Poc_QA clickContinueBtn <img src=D:\BuildPiper_Rahul\Reports\05Dec_191310\serviceOverview_TriggerBuild_NoCache_chrome\serviceOverview_TriggerBuild_NoCache_chrome_339_Dec_192617.jpg alt='Lamp' width='500' height='400'> Clicking on element Poc_QA preHooksSwitch <img src=D:\BuildPiper_Rahul\Reports\05Dec_191310\serviceOverview_TriggerBuild_NoCache_chrome\serviceOverview_TriggerBuild_NoCache_chrome_339_Dec_192618.jpg alt='Lamp' width='500' height='400'> Setting value on element Poc_QA preHooksPasswordBox1 <img src=D:\BuildPiper_Rahul\Reports\05Dec_191310\serviceOverview_TriggerBuild_NoCache_chrome\serviceOverview_TriggerBuild_NoCache_chrome_339_Dec_192618.jpg alt='Lamp' width='500' height='400'> Clicking on element clicks on add New Hook <img src=D:\BuildPiper_Rahul\Reports\05Dec_191310\serviceOverview_TriggerBuild_NoCache_chrome\serviceOverview_TriggerBuild_NoCache_chrome_339_Dec_192618.jpg alt='Lamp' width='500' height='400'> Setting value on element Poc_QA preHooksPasswordBox2 <img src=D:\BuildPiper_Rahul\Reports\05Dec_191310\serviceOverview_TriggerBuild_NoCache_chrome\serviceOverview_TriggerBuild_NoCache_chrome_339_Dec_192618.jpg alt='Lamp' width='500' height='400'> Clicking on element Poc_QA postHooksSwitch <img src=D:\BuildPiper_Rahul\Reports\05Dec_191310\serviceOverview_TriggerBuild_NoCache_chrome\serviceOverview_TriggerBuild_NoCache_chrome_339_Dec_192619.jpg alt='Lamp' width='500' height='400'> Setting value on element Poc_QA postHooksPasswordBox1 <img src=D:\BuildPiper_Rahul\Reports\05Dec_191310\serviceOverview_TriggerBuild_NoCache_chrome\serviceOverview_TriggerBuild_NoCache_chrome_339_Dec_192619.jpg alt='Lamp' width='500' height='400'> Clicking on element clicks on add New Post Hook <img src=D:\BuildPiper_Rahul\Reports\05Dec_191310\serviceOverview_TriggerBuild_NoCache_chrome\serviceOverview_TriggerBuild_NoCache_chrome_339_Dec_192619.jpg alt='Lamp' width='500' height='400'> Setting value on element Poc_QA postHooksPasswordBox2 <img src=D:\BuildPiper_Rahul\Reports\05Dec_191310\serviceOverview_TriggerBuild_NoCache_chrome\serviceOverview_TriggerBuild_NoCache_chrome_339_Dec_192620.jpg alt='Lamp' width='500' height='400'> Clicking on element Poc_QA submitHooks <img src=D:\BuildPiper_Rahul\Reports\05Dec_191310\serviceOverview_TriggerBuild_NoCache_chrome\serviceOverview_TriggerBuild_NoCache_chrome_339_Dec_192620.jpg alt='Lamp' width='500' height='400'> Element is present  xpath: /html/body/div[1]/div/main/div[1]/div/div[1]/div/div/div[2]/div[2]/span[2]] <img src=D:\BuildPiper_Rahul\Reports\05Dec_191310\serviceOverview_TriggerBuild_NoCache_chrome\serviceOverview_TriggerBuild_NoCache_chrome_339_Dec_192623.jpg alt='Lamp' width='500' height='400'> Element is present  xpath: //*[text()='Job Template: ']] <img src=D:\BuildPiper_Rahul\Reports\05Dec_191310\serviceOverview_TriggerBuild_NoCache_chrome\serviceOverview_TriggerBuild_NoCache_chrome_339_Dec_192625.jpg alt='Lamp' width='500' height='400'> checking if driver exist <img src=D:\BuildPiper_Rahul\Reports\05Dec_191310\serviceOverview_TriggerBuild_NoCache_chrome\serviceOverview_TriggerBuild_NoCache_chrome_339_Dec_192625.jpg alt='Lamp' width='500' height='400'> Element is present  xpath: //*[text()='Env Deploy Details']] <img src=D:\BuildPiper_Rahul\Reports\05Dec_191310\serviceOverview_TriggerBuild_NoCache_chrome\serviceOverview_TriggerBuild_NoCache_chrome_339_Dec_192625.jpg alt='Lamp' width='500' height='400'> Clicking on element Poc_QA validateDeployDetails <img src=D:\BuildPiper_Rahul\Reports\05Dec_191310\serviceOverview_TriggerBuild_NoCache_chrome\serviceOverview_TriggerBuild_NoCache_chrome_339_Dec_192626.jpg alt='Lamp' width='500' height='400'> Element is present  xpath: //button[@class='btn btn-submit']] <img src=D:\BuildPiper_Rahul\Reports\05Dec_191310\serviceOverview_TriggerBuild_NoCache_chrome\serviceOverview_TriggerBuild_NoCache_chrome_339_Dec_192626.jpg alt='Lamp' width='500' height='400'> Clicking on element clicks on buildPiperUI button <img src=D:\BuildPiper_Rahul\Reports\05Dec_191310\serviceOverview_TriggerBuild_NoCache_chrome\serviceOverview_TriggerBuild_NoCache_chrome_339_Dec_192626.jpg alt='Lamp' width='500' height='400'> Clicking on element Add Access Level <img src=D:\BuildPiper_Rahul\Reports\05Dec_191310\serviceOverview_TriggerBuild_NoCache_chrome\serviceOverview_TriggerBuild_NoCache_chrome_339_Dec_192629.jpg alt='Lamp' width='500' height='400'> Clicking on element Poc_QA privateAccess <img src=D:\BuildPiper_Rahul\Reports\05Dec_191310\serviceOverview_TriggerBuild_NoCache_chrome\serviceOverview_TriggerBuild_NoCache_chrome_339_Dec_192702.jpg alt='Lamp' width='500' height='400'> Clicking on element clicks add button <img src=D:\BuildPiper_Rahul\Reports\05Dec_191310\serviceOverview_TriggerBuild_NoCache_chrome\serviceOverview_TriggerBuild_NoCache_chrome_339_Dec_192702.jpg alt='Lamp' width='500' height='400'> Clicking on element clicks continue button <img src=D:\BuildPiper_Rahul\Reports\05Dec_191310\serviceOverview_TriggerBuild_NoCache_chrome\serviceOverview_TriggerBuild_NoCache_chrome_339_Dec_192703.jpg alt='Lamp' width='500' height='400'> Clicking on element clicks continue button <img src=D:\BuildPiper_Rahul\Reports\05Dec_191310\serviceOverview_TriggerBuild_NoCache_chrome\serviceOverview_TriggerBuild_NoCache_chrome_339_Dec_192705.jpg alt='Lamp' width='500' height='400'> Clicking on element clicks continue button <img src=D:\BuildPiper_Rahul\Reports\05Dec_191310\serviceOverview_TriggerBuild_NoCache_chrome\serviceOverview_TriggerBuild_NoCache_chrome_339_Dec_192707.jpg alt='Lamp' width='500' height='400'> Clicking on element clicks continue button <img src=D:\BuildPiper_Rahul\Reports\05Dec_191310\serviceOverview_TriggerBuild_NoCache_chrome\serviceOverview_TriggerBuild_NoCache_chrome_339_Dec_192709.jpg alt='Lamp' width='500' height='400'> Clicking on element clicks continue button <img src=D:\BuildPiper_Rahul\Reports\05Dec_191310\serviceOverview_TriggerBuild_NoCache_chrome\serviceOverview_TriggerBuild_NoCache_chrome_339_Dec_192712.jpg alt='Lamp' width='500' height='400'> Clicking on element clicks continue button <img src=D:\BuildPiper_Rahul\Reports\05Dec_191310\serviceOverview_TriggerBuild_NoCache_chrome\serviceOverview_TriggerBuild_NoCache_chrome_339_Dec_192714.jpg alt='Lamp' width='500' height='400'> Clicking on element clicks continue button <img src=D:\BuildPiper_Rahul\Reports\05Dec_191310\serviceOverview_TriggerBuild_NoCache_chrome\serviceOverview_TriggerBuild_NoCache_chrome_339_Dec_192716.jpg alt='Lamp' width='500' height='400'> Clicking on element clicks continue button <img src=D:\BuildPiper_Rahul\Reports\05Dec_191310\serviceOverview_TriggerBuild_NoCache_chrome\serviceOverview_TriggerBuild_NoCache_chrome_339_Dec_192718.jpg alt='Lamp' width='500' height='400'> Clicking on element clicks continue button <img src=D:\BuildPiper_Rahul\Reports\05Dec_191310\serviceOverview_TriggerBuild_NoCache_chrome\serviceOverview_TriggerBuild_NoCache_chrome_339_Dec_192721.jpg alt='Lamp' width='500' height='400'> Clicking on element Clicks on Deploy Details tag <img src=D:\BuildPiper_Rahul\Reports\05Dec_191310\serviceOverview_TriggerBuild_NoCache_chrome\serviceOverview_TriggerBuild_NoCache_chrome_339_Dec_192724.jpg alt='Lamp' width='500' height='400'> checking if driver exist <img src=D:\BuildPiper_Rahul\Reports\05Dec_191310\serviceOverview_TriggerBuild_NoCache_chrome\serviceOverview_TriggerBuild_NoCache_chrome_339_Dec_192724.jpg alt='Lamp' width='500' height='400'> Clicking on element clicks buildButton <img src=D:\BuildPiper_Rahul\Reports\05Dec_191310\serviceOverview_TriggerBuild_NoCache_chrome\serviceOverview_TriggerBuild_NoCache_chrome_339_Dec_192724.jpg alt='Lamp' width='500' height='400'> Exception while scroll to view of element:  Exception while scroll to view of element:  ####### End of Test Case: serviceOverview_TriggerBuild_NoCache #######  </system-out>
  <testcase classname="com.buildpiper.testcases.ServiceCreationComprehensiveTestCases" name="serviceOverview_TriggerBuild_Cache" time="156.676">
    <failure message="expected [dev1] but found [dev-helm]" type="java.lang.AssertionError">
      <![CDATA[java.lang.AssertionError: expected [dev1] but found [dev-helm]
at org.testng.Assert.fail(Assert.java:97)
at org.testng.Assert.assertEqualsImpl(Assert.java:136)
at org.testng.Assert.assertEquals(Assert.java:118)
at org.testng.Assert.assertEquals(Assert.java:575)
at org.testng.Assert.assertEquals(Assert.java:585)
at com.buildpiper.pages.ServiceCreationPage.Verify_EnvironmentandSubEnvironment(ServiceCreationPage.java:1400)
at com.buildpiper.testcases.ServiceCreationComprehensiveTestCases.serviceOverview_TriggerBuild_Cache(ServiceCreationComprehensiveTestCases.java:136)
at java.base/jdk.internal.reflect.DirectMethodHandleAccessor.invoke(DirectMethodHandleAccessor.java:104)
at java.base/java.lang.reflect.Method.invoke(Method.java:578)
at org.testng.internal.MethodInvocationHelper.invokeMethod(MethodInvocationHelper.java:134)
at org.testng.internal.TestInvoker.invokeMethod(TestInvoker.java:597)
at org.testng.internal.TestInvoker.invokeTestMethod(TestInvoker.java:173)
at org.testng.internal.MethodRunner.runInSequence(MethodRunner.java:46)
at org.testng.internal.TestInvoker$MethodInvocationAgent.invoke(TestInvoker.java:816)
at org.testng.internal.TestInvoker.invokeTestMethods(TestInvoker.java:146)
at org.testng.internal.TestMethodWorker.invokeTestMethods(TestMethodWorker.java:146)
at org.testng.internal.TestMethodWorker.run(TestMethodWorker.java:128)
at java.base/java.util.ArrayList.forEach(ArrayList.java:1511)
at org.testng.TestRunner.privateRun(TestRunner.java:766)
at org.testng.TestRunner.run(TestRunner.java:587)
at org.testng.SuiteRunner.runTest(SuiteRunner.java:384)
at org.testng.SuiteRunner.runSequentially(SuiteRunner.java:378)
at org.testng.SuiteRunner.privateRun(SuiteRunner.java:337)
at org.testng.SuiteRunner.run(SuiteRunner.java:286)
at org.testng.SuiteRunnerWorker.runSuite(SuiteRunnerWorker.java:53)
at org.testng.SuiteRunnerWorker.run(SuiteRunnerWorker.java:96)
at org.testng.TestNG.runSuitesSequentially(TestNG.java:1187)
at org.testng.TestNG.runSuitesLocally(TestNG.java:1109)
at org.testng.TestNG.runSuites(TestNG.java:1039)
at org.testng.TestNG.run(TestNG.java:1007)
at org.testng.remote.AbstractRemoteTestNG.run(AbstractRemoteTestNG.java:115)
at org.testng.remote.RemoteTestNG.initAndRun(RemoteTestNG.java:251)
at org.testng.remote.RemoteTestNG.main(RemoteTestNG.java:77)
]]>
    </failure>
  </testcase> <!-- serviceOverview_TriggerBuild_Cache -->
  <system-out>
checking if driver exist <img src=D:\BuildPiper_Rahul\Reports\05Dec_191310\serviceOverview_TriggerBuild_Cache_chrome\serviceOverview_TriggerBuild_Cache_chrome_339_Dec_192225.jpg alt='Lamp' width='500' height='400'> checking if driver exist <img src=D:\BuildPiper_Rahul\Reports\05Dec_191310\serviceOverview_TriggerBuild_Cache_chrome\serviceOverview_TriggerBuild_Cache_chrome_339_Dec_192225.jpg alt='Lamp' width='500' height='400'> Element is present  xpath: //li//button[contains(@class,'main-nav-1')]//span[1][@title]] <img src=D:\BuildPiper_Rahul\Reports\05Dec_191310\serviceOverview_TriggerBuild_Cache_chrome\serviceOverview_TriggerBuild_Cache_chrome_339_Dec_192231.jpg alt='Lamp' width='500' height='400'> Clicking on element Poc_QA serviceOverviewLink <img src=D:\BuildPiper_Rahul\Reports\05Dec_191310\serviceOverview_TriggerBuild_Cache_chrome\serviceOverview_TriggerBuild_Cache_chrome_339_Dec_192231.jpg alt='Lamp' width='500' height='400'> Element is present  xpath: //a[@class='btn btn-submit']] <img src=D:\BuildPiper_Rahul\Reports\05Dec_191310\serviceOverview_TriggerBuild_Cache_chrome\serviceOverview_TriggerBuild_Cache_chrome_339_Dec_192231.jpg alt='Lamp' width='500' height='400'> Clicking on element Poc_QA addServiceBtn <img src=D:\BuildPiper_Rahul\Reports\05Dec_191310\serviceOverview_TriggerBuild_Cache_chrome\serviceOverview_TriggerBuild_Cache_chrome_339_Dec_192232.jpg alt='Lamp' width='500' height='400'> Element is present  xpath: //h1[@class='main-heading']] <img src=D:\BuildPiper_Rahul\Reports\05Dec_191310\serviceOverview_TriggerBuild_Cache_chrome\serviceOverview_TriggerBuild_Cache_chrome_339_Dec_192233.jpg alt='Lamp' width='500' height='400'> Element is present  xpath: //p[(@class='hint-text-main-heading')]] <img src=D:\BuildPiper_Rahul\Reports\05Dec_191310\serviceOverview_TriggerBuild_Cache_chrome\serviceOverview_TriggerBuild_Cache_chrome_339_Dec_192233.jpg alt='Lamp' width='500' height='400'> Setting value on element sets service name <img src=D:\BuildPiper_Rahul\Reports\05Dec_191310\serviceOverview_TriggerBuild_Cache_chrome\serviceOverview_TriggerBuild_Cache_chrome_339_Dec_192233.jpg alt='Lamp' width='500' height='400'> Setting value on element sets external name <img src=D:\BuildPiper_Rahul\Reports\05Dec_191310\serviceOverview_TriggerBuild_Cache_chrome\serviceOverview_TriggerBuild_Cache_chrome_339_Dec_192234.jpg alt='Lamp' width='500' height='400'> Clicking on element Poc_QA selectEveryRadioBtn <img src=D:\BuildPiper_Rahul\Reports\05Dec_191310\serviceOverview_TriggerBuild_Cache_chrome\serviceOverview_TriggerBuild_Cache_chrome_339_Dec_192234.jpg alt='Lamp' width='500' height='400'> Clicking on element Poc_QA SubmitCreatePage <img src=D:\BuildPiper_Rahul\Reports\05Dec_191310\serviceOverview_TriggerBuild_Cache_chrome\serviceOverview_TriggerBuild_Cache_chrome_339_Dec_192234.jpg alt='Lamp' width='500' height='400'> Element is present  xpath: //h1[@class='h1' and contains(.,'Create a Environment')]] <img src=D:\BuildPiper_Rahul\Reports\05Dec_191310\serviceOverview_TriggerBuild_Cache_chrome\serviceOverview_TriggerBuild_Cache_chrome_339_Dec_192237.jpg alt='Lamp' width='500' height='400'> Element is present  xpath: //div[@class='staticwrap-inner']] <img src=D:\BuildPiper_Rahul\Reports\05Dec_191310\serviceOverview_TriggerBuild_Cache_chrome\serviceOverview_TriggerBuild_Cache_chrome_339_Dec_192237.jpg alt='Lamp' width='500' height='400'> Element is present  xpath: //select[@name='env_id']] <img src=D:\BuildPiper_Rahul\Reports\05Dec_191310\serviceOverview_TriggerBuild_Cache_chrome\serviceOverview_TriggerBuild_Cache_chrome_339_Dec_192239.jpg alt='Lamp' width='500' height='400'> Element is present  xpath: //button[@class='btn btn-submit']] <img src=D:\BuildPiper_Rahul\Reports\05Dec_191310\serviceOverview_TriggerBuild_Cache_chrome\serviceOverview_TriggerBuild_Cache_chrome_339_Dec_192244.jpg alt='Lamp' width='500' height='400'> Clicking on element Poc_QA SubmitEnvPage <img src=D:\BuildPiper_Rahul\Reports\05Dec_191310\serviceOverview_TriggerBuild_Cache_chrome\serviceOverview_TriggerBuild_Cache_chrome_339_Dec_192244.jpg alt='Lamp' width='500' height='400'> Element is present  xpath: //div[@class='font-27 font-family-nunito font-weight-300 lh-12 mr-5']] <img src=D:\BuildPiper_Rahul\Reports\05Dec_191310\serviceOverview_TriggerBuild_Cache_chrome\serviceOverview_TriggerBuild_Cache_chrome_339_Dec_192251.jpg alt='Lamp' width='500' height='400'> Element is present  xpath: //span[contains(text(),'Project:')]] <img src=D:\BuildPiper_Rahul\Reports\05Dec_191310\serviceOverview_TriggerBuild_Cache_chrome\serviceOverview_TriggerBuild_Cache_chrome_339_Dec_192251.jpg alt='Lamp' width='500' height='400'> Element is present  xpath: //*[text()='Env Build Details']] <img src=D:\BuildPiper_Rahul\Reports\05Dec_191310\serviceOverview_TriggerBuild_Cache_chrome\serviceOverview_TriggerBuild_Cache_chrome_339_Dec_192252.jpg alt='Lamp' width='500' height='400'> Clicking on element Poc_QA validateBuildDetails <img src=D:\BuildPiper_Rahul\Reports\05Dec_191310\serviceOverview_TriggerBuild_Cache_chrome\serviceOverview_TriggerBuild_Cache_chrome_339_Dec_192252.jpg alt='Lamp' width='500' height='400'> Element is present  xpath: //p[@class='main-text mb-10']] <img src=D:\BuildPiper_Rahul\Reports\05Dec_191310\serviceOverview_TriggerBuild_Cache_chrome\serviceOverview_TriggerBuild_Cache_chrome_339_Dec_192253.jpg alt='Lamp' width='500' height='400'> Element is present  xpath: //span[@class='sub-text mb-10']] <img src=D:\BuildPiper_Rahul\Reports\05Dec_191310\serviceOverview_TriggerBuild_Cache_chrome\serviceOverview_TriggerBuild_Cache_chrome_339_Dec_192253.jpg alt='Lamp' width='500' height='400'> Element is present  xpath: //*[text()='Env Deploy Details']] <img src=D:\BuildPiper_Rahul\Reports\05Dec_191310\serviceOverview_TriggerBuild_Cache_chrome\serviceOverview_TriggerBuild_Cache_chrome_339_Dec_192254.jpg alt='Lamp' width='500' height='400'> Clicking on element Poc_QA validateDeployDetails <img src=D:\BuildPiper_Rahul\Reports\05Dec_191310\serviceOverview_TriggerBuild_Cache_chrome\serviceOverview_TriggerBuild_Cache_chrome_339_Dec_192254.jpg alt='Lamp' width='500' height='400'> Element is present  xpath: //p[@class='main-text mb-10']] <img src=D:\BuildPiper_Rahul\Reports\05Dec_191310\serviceOverview_TriggerBuild_Cache_chrome\serviceOverview_TriggerBuild_Cache_chrome_339_Dec_192254.jpg alt='Lamp' width='500' height='400'> Element is present  xpath: //span[@class='sub-text mb-10']] <img src=D:\BuildPiper_Rahul\Reports\05Dec_191310\serviceOverview_TriggerBuild_Cache_chrome\serviceOverview_TriggerBuild_Cache_chrome_339_Dec_192254.jpg alt='Lamp' width='500' height='400'> Element is present  xpath: //*[text()='To have a very smooth configuration we strongly recommend BuildPiper UI.']] <img src=D:\BuildPiper_Rahul\Reports\05Dec_191310\serviceOverview_TriggerBuild_Cache_chrome\serviceOverview_TriggerBuild_Cache_chrome_339_Dec_192255.jpg alt='Lamp' width='500' height='400'> Element is present  xpath: //*[text()='you can also configure the CD by uploading your custom manifest file.']] <img src=D:\BuildPiper_Rahul\Reports\05Dec_191310\serviceOverview_TriggerBuild_Cache_chrome\serviceOverview_TriggerBuild_Cache_chrome_339_Dec_192255.jpg alt='Lamp' width='500' height='400'> checking if driver exist <img src=D:\BuildPiper_Rahul\Reports\05Dec_191310\serviceOverview_TriggerBuild_Cache_chrome\serviceOverview_TriggerBuild_Cache_chrome_339_Dec_192255.jpg alt='Lamp' width='500' height='400'> Element is present  xpath: //*[text()='Env Build Details']] <img src=D:\BuildPiper_Rahul\Reports\05Dec_191310\serviceOverview_TriggerBuild_Cache_chrome\serviceOverview_TriggerBuild_Cache_chrome_339_Dec_192255.jpg alt='Lamp' width='500' height='400'> Clicking on element Poc_QA validateBuildDetails <img src=D:\BuildPiper_Rahul\Reports\05Dec_191310\serviceOverview_TriggerBuild_Cache_chrome\serviceOverview_TriggerBuild_Cache_chrome_339_Dec_192256.jpg alt='Lamp' width='500' height='400'> Element is present  xpath: //*[text()='Configure Build']] <img src=D:\BuildPiper_Rahul\Reports\05Dec_191310\serviceOverview_TriggerBuild_Cache_chrome\serviceOverview_TriggerBuild_Cache_chrome_339_Dec_192256.jpg alt='Lamp' width='500' height='400'> Clicking on element Poc_QA clickConfigBuild <img src=D:\BuildPiper_Rahul\Reports\05Dec_191310\serviceOverview_TriggerBuild_Cache_chrome\serviceOverview_TriggerBuild_Cache_chrome_339_Dec_192257.jpg alt='Lamp' width='500' height='400'> Element is present  xpath: //div[@class='md-step-circle current']] <img src=D:\BuildPiper_Rahul\Reports\05Dec_191310\serviceOverview_TriggerBuild_Cache_chrome\serviceOverview_TriggerBuild_Cache_chrome_339_Dec_192300.jpg alt='Lamp' width='500' height='400'> Element is present  xpath: //h4[@class='mainHeading']] <img src=D:\BuildPiper_Rahul\Reports\05Dec_191310\serviceOverview_TriggerBuild_Cache_chrome\serviceOverview_TriggerBuild_Cache_chrome_339_Dec_192300.jpg alt='Lamp' width='500' height='400'> Element is present  xpath: //*[text()='Please Select the Git URL']] <img src=D:\BuildPiper_Rahul\Reports\05Dec_191310\serviceOverview_TriggerBuild_Cache_chrome\serviceOverview_TriggerBuild_Cache_chrome_339_Dec_192300.jpg alt='Lamp' width='500' height='400'> Element is present  xpath: //div[@class='MuiInputBase-root MuiOutlinedInput-root MuiAutocomplete-inputRoot MuiInputBase-fullWidth MuiInputBase-formControl MuiInputBase-adornedEnd MuiOutlinedInput-adornedEnd']] <img src=D:\BuildPiper_Rahul\Reports\05Dec_191310\serviceOverview_TriggerBuild_Cache_chrome\serviceOverview_TriggerBuild_Cache_chrome_339_Dec_192300.jpg alt='Lamp' width='500' height='400'> Clicking on element Poc_QA gitUrlInputField <img src=D:\BuildPiper_Rahul\Reports\05Dec_191310\serviceOverview_TriggerBuild_Cache_chrome\serviceOverview_TriggerBuild_Cache_chrome_339_Dec_192301.jpg alt='Lamp' width='500' height='400'> Clicking on element ClicksclearField <img src=D:\BuildPiper_Rahul\Reports\05Dec_191310\serviceOverview_TriggerBuild_Cache_chrome\serviceOverview_TriggerBuild_Cache_chrome_339_Dec_192306.jpg alt='Lamp' width='500' height='400'> Element is present  xpath: //*[text()='Load Branches']] <img src=D:\BuildPiper_Rahul\Reports\05Dec_191310\serviceOverview_TriggerBuild_Cache_chrome\serviceOverview_TriggerBuild_Cache_chrome_339_Dec_192316.jpg alt='Lamp' width='500' height='400'> Clicking on element Poc_QA loadBranchesBtn <img src=D:\BuildPiper_Rahul\Reports\05Dec_191310\serviceOverview_TriggerBuild_Cache_chrome\serviceOverview_TriggerBuild_Cache_chrome_339_Dec_192316.jpg alt='Lamp' width='500' height='400'> Element is present  xpath: //*[text()='Advance Configurations']] <img src=D:\BuildPiper_Rahul\Reports\05Dec_191310\serviceOverview_TriggerBuild_Cache_chrome\serviceOverview_TriggerBuild_Cache_chrome_339_Dec_192330.jpg alt='Lamp' width='500' height='400'> Clicking on element Poc_QA clickContinueBtn <img src=D:\BuildPiper_Rahul\Reports\05Dec_191310\serviceOverview_TriggerBuild_Cache_chrome\serviceOverview_TriggerBuild_Cache_chrome_339_Dec_192330.jpg alt='Lamp' width='500' height='400'> Element is present  xpath: //h4[@class='mainHeading']] <img src=D:\BuildPiper_Rahul\Reports\05Dec_191310\serviceOverview_TriggerBuild_Cache_chrome\serviceOverview_TriggerBuild_Cache_chrome_339_Dec_192335.jpg alt='Lamp' width='500' height='400'> Element is present  xpath: //*[text()='Build Env Details']] <img src=D:\BuildPiper_Rahul\Reports\05Dec_191310\serviceOverview_TriggerBuild_Cache_chrome\serviceOverview_TriggerBuild_Cache_chrome_339_Dec_192335.jpg alt='Lamp' width='500' height='400'> Clicking on element Poc_QA envDetailsSwitch <img src=D:\BuildPiper_Rahul\Reports\05Dec_191310\serviceOverview_TriggerBuild_Cache_chrome\serviceOverview_TriggerBuild_Cache_chrome_339_Dec_192336.jpg alt='Lamp' width='500' height='400'> Setting value on element Poc_QA envName <img src=D:\BuildPiper_Rahul\Reports\05Dec_191310\serviceOverview_TriggerBuild_Cache_chrome\serviceOverview_TriggerBuild_Cache_chrome_339_Dec_192336.jpg alt='Lamp' width='500' height='400'> Setting value on element Poc_QA envValue <img src=D:\BuildPiper_Rahul\Reports\05Dec_191310\serviceOverview_TriggerBuild_Cache_chrome\serviceOverview_TriggerBuild_Cache_chrome_339_Dec_192336.jpg alt='Lamp' width='500' height='400'> Clicking on element Poc_QA clickContinueBtn <img src=D:\BuildPiper_Rahul\Reports\05Dec_191310\serviceOverview_TriggerBuild_Cache_chrome\serviceOverview_TriggerBuild_Cache_chrome_339_Dec_192336.jpg alt='Lamp' width='500' height='400'> Clicking on element Poc_QA preHooksSwitch <img src=D:\BuildPiper_Rahul\Reports\05Dec_191310\serviceOverview_TriggerBuild_Cache_chrome\serviceOverview_TriggerBuild_Cache_chrome_339_Dec_192337.jpg alt='Lamp' width='500' height='400'> Setting value on element Poc_QA preHooksPasswordBox1 <img src=D:\BuildPiper_Rahul\Reports\05Dec_191310\serviceOverview_TriggerBuild_Cache_chrome\serviceOverview_TriggerBuild_Cache_chrome_339_Dec_192337.jpg alt='Lamp' width='500' height='400'> Clicking on element clicks on add New Hook <img src=D:\BuildPiper_Rahul\Reports\05Dec_191310\serviceOverview_TriggerBuild_Cache_chrome\serviceOverview_TriggerBuild_Cache_chrome_339_Dec_192337.jpg alt='Lamp' width='500' height='400'> Setting value on element Poc_QA preHooksPasswordBox2 <img src=D:\BuildPiper_Rahul\Reports\05Dec_191310\serviceOverview_TriggerBuild_Cache_chrome\serviceOverview_TriggerBuild_Cache_chrome_339_Dec_192338.jpg alt='Lamp' width='500' height='400'> Clicking on element Poc_QA postHooksSwitch <img src=D:\BuildPiper_Rahul\Reports\05Dec_191310\serviceOverview_TriggerBuild_Cache_chrome\serviceOverview_TriggerBuild_Cache_chrome_339_Dec_192338.jpg alt='Lamp' width='500' height='400'> Setting value on element Poc_QA postHooksPasswordBox1 <img src=D:\BuildPiper_Rahul\Reports\05Dec_191310\serviceOverview_TriggerBuild_Cache_chrome\serviceOverview_TriggerBuild_Cache_chrome_339_Dec_192338.jpg alt='Lamp' width='500' height='400'> Clicking on element clicks on add New Post Hook <img src=D:\BuildPiper_Rahul\Reports\05Dec_191310\serviceOverview_TriggerBuild_Cache_chrome\serviceOverview_TriggerBuild_Cache_chrome_339_Dec_192338.jpg alt='Lamp' width='500' height='400'> Setting value on element Poc_QA postHooksPasswordBox2 <img src=D:\BuildPiper_Rahul\Reports\05Dec_191310\serviceOverview_TriggerBuild_Cache_chrome\serviceOverview_TriggerBuild_Cache_chrome_339_Dec_192339.jpg alt='Lamp' width='500' height='400'> Clicking on element Poc_QA submitHooks <img src=D:\BuildPiper_Rahul\Reports\05Dec_191310\serviceOverview_TriggerBuild_Cache_chrome\serviceOverview_TriggerBuild_Cache_chrome_339_Dec_192339.jpg alt='Lamp' width='500' height='400'> Element is present  xpath: /html/body/div[1]/div/main/div[1]/div/div[1]/div/div/div[2]/div[2]/span[2]] <img src=D:\BuildPiper_Rahul\Reports\05Dec_191310\serviceOverview_TriggerBuild_Cache_chrome\serviceOverview_TriggerBuild_Cache_chrome_339_Dec_192342.jpg alt='Lamp' width='500' height='400'> Element is present  xpath: //*[text()='Job Template: ']] <img src=D:\BuildPiper_Rahul\Reports\05Dec_191310\serviceOverview_TriggerBuild_Cache_chrome\serviceOverview_TriggerBuild_Cache_chrome_339_Dec_192344.jpg alt='Lamp' width='500' height='400'> checking if driver exist <img src=D:\BuildPiper_Rahul\Reports\05Dec_191310\serviceOverview_TriggerBuild_Cache_chrome\serviceOverview_TriggerBuild_Cache_chrome_339_Dec_192344.jpg alt='Lamp' width='500' height='400'> Element is present  xpath: //*[text()='Env Deploy Details']] <img src=D:\BuildPiper_Rahul\Reports\05Dec_191310\serviceOverview_TriggerBuild_Cache_chrome\serviceOverview_TriggerBuild_Cache_chrome_339_Dec_192345.jpg alt='Lamp' width='500' height='400'> Clicking on element Poc_QA validateDeployDetails <img src=D:\BuildPiper_Rahul\Reports\05Dec_191310\serviceOverview_TriggerBuild_Cache_chrome\serviceOverview_TriggerBuild_Cache_chrome_339_Dec_192345.jpg alt='Lamp' width='500' height='400'> Element is present  xpath: //button[@class='btn btn-submit']] <img src=D:\BuildPiper_Rahul\Reports\05Dec_191310\serviceOverview_TriggerBuild_Cache_chrome\serviceOverview_TriggerBuild_Cache_chrome_339_Dec_192345.jpg alt='Lamp' width='500' height='400'> Clicking on element clicks on buildPiperUI button <img src=D:\BuildPiper_Rahul\Reports\05Dec_191310\serviceOverview_TriggerBuild_Cache_chrome\serviceOverview_TriggerBuild_Cache_chrome_339_Dec_192345.jpg alt='Lamp' width='500' height='400'> Clicking on element Add Access Level <img src=D:\BuildPiper_Rahul\Reports\05Dec_191310\serviceOverview_TriggerBuild_Cache_chrome\serviceOverview_TriggerBuild_Cache_chrome_339_Dec_192348.jpg alt='Lamp' width='500' height='400'> Clicking on element Poc_QA privateAccess <img src=D:\BuildPiper_Rahul\Reports\05Dec_191310\serviceOverview_TriggerBuild_Cache_chrome\serviceOverview_TriggerBuild_Cache_chrome_339_Dec_192421.jpg alt='Lamp' width='500' height='400'> Clicking on element clicks add button <img src=D:\BuildPiper_Rahul\Reports\05Dec_191310\serviceOverview_TriggerBuild_Cache_chrome\serviceOverview_TriggerBuild_Cache_chrome_339_Dec_192421.jpg alt='Lamp' width='500' height='400'> Clicking on element clicks continue button <img src=D:\BuildPiper_Rahul\Reports\05Dec_191310\serviceOverview_TriggerBuild_Cache_chrome\serviceOverview_TriggerBuild_Cache_chrome_339_Dec_192422.jpg alt='Lamp' width='500' height='400'> Clicking on element clicks continue button <img src=D:\BuildPiper_Rahul\Reports\05Dec_191310\serviceOverview_TriggerBuild_Cache_chrome\serviceOverview_TriggerBuild_Cache_chrome_339_Dec_192424.jpg alt='Lamp' width='500' height='400'> Clicking on element clicks continue button <img src=D:\BuildPiper_Rahul\Reports\05Dec_191310\serviceOverview_TriggerBuild_Cache_chrome\serviceOverview_TriggerBuild_Cache_chrome_339_Dec_192426.jpg alt='Lamp' width='500' height='400'> Clicking on element clicks continue button <img src=D:\BuildPiper_Rahul\Reports\05Dec_191310\serviceOverview_TriggerBuild_Cache_chrome\serviceOverview_TriggerBuild_Cache_chrome_339_Dec_192428.jpg alt='Lamp' width='500' height='400'> Clicking on element clicks continue button <img src=D:\BuildPiper_Rahul\Reports\05Dec_191310\serviceOverview_TriggerBuild_Cache_chrome\serviceOverview_TriggerBuild_Cache_chrome_339_Dec_192431.jpg alt='Lamp' width='500' height='400'> Clicking on element clicks continue button <img src=D:\BuildPiper_Rahul\Reports\05Dec_191310\serviceOverview_TriggerBuild_Cache_chrome\serviceOverview_TriggerBuild_Cache_chrome_339_Dec_192433.jpg alt='Lamp' width='500' height='400'> Clicking on element clicks continue button <img src=D:\BuildPiper_Rahul\Reports\05Dec_191310\serviceOverview_TriggerBuild_Cache_chrome\serviceOverview_TriggerBuild_Cache_chrome_339_Dec_192435.jpg alt='Lamp' width='500' height='400'> Clicking on element clicks continue button <img src=D:\BuildPiper_Rahul\Reports\05Dec_191310\serviceOverview_TriggerBuild_Cache_chrome\serviceOverview_TriggerBuild_Cache_chrome_339_Dec_192437.jpg alt='Lamp' width='500' height='400'> Clicking on element clicks continue button <img src=D:\BuildPiper_Rahul\Reports\05Dec_191310\serviceOverview_TriggerBuild_Cache_chrome\serviceOverview_TriggerBuild_Cache_chrome_339_Dec_192440.jpg alt='Lamp' width='500' height='400'> Clicking on element Clicks on Deploy Details tag <img src=D:\BuildPiper_Rahul\Reports\05Dec_191310\serviceOverview_TriggerBuild_Cache_chrome\serviceOverview_TriggerBuild_Cache_chrome_339_Dec_192443.jpg alt='Lamp' width='500' height='400'> checking if driver exist <img src=D:\BuildPiper_Rahul\Reports\05Dec_191310\serviceOverview_TriggerBuild_Cache_chrome\serviceOverview_TriggerBuild_Cache_chrome_339_Dec_192443.jpg alt='Lamp' width='500' height='400'> Clicking on element clicks buildButton <img src=D:\BuildPiper_Rahul\Reports\05Dec_191310\serviceOverview_TriggerBuild_Cache_chrome\serviceOverview_TriggerBuild_Cache_chrome_339_Dec_192444.jpg alt='Lamp' width='500' height='400'> checking if driver exist <img src=D:\BuildPiper_Rahul\Reports\05Dec_191310\serviceOverview_TriggerBuild_Cache_chrome\serviceOverview_TriggerBuild_Cache_chrome_339_Dec_192447.jpg alt='Lamp' width='500' height='400'> Element is present  xpath: //span[contains(text(),'Please note You are building image in Env.')]/following-sibling::span[1]] <img src=D:\BuildPiper_Rahul\Reports\05Dec_191310\serviceOverview_TriggerBuild_Cache_chrome\serviceOverview_TriggerBuild_Cache_chrome_339_Dec_192447.jpg alt='Lamp' width='500' height='400'> ####### End of Test Case: serviceOverview_TriggerBuild_Cache #######  </system-out>
  <testcase classname="com.buildpiper.testcases.ServiceCreationComprehensiveTestCases" name="serviceOverview_Deploy" time="221.574">
    <error message="no such element: Unable to locate element: {&quot;method&quot;:&quot;xpath&quot;,&quot;selector&quot;:&quot;//button[contains(text(),&#039;Trigger Deploy &#039;)]&quot;}
  (Session info: chrome=119.0.6045.200)
For documentation on this error, please visit: https://www.seleniumhq.org/exceptions/no_such_element.html
Build info: version: &#039;3.141.59&#039;, revision: &#039;e82be7d358&#039;, time: &#039;2018-11-14T08:17:03&#039;
System info: host: &#039;DESKTOP-PTF1H2O&#039;, ip: &#039;10.8.0.88&#039;, os.name: &#039;Windows 10&#039;, os.arch: &#039;amd64&#039;, os.version: &#039;10.0&#039;, java.version: &#039;19.0.1&#039;
Driver info: org.openqa.selenium.chrome.ChromeDriver
Capabilities {acceptInsecureCerts: false, browserName: chrome, browserVersion: 119.0.6045.200, chrome: {chromedriverVersion: 119.0.6045.105 (38c72552c5e..., userDataDir: C:\Users\Rahul\AppData\Loca...}, fedcm:accounts: true, goog:chromeOptions: {debuggerAddress: localhost:58250}, javascriptEnabled: true, networkConnectionEnabled: false, pageLoadStrategy: normal, platform: WINDOWS, platformName: WINDOWS, proxy: Proxy(), setWindowRect: true, strictFileInteractability: false, timeouts: {implicit: 0, pageLoad: 300000, script: 30000}, unhandledPromptBehavior: dismiss and notify, webauthn:extension:credBlob: true, webauthn:extension:largeBlob: true, webauthn:extension:minPinLength: true, webauthn:extension:prf: true, webauthn:virtualAuthenticators: true}
Session ID: 0efebc9a3564b6d7777d4e1f8d63c312
*** Element info: {Using=xpath, value=//button[contains(text(),&#039;Trigger Deploy &#039;)]}" type="org.openqa.selenium.NoSuchElementException">
      <![CDATA[org.openqa.selenium.NoSuchElementException: no such element: Unable to locate element: {"method":"xpath","selector":"//button[contains(text(),'Trigger Deploy ')]"}
  (Session info: chrome=119.0.6045.200)
For documentation on this error, please visit: https://www.seleniumhq.org/exceptions/no_such_element.html
Build info: version: '3.141.59', revision: 'e82be7d358', time: '2018-11-14T08:17:03'
System info: host: 'DESKTOP-PTF1H2O', ip: '10.8.0.88', os.name: 'Windows 10', os.arch: 'amd64', os.version: '10.0', java.version: '19.0.1'
Driver info: org.openqa.selenium.chrome.ChromeDriver
Capabilities {acceptInsecureCerts: false, browserName: chrome, browserVersion: 119.0.6045.200, chrome: {chromedriverVersion: 119.0.6045.105 (38c72552c5e..., userDataDir: C:\Users\Rahul\AppData\Loca...}, fedcm:accounts: true, goog:chromeOptions: {debuggerAddress: localhost:58250}, javascriptEnabled: true, networkConnectionEnabled: false, pageLoadStrategy: normal, platform: WINDOWS, platformName: WINDOWS, proxy: Proxy(), setWindowRect: true, strictFileInteractability: false, timeouts: {implicit: 0, pageLoad: 300000, script: 30000}, unhandledPromptBehavior: dismiss and notify, webauthn:extension:credBlob: true, webauthn:extension:largeBlob: true, webauthn:extension:minPinLength: true, webauthn:extension:prf: true, webauthn:virtualAuthenticators: true}
Session ID: 0efebc9a3564b6d7777d4e1f8d63c312
*** Element info: {Using=xpath, value=//button[contains(text(),'Trigger Deploy ')]}
at java.base/jdk.internal.reflect.DirectConstructorHandleAccessor.newInstance(DirectConstructorHandleAccessor.java:67)
at java.base/java.lang.reflect.Constructor.newInstanceWithCaller(Constructor.java:500)
at java.base/java.lang.reflect.Constructor.newInstance(Constructor.java:484)
at org.openqa.selenium.remote.http.W3CHttpResponseCodec.createException(W3CHttpResponseCodec.java:187)
at org.openqa.selenium.remote.http.W3CHttpResponseCodec.decode(W3CHttpResponseCodec.java:122)
at org.openqa.selenium.remote.http.W3CHttpResponseCodec.decode(W3CHttpResponseCodec.java:49)
at org.openqa.selenium.remote.HttpCommandExecutor.execute(HttpCommandExecutor.java:158)
at org.openqa.selenium.remote.service.DriverCommandExecutor.execute(DriverCommandExecutor.java:83)
at org.openqa.selenium.remote.RemoteWebDriver.execute(RemoteWebDriver.java:552)
at org.openqa.selenium.remote.RemoteWebDriver.findElement(RemoteWebDriver.java:323)
at org.openqa.selenium.remote.RemoteWebDriver.findElementByXPath(RemoteWebDriver.java:428)
at org.openqa.selenium.By$ByXPath.findElement(By.java:353)
at org.openqa.selenium.remote.RemoteWebDriver.findElement(RemoteWebDriver.java:315)
at org.openqa.selenium.support.pagefactory.DefaultElementLocator.findElement(DefaultElementLocator.java:69)
at org.openqa.selenium.support.pagefactory.internal.LocatingElementHandler.invoke(LocatingElementHandler.java:38)
at jdk.proxy2/jdk.proxy2.$Proxy26.isDisplayed(Unknown Source)
at com.buildpiper.capabilities.UICapability.ui_IsElementDisplay(UICapability.java:191)
at com.buildpiper.capabilities.UICapability.ui_click(UICapability.java:66)
at com.buildpiper.base.Capability.ui_click(Capability.java:69)
at com.buildpiper.pages.ServiceCreationPage.deployService(ServiceCreationPage.java:1686)
at com.buildpiper.testcases.ServiceCreationComprehensiveTestCases.serviceOverview_Deploy(ServiceCreationComprehensiveTestCases.java:189)
at java.base/jdk.internal.reflect.DirectMethodHandleAccessor.invoke(DirectMethodHandleAccessor.java:104)
at java.base/java.lang.reflect.Method.invoke(Method.java:578)
at org.testng.internal.MethodInvocationHelper.invokeMethod(MethodInvocationHelper.java:134)
at org.testng.internal.TestInvoker.invokeMethod(TestInvoker.java:597)
at org.testng.internal.TestInvoker.invokeTestMethod(TestInvoker.java:173)
at org.testng.internal.MethodRunner.runInSequence(MethodRunner.java:46)
at org.testng.internal.TestInvoker$MethodInvocationAgent.invoke(TestInvoker.java:816)
at org.testng.internal.TestInvoker.invokeTestMethods(TestInvoker.java:146)
at org.testng.internal.TestMethodWorker.invokeTestMethods(TestMethodWorker.java:146)
at org.testng.internal.TestMethodWorker.run(TestMethodWorker.java:128)
at java.base/java.util.ArrayList.forEach(ArrayList.java:1511)
at org.testng.TestRunner.privateRun(TestRunner.java:766)
at org.testng.TestRunner.run(TestRunner.java:587)
at org.testng.SuiteRunner.runTest(SuiteRunner.java:384)
at org.testng.SuiteRunner.runSequentially(SuiteRunner.java:378)
at org.testng.SuiteRunner.privateRun(SuiteRunner.java:337)
at org.testng.SuiteRunner.run(SuiteRunner.java:286)
at org.testng.SuiteRunnerWorker.runSuite(SuiteRunnerWorker.java:53)
at org.testng.SuiteRunnerWorker.run(SuiteRunnerWorker.java:96)
at org.testng.TestNG.runSuitesSequentially(TestNG.java:1187)
at org.testng.TestNG.runSuitesLocally(TestNG.java:1109)
at org.testng.TestNG.runSuites(TestNG.java:1039)
at org.testng.TestNG.run(TestNG.java:1007)
at org.testng.remote.AbstractRemoteTestNG.run(AbstractRemoteTestNG.java:115)
at org.testng.remote.RemoteTestNG.initAndRun(RemoteTestNG.java:251)
at org.testng.remote.RemoteTestNG.main(RemoteTestNG.java:77)
]]>
    </error>
  </testcase> <!-- serviceOverview_Deploy -->
  <system-out>
checking if driver exist <img src=D:\BuildPiper_Rahul\Reports\05Dec_191310\serviceOverview_Deploy_chrome\serviceOverview_Deploy_chrome_339_Dec_192845.jpg alt='Lamp' width='500' height='400'> checking if driver exist <img src=D:\BuildPiper_Rahul\Reports\05Dec_191310\serviceOverview_Deploy_chrome\serviceOverview_Deploy_chrome_339_Dec_192845.jpg alt='Lamp' width='500' height='400'> Element is present  xpath: //li//button[contains(@class,'main-nav-1')]//span[1][@title]] <img src=D:\BuildPiper_Rahul\Reports\05Dec_191310\serviceOverview_Deploy_chrome\serviceOverview_Deploy_chrome_339_Dec_192850.jpg alt='Lamp' width='500' height='400'> Clicking on element Poc_QA serviceOverviewLink <img src=D:\BuildPiper_Rahul\Reports\05Dec_191310\serviceOverview_Deploy_chrome\serviceOverview_Deploy_chrome_339_Dec_192851.jpg alt='Lamp' width='500' height='400'> Element is present  xpath: //a[@class='btn btn-submit']] <img src=D:\BuildPiper_Rahul\Reports\05Dec_191310\serviceOverview_Deploy_chrome\serviceOverview_Deploy_chrome_339_Dec_192851.jpg alt='Lamp' width='500' height='400'> Clicking on element Poc_QA addServiceBtn <img src=D:\BuildPiper_Rahul\Reports\05Dec_191310\serviceOverview_Deploy_chrome\serviceOverview_Deploy_chrome_339_Dec_192852.jpg alt='Lamp' width='500' height='400'> Element is present  xpath: //h1[@class='main-heading']] <img src=D:\BuildPiper_Rahul\Reports\05Dec_191310\serviceOverview_Deploy_chrome\serviceOverview_Deploy_chrome_339_Dec_192853.jpg alt='Lamp' width='500' height='400'> Element is present  xpath: //p[(@class='hint-text-main-heading')]] <img src=D:\BuildPiper_Rahul\Reports\05Dec_191310\serviceOverview_Deploy_chrome\serviceOverview_Deploy_chrome_339_Dec_192853.jpg alt='Lamp' width='500' height='400'> Setting value on element sets service name <img src=D:\BuildPiper_Rahul\Reports\05Dec_191310\serviceOverview_Deploy_chrome\serviceOverview_Deploy_chrome_339_Dec_192853.jpg alt='Lamp' width='500' height='400'> Setting value on element sets external name <img src=D:\BuildPiper_Rahul\Reports\05Dec_191310\serviceOverview_Deploy_chrome\serviceOverview_Deploy_chrome_339_Dec_192853.jpg alt='Lamp' width='500' height='400'> Clicking on element Poc_QA selectEveryRadioBtn <img src=D:\BuildPiper_Rahul\Reports\05Dec_191310\serviceOverview_Deploy_chrome\serviceOverview_Deploy_chrome_339_Dec_192854.jpg alt='Lamp' width='500' height='400'> Clicking on element Poc_QA SubmitCreatePage <img src=D:\BuildPiper_Rahul\Reports\05Dec_191310\serviceOverview_Deploy_chrome\serviceOverview_Deploy_chrome_339_Dec_192854.jpg alt='Lamp' width='500' height='400'> Element is present  xpath: //h1[@class='h1' and contains(.,'Create a Environment')]] <img src=D:\BuildPiper_Rahul\Reports\05Dec_191310\serviceOverview_Deploy_chrome\serviceOverview_Deploy_chrome_339_Dec_192856.jpg alt='Lamp' width='500' height='400'> Element is present  xpath: //div[@class='staticwrap-inner']] <img src=D:\BuildPiper_Rahul\Reports\05Dec_191310\serviceOverview_Deploy_chrome\serviceOverview_Deploy_chrome_339_Dec_192857.jpg alt='Lamp' width='500' height='400'> Element is present  xpath: //select[@name='env_id']] <img src=D:\BuildPiper_Rahul\Reports\05Dec_191310\serviceOverview_Deploy_chrome\serviceOverview_Deploy_chrome_339_Dec_192858.jpg alt='Lamp' width='500' height='400'> Element is present  xpath: //button[@class='btn btn-submit']] <img src=D:\BuildPiper_Rahul\Reports\05Dec_191310\serviceOverview_Deploy_chrome\serviceOverview_Deploy_chrome_339_Dec_192904.jpg alt='Lamp' width='500' height='400'> Clicking on element Poc_QA SubmitEnvPage <img src=D:\BuildPiper_Rahul\Reports\05Dec_191310\serviceOverview_Deploy_chrome\serviceOverview_Deploy_chrome_339_Dec_192904.jpg alt='Lamp' width='500' height='400'> Element is present  xpath: //div[@class='font-27 font-family-nunito font-weight-300 lh-12 mr-5']] <img src=D:\BuildPiper_Rahul\Reports\05Dec_191310\serviceOverview_Deploy_chrome\serviceOverview_Deploy_chrome_339_Dec_192911.jpg alt='Lamp' width='500' height='400'> Element is present  xpath: //span[contains(text(),'Project:')]] <img src=D:\BuildPiper_Rahul\Reports\05Dec_191310\serviceOverview_Deploy_chrome\serviceOverview_Deploy_chrome_339_Dec_192911.jpg alt='Lamp' width='500' height='400'> Element is present  xpath: //*[text()='Env Build Details']] <img src=D:\BuildPiper_Rahul\Reports\05Dec_191310\serviceOverview_Deploy_chrome\serviceOverview_Deploy_chrome_339_Dec_192912.jpg alt='Lamp' width='500' height='400'> Clicking on element Poc_QA validateBuildDetails <img src=D:\BuildPiper_Rahul\Reports\05Dec_191310\serviceOverview_Deploy_chrome\serviceOverview_Deploy_chrome_339_Dec_192912.jpg alt='Lamp' width='500' height='400'> Element is present  xpath: //p[@class='main-text mb-10']] <img src=D:\BuildPiper_Rahul\Reports\05Dec_191310\serviceOverview_Deploy_chrome\serviceOverview_Deploy_chrome_339_Dec_192913.jpg alt='Lamp' width='500' height='400'> Element is present  xpath: //span[@class='sub-text mb-10']] <img src=D:\BuildPiper_Rahul\Reports\05Dec_191310\serviceOverview_Deploy_chrome\serviceOverview_Deploy_chrome_339_Dec_192913.jpg alt='Lamp' width='500' height='400'> Element is present  xpath: //*[text()='Env Deploy Details']] <img src=D:\BuildPiper_Rahul\Reports\05Dec_191310\serviceOverview_Deploy_chrome\serviceOverview_Deploy_chrome_339_Dec_192913.jpg alt='Lamp' width='500' height='400'> Clicking on element Poc_QA validateDeployDetails <img src=D:\BuildPiper_Rahul\Reports\05Dec_191310\serviceOverview_Deploy_chrome\serviceOverview_Deploy_chrome_339_Dec_192914.jpg alt='Lamp' width='500' height='400'> Element is present  xpath: //p[@class='main-text mb-10']] <img src=D:\BuildPiper_Rahul\Reports\05Dec_191310\serviceOverview_Deploy_chrome\serviceOverview_Deploy_chrome_339_Dec_192914.jpg alt='Lamp' width='500' height='400'> Element is present  xpath: //span[@class='sub-text mb-10']] <img src=D:\BuildPiper_Rahul\Reports\05Dec_191310\serviceOverview_Deploy_chrome\serviceOverview_Deploy_chrome_339_Dec_192914.jpg alt='Lamp' width='500' height='400'> Element is present  xpath: //*[text()='To have a very smooth configuration we strongly recommend BuildPiper UI.']] <img src=D:\BuildPiper_Rahul\Reports\05Dec_191310\serviceOverview_Deploy_chrome\serviceOverview_Deploy_chrome_339_Dec_192914.jpg alt='Lamp' width='500' height='400'> Element is present  xpath: //*[text()='you can also configure the CD by uploading your custom manifest file.']] <img src=D:\BuildPiper_Rahul\Reports\05Dec_191310\serviceOverview_Deploy_chrome\serviceOverview_Deploy_chrome_339_Dec_192915.jpg alt='Lamp' width='500' height='400'> checking if driver exist <img src=D:\BuildPiper_Rahul\Reports\05Dec_191310\serviceOverview_Deploy_chrome\serviceOverview_Deploy_chrome_339_Dec_192915.jpg alt='Lamp' width='500' height='400'> Element is present  xpath: //*[text()='Env Build Details']] <img src=D:\BuildPiper_Rahul\Reports\05Dec_191310\serviceOverview_Deploy_chrome\serviceOverview_Deploy_chrome_339_Dec_192915.jpg alt='Lamp' width='500' height='400'> Clicking on element Poc_QA validateBuildDetails <img src=D:\BuildPiper_Rahul\Reports\05Dec_191310\serviceOverview_Deploy_chrome\serviceOverview_Deploy_chrome_339_Dec_192915.jpg alt='Lamp' width='500' height='400'> Element is present  xpath: //*[text()='Configure Build']] <img src=D:\BuildPiper_Rahul\Reports\05Dec_191310\serviceOverview_Deploy_chrome\serviceOverview_Deploy_chrome_339_Dec_192916.jpg alt='Lamp' width='500' height='400'> Clicking on element Poc_QA clickConfigBuild <img src=D:\BuildPiper_Rahul\Reports\05Dec_191310\serviceOverview_Deploy_chrome\serviceOverview_Deploy_chrome_339_Dec_192916.jpg alt='Lamp' width='500' height='400'> Element is present  xpath: //div[@class='md-step-circle current']] <img src=D:\BuildPiper_Rahul\Reports\05Dec_191310\serviceOverview_Deploy_chrome\serviceOverview_Deploy_chrome_339_Dec_192920.jpg alt='Lamp' width='500' height='400'> Element is present  xpath: //h4[@class='mainHeading']] <img src=D:\BuildPiper_Rahul\Reports\05Dec_191310\serviceOverview_Deploy_chrome\serviceOverview_Deploy_chrome_339_Dec_192920.jpg alt='Lamp' width='500' height='400'> Element is present  xpath: //*[text()='Please Select the Git URL']] <img src=D:\BuildPiper_Rahul\Reports\05Dec_191310\serviceOverview_Deploy_chrome\serviceOverview_Deploy_chrome_339_Dec_192920.jpg alt='Lamp' width='500' height='400'> Element is present  xpath: //div[@class='MuiInputBase-root MuiOutlinedInput-root MuiAutocomplete-inputRoot MuiInputBase-fullWidth MuiInputBase-formControl MuiInputBase-adornedEnd MuiOutlinedInput-adornedEnd']] <img src=D:\BuildPiper_Rahul\Reports\05Dec_191310\serviceOverview_Deploy_chrome\serviceOverview_Deploy_chrome_339_Dec_192921.jpg alt='Lamp' width='500' height='400'> Clicking on element Poc_QA gitUrlInputField <img src=D:\BuildPiper_Rahul\Reports\05Dec_191310\serviceOverview_Deploy_chrome\serviceOverview_Deploy_chrome_339_Dec_192921.jpg alt='Lamp' width='500' height='400'> Clicking on element ClicksclearField <img src=D:\BuildPiper_Rahul\Reports\05Dec_191310\serviceOverview_Deploy_chrome\serviceOverview_Deploy_chrome_339_Dec_192926.jpg alt='Lamp' width='500' height='400'> Element is present  xpath: //*[text()='Load Branches']] <img src=D:\BuildPiper_Rahul\Reports\05Dec_191310\serviceOverview_Deploy_chrome\serviceOverview_Deploy_chrome_339_Dec_192936.jpg alt='Lamp' width='500' height='400'> Clicking on element Poc_QA loadBranchesBtn <img src=D:\BuildPiper_Rahul\Reports\05Dec_191310\serviceOverview_Deploy_chrome\serviceOverview_Deploy_chrome_339_Dec_192936.jpg alt='Lamp' width='500' height='400'> Element is present  xpath: //*[text()='Advance Configurations']] <img src=D:\BuildPiper_Rahul\Reports\05Dec_191310\serviceOverview_Deploy_chrome\serviceOverview_Deploy_chrome_339_Dec_192950.jpg alt='Lamp' width='500' height='400'> Clicking on element Poc_QA clickContinueBtn <img src=D:\BuildPiper_Rahul\Reports\05Dec_191310\serviceOverview_Deploy_chrome\serviceOverview_Deploy_chrome_339_Dec_192950.jpg alt='Lamp' width='500' height='400'> Element is present  xpath: //h4[@class='mainHeading']] <img src=D:\BuildPiper_Rahul\Reports\05Dec_191310\serviceOverview_Deploy_chrome\serviceOverview_Deploy_chrome_339_Dec_192955.jpg alt='Lamp' width='500' height='400'> Element is present  xpath: //*[text()='Build Env Details']] <img src=D:\BuildPiper_Rahul\Reports\05Dec_191310\serviceOverview_Deploy_chrome\serviceOverview_Deploy_chrome_339_Dec_192956.jpg alt='Lamp' width='500' height='400'> Clicking on element Poc_QA envDetailsSwitch <img src=D:\BuildPiper_Rahul\Reports\05Dec_191310\serviceOverview_Deploy_chrome\serviceOverview_Deploy_chrome_339_Dec_192956.jpg alt='Lamp' width='500' height='400'> Setting value on element Poc_QA envName <img src=D:\BuildPiper_Rahul\Reports\05Dec_191310\serviceOverview_Deploy_chrome\serviceOverview_Deploy_chrome_339_Dec_192956.jpg alt='Lamp' width='500' height='400'> Setting value on element Poc_QA envValue <img src=D:\BuildPiper_Rahul\Reports\05Dec_191310\serviceOverview_Deploy_chrome\serviceOverview_Deploy_chrome_339_Dec_192956.jpg alt='Lamp' width='500' height='400'> Clicking on element Poc_QA clickContinueBtn <img src=D:\BuildPiper_Rahul\Reports\05Dec_191310\serviceOverview_Deploy_chrome\serviceOverview_Deploy_chrome_339_Dec_192957.jpg alt='Lamp' width='500' height='400'> Clicking on element Poc_QA preHooksSwitch <img src=D:\BuildPiper_Rahul\Reports\05Dec_191310\serviceOverview_Deploy_chrome\serviceOverview_Deploy_chrome_339_Dec_192957.jpg alt='Lamp' width='500' height='400'> Setting value on element Poc_QA preHooksPasswordBox1 <img src=D:\BuildPiper_Rahul\Reports\05Dec_191310\serviceOverview_Deploy_chrome\serviceOverview_Deploy_chrome_339_Dec_192957.jpg alt='Lamp' width='500' height='400'> Clicking on element clicks on add New Hook <img src=D:\BuildPiper_Rahul\Reports\05Dec_191310\serviceOverview_Deploy_chrome\serviceOverview_Deploy_chrome_339_Dec_192957.jpg alt='Lamp' width='500' height='400'> Setting value on element Poc_QA preHooksPasswordBox2 <img src=D:\BuildPiper_Rahul\Reports\05Dec_191310\serviceOverview_Deploy_chrome\serviceOverview_Deploy_chrome_339_Dec_192958.jpg alt='Lamp' width='500' height='400'> Clicking on element Poc_QA postHooksSwitch <img src=D:\BuildPiper_Rahul\Reports\05Dec_191310\serviceOverview_Deploy_chrome\serviceOverview_Deploy_chrome_339_Dec_192958.jpg alt='Lamp' width='500' height='400'> Setting value on element Poc_QA postHooksPasswordBox1 <img src=D:\BuildPiper_Rahul\Reports\05Dec_191310\serviceOverview_Deploy_chrome\serviceOverview_Deploy_chrome_339_Dec_192958.jpg alt='Lamp' width='500' height='400'> Clicking on element clicks on add New Post Hook <img src=D:\BuildPiper_Rahul\Reports\05Dec_191310\serviceOverview_Deploy_chrome\serviceOverview_Deploy_chrome_339_Dec_192959.jpg alt='Lamp' width='500' height='400'> Setting value on element Poc_QA postHooksPasswordBox2 <img src=D:\BuildPiper_Rahul\Reports\05Dec_191310\serviceOverview_Deploy_chrome\serviceOverview_Deploy_chrome_339_Dec_192959.jpg alt='Lamp' width='500' height='400'> Clicking on element Poc_QA submitHooks <img src=D:\BuildPiper_Rahul\Reports\05Dec_191310\serviceOverview_Deploy_chrome\serviceOverview_Deploy_chrome_339_Dec_192959.jpg alt='Lamp' width='500' height='400'> Element is present  xpath: /html/body/div[1]/div/main/div[1]/div/div[1]/div/div/div[2]/div[2]/span[2]] <img src=D:\BuildPiper_Rahul\Reports\05Dec_191310\serviceOverview_Deploy_chrome\serviceOverview_Deploy_chrome_339_Dec_193002.jpg alt='Lamp' width='500' height='400'> Element is present  xpath: //*[text()='Job Template: ']] <img src=D:\BuildPiper_Rahul\Reports\05Dec_191310\serviceOverview_Deploy_chrome\serviceOverview_Deploy_chrome_339_Dec_193005.jpg alt='Lamp' width='500' height='400'> checking if driver exist <img src=D:\BuildPiper_Rahul\Reports\05Dec_191310\serviceOverview_Deploy_chrome\serviceOverview_Deploy_chrome_339_Dec_193005.jpg alt='Lamp' width='500' height='400'> Element is present  xpath: //*[text()='Env Deploy Details']] <img src=D:\BuildPiper_Rahul\Reports\05Dec_191310\serviceOverview_Deploy_chrome\serviceOverview_Deploy_chrome_339_Dec_193005.jpg alt='Lamp' width='500' height='400'> Clicking on element Poc_QA validateDeployDetails <img src=D:\BuildPiper_Rahul\Reports\05Dec_191310\serviceOverview_Deploy_chrome\serviceOverview_Deploy_chrome_339_Dec_193005.jpg alt='Lamp' width='500' height='400'> Element is present  xpath: //button[@class='btn btn-submit']] <img src=D:\BuildPiper_Rahul\Reports\05Dec_191310\serviceOverview_Deploy_chrome\serviceOverview_Deploy_chrome_339_Dec_193005.jpg alt='Lamp' width='500' height='400'> Clicking on element clicks on buildPiperUI button <img src=D:\BuildPiper_Rahul\Reports\05Dec_191310\serviceOverview_Deploy_chrome\serviceOverview_Deploy_chrome_339_Dec_193006.jpg alt='Lamp' width='500' height='400'> Clicking on element Add Access Level <img src=D:\BuildPiper_Rahul\Reports\05Dec_191310\serviceOverview_Deploy_chrome\serviceOverview_Deploy_chrome_339_Dec_193009.jpg alt='Lamp' width='500' height='400'> Clicking on element Poc_QA privateAccess <img src=D:\BuildPiper_Rahul\Reports\05Dec_191310\serviceOverview_Deploy_chrome\serviceOverview_Deploy_chrome_339_Dec_193041.jpg alt='Lamp' width='500' height='400'> Clicking on element clicks add button <img src=D:\BuildPiper_Rahul\Reports\05Dec_191310\serviceOverview_Deploy_chrome\serviceOverview_Deploy_chrome_339_Dec_193042.jpg alt='Lamp' width='500' height='400'> Clicking on element clicks continue button <img src=D:\BuildPiper_Rahul\Reports\05Dec_191310\serviceOverview_Deploy_chrome\serviceOverview_Deploy_chrome_339_Dec_193042.jpg alt='Lamp' width='500' height='400'> Clicking on element clicks continue button <img src=D:\BuildPiper_Rahul\Reports\05Dec_191310\serviceOverview_Deploy_chrome\serviceOverview_Deploy_chrome_339_Dec_193044.jpg alt='Lamp' width='500' height='400'> Clicking on element clicks continue button <img src=D:\BuildPiper_Rahul\Reports\05Dec_191310\serviceOverview_Deploy_chrome\serviceOverview_Deploy_chrome_339_Dec_193046.jpg alt='Lamp' width='500' height='400'> Clicking on element clicks continue button <img src=D:\BuildPiper_Rahul\Reports\05Dec_191310\serviceOverview_Deploy_chrome\serviceOverview_Deploy_chrome_339_Dec_193049.jpg alt='Lamp' width='500' height='400'> Clicking on element clicks continue button <img src=D:\BuildPiper_Rahul\Reports\05Dec_191310\serviceOverview_Deploy_chrome\serviceOverview_Deploy_chrome_339_Dec_193051.jpg alt='Lamp' width='500' height='400'> Clicking on element clicks continue button <img src=D:\BuildPiper_Rahul\Reports\05Dec_191310\serviceOverview_Deploy_chrome\serviceOverview_Deploy_chrome_339_Dec_193053.jpg alt='Lamp' width='500' height='400'> Clicking on element clicks continue button <img src=D:\BuildPiper_Rahul\Reports\05Dec_191310\serviceOverview_Deploy_chrome\serviceOverview_Deploy_chrome_339_Dec_193056.jpg alt='Lamp' width='500' height='400'> Clicking on element clicks continue button <img src=D:\BuildPiper_Rahul\Reports\05Dec_191310\serviceOverview_Deploy_chrome\serviceOverview_Deploy_chrome_339_Dec_193058.jpg alt='Lamp' width='500' height='400'> Clicking on element clicks continue button <img src=D:\BuildPiper_Rahul\Reports\05Dec_191310\serviceOverview_Deploy_chrome\serviceOverview_Deploy_chrome_339_Dec_193100.jpg alt='Lamp' width='500' height='400'> Clicking on element Clicks on Deploy Details tag <img src=D:\BuildPiper_Rahul\Reports\05Dec_191310\serviceOverview_Deploy_chrome\serviceOverview_Deploy_chrome_339_Dec_193106.jpg alt='Lamp' width='500' height='400'> checking if driver exist <img src=D:\BuildPiper_Rahul\Reports\05Dec_191310\serviceOverview_Deploy_chrome\serviceOverview_Deploy_chrome_339_Dec_193106.jpg alt='Lamp' width='500' height='400'> Clicking on element clicks deployButton <img src=D:\BuildPiper_Rahul\Reports\05Dec_191310\serviceOverview_Deploy_chrome\serviceOverview_Deploy_chrome_339_Dec_193106.jpg alt='Lamp' width='500' height='400'> Exception while scroll to view of element:  Exception while scroll to view of element:  ####### End of Test Case: serviceOverview_Deploy #######  </system-out>
</testsuite> <!-- com.buildpiper.testcases.ServiceCreationComprehensiveTestCases -->
