<?xml version="1.0" encoding="UTF-8"?>
<!-- Generated by org.testng.reporters.JUnitReportReporter -->
<testsuite hostname="DESKTOP-PTF1H2O" failures="0" tests="1" name="com.buildpiper.testcases.BuildPiperTestcasesExecution" time="204.201" errors="0" timestamp="2023-12-28T15:17:12 IST" skipped="0">
  <testcase classname="com.buildpiper.testcases.BuildPiperTestcasesExecution" name="EditPipeline" time="204.201"/>
  <system-out>
checking if driver exist <img src=D:\BuildPiper_Rahul\Reports\28Dec_151346\EditPipeline_chrome\EditPipeline_chrome_362_Dec_151359.jpg alt='Lamp' width='500' height='400'> Element : xpath: //button[@type='button' and @aria-controls='menu-appbar']//div//div]is displayed on screen Clicking on element userMenuAppBar <img src=D:\BuildPiper_Rahul\Reports\28Dec_151346\EditPipeline_chrome\EditPipeline_chrome_362_Dec_151400.jpg alt='Lamp' width='500' height='400'> Element : xpath: //button[contains(@class,'btn-link-green')][text()=' Switch to User Portal']]is displayed on screen Clicking on element switching to user account <img src=D:\BuildPiper_Rahul\Reports\28Dec_151346\EditPipeline_chrome\EditPipeline_chrome_362_Dec_151400.jpg alt='Lamp' width='500' height='400'> checking if driver exist <img src=D:\BuildPiper_Rahul\Reports\28Dec_151346\EditPipeline_chrome\EditPipeline_chrome_362_Dec_151404.jpg alt='Lamp' width='500' height='400'> Element : xpath: //li//button[contains(@class,'main-nav-1')]//span[@title]]is displayed on screen Element is present  xpath: //li//button[contains(@class,'main-nav-1')]//span[@title]] <img src=D:\BuildPiper_Rahul\Reports\28Dec_151346\EditPipeline_chrome\EditPipeline_chrome_362_Dec_151410.jpg alt='Lamp' width='500' height='400'> Element : xpath: //button//span[2][@class='flaticon-expand-arrow']/../..//li//span[contains(.,'Pipeline Overview')]]is displayed on screen Clicking on element Poc_QA pipelineOverviewLink <img src=D:\BuildPiper_Rahul\Reports\28Dec_151346\EditPipeline_chrome\EditPipeline_chrome_362_Dec_151410.jpg alt='Lamp' width='500' height='400'> Element : xpath: //a[@class='btn btn-submit' and text()='Add Pipeline']]is displayed on screen  Element Proxy element for: DefaultElementLocator 'By.xpath: //a[@class='btn btn-submit' and text()='Add Pipeline']' is not clickable using selenium click <img src=D:\BuildPiper_Rahul\Reports\28Dec_151346\EditPipeline_chrome\EditPipeline_chrome_362_Dec_151442.jpg alt='Lamp' width='500' height='400'> Clicking on element clicks on add pipeline button <img src=D:\BuildPiper_Rahul\Reports\28Dec_151346\EditPipeline_chrome\EditPipeline_chrome_362_Dec_151442.jpg alt='Lamp' width='500' height='400'> Element : xpath: //div//input[@name='name' and @placeholder='Give a name to the pipeline']]is displayed on screen Setting value on element Gives unique name to pipeline <img src=D:\BuildPiper_Rahul\Reports\28Dec_151346\EditPipeline_chrome\EditPipeline_chrome_362_Dec_151442.jpg alt='Lamp' width='500' height='400'> Element : xpath: //input[@name='retention_execution_count' and @placeholder='Retention Count']]is displayed on screen Element : xpath: //button[contains(@class,'btn-save btn')][text()='Save']]is displayed on screen  Element Proxy element for: DefaultElementLocator 'By.xpath: //button[contains(@class,'btn-save btn')][text()='Save']' is not clickable using selenium click <img src=D:\BuildPiper_Rahul\Reports\28Dec_151346\EditPipeline_chrome\EditPipeline_chrome_362_Dec_151554.jpg alt='Lamp' width='500' height='400'> Clicking on element clicks on save pipeline button <img src=D:\BuildPiper_Rahul\Reports\28Dec_151346\EditPipeline_chrome\EditPipeline_chrome_362_Dec_151554.jpg alt='Lamp' width='500' height='400'> Element : xpath: //button//div[@class='text-btn'][text()='Add New Stage']]is displayed on screen Clicking on element adds first stage <img src=D:\BuildPiper_Rahul\Reports\28Dec_151346\EditPipeline_chrome\EditPipeline_chrome_362_Dec_151558.jpg alt='Lamp' width='500' height='400'> Element : xpath: //input[@name='name' and @placeholder='Stage name goes here']]is displayed on screen Element is present  xpath: //input[@name='name' and @placeholder='Stage name goes here']] <img src=D:\BuildPiper_Rahul\Reports\28Dec_151346\EditPipeline_chrome\EditPipeline_chrome_362_Dec_151558.jpg alt='Lamp' width='500' height='400'> Element : xpath: //input[@name='name' and @placeholder='Stage name goes here']]is displayed on screen Setting value on element sets first stage name <img src=D:\BuildPiper_Rahul\Reports\28Dec_151346\EditPipeline_chrome\EditPipeline_chrome_362_Dec_151558.jpg alt='Lamp' width='500' height='400'> Element : xpath: //div[@class='btn btn-add'][text()='ADD']]is displayed on screen Clicking on element adds button for first stage <img src=D:\BuildPiper_Rahul\Reports\28Dec_151346\EditPipeline_chrome\EditPipeline_chrome_362_Dec_151603.jpg alt='Lamp' width='500' height='400'> Element : xpath: //div[@class='text-btn'][text()='Add New Job ']]is displayed on screen Element is present  xpath: //div[@class='text-btn'][text()='Add New Job ']] <img src=D:\BuildPiper_Rahul\Reports\28Dec_151346\EditPipeline_chrome\EditPipeline_chrome_362_Dec_151604.jpg alt='Lamp' width='500' height='400'> Element : xpath: //div[@class='text-btn'][text()='Add New Job ']]is displayed on screen Element is present  xpath: //div[@class='text-btn'][text()='Add New Job ']] <img src=D:\BuildPiper_Rahul\Reports\28Dec_151346\EditPipeline_chrome\EditPipeline_chrome_362_Dec_151604.jpg alt='Lamp' width='500' height='400'> Element : xpath: //div[@class='text-btn'][text()='Add New Job ']]is displayed on screen Clicking on element clicks on new job <img src=D:\BuildPiper_Rahul\Reports\28Dec_151346\EditPipeline_chrome\EditPipeline_chrome_362_Dec_151604.jpg alt='Lamp' width='500' height='400'> Element : xpath: //div[@class='text-btn'][text()='Add New Job ']]is displayed on screen  Element [[ChromeDriver: chrome on WINDOWS (c8d9b56bbf4414ee98ef4977a076cff6)] -> xpath: //div[@class='text-btn'][text()='Add New Job ']] is not clickable using selenium click <img src=D:\BuildPiper_Rahul\Reports\28Dec_151346\EditPipeline_chrome\EditPipeline_chrome_362_Dec_151606.jpg alt='Lamp' width='500' height='400'> Clicking on element clicks on new job <img src=D:\BuildPiper_Rahul\Reports\28Dec_151346\EditPipeline_chrome\EditPipeline_chrome_362_Dec_151606.jpg alt='Lamp' width='500' height='400'> Element : xpath: //select[@name='task_type' and @class='select']]is displayed on screen Element is present  xpath: //select[@name='task_type' and @class='select']] <img src=D:\BuildPiper_Rahul\Reports\28Dec_151346\EditPipeline_chrome\EditPipeline_chrome_362_Dec_151606.jpg alt='Lamp' width='500' height='400'> Element : xpath: //span[text()='automation-682046mu117xjpt']]is displayed on screen Element is present  xpath: //span[text()='automation-682046mu117xjpt']] <img src=D:\BuildPiper_Rahul\Reports\28Dec_151346\EditPipeline_chrome\EditPipeline_chrome_362_Dec_151608.jpg alt='Lamp' width='500' height='400'> Element : xpath: //span[text()='automation-682046mu117xjpt']]is displayed on screen Clicking on element selects service component under the env <img src=D:\BuildPiper_Rahul\Reports\28Dec_151346\EditPipeline_chrome\EditPipeline_chrome_362_Dec_151608.jpg alt='Lamp' width='500' height='400'> Element : xpath: //input[@name='open']/following-sibling::span[2]]is displayed on screen Clicking on element conditionalRule <img src=D:\BuildPiper_Rahul\Reports\28Dec_151346\EditPipeline_chrome\EditPipeline_chrome_362_Dec_151609.jpg alt='Lamp' width='500' height='400'> Element : xpath: //span[text()='Add Conditions']]is displayed on screen Clicking on element addConditionButton <img src=D:\BuildPiper_Rahul\Reports\28Dec_151346\EditPipeline_chrome\EditPipeline_chrome_362_Dec_151609.jpg alt='Lamp' width='500' height='400'> Element : xpath: //input[@name='on_success_exit']/following-sibling::span[2]]is displayed on screen Clicking on element terminatePipelineOnSuccess <img src=D:\BuildPiper_Rahul\Reports\28Dec_151346\EditPipeline_chrome\EditPipeline_chrome_362_Dec_151609.jpg alt='Lamp' width='500' height='400'> Element : xpath: //input[@name='no_cache']/following-sibling::span[2]]is displayed on screen Clicking on element terminatePipelineOnSuccess <img src=D:\BuildPiper_Rahul\Reports\28Dec_151346\EditPipeline_chrome\EditPipeline_chrome_362_Dec_151610.jpg alt='Lamp' width='500' height='400'> Element : xpath: //input[@name='skip_task']/following-sibling::span[2]]is displayed on screen Clicking on element terminatePipelineOnSuccess <img src=D:\BuildPiper_Rahul\Reports\28Dec_151346\EditPipeline_chrome\EditPipeline_chrome_362_Dec_151610.jpg alt='Lamp' width='500' height='400'> Element : xpath: //input[@name='mark_success_upon_skip']/following-sibling::span[2]]is displayed on screen Clicking on element terminatePipelineOnSuccess <img src=D:\BuildPiper_Rahul\Reports\28Dec_151346\EditPipeline_chrome\EditPipeline_chrome_362_Dec_151610.jpg alt='Lamp' width='500' height='400'> Element : xpath: //input[@name='latest_enable']/following-sibling::span[2]]is displayed on screen Clicking on element terminatePipelineOnSuccess <img src=D:\BuildPiper_Rahul\Reports\28Dec_151346\EditPipeline_chrome\EditPipeline_chrome_362_Dec_151611.jpg alt='Lamp' width='500' height='400'> Element : xpath: //div[@class='btn btn-add'][text()='ADD']]is displayed on screen Clicking on element clicks add stage btn <img src=D:\BuildPiper_Rahul\Reports\28Dec_151346\EditPipeline_chrome\EditPipeline_chrome_362_Dec_151611.jpg alt='Lamp' width='500' height='400'> Element : xpath: //div[@class='text-btn'][text()='Add New Job ']]is displayed on screen Element is present  xpath: //div[@class='text-btn'][text()='Add New Job ']] <img src=D:\BuildPiper_Rahul\Reports\28Dec_151346\EditPipeline_chrome\EditPipeline_chrome_362_Dec_151611.jpg alt='Lamp' width='500' height='400'> Element : xpath: //div[@class='text-btn'][text()='Add New Job ']]is displayed on screen Clicking on element clicks on new job <img src=D:\BuildPiper_Rahul\Reports\28Dec_151346\EditPipeline_chrome\EditPipeline_chrome_362_Dec_151611.jpg alt='Lamp' width='500' height='400'> Element : xpath: //select[@name='task_type' and @class='select']]is displayed on screen Element is present  xpath: //select[@name='task_type' and @class='select']] <img src=D:\BuildPiper_Rahul\Reports\28Dec_151346\EditPipeline_chrome\EditPipeline_chrome_362_Dec_151612.jpg alt='Lamp' width='500' height='400'> Element : xpath: //span[text()='automation-682046mu117xjpt']]is displayed on screen Element is present  xpath: //span[text()='automation-682046mu117xjpt']] <img src=D:\BuildPiper_Rahul\Reports\28Dec_151346\EditPipeline_chrome\EditPipeline_chrome_362_Dec_151614.jpg alt='Lamp' width='500' height='400'> Element : xpath: //span[text()='automation-682046mu117xjpt']]is displayed on screen Clicking on element selects service component under the env <img src=D:\BuildPiper_Rahul\Reports\28Dec_151346\EditPipeline_chrome\EditPipeline_chrome_362_Dec_151614.jpg alt='Lamp' width='500' height='400'> Element : xpath: //input[@name='open']/following-sibling::span[2]]is displayed on screen Clicking on element conditionalRule <img src=D:\BuildPiper_Rahul\Reports\28Dec_151346\EditPipeline_chrome\EditPipeline_chrome_362_Dec_151618.jpg alt='Lamp' width='500' height='400'> Element : xpath: //span[text()='Add Conditions']]is displayed on screen Clicking on element addConditionButton <img src=D:\BuildPiper_Rahul\Reports\28Dec_151346\EditPipeline_chrome\EditPipeline_chrome_362_Dec_151618.jpg alt='Lamp' width='500' height='400'> Element : xpath: //input[@name='on_success_exit']/following-sibling::span[2]]is displayed on screen Clicking on element terminatePipelineOnSuccess <img src=D:\BuildPiper_Rahul\Reports\28Dec_151346\EditPipeline_chrome\EditPipeline_chrome_362_Dec_151619.jpg alt='Lamp' width='500' height='400'> Element : xpath: //input[@name='skip_task']/following-sibling::span[2]]is displayed on screen Clicking on element terminatePipelineOnSuccess <img src=D:\BuildPiper_Rahul\Reports\28Dec_151346\EditPipeline_chrome\EditPipeline_chrome_362_Dec_151619.jpg alt='Lamp' width='500' height='400'> Element : xpath: //input[@name='mark_success_upon_skip']/following-sibling::span[2]]is displayed on screen Clicking on element terminatePipelineOnSuccess <img src=D:\BuildPiper_Rahul\Reports\28Dec_151346\EditPipeline_chrome\EditPipeline_chrome_362_Dec_151619.jpg alt='Lamp' width='500' height='400'> Element : xpath: //input[@name='deployment_status_check']/following-sibling::span[2]]is displayed on screen Clicking on element terminatePipelineOnSuccess <img src=D:\BuildPiper_Rahul\Reports\28Dec_151346\EditPipeline_chrome\EditPipeline_chrome_362_Dec_151620.jpg alt='Lamp' width='500' height='400'> Element : xpath: //div[@class='btn btn-add'][text()='ADD']]is displayed on screen Clicking on element clicks add stage btn <img src=D:\BuildPiper_Rahul\Reports\28Dec_151346\EditPipeline_chrome\EditPipeline_chrome_362_Dec_151620.jpg alt='Lamp' width='500' height='400'> Element : xpath: //button//div[@class='text-btn'][text()='Add New Stage']]is displayed on screen Element is present  xpath: //button//div[@class='text-btn'][text()='Add New Stage']] <img src=D:\BuildPiper_Rahul\Reports\28Dec_151346\EditPipeline_chrome\EditPipeline_chrome_362_Dec_151623.jpg alt='Lamp' width='500' height='400'> Element : xpath: //button//div[@class='text-btn'][text()='Add New Stage']]is displayed on screen Clicking on element adds second stage <img src=D:\BuildPiper_Rahul\Reports\28Dec_151346\EditPipeline_chrome\EditPipeline_chrome_362_Dec_151623.jpg alt='Lamp' width='500' height='400'> Element : xpath: //div[@class='btn btn-add'][text()='ADD']]is displayed on screen Clicking on element clicks add stage btn <img src=D:\BuildPiper_Rahul\Reports\28Dec_151346\EditPipeline_chrome\EditPipeline_chrome_362_Dec_151624.jpg alt='Lamp' width='500' height='400'> Element : xpath: //input[@name='name' and @placeholder='Stage name goes here']]is displayed on screen Element is present  xpath: //input[@name='name' and @placeholder='Stage name goes here']] <img src=D:\BuildPiper_Rahul\Reports\28Dec_151346\EditPipeline_chrome\EditPipeline_chrome_362_Dec_151624.jpg alt='Lamp' width='500' height='400'> Element : xpath: //input[@name='name' and @placeholder='Stage name goes here']]is displayed on screen Setting value on element sets first stage name <img src=D:\BuildPiper_Rahul\Reports\28Dec_151346\EditPipeline_chrome\EditPipeline_chrome_362_Dec_151624.jpg alt='Lamp' width='500' height='400'> Element : xpath: //div[@class='btn btn-add'][text()='ADD']]is displayed on screen Clicking on element clicks add stage btn <img src=D:\BuildPiper_Rahul\Reports\28Dec_151346\EditPipeline_chrome\EditPipeline_chrome_362_Dec_151628.jpg alt='Lamp' width='500' height='400'> Element : xpath: //div[contains(@data-rbd-draggable-id,'stage-qa')]//div[@class='text-btn'][text()='Add New Job ']]is displayed on screen Element is present  xpath: //div[contains(@data-rbd-draggable-id,'stage-qa')]//div[@class='text-btn'][text()='Add New Job ']] <img src=D:\BuildPiper_Rahul\Reports\28Dec_151346\EditPipeline_chrome\EditPipeline_chrome_362_Dec_151628.jpg alt='Lamp' width='500' height='400'> Element : xpath: //div[contains(@data-rbd-draggable-id,'stage-qa')]//div[@class='text-btn'][text()='Add New Job ']]is displayed on screen Clicking on element clicks on new job <img src=D:\BuildPiper_Rahul\Reports\28Dec_151346\EditPipeline_chrome\EditPipeline_chrome_362_Dec_151628.jpg alt='Lamp' width='500' height='400'> Element : xpath: //select[@name='task_type' and @class='select']]is displayed on screen Element is present  xpath: //select[@name='task_type' and @class='select']] <img src=D:\BuildPiper_Rahul\Reports\28Dec_151346\EditPipeline_chrome\EditPipeline_chrome_362_Dec_151628.jpg alt='Lamp' width='500' height='400'> Element : xpath: //select[@name='target_env' and @class='select']]is displayed on screen Element is present  xpath: //select[@name='target_env' and @class='select']] <img src=D:\BuildPiper_Rahul\Reports\28Dec_151346\EditPipeline_chrome\EditPipeline_chrome_362_Dec_151632.jpg alt='Lamp' width='500' height='400'> Element : xpath: //span[text()='automation-682046mu117xjpt']]is displayed on screen Element is present  xpath: //span[text()='automation-682046mu117xjpt']] <img src=D:\BuildPiper_Rahul\Reports\28Dec_151346\EditPipeline_chrome\EditPipeline_chrome_362_Dec_151632.jpg alt='Lamp' width='500' height='400'> Element : xpath: //span[text()='automation-682046mu117xjpt']]is displayed on screen Clicking on element selects service component under the env <img src=D:\BuildPiper_Rahul\Reports\28Dec_151346\EditPipeline_chrome\EditPipeline_chrome_362_Dec_151632.jpg alt='Lamp' width='500' height='400'> Element : xpath: //input[@name='open']/following-sibling::span[2]]is displayed on screen Clicking on element conditionalRule <img src=D:\BuildPiper_Rahul\Reports\28Dec_151346\EditPipeline_chrome\EditPipeline_chrome_362_Dec_151633.jpg alt='Lamp' width='500' height='400'> Element : xpath: //span[text()='Add Conditions']]is displayed on screen Clicking on element addConditionButton <img src=D:\BuildPiper_Rahul\Reports\28Dec_151346\EditPipeline_chrome\EditPipeline_chrome_362_Dec_151633.jpg alt='Lamp' width='500' height='400'> Element : xpath: //input[@name='on_success_exit']/following-sibling::span[2]]is displayed on screen Clicking on element terminatePipelineOnSuccess <img src=D:\BuildPiper_Rahul\Reports\28Dec_151346\EditPipeline_chrome\EditPipeline_chrome_362_Dec_151633.jpg alt='Lamp' width='500' height='400'> Element : xpath: //input[@name='skip_task']/following-sibling::span[2]]is displayed on screen Clicking on element terminatePipelineOnSuccess <img src=D:\BuildPiper_Rahul\Reports\28Dec_151346\EditPipeline_chrome\EditPipeline_chrome_362_Dec_151634.jpg alt='Lamp' width='500' height='400'> Element : xpath: //input[@name='mark_success_upon_skip']/following-sibling::span[2]]is displayed on screen Clicking on element terminatePipelineOnSuccess <img src=D:\BuildPiper_Rahul\Reports\28Dec_151346\EditPipeline_chrome\EditPipeline_chrome_362_Dec_151634.jpg alt='Lamp' width='500' height='400'> Element : xpath: //div[@class='btn btn-add'][text()='ADD']]is displayed on screen Clicking on element clicks add stage btn <img src=D:\BuildPiper_Rahul\Reports\28Dec_151346\EditPipeline_chrome\EditPipeline_chrome_362_Dec_151634.jpg alt='Lamp' width='500' height='400'> Element : xpath: //button[contains(@class,'btn-save')]]is displayed on screen Element is present  xpath: //button[contains(@class,'btn-save')]] <img src=D:\BuildPiper_Rahul\Reports\28Dec_151346\EditPipeline_chrome\EditPipeline_chrome_362_Dec_151641.jpg alt='Lamp' width='500' height='400'> Element : xpath: //button[contains(@class,'btn-save')]]is displayed on screen Clicking on element clicks save workflow btn <img src=D:\BuildPiper_Rahul\Reports\28Dec_151346\EditPipeline_chrome\EditPipeline_chrome_362_Dec_151641.jpg alt='Lamp' width='500' height='400'> Element : xpath: //button//span[2][@class='flaticon-expand-arrow']/../..//li//span[contains(.,'Pipeline Overview')]]is displayed on screen Element is present  xpath: //button//span[2][@class='flaticon-expand-arrow']/../..//li//span[contains(.,'Pipeline Overview')]] <img src=D:\BuildPiper_Rahul\Reports\28Dec_151346\EditPipeline_chrome\EditPipeline_chrome_362_Dec_151647.jpg alt='Lamp' width='500' height='400'> Element : xpath: //button//span[2][@class='flaticon-expand-arrow']/../..//li//span[contains(.,'Pipeline Overview')]]is displayed on screen Clicking on element Poc_QA pipelineOverviewLink <img src=D:\BuildPiper_Rahul\Reports\28Dec_151346\EditPipeline_chrome\EditPipeline_chrome_362_Dec_151648.jpg alt='Lamp' width='500' height='400'> Element : xpath: //div[@class='input-component']//input[@name='name' and @placeholder='Name']]is displayed on screen Element is present  xpath: //div[@class='input-component']//input[@name='name' and @placeholder='Name']] <img src=D:\BuildPiper_Rahul\Reports\28Dec_151346\EditPipeline_chrome\EditPipeline_chrome_362_Dec_151648.jpg alt='Lamp' width='500' height='400'> Element : xpath: //div[@class='input-component']//input[@name='name' and @placeholder='Name']]is displayed on screen Element : xpath: (//span[@title='Edit Pipeline']/a)[1]]is displayed on screen Clicking on element first pipeline EditLink <img src=D:\BuildPiper_Rahul\Reports\28Dec_151346\EditPipeline_chrome\EditPipeline_chrome_362_Dec_151651.jpg alt='Lamp' width='500' height='400'> Element : xpath: //button[text()='Edit Basic Info ']]is displayed on screen Clicking on element clicks on edit pipeline info <img src=D:\BuildPiper_Rahul\Reports\28Dec_151346\EditPipeline_chrome\EditPipeline_chrome_362_Dec_151659.jpg alt='Lamp' width='500' height='400'> Element : xpath: //div[text()='Basic Info']]is displayed on screen Element is present  xpath: //div[text()='Basic Info']] <img src=D:\BuildPiper_Rahul\Reports\28Dec_151346\EditPipeline_chrome\EditPipeline_chrome_362_Dec_151659.jpg alt='Lamp' width='500' height='400'> Element : xpath: //div[text()='Basic Info']]is displayed on screen Clicking on element basicInfoText <img src=D:\BuildPiper_Rahul\Reports\28Dec_151346\EditPipeline_chrome\EditPipeline_chrome_362_Dec_151659.jpg alt='Lamp' width='500' height='400'> Element : xpath: //div//input[@name='name' and @placeholder='Give a name to the pipeline']]is displayed on screen Element : xpath: //button[text()='Save Basic Info']]is displayed on screen Clicking on element saveBasicInfoPipeline <img src=D:\BuildPiper_Rahul\Reports\28Dec_151346\EditPipeline_chrome\EditPipeline_chrome_362_Dec_151700.jpg alt='Lamp' width='500' height='400'> Element : xpath: //button//span[2][@class='flaticon-expand-arrow']/../..//li//span[contains(.,'Pipeline Overview')]]is displayed on screen Element is present  xpath: //button//span[2][@class='flaticon-expand-arrow']/../..//li//span[contains(.,'Pipeline Overview')]] <img src=D:\BuildPiper_Rahul\Reports\28Dec_151346\EditPipeline_chrome\EditPipeline_chrome_362_Dec_151706.jpg alt='Lamp' width='500' height='400'> Element : xpath: //button//span[2][@class='flaticon-expand-arrow']/../..//li//span[contains(.,'Pipeline Overview')]]is displayed on screen Clicking on element Poc_QA pipelineOverviewLink <img src=D:\BuildPiper_Rahul\Reports\28Dec_151346\EditPipeline_chrome\EditPipeline_chrome_362_Dec_151706.jpg alt='Lamp' width='500' height='400'> Element : xpath: //div[@class='input-component']//input[@name='name' and @placeholder='Name']]is displayed on screen Element is present  xpath: //div[@class='input-component']//input[@name='name' and @placeholder='Name']] <img src=D:\BuildPiper_Rahul\Reports\28Dec_151346\EditPipeline_chrome\EditPipeline_chrome_362_Dec_151707.jpg alt='Lamp' width='500' height='400'> Element : xpath: //div[@class='input-component']//input[@name='name' and @placeholder='Name']]is displayed on screen Element : xpath: (//*[@class='MuiButtonBase-root MuiIconButton-root'])[2]]is displayed on screen Clicking on element deletePipeline <img src=D:\BuildPiper_Rahul\Reports\28Dec_151346\EditPipeline_chrome\EditPipeline_chrome_362_Dec_151710.jpg alt='Lamp' width='500' height='400'> Element : xpath: //*[@placeholder='Please enter the reason to delete']]is displayed on screen Element is present  xpath: //*[@placeholder='Please enter the reason to delete']] <img src=D:\BuildPiper_Rahul\Reports\28Dec_151346\EditPipeline_chrome\EditPipeline_chrome_362_Dec_151710.jpg alt='Lamp' width='500' height='400'> Element : xpath: //*[@placeholder='Please enter the reason to delete']]is displayed on screen Setting value on element deletePipelineMessage <img src=D:\BuildPiper_Rahul\Reports\28Dec_151346\EditPipeline_chrome\EditPipeline_chrome_362_Dec_151711.jpg alt='Lamp' width='500' height='400'> Element : xpath: //button[text()='Delete']]is displayed on screen Clicking on element deletepipelineconfrm <img src=D:\BuildPiper_Rahul\Reports\28Dec_151346\EditPipeline_chrome\EditPipeline_chrome_362_Dec_151711.jpg alt='Lamp' width='500' height='400'> Result upload to testlink is disabled, Please ensure you have 'UpdateTestLink=Yes' in project.properties  ####### End of Test Case: EditPipeline #######  </system-out>
</testsuite> <!-- com.buildpiper.testcases.BuildPiperTestcasesExecution -->
