<?xml version="1.0" encoding="UTF-8"?>
<!-- Generated by org.testng.reporters.JUnitReportReporter -->
<testsuite hostname="DESKTOP-PTF1H2O" failures="0" tests="2" name="com.buildpiper.testcases.BuildPiperTestcasesExecutionComprehensiveTests" time="346.544" errors="0" timestamp="2023-12-26T14:46:45 IST" skipped="0">
  <testcase classname="com.buildpiper.testcases.BuildPiperTestcasesExecutionComprehensiveTests" name="CreateBasicPipeLine" time="229.144"/>
  <system-out>
checking if driver exist <img src=D:\BuildPiper_Rahul\Reports\26Dec_135602\CreateBasicPipeLine_chrome\CreateBasicPipeLine_chrome_360_Dec_143219.jpg alt='Lamp' width='500' height='400'> Clicking on element userMenuAppBar <img src=D:\BuildPiper_Rahul\Reports\26Dec_135602\CreateBasicPipeLine_chrome\CreateBasicPipeLine_chrome_360_Dec_143219.jpg alt='Lamp' width='500' height='400'> Clicking on element clicks on container registry <img src=D:\BuildPiper_Rahul\Reports\26Dec_135602\CreateBasicPipeLine_chrome\CreateBasicPipeLine_chrome_360_Dec_143220.jpg alt='Lamp' width='500' height='400'> Clicking on element clicks on first container registry test <img src=D:\BuildPiper_Rahul\Reports\26Dec_135602\CreateBasicPipeLine_chrome\CreateBasicPipeLine_chrome_360_Dec_143220.jpg alt='Lamp' width='500' height='400'> Element is present  xpath: //div[contains(@class,'connected text connected')]] <img src=D:\BuildPiper_Rahul\Reports\26Dec_135602\CreateBasicPipeLine_chrome\CreateBasicPipeLine_chrome_360_Dec_143220.jpg alt='Lamp' width='500' height='400'> Clicking on element userMenuAppBar <img src=D:\BuildPiper_Rahul\Reports\26Dec_135602\CreateBasicPipeLine_chrome\CreateBasicPipeLine_chrome_360_Dec_143226.jpg alt='Lamp' width='500' height='400'> Clicking on element switching to user account <img src=D:\BuildPiper_Rahul\Reports\26Dec_135602\CreateBasicPipeLine_chrome\CreateBasicPipeLine_chrome_360_Dec_143226.jpg alt='Lamp' width='500' height='400'> checking if driver exist <img src=D:\BuildPiper_Rahul\Reports\26Dec_135602\CreateBasicPipeLine_chrome\CreateBasicPipeLine_chrome_360_Dec_143231.jpg alt='Lamp' width='500' height='400'> Element is present  xpath: //li//button[contains(@class,'main-nav-1')]//span[@title]] <img src=D:\BuildPiper_Rahul\Reports\26Dec_135602\CreateBasicPipeLine_chrome\CreateBasicPipeLine_chrome_360_Dec_143236.jpg alt='Lamp' width='500' height='400'> Clicking on element Poc_QA pipelineOverviewLink <img src=D:\BuildPiper_Rahul\Reports\26Dec_135602\CreateBasicPipeLine_chrome\CreateBasicPipeLine_chrome_360_Dec_143237.jpg alt='Lamp' width='500' height='400'>  Element Proxy element for: DefaultElementLocator 'By.xpath: //a[@class='btn btn-submit' and text()='Add Pipeline']' is not clickable using selenium click <img src=D:\BuildPiper_Rahul\Reports\26Dec_135602\CreateBasicPipeLine_chrome\CreateBasicPipeLine_chrome_360_Dec_143308.jpg alt='Lamp' width='500' height='400'> Clicking on element clicks on add pipeline button <img src=D:\BuildPiper_Rahul\Reports\26Dec_135602\CreateBasicPipeLine_chrome\CreateBasicPipeLine_chrome_360_Dec_143308.jpg alt='Lamp' width='500' height='400'> Setting value on element Gives unique name to pipeline <img src=D:\BuildPiper_Rahul\Reports\26Dec_135602\CreateBasicPipeLine_chrome\CreateBasicPipeLine_chrome_360_Dec_143309.jpg alt='Lamp' width='500' height='400'>  Element Proxy element for: DefaultElementLocator 'By.xpath: //button[contains(@class,'btn-save btn')][text()='Save']' is not clickable using selenium click <img src=D:\BuildPiper_Rahul\Reports\26Dec_135602\CreateBasicPipeLine_chrome\CreateBasicPipeLine_chrome_360_Dec_143414.jpg alt='Lamp' width='500' height='400'> Clicking on element clicks on save pipeline button <img src=D:\BuildPiper_Rahul\Reports\26Dec_135602\CreateBasicPipeLine_chrome\CreateBasicPipeLine_chrome_360_Dec_143415.jpg alt='Lamp' width='500' height='400'> Element is present  xpath: //p[@class='pipeline-name']] <img src=D:\BuildPiper_Rahul\Reports\26Dec_135602\CreateBasicPipeLine_chrome\CreateBasicPipeLine_chrome_360_Dec_143415.jpg alt='Lamp' width='500' height='400'> Element is present  xpath: //button//div[@class='text-btn'][text()='Add New Stage']] <img src=D:\BuildPiper_Rahul\Reports\26Dec_135602\CreateBasicPipeLine_chrome\CreateBasicPipeLine_chrome_360_Dec_143415.jpg alt='Lamp' width='500' height='400'> Clicking on element adds first stage <img src=D:\BuildPiper_Rahul\Reports\26Dec_135602\CreateBasicPipeLine_chrome\CreateBasicPipeLine_chrome_360_Dec_143415.jpg alt='Lamp' width='500' height='400'> Element is present  xpath: //input[@name='name' and @placeholder='Stage name goes here']] <img src=D:\BuildPiper_Rahul\Reports\26Dec_135602\CreateBasicPipeLine_chrome\CreateBasicPipeLine_chrome_360_Dec_143416.jpg alt='Lamp' width='500' height='400'> Setting value on element sets first stage name <img src=D:\BuildPiper_Rahul\Reports\26Dec_135602\CreateBasicPipeLine_chrome\CreateBasicPipeLine_chrome_360_Dec_143416.jpg alt='Lamp' width='500' height='400'> Clicking on element adds button for first stage <img src=D:\BuildPiper_Rahul\Reports\26Dec_135602\CreateBasicPipeLine_chrome\CreateBasicPipeLine_chrome_360_Dec_143421.jpg alt='Lamp' width='500' height='400'> Element is present  xpath: //div[@class='text-btn'][text()='Add New Job ']] <img src=D:\BuildPiper_Rahul\Reports\26Dec_135602\CreateBasicPipeLine_chrome\CreateBasicPipeLine_chrome_360_Dec_143422.jpg alt='Lamp' width='500' height='400'> Clicking on element clicks on new job <img src=D:\BuildPiper_Rahul\Reports\26Dec_135602\CreateBasicPipeLine_chrome\CreateBasicPipeLine_chrome_360_Dec_143422.jpg alt='Lamp' width='500' height='400'> Element is present  xpath: //select[@name='task_type' and @class='select']] <img src=D:\BuildPiper_Rahul\Reports\26Dec_135602\CreateBasicPipeLine_chrome\CreateBasicPipeLine_chrome_360_Dec_143422.jpg alt='Lamp' width='500' height='400'> Element is present  xpath: //span[text()='automation-682046mu117xjpt']] <img src=D:\BuildPiper_Rahul\Reports\26Dec_135602\CreateBasicPipeLine_chrome\CreateBasicPipeLine_chrome_360_Dec_143423.jpg alt='Lamp' width='500' height='400'> Clicking on element selects service component under the env <img src=D:\BuildPiper_Rahul\Reports\26Dec_135602\CreateBasicPipeLine_chrome\CreateBasicPipeLine_chrome_360_Dec_143423.jpg alt='Lamp' width='500' height='400'> Clicking on element clicks add stage btn <img src=D:\BuildPiper_Rahul\Reports\26Dec_135602\CreateBasicPipeLine_chrome\CreateBasicPipeLine_chrome_360_Dec_143424.jpg alt='Lamp' width='500' height='400'> Element is present  xpath: //div[@class='text-btn'][text()='Add New Job ']] <img src=D:\BuildPiper_Rahul\Reports\26Dec_135602\CreateBasicPipeLine_chrome\CreateBasicPipeLine_chrome_360_Dec_143424.jpg alt='Lamp' width='500' height='400'> Clicking on element clicks on new job <img src=D:\BuildPiper_Rahul\Reports\26Dec_135602\CreateBasicPipeLine_chrome\CreateBasicPipeLine_chrome_360_Dec_143424.jpg alt='Lamp' width='500' height='400'> Element is present  xpath: //select[@name='task_type' and @class='select']] <img src=D:\BuildPiper_Rahul\Reports\26Dec_135602\CreateBasicPipeLine_chrome\CreateBasicPipeLine_chrome_360_Dec_143424.jpg alt='Lamp' width='500' height='400'> Element is present  xpath: //span[text()='automation-682046mu117xjpt']] <img src=D:\BuildPiper_Rahul\Reports\26Dec_135602\CreateBasicPipeLine_chrome\CreateBasicPipeLine_chrome_360_Dec_143425.jpg alt='Lamp' width='500' height='400'> Clicking on element selects service component under the env <img src=D:\BuildPiper_Rahul\Reports\26Dec_135602\CreateBasicPipeLine_chrome\CreateBasicPipeLine_chrome_360_Dec_143426.jpg alt='Lamp' width='500' height='400'> Clicking on element clicks add stage btn <img src=D:\BuildPiper_Rahul\Reports\26Dec_135602\CreateBasicPipeLine_chrome\CreateBasicPipeLine_chrome_360_Dec_143426.jpg alt='Lamp' width='500' height='400'> Element is present  xpath: //button//div[@class='text-btn'][text()='Add New Stage']] <img src=D:\BuildPiper_Rahul\Reports\26Dec_135602\CreateBasicPipeLine_chrome\CreateBasicPipeLine_chrome_360_Dec_143426.jpg alt='Lamp' width='500' height='400'> Clicking on element adds second stage <img src=D:\BuildPiper_Rahul\Reports\26Dec_135602\CreateBasicPipeLine_chrome\CreateBasicPipeLine_chrome_360_Dec_143427.jpg alt='Lamp' width='500' height='400'> Clicking on element clicks add stage btn <img src=D:\BuildPiper_Rahul\Reports\26Dec_135602\CreateBasicPipeLine_chrome\CreateBasicPipeLine_chrome_360_Dec_143427.jpg alt='Lamp' width='500' height='400'> Element is present  xpath: //input[@name='name' and @placeholder='Stage name goes here']] <img src=D:\BuildPiper_Rahul\Reports\26Dec_135602\CreateBasicPipeLine_chrome\CreateBasicPipeLine_chrome_360_Dec_143427.jpg alt='Lamp' width='500' height='400'> Setting value on element sets first stage name <img src=D:\BuildPiper_Rahul\Reports\26Dec_135602\CreateBasicPipeLine_chrome\CreateBasicPipeLine_chrome_360_Dec_143427.jpg alt='Lamp' width='500' height='400'> Clicking on element clicks add stage btn <img src=D:\BuildPiper_Rahul\Reports\26Dec_135602\CreateBasicPipeLine_chrome\CreateBasicPipeLine_chrome_360_Dec_143428.jpg alt='Lamp' width='500' height='400'> Element is present  xpath: //div[contains(@data-rbd-draggable-id,'stage-qa')]//div[@class='text-btn'][text()='Add New Job ']] <img src=D:\BuildPiper_Rahul\Reports\26Dec_135602\CreateBasicPipeLine_chrome\CreateBasicPipeLine_chrome_360_Dec_143428.jpg alt='Lamp' width='500' height='400'> Clicking on element clicks on new job <img src=D:\BuildPiper_Rahul\Reports\26Dec_135602\CreateBasicPipeLine_chrome\CreateBasicPipeLine_chrome_360_Dec_143428.jpg alt='Lamp' width='500' height='400'> Element is present  xpath: //select[@name='task_type' and @class='select']] <img src=D:\BuildPiper_Rahul\Reports\26Dec_135602\CreateBasicPipeLine_chrome\CreateBasicPipeLine_chrome_360_Dec_143428.jpg alt='Lamp' width='500' height='400'> Element is present  xpath: //span[text()='automation-682046mu117xjpt']] <img src=D:\BuildPiper_Rahul\Reports\26Dec_135602\CreateBasicPipeLine_chrome\CreateBasicPipeLine_chrome_360_Dec_143432.jpg alt='Lamp' width='500' height='400'> Clicking on element selects service component under the env <img src=D:\BuildPiper_Rahul\Reports\26Dec_135602\CreateBasicPipeLine_chrome\CreateBasicPipeLine_chrome_360_Dec_143432.jpg alt='Lamp' width='500' height='400'> Clicking on element adds button for second stage <img src=D:\BuildPiper_Rahul\Reports\26Dec_135602\CreateBasicPipeLine_chrome\CreateBasicPipeLine_chrome_360_Dec_143432.jpg alt='Lamp' width='500' height='400'> Element is present  xpath: //div[contains(@data-rbd-draggable-id,'stage-qa')]//div[@class='text-btn'][text()='Add New Job ']] <img src=D:\BuildPiper_Rahul\Reports\26Dec_135602\CreateBasicPipeLine_chrome\CreateBasicPipeLine_chrome_360_Dec_143433.jpg alt='Lamp' width='500' height='400'> Clicking on element clicks on new job <img src=D:\BuildPiper_Rahul\Reports\26Dec_135602\CreateBasicPipeLine_chrome\CreateBasicPipeLine_chrome_360_Dec_143433.jpg alt='Lamp' width='500' height='400'> Element is present  xpath: //select[@name='task_type' and @class='select']] <img src=D:\BuildPiper_Rahul\Reports\26Dec_135602\CreateBasicPipeLine_chrome\CreateBasicPipeLine_chrome_360_Dec_143433.jpg alt='Lamp' width='500' height='400'> Element is present  xpath: //span[text()='automation-682046mu117xjpt']] <img src=D:\BuildPiper_Rahul\Reports\26Dec_135602\CreateBasicPipeLine_chrome\CreateBasicPipeLine_chrome_360_Dec_143439.jpg alt='Lamp' width='500' height='400'> Clicking on element selects service component under the env <img src=D:\BuildPiper_Rahul\Reports\26Dec_135602\CreateBasicPipeLine_chrome\CreateBasicPipeLine_chrome_360_Dec_143439.jpg alt='Lamp' width='500' height='400'> Clicking on element clicks add stage btn <img src=D:\BuildPiper_Rahul\Reports\26Dec_135602\CreateBasicPipeLine_chrome\CreateBasicPipeLine_chrome_360_Dec_143440.jpg alt='Lamp' width='500' height='400'> Element is present  xpath: //button//div[@class='text-btn'][text()='Add New Stage']] <img src=D:\BuildPiper_Rahul\Reports\26Dec_135602\CreateBasicPipeLine_chrome\CreateBasicPipeLine_chrome_360_Dec_143440.jpg alt='Lamp' width='500' height='400'> Clicking on element adds third stage <img src=D:\BuildPiper_Rahul\Reports\26Dec_135602\CreateBasicPipeLine_chrome\CreateBasicPipeLine_chrome_360_Dec_143440.jpg alt='Lamp' width='500' height='400'> Setting value on element sets first stage name <img src=D:\BuildPiper_Rahul\Reports\26Dec_135602\CreateBasicPipeLine_chrome\CreateBasicPipeLine_chrome_360_Dec_143440.jpg alt='Lamp' width='500' height='400'> Clicking on element adds button for third stage <img src=D:\BuildPiper_Rahul\Reports\26Dec_135602\CreateBasicPipeLine_chrome\CreateBasicPipeLine_chrome_360_Dec_143446.jpg alt='Lamp' width='500' height='400'> Element is present  xpath: //div[contains(@data-rbd-draggable-id,'stage-prod')]//div[@class='text-btn'][text()='Add New Job ']] <img src=D:\BuildPiper_Rahul\Reports\26Dec_135602\CreateBasicPipeLine_chrome\CreateBasicPipeLine_chrome_360_Dec_143446.jpg alt='Lamp' width='500' height='400'> Clicking on element clicks on new job <img src=D:\BuildPiper_Rahul\Reports\26Dec_135602\CreateBasicPipeLine_chrome\CreateBasicPipeLine_chrome_360_Dec_143446.jpg alt='Lamp' width='500' height='400'> Element is present  xpath: //span[text()='automation-682046mu117xjpt']] <img src=D:\BuildPiper_Rahul\Reports\26Dec_135602\CreateBasicPipeLine_chrome\CreateBasicPipeLine_chrome_360_Dec_143457.jpg alt='Lamp' width='500' height='400'> Clicking on element selects service component under the env <img src=D:\BuildPiper_Rahul\Reports\26Dec_135602\CreateBasicPipeLine_chrome\CreateBasicPipeLine_chrome_360_Dec_143457.jpg alt='Lamp' width='500' height='400'> Clicking on element clicks add stage btn <img src=D:\BuildPiper_Rahul\Reports\26Dec_135602\CreateBasicPipeLine_chrome\CreateBasicPipeLine_chrome_360_Dec_143457.jpg alt='Lamp' width='500' height='400'> Element is present  xpath: //div[contains(@data-rbd-draggable-id,'stage-prod')]//div[@class='text-btn'][text()='Add New Job ']] <img src=D:\BuildPiper_Rahul\Reports\26Dec_135602\CreateBasicPipeLine_chrome\CreateBasicPipeLine_chrome_360_Dec_143458.jpg alt='Lamp' width='500' height='400'> Clicking on element clicks on new job <img src=D:\BuildPiper_Rahul\Reports\26Dec_135602\CreateBasicPipeLine_chrome\CreateBasicPipeLine_chrome_360_Dec_143458.jpg alt='Lamp' width='500' height='400'> Element is present  xpath: //span[text()='automation-682046mu117xjpt']] <img src=D:\BuildPiper_Rahul\Reports\26Dec_135602\CreateBasicPipeLine_chrome\CreateBasicPipeLine_chrome_360_Dec_143504.jpg alt='Lamp' width='500' height='400'> Clicking on element selects service component under the env <img src=D:\BuildPiper_Rahul\Reports\26Dec_135602\CreateBasicPipeLine_chrome\CreateBasicPipeLine_chrome_360_Dec_143504.jpg alt='Lamp' width='500' height='400'> Clicking on element clicks add stage btn <img src=D:\BuildPiper_Rahul\Reports\26Dec_135602\CreateBasicPipeLine_chrome\CreateBasicPipeLine_chrome_360_Dec_143504.jpg alt='Lamp' width='500' height='400'> Element is present  xpath: //button[contains(@class,'btn-save')]] <img src=D:\BuildPiper_Rahul\Reports\26Dec_135602\CreateBasicPipeLine_chrome\CreateBasicPipeLine_chrome_360_Dec_143508.jpg alt='Lamp' width='500' height='400'> Clicking on element clicks save workflow btn <img src=D:\BuildPiper_Rahul\Reports\26Dec_135602\CreateBasicPipeLine_chrome\CreateBasicPipeLine_chrome_360_Dec_143508.jpg alt='Lamp' width='500' height='400'> Clicking on element Poc_QA pipelineOverviewLink <img src=D:\BuildPiper_Rahul\Reports\26Dec_135602\CreateBasicPipeLine_chrome\CreateBasicPipeLine_chrome_360_Dec_143518.jpg alt='Lamp' width='500' height='400'> Element is present  xpath: //div[@class='input-component']//input[@name='name' and @placeholder='Name']] <img src=D:\BuildPiper_Rahul\Reports\26Dec_135602\CreateBasicPipeLine_chrome\CreateBasicPipeLine_chrome_360_Dec_143518.jpg alt='Lamp' width='500' height='400'> Clicking on element clicks on pipeline hyperlink <img src=D:\BuildPiper_Rahul\Reports\26Dec_135602\CreateBasicPipeLine_chrome\CreateBasicPipeLine_chrome_360_Dec_143529.jpg alt='Lamp' width='500' height='400'> Clicking on element clicks on edit pipeline info <img src=D:\BuildPiper_Rahul\Reports\26Dec_135602\CreateBasicPipeLine_chrome\CreateBasicPipeLine_chrome_360_Dec_143533.jpg alt='Lamp' width='500' height='400'> Element is present  xpath: //div[text()='Basic Info']] <img src=D:\BuildPiper_Rahul\Reports\26Dec_135602\CreateBasicPipeLine_chrome\CreateBasicPipeLine_chrome_360_Dec_143533.jpg alt='Lamp' width='500' height='400'> Clicking on element clicks on close pipeline info <img src=D:\BuildPiper_Rahul\Reports\26Dec_135602\CreateBasicPipeLine_chrome\CreateBasicPipeLine_chrome_360_Dec_143533.jpg alt='Lamp' width='500' height='400'> Clicking on element Poc_QA pipelineOverviewLink <img src=D:\BuildPiper_Rahul\Reports\26Dec_135602\CreateBasicPipeLine_chrome\CreateBasicPipeLine_chrome_360_Dec_143540.jpg alt='Lamp' width='500' height='400'> Element is present  xpath: //div[@class='input-component']//input[@name='name' and @placeholder='Name']] <img src=D:\BuildPiper_Rahul\Reports\26Dec_135602\CreateBasicPipeLine_chrome\CreateBasicPipeLine_chrome_360_Dec_143540.jpg alt='Lamp' width='500' height='400'> Element is present  xpath: //span[@title='Run Pipeline']/button] <img src=D:\BuildPiper_Rahul\Reports\26Dec_135602\CreateBasicPipeLine_chrome\CreateBasicPipeLine_chrome_360_Dec_143546.jpg alt='Lamp' width='500' height='400'> Clicking on element pipeline execution Start <img src=D:\BuildPiper_Rahul\Reports\26Dec_135602\CreateBasicPipeLine_chrome\CreateBasicPipeLine_chrome_360_Dec_143547.jpg alt='Lamp' width='500' height='400'> Clicking on element pipeline execution Start <img src=D:\BuildPiper_Rahul\Reports\26Dec_135602\CreateBasicPipeLine_chrome\CreateBasicPipeLine_chrome_360_Dec_143547.jpg alt='Lamp' width='500' height='400'> Element is present  xpath: //a[contains(text(),'BasicPipeline')]] <img src=D:\BuildPiper_Rahul\Reports\26Dec_135602\CreateBasicPipeLine_chrome\CreateBasicPipeLine_chrome_360_Dec_143556.jpg alt='Lamp' width='500' height='400'> Clicking on element clicks pipeline hyperlink <img src=D:\BuildPiper_Rahul\Reports\26Dec_135602\CreateBasicPipeLine_chrome\CreateBasicPipeLine_chrome_360_Dec_143556.jpg alt='Lamp' width='500' height='400'> Element is present  xpath: //a[@title='view logs']] <img src=D:\BuildPiper_Rahul\Reports\26Dec_135602\CreateBasicPipeLine_chrome\CreateBasicPipeLine_chrome_360_Dec_143556.jpg alt='Lamp' width='500' height='400'> Clicking on element Poc_QA click on View Logs <img src=D:\BuildPiper_Rahul\Reports\26Dec_135602\CreateBasicPipeLine_chrome\CreateBasicPipeLine_chrome_360_Dec_143557.jpg alt='Lamp' width='500' height='400'> ####### End of Test Case: CreateBasicPipeLine #######  </system-out>
  <testcase classname="com.buildpiper.testcases.BuildPiperTestcasesExecutionComprehensiveTests" name="CreateJiraPipeLine" time="117.400"/>
  <system-out>
checking if driver exist <img src=D:\BuildPiper_Rahul\Reports\26Dec_135602\CreateJiraPipeLine_chrome\CreateJiraPipeLine_chrome_360_Dec_143608.jpg alt='Lamp' width='500' height='400'> Clicking on element userMenuAppBar <img src=D:\BuildPiper_Rahul\Reports\26Dec_135602\CreateJiraPipeLine_chrome\CreateJiraPipeLine_chrome_360_Dec_143609.jpg alt='Lamp' width='500' height='400'> Clicking on element clicks on container registry <img src=D:\BuildPiper_Rahul\Reports\26Dec_135602\CreateJiraPipeLine_chrome\CreateJiraPipeLine_chrome_360_Dec_143609.jpg alt='Lamp' width='500' height='400'> Clicking on element clicks on first container registry test <img src=D:\BuildPiper_Rahul\Reports\26Dec_135602\CreateJiraPipeLine_chrome\CreateJiraPipeLine_chrome_360_Dec_143610.jpg alt='Lamp' width='500' height='400'> Element is present  xpath: //div[contains(@class,'connected text connected')]] <img src=D:\BuildPiper_Rahul\Reports\26Dec_135602\CreateJiraPipeLine_chrome\CreateJiraPipeLine_chrome_360_Dec_143610.jpg alt='Lamp' width='500' height='400'> Clicking on element userMenuAppBar <img src=D:\BuildPiper_Rahul\Reports\26Dec_135602\CreateJiraPipeLine_chrome\CreateJiraPipeLine_chrome_360_Dec_143615.jpg alt='Lamp' width='500' height='400'> Clicking on element switching to user account <img src=D:\BuildPiper_Rahul\Reports\26Dec_135602\CreateJiraPipeLine_chrome\CreateJiraPipeLine_chrome_360_Dec_143615.jpg alt='Lamp' width='500' height='400'> checking if driver exist <img src=D:\BuildPiper_Rahul\Reports\26Dec_135602\CreateJiraPipeLine_chrome\CreateJiraPipeLine_chrome_360_Dec_143621.jpg alt='Lamp' width='500' height='400'> Element is present  xpath: //li//button[contains(@class,'main-nav-1')]//span[@title]] <img src=D:\BuildPiper_Rahul\Reports\26Dec_135602\CreateJiraPipeLine_chrome\CreateJiraPipeLine_chrome_360_Dec_143621.jpg alt='Lamp' width='500' height='400'> Clicking on element Poc_QA pipelineOverviewLink <img src=D:\BuildPiper_Rahul\Reports\26Dec_135602\CreateJiraPipeLine_chrome\CreateJiraPipeLine_chrome_360_Dec_143626.jpg alt='Lamp' width='500' height='400'> Clicking on element clicks on add pipeline button <img src=D:\BuildPiper_Rahul\Reports\26Dec_135602\CreateJiraPipeLine_chrome\CreateJiraPipeLine_chrome_360_Dec_143627.jpg alt='Lamp' width='500' height='400'> Setting value on element Gives unique name to pipeline <img src=D:\BuildPiper_Rahul\Reports\26Dec_135602\CreateJiraPipeLine_chrome\CreateJiraPipeLine_chrome_360_Dec_143628.jpg alt='Lamp' width='500' height='400'>  Element Proxy element for: DefaultElementLocator 'By.xpath: //button[contains(@class,'btn-save btn')][text()='Save']' is not clickable using selenium click <img src=D:\BuildPiper_Rahul\Reports\26Dec_135602\CreateJiraPipeLine_chrome\CreateJiraPipeLine_chrome_360_Dec_143733.jpg alt='Lamp' width='500' height='400'> Clicking on element clicks on save pipeline button <img src=D:\BuildPiper_Rahul\Reports\26Dec_135602\CreateJiraPipeLine_chrome\CreateJiraPipeLine_chrome_360_Dec_143733.jpg alt='Lamp' width='500' height='400'> Element is present  xpath: //p[@class='pipeline-name']] <img src=D:\BuildPiper_Rahul\Reports\26Dec_135602\CreateJiraPipeLine_chrome\CreateJiraPipeLine_chrome_360_Dec_143734.jpg alt='Lamp' width='500' height='400'> Element is present  xpath: //label[@for='file-input']//span[text()='upload']] <img src=D:\BuildPiper_Rahul\Reports\26Dec_135602\CreateJiraPipeLine_chrome\CreateJiraPipeLine_chrome_360_Dec_143734.jpg alt='Lamp' width='500' height='400'> Clicking on element clicks on upload YAML <img src=D:\BuildPiper_Rahul\Reports\26Dec_135602\CreateJiraPipeLine_chrome\CreateJiraPipeLine_chrome_360_Dec_143734.jpg alt='Lamp' width='500' height='400'> Uploading the File Path D:\BuildPiper_Rahul\src\test\resources\testfiles\upload\UploadYAML\JiraPipeline.yml <img src=D:\BuildPiper_Rahul\Reports\26Dec_135602\CreateJiraPipeLine_chrome\CreateJiraPipeLine_chrome_360_Dec_143739.jpg alt='Lamp' width='500' height='400'> Clicking on element clicks save workflow btn <img src=D:\BuildPiper_Rahul\Reports\26Dec_135602\CreateJiraPipeLine_chrome\CreateJiraPipeLine_chrome_360_Dec_143755.jpg alt='Lamp' width='500' height='400'> ####### End of Test Case: CreateJiraPipeLine #######  </system-out>
</testsuite> <!-- com.buildpiper.testcases.BuildPiperTestcasesExecutionComprehensiveTests -->
