<?xml version="1.0" encoding="UTF-8"?>
<!-- Generated by org.testng.reporters.JUnitReportReporter -->
<testsuite hostname="DESKTOP-PTF1H2O" failures="0" tests="1" name="com.buildpiper.testcases.ServiceCreationTestcases" time="151.341" errors="0" timestamp="2023-12-15T19:04:51 IST" skipped="0">
  <testcase classname="com.buildpiper.testcases.ServiceCreationTestcases" name="HPAOtherDeploymentInfo" time="151.341"/>
  <system-out>
checking if driver exist <img src=D:\BuildPiper_Rahul\Reports\15Dec_190218\HPAOtherDeploymentInfo_chrome\HPAOtherDeploymentInfo_chrome_349_Dec_190232.jpg alt='Lamp' width='500' height='400'> checking if driver exist <img src=D:\BuildPiper_Rahul\Reports\15Dec_190218\HPAOtherDeploymentInfo_chrome\HPAOtherDeploymentInfo_chrome_349_Dec_190237.jpg alt='Lamp' width='500' height='400'> Element : xpath: //button[@type='button' and @aria-controls='menu-appbar']//div//div]is displayed on screen Clicking on element userMenuAppBar <img src=D:\BuildPiper_Rahul\Reports\15Dec_190218\HPAOtherDeploymentInfo_chrome\HPAOtherDeploymentInfo_chrome_349_Dec_190237.jpg alt='Lamp' width='500' height='400'> Element : xpath: //button[contains(@class,'btn-link-green')][text()=' Switch to User Portal']]is displayed on screen Clicking on element switching to user account <img src=D:\BuildPiper_Rahul\Reports\15Dec_190218\HPAOtherDeploymentInfo_chrome\HPAOtherDeploymentInfo_chrome_349_Dec_190238.jpg alt='Lamp' width='500' height='400'> Element : xpath: //li//button[contains(@class,'main-nav-1')]//span[1][@title]]is displayed on screen Element is present  xpath: //li//button[contains(@class,'main-nav-1')]//span[1][@title]] <img src=D:\BuildPiper_Rahul\Reports\15Dec_190218\HPAOtherDeploymentInfo_chrome\HPAOtherDeploymentInfo_chrome_349_Dec_190239.jpg alt='Lamp' width='500' height='400'> Element : xpath: //button//span[2][@class='flaticon-expand-arrow']/../..//div//span[@title='Service Overview']]is displayed on screen Element is present  xpath: //button//span[2][@class='flaticon-expand-arrow']/../..//div//span[@title='Service Overview']] <img src=D:\BuildPiper_Rahul\Reports\15Dec_190218\HPAOtherDeploymentInfo_chrome\HPAOtherDeploymentInfo_chrome_349_Dec_190242.jpg alt='Lamp' width='500' height='400'> Element : xpath: //input[@placeholder='Name']]is displayed on screen Element is present  xpath: //input[@placeholder='Name']] <img src=D:\BuildPiper_Rahul\Reports\15Dec_190218\HPAOtherDeploymentInfo_chrome\HPAOtherDeploymentInfo_chrome_349_Dec_190246.jpg alt='Lamp' width='500' height='400'> Element : xpath: //input[@placeholder='Name']]is displayed on screen Clicking on element clicks on environment overview tab under applicartion name <img src=D:\BuildPiper_Rahul\Reports\15Dec_190218\HPAOtherDeploymentInfo_chrome\HPAOtherDeploymentInfo_chrome_349_Dec_190246.jpg alt='Lamp' width='500' height='400'> Element : xpath: //input[@placeholder='Name']]is displayed on screen Element : xpath: //div[contains(@class,'service-name')]//a[contains(@href,'service')]]is displayed on screen Clicking on element Service Link <img src=D:\BuildPiper_Rahul\Reports\15Dec_190218\HPAOtherDeploymentInfo_chrome\HPAOtherDeploymentInfo_chrome_349_Dec_190249.jpg alt='Lamp' width='500' height='400'> Element : xpath: //*[text()='Env Deploy Details']]is displayed on screen Element is present  xpath: //*[text()='Env Deploy Details']] <img src=D:\BuildPiper_Rahul\Reports\15Dec_190218\HPAOtherDeploymentInfo_chrome\HPAOtherDeploymentInfo_chrome_349_Dec_190253.jpg alt='Lamp' width='500' height='400'> Element : xpath: //*[text()='Env Deploy Details']]is displayed on screen Clicking on element validateDeployDetails <img src=D:\BuildPiper_Rahul\Reports\15Dec_190218\HPAOtherDeploymentInfo_chrome\HPAOtherDeploymentInfo_chrome_349_Dec_190253.jpg alt='Lamp' width='500' height='400'> Element : xpath: //*[text()='Other Deployment Info']]is displayed on screen Clicking on element otherDeploymentInfo <img src=D:\BuildPiper_Rahul\Reports\15Dec_190218\HPAOtherDeploymentInfo_chrome\HPAOtherDeploymentInfo_chrome_349_Dec_190255.jpg alt='Lamp' width='500' height='400'> Element : xpath: //div[@class='btn-group btn-icon-group ml-auto d-inline-block']/button[@class='btn btn-flaticon'][2]]is displayed on screen Element is present  xpath: //div[@class='btn-group btn-icon-group ml-auto d-inline-block']/button[@class='btn btn-flaticon'][2]] <img src=D:\BuildPiper_Rahul\Reports\15Dec_190218\HPAOtherDeploymentInfo_chrome\HPAOtherDeploymentInfo_chrome_349_Dec_190258.jpg alt='Lamp' width='500' height='400'> Element : xpath: //div[@class='btn-group btn-icon-group ml-auto d-inline-block']/button[@class='btn btn-flaticon'][2]]is displayed on screen  Element [[ChromeDriver: chrome on WINDOWS (a6196488756b685f670ad604f9ac21e8)] -> xpath: //div[@class='btn-group btn-icon-group ml-auto d-inline-block']/button[@class='btn btn-flaticon'][2]] is not clickable using selenium click <img src=D:\BuildPiper_Rahul\Reports\15Dec_190218\HPAOtherDeploymentInfo_chrome\HPAOtherDeploymentInfo_chrome_349_Dec_190300.jpg alt='Lamp' width='500' height='400'> Clicking on element editHPA <img src=D:\BuildPiper_Rahul\Reports\15Dec_190218\HPAOtherDeploymentInfo_chrome\HPAOtherDeploymentInfo_chrome_349_Dec_190300.jpg alt='Lamp' width='500' height='400'> Element : xpath: //input[@placeholder='HPA Name']]is displayed on screen Element is present  xpath: //input[@placeholder='HPA Name']] <img src=D:\BuildPiper_Rahul\Reports\15Dec_190218\HPAOtherDeploymentInfo_chrome\HPAOtherDeploymentInfo_chrome_349_Dec_190300.jpg alt='Lamp' width='500' height='400'> Element : xpath: //input[@placeholder='HPA Name']]is displayed on screen Element : xpath: //input[@name='minimum_replication']]is displayed on screen Element : xpath: //input[@name='maximum_replication']]is displayed on screen Element : xpath: (//input[@class='range-slider-input'])[1]]is displayed on screen Element : xpath: (//input[@class='range-slider-input'])[2]]is displayed on screen Element : xpath: //*[text()='Save']]is displayed on screen Clicking on element saveHPA <img src=D:\BuildPiper_Rahul\Reports\15Dec_190218\HPAOtherDeploymentInfo_chrome\HPAOtherDeploymentInfo_chrome_349_Dec_190306.jpg alt='Lamp' width='500' height='400'> Element : xpath: //button//span[2][@class='flaticon-expand-arrow']/../..//div//span[@title='Service Overview']]is displayed on screen Element is present  xpath: //button//span[2][@class='flaticon-expand-arrow']/../..//div//span[@title='Service Overview']] <img src=D:\BuildPiper_Rahul\Reports\15Dec_190218\HPAOtherDeploymentInfo_chrome\HPAOtherDeploymentInfo_chrome_349_Dec_190310.jpg alt='Lamp' width='500' height='400'> Element : xpath: //input[@placeholder='Name']]is displayed on screen Element is present  xpath: //input[@placeholder='Name']] <img src=D:\BuildPiper_Rahul\Reports\15Dec_190218\HPAOtherDeploymentInfo_chrome\HPAOtherDeploymentInfo_chrome_349_Dec_190311.jpg alt='Lamp' width='500' height='400'> Element : xpath: //input[@placeholder='Name']]is displayed on screen  Element [[ChromeDriver: chrome on WINDOWS (a6196488756b685f670ad604f9ac21e8)] -> xpath: //input[@placeholder='Name']] is not clickable using selenium click <img src=D:\BuildPiper_Rahul\Reports\15Dec_190218\HPAOtherDeploymentInfo_chrome\HPAOtherDeploymentInfo_chrome_349_Dec_190313.jpg alt='Lamp' width='500' height='400'> Clicking on element clicks on environment overview tab under applicartion name <img src=D:\BuildPiper_Rahul\Reports\15Dec_190218\HPAOtherDeploymentInfo_chrome\HPAOtherDeploymentInfo_chrome_349_Dec_190313.jpg alt='Lamp' width='500' height='400'> Element : xpath: //input[@placeholder='Name']]is displayed on screen Element : xpath: //button[@title='Monitoring']]is displayed on screen Element is present  xpath: //button[@title='Monitoring']] <img src=D:\BuildPiper_Rahul\Reports\15Dec_190218\HPAOtherDeploymentInfo_chrome\HPAOtherDeploymentInfo_chrome_349_Dec_190316.jpg alt='Lamp' width='500' height='400'> Element : xpath: //button[@title='Monitoring']]is displayed on screen  Element [[ChromeDriver: chrome on WINDOWS (a6196488756b685f670ad604f9ac21e8)] -> xpath: //button[@title='Monitoring']] is not clickable using selenium click <img src=D:\BuildPiper_Rahul\Reports\15Dec_190218\HPAOtherDeploymentInfo_chrome\HPAOtherDeploymentInfo_chrome_349_Dec_190318.jpg alt='Lamp' width='500' height='400'> Clicking on element monitoring <img src=D:\BuildPiper_Rahul\Reports\15Dec_190218\HPAOtherDeploymentInfo_chrome\HPAOtherDeploymentInfo_chrome_349_Dec_190318.jpg alt='Lamp' width='500' height='400'> Element : xpath: //button[@class='MuiButtonBase-root MuiIconButton-root MuiIconButton-colorInherit MuiIconButton-edgeEnd']]is displayed on screen Clicking on element monitorwindow_closeButton <img src=D:\BuildPiper_Rahul\Reports\15Dec_190218\HPAOtherDeploymentInfo_chrome\HPAOtherDeploymentInfo_chrome_349_Dec_190321.jpg alt='Lamp' width='500' height='400'> checking if driver exist <img src=D:\BuildPiper_Rahul\Reports\15Dec_190218\HPAOtherDeploymentInfo_chrome\HPAOtherDeploymentInfo_chrome_349_Dec_190321.jpg alt='Lamp' width='500' height='400'> Element : xpath: //button[@type='button' and @aria-controls='menu-appbar']//div//div]is displayed on screen Clicking on element userMenuAppBar <img src=D:\BuildPiper_Rahul\Reports\15Dec_190218\HPAOtherDeploymentInfo_chrome\HPAOtherDeploymentInfo_chrome_349_Dec_190322.jpg alt='Lamp' width='500' height='400'> Element : xpath: //button[contains(@class,'btn-link-green')][text()=' Switch to Admin Portal']]is displayed on screen Clicking on element switching to user account <img src=D:\BuildPiper_Rahul\Reports\15Dec_190218\HPAOtherDeploymentInfo_chrome\HPAOtherDeploymentInfo_chrome_349_Dec_190322.jpg alt='Lamp' width='500' height='400'> checking if driver exist <img src=D:\BuildPiper_Rahul\Reports\15Dec_190218\HPAOtherDeploymentInfo_chrome\HPAOtherDeploymentInfo_chrome_349_Dec_190322.jpg alt='Lamp' width='500' height='400'> Element : xpath: //button[@type='button' and @aria-controls='menu-appbar']//div//div]is displayed on screen Clicking on element userMenuAppBar <img src=D:\BuildPiper_Rahul\Reports\15Dec_190218\HPAOtherDeploymentInfo_chrome\HPAOtherDeploymentInfo_chrome_349_Dec_190322.jpg alt='Lamp' width='500' height='400'> Element : xpath: //button[contains(@class,'btn-link-green')][text()=' Switch to User Portal']]is displayed on screen Clicking on element switching to user account <img src=D:\BuildPiper_Rahul\Reports\15Dec_190218\HPAOtherDeploymentInfo_chrome\HPAOtherDeploymentInfo_chrome_349_Dec_190323.jpg alt='Lamp' width='500' height='400'> Element : xpath: //li//button[contains(@class,'main-nav-1')]//span[1][@title]]is displayed on screen Element is present  xpath: //li//button[contains(@class,'main-nav-1')]//span[1][@title]] <img src=D:\BuildPiper_Rahul\Reports\15Dec_190218\HPAOtherDeploymentInfo_chrome\HPAOtherDeploymentInfo_chrome_349_Dec_190323.jpg alt='Lamp' width='500' height='400'> Element : xpath: //button//span[2][@class='flaticon-expand-arrow']/../..//div//span[@title='Service Overview']]is displayed on screen Element is present  xpath: //button//span[2][@class='flaticon-expand-arrow']/../..//div//span[@title='Service Overview']] <img src=D:\BuildPiper_Rahul\Reports\15Dec_190218\HPAOtherDeploymentInfo_chrome\HPAOtherDeploymentInfo_chrome_349_Dec_190327.jpg alt='Lamp' width='500' height='400'> Element : xpath: //input[@placeholder='Name']]is displayed on screen Element is present  xpath: //input[@placeholder='Name']] <img src=D:\BuildPiper_Rahul\Reports\15Dec_190218\HPAOtherDeploymentInfo_chrome\HPAOtherDeploymentInfo_chrome_349_Dec_190330.jpg alt='Lamp' width='500' height='400'> Element : xpath: //input[@placeholder='Name']]is displayed on screen Clicking on element clicks on environment overview tab under applicartion name <img src=D:\BuildPiper_Rahul\Reports\15Dec_190218\HPAOtherDeploymentInfo_chrome\HPAOtherDeploymentInfo_chrome_349_Dec_190330.jpg alt='Lamp' width='500' height='400'> Element : xpath: //input[@placeholder='Name']]is displayed on screen Element : xpath: //div[contains(@class,'service-name')]//a[contains(@href,'service')]]is displayed on screen Clicking on element Service Link <img src=D:\BuildPiper_Rahul\Reports\15Dec_190218\HPAOtherDeploymentInfo_chrome\HPAOtherDeploymentInfo_chrome_349_Dec_190334.jpg alt='Lamp' width='500' height='400'> Element : xpath: //*[text()='Env Deploy Details']]is displayed on screen Element is present  xpath: //*[text()='Env Deploy Details']] <img src=D:\BuildPiper_Rahul\Reports\15Dec_190218\HPAOtherDeploymentInfo_chrome\HPAOtherDeploymentInfo_chrome_349_Dec_190337.jpg alt='Lamp' width='500' height='400'> Element : xpath: //*[text()='Env Deploy Details']]is displayed on screen Clicking on element validateDeployDetails <img src=D:\BuildPiper_Rahul\Reports\15Dec_190218\HPAOtherDeploymentInfo_chrome\HPAOtherDeploymentInfo_chrome_349_Dec_190337.jpg alt='Lamp' width='500' height='400'> Element : xpath: //*[text()='Other Deployment Info']]is displayed on screen Clicking on element otherDeploymentInfo <img src=D:\BuildPiper_Rahul\Reports\15Dec_190218\HPAOtherDeploymentInfo_chrome\HPAOtherDeploymentInfo_chrome_349_Dec_190340.jpg alt='Lamp' width='500' height='400'> Element : xpath: //div[@class='btn-group btn-icon-group ml-auto d-inline-block']/button[@class='btn btn-flaticon'][2]]is displayed on screen Element is present  xpath: //div[@class='btn-group btn-icon-group ml-auto d-inline-block']/button[@class='btn btn-flaticon'][2]] <img src=D:\BuildPiper_Rahul\Reports\15Dec_190218\HPAOtherDeploymentInfo_chrome\HPAOtherDeploymentInfo_chrome_349_Dec_190343.jpg alt='Lamp' width='500' height='400'> Element : xpath: //div[@class='btn-group btn-icon-group ml-auto d-inline-block']/button[@class='btn btn-flaticon'][2]]is displayed on screen  Element [[ChromeDriver: chrome on WINDOWS (a6196488756b685f670ad604f9ac21e8)] -> xpath: //div[@class='btn-group btn-icon-group ml-auto d-inline-block']/button[@class='btn btn-flaticon'][2]] is not clickable using selenium click <img src=D:\BuildPiper_Rahul\Reports\15Dec_190218\HPAOtherDeploymentInfo_chrome\HPAOtherDeploymentInfo_chrome_349_Dec_190344.jpg alt='Lamp' width='500' height='400'> Clicking on element editHPA <img src=D:\BuildPiper_Rahul\Reports\15Dec_190218\HPAOtherDeploymentInfo_chrome\HPAOtherDeploymentInfo_chrome_349_Dec_190345.jpg alt='Lamp' width='500' height='400'> Element : xpath: //input[@placeholder='HPA Name']]is displayed on screen Element is present  xpath: //input[@placeholder='HPA Name']] <img src=D:\BuildPiper_Rahul\Reports\15Dec_190218\HPAOtherDeploymentInfo_chrome\HPAOtherDeploymentInfo_chrome_349_Dec_190345.jpg alt='Lamp' width='500' height='400'> Element : xpath: //input[@placeholder='HPA Name']]is displayed on screen Element : xpath: //input[@name='minimum_replication']]is displayed on screen Element : xpath: //input[@name='maximum_replication']]is displayed on screen Element : xpath: (//input[@class='range-slider-input'])[1]]is displayed on screen Element : xpath: (//input[@class='range-slider-input'])[2]]is displayed on screen Element : xpath: //*[text()='Save']]is displayed on screen Clicking on element saveHPA <img src=D:\BuildPiper_Rahul\Reports\15Dec_190218\HPAOtherDeploymentInfo_chrome\HPAOtherDeploymentInfo_chrome_349_Dec_190351.jpg alt='Lamp' width='500' height='400'> Element : xpath: //button//span[2][@class='flaticon-expand-arrow']/../..//div//span[@title='Service Overview']]is displayed on screen Element is present  xpath: //button//span[2][@class='flaticon-expand-arrow']/../..//div//span[@title='Service Overview']] <img src=D:\BuildPiper_Rahul\Reports\15Dec_190218\HPAOtherDeploymentInfo_chrome\HPAOtherDeploymentInfo_chrome_349_Dec_190354.jpg alt='Lamp' width='500' height='400'> Element : xpath: //input[@placeholder='Name']]is displayed on screen Element is present  xpath: //input[@placeholder='Name']] <img src=D:\BuildPiper_Rahul\Reports\15Dec_190218\HPAOtherDeploymentInfo_chrome\HPAOtherDeploymentInfo_chrome_349_Dec_190356.jpg alt='Lamp' width='500' height='400'> Element : xpath: //input[@placeholder='Name']]is displayed on screen  Element [[ChromeDriver: chrome on WINDOWS (a6196488756b685f670ad604f9ac21e8)] -> xpath: //input[@placeholder='Name']] is not clickable using selenium click <img src=D:\BuildPiper_Rahul\Reports\15Dec_190218\HPAOtherDeploymentInfo_chrome\HPAOtherDeploymentInfo_chrome_349_Dec_190357.jpg alt='Lamp' width='500' height='400'> Clicking on element clicks on environment overview tab under applicartion name <img src=D:\BuildPiper_Rahul\Reports\15Dec_190218\HPAOtherDeploymentInfo_chrome\HPAOtherDeploymentInfo_chrome_349_Dec_190357.jpg alt='Lamp' width='500' height='400'> Element : xpath: //input[@placeholder='Name']]is displayed on screen Element : xpath: //button[@title='Monitoring']]is displayed on screen Element is present  xpath: //button[@title='Monitoring']] <img src=D:\BuildPiper_Rahul\Reports\15Dec_190218\HPAOtherDeploymentInfo_chrome\HPAOtherDeploymentInfo_chrome_349_Dec_190401.jpg alt='Lamp' width='500' height='400'> Element : xpath: //button[@title='Monitoring']]is displayed on screen  Element [[ChromeDriver: chrome on WINDOWS (a6196488756b685f670ad604f9ac21e8)] -> xpath: //button[@title='Monitoring']] is not clickable using selenium click <img src=D:\BuildPiper_Rahul\Reports\15Dec_190218\HPAOtherDeploymentInfo_chrome\HPAOtherDeploymentInfo_chrome_349_Dec_190402.jpg alt='Lamp' width='500' height='400'> Clicking on element monitoring <img src=D:\BuildPiper_Rahul\Reports\15Dec_190218\HPAOtherDeploymentInfo_chrome\HPAOtherDeploymentInfo_chrome_349_Dec_190402.jpg alt='Lamp' width='500' height='400'> Element : xpath: //button[@class='MuiButtonBase-root MuiIconButton-root MuiIconButton-colorInherit MuiIconButton-edgeEnd']]is displayed on screen Clicking on element monitorwindow_closeButton <img src=D:\BuildPiper_Rahul\Reports\15Dec_190218\HPAOtherDeploymentInfo_chrome\HPAOtherDeploymentInfo_chrome_349_Dec_190405.jpg alt='Lamp' width='500' height='400'> checking if driver exist <img src=D:\BuildPiper_Rahul\Reports\15Dec_190218\HPAOtherDeploymentInfo_chrome\HPAOtherDeploymentInfo_chrome_349_Dec_190405.jpg alt='Lamp' width='500' height='400'> Element : xpath: //button[@type='button' and @aria-controls='menu-appbar']//div//div]is displayed on screen Clicking on element userMenuAppBar <img src=D:\BuildPiper_Rahul\Reports\15Dec_190218\HPAOtherDeploymentInfo_chrome\HPAOtherDeploymentInfo_chrome_349_Dec_190406.jpg alt='Lamp' width='500' height='400'> Element : xpath: //button[contains(@class,'btn-link-green')][text()=' Switch to Admin Portal']]is displayed on screen Clicking on element switching to user account <img src=D:\BuildPiper_Rahul\Reports\15Dec_190218\HPAOtherDeploymentInfo_chrome\HPAOtherDeploymentInfo_chrome_349_Dec_190406.jpg alt='Lamp' width='500' height='400'> checking if driver exist <img src=D:\BuildPiper_Rahul\Reports\15Dec_190218\HPAOtherDeploymentInfo_chrome\HPAOtherDeploymentInfo_chrome_349_Dec_190406.jpg alt='Lamp' width='500' height='400'> Element : xpath: //button[@type='button' and @aria-controls='menu-appbar']//div//div]is displayed on screen Clicking on element userMenuAppBar <img src=D:\BuildPiper_Rahul\Reports\15Dec_190218\HPAOtherDeploymentInfo_chrome\HPAOtherDeploymentInfo_chrome_349_Dec_190407.jpg alt='Lamp' width='500' height='400'> Element : xpath: //button[contains(@class,'btn-link-green')][text()=' Switch to User Portal']]is displayed on screen Clicking on element switching to user account <img src=D:\BuildPiper_Rahul\Reports\15Dec_190218\HPAOtherDeploymentInfo_chrome\HPAOtherDeploymentInfo_chrome_349_Dec_190407.jpg alt='Lamp' width='500' height='400'> Element : xpath: //li//button[contains(@class,'main-nav-1')]//span[1][@title]]is displayed on screen Element is present  xpath: //li//button[contains(@class,'main-nav-1')]//span[1][@title]] <img src=D:\BuildPiper_Rahul\Reports\15Dec_190218\HPAOtherDeploymentInfo_chrome\HPAOtherDeploymentInfo_chrome_349_Dec_190408.jpg alt='Lamp' width='500' height='400'> Element : xpath: //button//span[2][@class='flaticon-expand-arrow']/../..//div//span[@title='Service Overview']]is displayed on screen Element is present  xpath: //button//span[2][@class='flaticon-expand-arrow']/../..//div//span[@title='Service Overview']] <img src=D:\BuildPiper_Rahul\Reports\15Dec_190218\HPAOtherDeploymentInfo_chrome\HPAOtherDeploymentInfo_chrome_349_Dec_190411.jpg alt='Lamp' width='500' height='400'> Element : xpath: //input[@placeholder='Name']]is displayed on screen Element is present  xpath: //input[@placeholder='Name']] <img src=D:\BuildPiper_Rahul\Reports\15Dec_190218\HPAOtherDeploymentInfo_chrome\HPAOtherDeploymentInfo_chrome_349_Dec_190414.jpg alt='Lamp' width='500' height='400'> Element : xpath: //input[@placeholder='Name']]is displayed on screen Clicking on element clicks on environment overview tab under applicartion name <img src=D:\BuildPiper_Rahul\Reports\15Dec_190218\HPAOtherDeploymentInfo_chrome\HPAOtherDeploymentInfo_chrome_349_Dec_190415.jpg alt='Lamp' width='500' height='400'> Element : xpath: //input[@placeholder='Name']]is displayed on screen Element : xpath: //div[contains(@class,'service-name')]//a[contains(@href,'service')]]is displayed on screen Clicking on element Service Link <img src=D:\BuildPiper_Rahul\Reports\15Dec_190218\HPAOtherDeploymentInfo_chrome\HPAOtherDeploymentInfo_chrome_349_Dec_190418.jpg alt='Lamp' width='500' height='400'> Element : xpath: //*[text()='Env Deploy Details']]is displayed on screen Element is present  xpath: //*[text()='Env Deploy Details']] <img src=D:\BuildPiper_Rahul\Reports\15Dec_190218\HPAOtherDeploymentInfo_chrome\HPAOtherDeploymentInfo_chrome_349_Dec_190421.jpg alt='Lamp' width='500' height='400'> Element : xpath: //*[text()='Env Deploy Details']]is displayed on screen Clicking on element validateDeployDetails <img src=D:\BuildPiper_Rahul\Reports\15Dec_190218\HPAOtherDeploymentInfo_chrome\HPAOtherDeploymentInfo_chrome_349_Dec_190422.jpg alt='Lamp' width='500' height='400'> Element : xpath: //*[text()='Other Deployment Info']]is displayed on screen Clicking on element otherDeploymentInfo <img src=D:\BuildPiper_Rahul\Reports\15Dec_190218\HPAOtherDeploymentInfo_chrome\HPAOtherDeploymentInfo_chrome_349_Dec_190424.jpg alt='Lamp' width='500' height='400'> Element : xpath: //div[@class='btn-group btn-icon-group ml-auto d-inline-block']/button[@class='btn btn-flaticon'][2]]is displayed on screen Element is present  xpath: //div[@class='btn-group btn-icon-group ml-auto d-inline-block']/button[@class='btn btn-flaticon'][2]] <img src=D:\BuildPiper_Rahul\Reports\15Dec_190218\HPAOtherDeploymentInfo_chrome\HPAOtherDeploymentInfo_chrome_349_Dec_190427.jpg alt='Lamp' width='500' height='400'> Element : xpath: //div[@class='btn-group btn-icon-group ml-auto d-inline-block']/button[@class='btn btn-flaticon'][2]]is displayed on screen  Element [[ChromeDriver: chrome on WINDOWS (a6196488756b685f670ad604f9ac21e8)] -> xpath: //div[@class='btn-group btn-icon-group ml-auto d-inline-block']/button[@class='btn btn-flaticon'][2]] is not clickable using selenium click <img src=D:\BuildPiper_Rahul\Reports\15Dec_190218\HPAOtherDeploymentInfo_chrome\HPAOtherDeploymentInfo_chrome_349_Dec_190429.jpg alt='Lamp' width='500' height='400'> Clicking on element editHPA <img src=D:\BuildPiper_Rahul\Reports\15Dec_190218\HPAOtherDeploymentInfo_chrome\HPAOtherDeploymentInfo_chrome_349_Dec_190429.jpg alt='Lamp' width='500' height='400'> Element : xpath: //input[@placeholder='HPA Name']]is displayed on screen Element is present  xpath: //input[@placeholder='HPA Name']] <img src=D:\BuildPiper_Rahul\Reports\15Dec_190218\HPAOtherDeploymentInfo_chrome\HPAOtherDeploymentInfo_chrome_349_Dec_190429.jpg alt='Lamp' width='500' height='400'> Element : xpath: //input[@placeholder='HPA Name']]is displayed on screen Element : xpath: //input[@name='minimum_replication']]is displayed on screen Element : xpath: //input[@name='maximum_replication']]is displayed on screen Element : xpath: (//input[@class='range-slider-input'])[1]]is displayed on screen Element : xpath: (//input[@class='range-slider-input'])[2]]is displayed on screen Element : xpath: //*[text()='Save']]is displayed on screen Clicking on element saveHPA <img src=D:\BuildPiper_Rahul\Reports\15Dec_190218\HPAOtherDeploymentInfo_chrome\HPAOtherDeploymentInfo_chrome_349_Dec_190435.jpg alt='Lamp' width='500' height='400'> Element : xpath: //button//span[2][@class='flaticon-expand-arrow']/../..//div//span[@title='Service Overview']]is displayed on screen Element is present  xpath: //button//span[2][@class='flaticon-expand-arrow']/../..//div//span[@title='Service Overview']] <img src=D:\BuildPiper_Rahul\Reports\15Dec_190218\HPAOtherDeploymentInfo_chrome\HPAOtherDeploymentInfo_chrome_349_Dec_190438.jpg alt='Lamp' width='500' height='400'> Element : xpath: //input[@placeholder='Name']]is displayed on screen Element is present  xpath: //input[@placeholder='Name']] <img src=D:\BuildPiper_Rahul\Reports\15Dec_190218\HPAOtherDeploymentInfo_chrome\HPAOtherDeploymentInfo_chrome_349_Dec_190440.jpg alt='Lamp' width='500' height='400'> Element : xpath: //input[@placeholder='Name']]is displayed on screen  Element [[ChromeDriver: chrome on WINDOWS (a6196488756b685f670ad604f9ac21e8)] -> xpath: //input[@placeholder='Name']] is not clickable using selenium click <img src=D:\BuildPiper_Rahul\Reports\15Dec_190218\HPAOtherDeploymentInfo_chrome\HPAOtherDeploymentInfo_chrome_349_Dec_190441.jpg alt='Lamp' width='500' height='400'> Clicking on element clicks on environment overview tab under applicartion name <img src=D:\BuildPiper_Rahul\Reports\15Dec_190218\HPAOtherDeploymentInfo_chrome\HPAOtherDeploymentInfo_chrome_349_Dec_190442.jpg alt='Lamp' width='500' height='400'> Element : xpath: //input[@placeholder='Name']]is displayed on screen Element : xpath: //button[@title='Monitoring']]is displayed on screen Element is present  xpath: //button[@title='Monitoring']] <img src=D:\BuildPiper_Rahul\Reports\15Dec_190218\HPAOtherDeploymentInfo_chrome\HPAOtherDeploymentInfo_chrome_349_Dec_190445.jpg alt='Lamp' width='500' height='400'> Element : xpath: //button[@title='Monitoring']]is displayed on screen  Element [[ChromeDriver: chrome on WINDOWS (a6196488756b685f670ad604f9ac21e8)] -> xpath: //button[@title='Monitoring']] is not clickable using selenium click <img src=D:\BuildPiper_Rahul\Reports\15Dec_190218\HPAOtherDeploymentInfo_chrome\HPAOtherDeploymentInfo_chrome_349_Dec_190446.jpg alt='Lamp' width='500' height='400'> Clicking on element monitoring <img src=D:\BuildPiper_Rahul\Reports\15Dec_190218\HPAOtherDeploymentInfo_chrome\HPAOtherDeploymentInfo_chrome_349_Dec_190447.jpg alt='Lamp' width='500' height='400'> Element : xpath: //button[@class='MuiButtonBase-root MuiIconButton-root MuiIconButton-colorInherit MuiIconButton-edgeEnd']]is displayed on screen Clicking on element monitorwindow_closeButton <img src=D:\BuildPiper_Rahul\Reports\15Dec_190218\HPAOtherDeploymentInfo_chrome\HPAOtherDeploymentInfo_chrome_349_Dec_190449.jpg alt='Lamp' width='500' height='400'> checking if driver exist <img src=D:\BuildPiper_Rahul\Reports\15Dec_190218\HPAOtherDeploymentInfo_chrome\HPAOtherDeploymentInfo_chrome_349_Dec_190450.jpg alt='Lamp' width='500' height='400'> Element : xpath: //button[@type='button' and @aria-controls='menu-appbar']//div//div]is displayed on screen Clicking on element userMenuAppBar <img src=D:\BuildPiper_Rahul\Reports\15Dec_190218\HPAOtherDeploymentInfo_chrome\HPAOtherDeploymentInfo_chrome_349_Dec_190450.jpg alt='Lamp' width='500' height='400'> Element : xpath: //button[contains(@class,'btn-link-green')][text()=' Switch to Admin Portal']]is displayed on screen Clicking on element switching to user account <img src=D:\BuildPiper_Rahul\Reports\15Dec_190218\HPAOtherDeploymentInfo_chrome\HPAOtherDeploymentInfo_chrome_349_Dec_190450.jpg alt='Lamp' width='500' height='400'> Result upload to testlink is disabled, Please ensure you have 'UpdateTestLink=Yes' in project.properties  ####### End of Test Case: HPAOtherDeploymentInfo #######  </system-out>
</testsuite> <!-- com.buildpiper.testcases.ServiceCreationTestcases -->
