<?xml version="1.0" encoding="UTF-8"?>
<!-- Generated by org.testng.reporters.JUnitReportReporter -->
<testsuite hostname="DESKTOP-PTF1H2O" failures="1" tests="1" name="com.buildpiper.testcases.ServiceCreationComprehensiveTestCases" time="395.600" errors="0" timestamp="2023-12-08T15:02:27 IST" skipped="0">
  <testcase classname="com.buildpiper.testcases.ServiceCreationComprehensiveTestCases" name="serviceOverview_Promote" time="395.600">
    <failure message="expected [SUCCESS] but found [RUNNING]" type="java.lang.AssertionError">
      <![CDATA[java.lang.AssertionError: expected [SUCCESS] but found [RUNNING]
at org.testng.Assert.fail(Assert.java:97)
at org.testng.Assert.assertEqualsImpl(Assert.java:136)
at org.testng.Assert.assertEquals(Assert.java:118)
at org.testng.Assert.assertEquals(Assert.java:575)
at org.testng.Assert.assertEquals(Assert.java:585)
at com.buildpiper.pages.ServiceCreationPage.Verify_buildStatus(ServiceCreationPage.java:1685)
at com.buildpiper.testcases.ServiceCreationComprehensiveTestCases.serviceOverview_Promote(ServiceCreationComprehensiveTestCases.java:315)
at java.base/jdk.internal.reflect.DirectMethodHandleAccessor.invoke(DirectMethodHandleAccessor.java:104)
at java.base/java.lang.reflect.Method.invoke(Method.java:578)
at org.testng.internal.MethodInvocationHelper.invokeMethod(MethodInvocationHelper.java:134)
at org.testng.internal.TestInvoker.invokeMethod(TestInvoker.java:597)
at org.testng.internal.TestInvoker.invokeTestMethod(TestInvoker.java:173)
at org.testng.internal.MethodRunner.runInSequence(MethodRunner.java:46)
at org.testng.internal.TestInvoker$MethodInvocationAgent.invoke(TestInvoker.java:816)
at org.testng.internal.TestInvoker.invokeTestMethods(TestInvoker.java:146)
at org.testng.internal.TestMethodWorker.invokeTestMethods(TestMethodWorker.java:146)
at org.testng.internal.TestMethodWorker.run(TestMethodWorker.java:128)
at java.base/java.util.ArrayList.forEach(ArrayList.java:1511)
at org.testng.TestRunner.privateRun(TestRunner.java:766)
at org.testng.TestRunner.run(TestRunner.java:587)
at org.testng.SuiteRunner.runTest(SuiteRunner.java:384)
at org.testng.SuiteRunner.runSequentially(SuiteRunner.java:378)
at org.testng.SuiteRunner.privateRun(SuiteRunner.java:337)
at org.testng.SuiteRunner.run(SuiteRunner.java:286)
at org.testng.SuiteRunnerWorker.runSuite(SuiteRunnerWorker.java:53)
at org.testng.SuiteRunnerWorker.run(SuiteRunnerWorker.java:96)
at org.testng.TestNG.runSuitesSequentially(TestNG.java:1187)
at org.testng.TestNG.runSuitesLocally(TestNG.java:1109)
at org.testng.TestNG.runSuites(TestNG.java:1039)
at org.testng.TestNG.run(TestNG.java:1007)
at org.testng.remote.AbstractRemoteTestNG.run(AbstractRemoteTestNG.java:115)
at org.testng.remote.RemoteTestNG.initAndRun(RemoteTestNG.java:251)
at org.testng.remote.RemoteTestNG.main(RemoteTestNG.java:77)
]]>
    </failure>
  </testcase> <!-- serviceOverview_Promote -->
  <system-out>
checking if driver exist <img src=D:\BuildPiper_Rahul\Reports\08Dec_145550\serviceOverview_Promote_chrome\serviceOverview_Promote_chrome_342_Dec_145622.jpg alt='Lamp' width='500' height='400'> checking if driver exist <img src=D:\BuildPiper_Rahul\Reports\08Dec_145550\serviceOverview_Promote_chrome\serviceOverview_Promote_chrome_342_Dec_145623.jpg alt='Lamp' width='500' height='400'> checking if driver exist <img src=D:\BuildPiper_Rahul\Reports\08Dec_145550\serviceOverview_Promote_chrome\serviceOverview_Promote_chrome_342_Dec_145623.jpg alt='Lamp' width='500' height='400'> checking if driver exist <img src=D:\BuildPiper_Rahul\Reports\08Dec_145550\serviceOverview_Promote_chrome\serviceOverview_Promote_chrome_342_Dec_145623.jpg alt='Lamp' width='500' height='400'> Element : xpath: //button[@type='button' and @aria-controls='menu-appbar']//div//div]is displayed on screen Clicking on element userMenuAppBar <img src=D:\BuildPiper_Rahul\Reports\08Dec_145550\serviceOverview_Promote_chrome\serviceOverview_Promote_chrome_342_Dec_145623.jpg alt='Lamp' width='500' height='400'> Element : xpath: //button[contains(@class,'btn-link-green')][text()=' Switch to User Portal']]is displayed on screen Clicking on element switching to user account <img src=D:\BuildPiper_Rahul\Reports\08Dec_145550\serviceOverview_Promote_chrome\serviceOverview_Promote_chrome_342_Dec_145624.jpg alt='Lamp' width='500' height='400'> Element : xpath: //li//button[contains(@class,'main-nav-1')]//span[1][@title]]is displayed on screen Element is present  xpath: //li//button[contains(@class,'main-nav-1')]//span[1][@title]] <img src=D:\BuildPiper_Rahul\Reports\08Dec_145550\serviceOverview_Promote_chrome\serviceOverview_Promote_chrome_342_Dec_145634.jpg alt='Lamp' width='500' height='400'> Element : xpath: //button//span[2][@class='flaticon-expand-arrow']/../..//div//span[@title='Service Overview']]is displayed on screen Element is present  xpath: //button//span[2][@class='flaticon-expand-arrow']/../..//div//span[@title='Service Overview']] <img src=D:\BuildPiper_Rahul\Reports\08Dec_145550\serviceOverview_Promote_chrome\serviceOverview_Promote_chrome_342_Dec_145634.jpg alt='Lamp' width='500' height='400'> Element : xpath: //button//span[2][@class='flaticon-expand-arrow']/../..//div//span[@title='Service Overview']]is displayed on screen Clicking on element Poc_QA serviceOverviewLink <img src=D:\BuildPiper_Rahul\Reports\08Dec_145550\serviceOverview_Promote_chrome\serviceOverview_Promote_chrome_342_Dec_145635.jpg alt='Lamp' width='500' height='400'> Element : xpath: //a[@class='btn btn-submit']]is displayed on screen Element is present  xpath: //a[@class='btn btn-submit']] <img src=D:\BuildPiper_Rahul\Reports\08Dec_145550\serviceOverview_Promote_chrome\serviceOverview_Promote_chrome_342_Dec_145635.jpg alt='Lamp' width='500' height='400'> Element : xpath: //a[@class='btn btn-submit']]is displayed on screen Clicking on element Poc_QA addServiceBtn <img src=D:\BuildPiper_Rahul\Reports\08Dec_145550\serviceOverview_Promote_chrome\serviceOverview_Promote_chrome_342_Dec_145635.jpg alt='Lamp' width='500' height='400'> Element : xpath: //h1[@class='main-heading']]is displayed on screen Element is present  xpath: //h1[@class='main-heading']] <img src=D:\BuildPiper_Rahul\Reports\08Dec_145550\serviceOverview_Promote_chrome\serviceOverview_Promote_chrome_342_Dec_145636.jpg alt='Lamp' width='500' height='400'> Element : xpath: //p[(@class='hint-text-main-heading')]]is displayed on screen Element is present  xpath: //p[(@class='hint-text-main-heading')]] <img src=D:\BuildPiper_Rahul\Reports\08Dec_145550\serviceOverview_Promote_chrome\serviceOverview_Promote_chrome_342_Dec_145636.jpg alt='Lamp' width='500' height='400'> Element : xpath: //input[@placeholder='demo-app']]is displayed on screen Setting value on element sets service name <img src=D:\BuildPiper_Rahul\Reports\08Dec_145550\serviceOverview_Promote_chrome\serviceOverview_Promote_chrome_342_Dec_145636.jpg alt='Lamp' width='500' height='400'> Element : xpath: //input[@placeholder='Sample-Service']]is displayed on screen Setting value on element sets external name <img src=D:\BuildPiper_Rahul\Reports\08Dec_145550\serviceOverview_Promote_chrome\serviceOverview_Promote_chrome_342_Dec_145640.jpg alt='Lamp' width='500' height='400'> Element : xpath: //span[contains(.,'Build for every environment')]]is displayed on screen Clicking on element Poc_QA selectEveryRadioBtn <img src=D:\BuildPiper_Rahul\Reports\08Dec_145550\serviceOverview_Promote_chrome\serviceOverview_Promote_chrome_342_Dec_145640.jpg alt='Lamp' width='500' height='400'> Element : xpath: //button[@class='btn btn-submit']]is displayed on screen Clicking on element Poc_QA SubmitCreatePage <img src=D:\BuildPiper_Rahul\Reports\08Dec_145550\serviceOverview_Promote_chrome\serviceOverview_Promote_chrome_342_Dec_145640.jpg alt='Lamp' width='500' height='400'> Element : xpath: //h1[@class='h1' and contains(.,'Create a Environment')]]is displayed on screen Element is present  xpath: //h1[@class='h1' and contains(.,'Create a Environment')]] <img src=D:\BuildPiper_Rahul\Reports\08Dec_145550\serviceOverview_Promote_chrome\serviceOverview_Promote_chrome_342_Dec_145641.jpg alt='Lamp' width='500' height='400'> Element : xpath: //div[@class='staticwrap-inner']]is displayed on screen Element is present  xpath: //div[@class='staticwrap-inner']] <img src=D:\BuildPiper_Rahul\Reports\08Dec_145550\serviceOverview_Promote_chrome\serviceOverview_Promote_chrome_342_Dec_145641.jpg alt='Lamp' width='500' height='400'> Element : xpath: //select[@name='env_id']]is displayed on screen Element is present  xpath: //select[@name='env_id']] <img src=D:\BuildPiper_Rahul\Reports\08Dec_145550\serviceOverview_Promote_chrome\serviceOverview_Promote_chrome_342_Dec_145643.jpg alt='Lamp' width='500' height='400'> Element : xpath: //button[@class='btn btn-submit']]is displayed on screen Element is present  xpath: //button[@class='btn btn-submit']] <img src=D:\BuildPiper_Rahul\Reports\08Dec_145550\serviceOverview_Promote_chrome\serviceOverview_Promote_chrome_342_Dec_145648.jpg alt='Lamp' width='500' height='400'> Element : xpath: //button[@class='btn btn-submit']]is displayed on screen Clicking on element Poc_QA SubmitEnvPage <img src=D:\BuildPiper_Rahul\Reports\08Dec_145550\serviceOverview_Promote_chrome\serviceOverview_Promote_chrome_342_Dec_145649.jpg alt='Lamp' width='500' height='400'> Element : xpath: //div[@class='font-27 font-family-nunito font-weight-300 lh-12 mr-5']]is displayed on screen Element is present  xpath: //div[@class='font-27 font-family-nunito font-weight-300 lh-12 mr-5']] <img src=D:\BuildPiper_Rahul\Reports\08Dec_145550\serviceOverview_Promote_chrome\serviceOverview_Promote_chrome_342_Dec_145651.jpg alt='Lamp' width='500' height='400'> Element : xpath: //span[contains(text(),'Project:')]]is displayed on screen Element is present  xpath: //span[contains(text(),'Project:')]] <img src=D:\BuildPiper_Rahul\Reports\08Dec_145550\serviceOverview_Promote_chrome\serviceOverview_Promote_chrome_342_Dec_145651.jpg alt='Lamp' width='500' height='400'> Element : xpath: //*[text()='Env Build Details']]is displayed on screen Element is present  xpath: //*[text()='Env Build Details']] <img src=D:\BuildPiper_Rahul\Reports\08Dec_145550\serviceOverview_Promote_chrome\serviceOverview_Promote_chrome_342_Dec_145652.jpg alt='Lamp' width='500' height='400'> Element : xpath: //*[text()='Env Build Details']]is displayed on screen Clicking on element Poc_QA validateBuildDetails <img src=D:\BuildPiper_Rahul\Reports\08Dec_145550\serviceOverview_Promote_chrome\serviceOverview_Promote_chrome_342_Dec_145652.jpg alt='Lamp' width='500' height='400'> Element : xpath: //p[@class='main-text mb-10']]is displayed on screen Element is present  xpath: //p[@class='main-text mb-10']] <img src=D:\BuildPiper_Rahul\Reports\08Dec_145550\serviceOverview_Promote_chrome\serviceOverview_Promote_chrome_342_Dec_145652.jpg alt='Lamp' width='500' height='400'> Element : xpath: //span[@class='sub-text mb-10']]is displayed on screen Element is present  xpath: //span[@class='sub-text mb-10']] <img src=D:\BuildPiper_Rahul\Reports\08Dec_145550\serviceOverview_Promote_chrome\serviceOverview_Promote_chrome_342_Dec_145652.jpg alt='Lamp' width='500' height='400'> Element : xpath: //*[text()='Env Deploy Details']]is displayed on screen Element is present  xpath: //*[text()='Env Deploy Details']] <img src=D:\BuildPiper_Rahul\Reports\08Dec_145550\serviceOverview_Promote_chrome\serviceOverview_Promote_chrome_342_Dec_145653.jpg alt='Lamp' width='500' height='400'> Element : xpath: //*[text()='Env Deploy Details']]is displayed on screen Clicking on element Poc_QA validateDeployDetails <img src=D:\BuildPiper_Rahul\Reports\08Dec_145550\serviceOverview_Promote_chrome\serviceOverview_Promote_chrome_342_Dec_145653.jpg alt='Lamp' width='500' height='400'> Element : xpath: //p[@class='main-text mb-10']]is displayed on screen Element is present  xpath: //p[@class='main-text mb-10']] <img src=D:\BuildPiper_Rahul\Reports\08Dec_145550\serviceOverview_Promote_chrome\serviceOverview_Promote_chrome_342_Dec_145653.jpg alt='Lamp' width='500' height='400'> Element : xpath: //span[@class='sub-text mb-10']]is displayed on screen Element is present  xpath: //span[@class='sub-text mb-10']] <img src=D:\BuildPiper_Rahul\Reports\08Dec_145550\serviceOverview_Promote_chrome\serviceOverview_Promote_chrome_342_Dec_145653.jpg alt='Lamp' width='500' height='400'> Element : xpath: //*[text()='To have a very smooth configuration we strongly recommend BuildPiper UI.']]is displayed on screen Element is present  xpath: //*[text()='To have a very smooth configuration we strongly recommend BuildPiper UI.']] <img src=D:\BuildPiper_Rahul\Reports\08Dec_145550\serviceOverview_Promote_chrome\serviceOverview_Promote_chrome_342_Dec_145653.jpg alt='Lamp' width='500' height='400'> Element : xpath: //*[text()='you can also configure the CD by uploading your custom manifest file.']]is displayed on screen Element is present  xpath: //*[text()='you can also configure the CD by uploading your custom manifest file.']] <img src=D:\BuildPiper_Rahul\Reports\08Dec_145550\serviceOverview_Promote_chrome\serviceOverview_Promote_chrome_342_Dec_145654.jpg alt='Lamp' width='500' height='400'> Element : xpath: //*[text()='Env Build Details']]is displayed on screen Element is present  xpath: //*[text()='Env Build Details']] <img src=D:\BuildPiper_Rahul\Reports\08Dec_145550\serviceOverview_Promote_chrome\serviceOverview_Promote_chrome_342_Dec_145654.jpg alt='Lamp' width='500' height='400'> Element : xpath: //*[text()='Env Build Details']]is displayed on screen Clicking on element Poc_QA validateBuildDetails <img src=D:\BuildPiper_Rahul\Reports\08Dec_145550\serviceOverview_Promote_chrome\serviceOverview_Promote_chrome_342_Dec_145654.jpg alt='Lamp' width='500' height='400'> Element : xpath: //*[text()='Configure Build']]is displayed on screen Element is present  xpath: //*[text()='Configure Build']] <img src=D:\BuildPiper_Rahul\Reports\08Dec_145550\serviceOverview_Promote_chrome\serviceOverview_Promote_chrome_342_Dec_145655.jpg alt='Lamp' width='500' height='400'> Element : xpath: //*[text()='Configure Build']]is displayed on screen Clicking on element Poc_QA clickConfigBuild <img src=D:\BuildPiper_Rahul\Reports\08Dec_145550\serviceOverview_Promote_chrome\serviceOverview_Promote_chrome_342_Dec_145655.jpg alt='Lamp' width='500' height='400'> Element : xpath: //div[@class='md-step-circle current']]is displayed on screen Element is present  xpath: //div[@class='md-step-circle current']] <img src=D:\BuildPiper_Rahul\Reports\08Dec_145550\serviceOverview_Promote_chrome\serviceOverview_Promote_chrome_342_Dec_145658.jpg alt='Lamp' width='500' height='400'> Element : xpath: //h4[@class='mainHeading']]is displayed on screen Element is present  xpath: //h4[@class='mainHeading']] <img src=D:\BuildPiper_Rahul\Reports\08Dec_145550\serviceOverview_Promote_chrome\serviceOverview_Promote_chrome_342_Dec_145659.jpg alt='Lamp' width='500' height='400'> Element : xpath: //*[text()='Please Select the Git URL']]is displayed on screen Element is present  xpath: //*[text()='Please Select the Git URL']] <img src=D:\BuildPiper_Rahul\Reports\08Dec_145550\serviceOverview_Promote_chrome\serviceOverview_Promote_chrome_342_Dec_145659.jpg alt='Lamp' width='500' height='400'> Element : xpath: //div[@class='MuiInputBase-root MuiOutlinedInput-root MuiAutocomplete-inputRoot MuiInputBase-fullWidth MuiInputBase-formControl MuiInputBase-adornedEnd MuiOutlinedInput-adornedEnd']]is displayed on screen Element is present  xpath: //div[@class='MuiInputBase-root MuiOutlinedInput-root MuiAutocomplete-inputRoot MuiInputBase-fullWidth MuiInputBase-formControl MuiInputBase-adornedEnd MuiOutlinedInput-adornedEnd']] <img src=D:\BuildPiper_Rahul\Reports\08Dec_145550\serviceOverview_Promote_chrome\serviceOverview_Promote_chrome_342_Dec_145659.jpg alt='Lamp' width='500' height='400'> Element : xpath: //input[@name='git_url']]is displayed on screen Clicking on element Poc_QA gitUrlInputField <img src=D:\BuildPiper_Rahul\Reports\08Dec_145550\serviceOverview_Promote_chrome\serviceOverview_Promote_chrome_342_Dec_145659.jpg alt='Lamp' width='500' height='400'> Element : xpath: //button[@title='Clear']]is displayed on screen Clicking on element ClicksclearField <img src=D:\BuildPiper_Rahul\Reports\08Dec_145550\serviceOverview_Promote_chrome\serviceOverview_Promote_chrome_342_Dec_145705.jpg alt='Lamp' width='500' height='400'> Element : xpath: //input[@name='git_url']]is displayed on screen Element : xpath: //*[text()='Load Branches']]is displayed on screen Element is present  xpath: //*[text()='Load Branches']] <img src=D:\BuildPiper_Rahul\Reports\08Dec_145550\serviceOverview_Promote_chrome\serviceOverview_Promote_chrome_342_Dec_145714.jpg alt='Lamp' width='500' height='400'> Element : xpath: //*[text()='Load Branches']]is displayed on screen Clicking on element Poc_QA loadBranchesBtn <img src=D:\BuildPiper_Rahul\Reports\08Dec_145550\serviceOverview_Promote_chrome\serviceOverview_Promote_chrome_342_Dec_145715.jpg alt='Lamp' width='500' height='400'> Element : xpath: //input[@name='file_paths']]is displayed on screen Element : xpath: //input[@name='file_paths_build_context']]is displayed on screen Element : xpath: //*[text()='Advance Configurations']]is displayed on screen Element is present  xpath: //*[text()='Advance Configurations']] <img src=D:\BuildPiper_Rahul\Reports\08Dec_145550\serviceOverview_Promote_chrome\serviceOverview_Promote_chrome_342_Dec_145728.jpg alt='Lamp' width='500' height='400'> Element : xpath: //button[text()='Continue']]is displayed on screen Clicking on element Poc_QA clickContinueBtn <img src=D:\BuildPiper_Rahul\Reports\08Dec_145550\serviceOverview_Promote_chrome\serviceOverview_Promote_chrome_342_Dec_145729.jpg alt='Lamp' width='500' height='400'> Element : xpath: //h4[@class='mainHeading']]is displayed on screen Element is present  xpath: //h4[@class='mainHeading']] <img src=D:\BuildPiper_Rahul\Reports\08Dec_145550\serviceOverview_Promote_chrome\serviceOverview_Promote_chrome_342_Dec_145734.jpg alt='Lamp' width='500' height='400'> Element : xpath: //*[text()='Build Env Details']]is displayed on screen Element is present  xpath: //*[text()='Build Env Details']] <img src=D:\BuildPiper_Rahul\Reports\08Dec_145550\serviceOverview_Promote_chrome\serviceOverview_Promote_chrome_342_Dec_145734.jpg alt='Lamp' width='500' height='400'> Element : xpath: //span[@class='switch-label'][@data-on]]is displayed on screen Clicking on element Poc_QA envDetailsSwitch <img src=D:\BuildPiper_Rahul\Reports\08Dec_145550\serviceOverview_Promote_chrome\serviceOverview_Promote_chrome_342_Dec_145734.jpg alt='Lamp' width='500' height='400'> Element : xpath: //input[@name='key']]is displayed on screen Setting value on element Poc_QA envName <img src=D:\BuildPiper_Rahul\Reports\08Dec_145550\serviceOverview_Promote_chrome\serviceOverview_Promote_chrome_342_Dec_145735.jpg alt='Lamp' width='500' height='400'> Element : xpath: //input[@name='value']]is displayed on screen Setting value on element Poc_QA envValue <img src=D:\BuildPiper_Rahul\Reports\08Dec_145550\serviceOverview_Promote_chrome\serviceOverview_Promote_chrome_342_Dec_145735.jpg alt='Lamp' width='500' height='400'> Element : xpath: //button[text()='Continue']]is displayed on screen Clicking on element Poc_QA clickContinueBtn <img src=D:\BuildPiper_Rahul\Reports\08Dec_145550\serviceOverview_Promote_chrome\serviceOverview_Promote_chrome_342_Dec_145735.jpg alt='Lamp' width='500' height='400'> Element : xpath: //input[@name='pre_hook_enabled']/../span[@class='switch-handle']]is displayed on screen Clicking on element Poc_QA preHooksSwitch <img src=D:\BuildPiper_Rahul\Reports\08Dec_145550\serviceOverview_Promote_chrome\serviceOverview_Promote_chrome_342_Dec_145736.jpg alt='Lamp' width='500' height='400'> Element : xpath: //p[contains(.,'Add Pre Hook')]/../../..//input[@placeholder='Run Command' and string-length(@value)=0]]is displayed on screen Setting value on element Poc_QA preHooksPasswordBox1 <img src=D:\BuildPiper_Rahul\Reports\08Dec_145550\serviceOverview_Promote_chrome\serviceOverview_Promote_chrome_342_Dec_145736.jpg alt='Lamp' width='500' height='400'> Element : xpath: //button[@class='nowrap']]is displayed on screen Clicking on element clicks on add New Hook <img src=D:\BuildPiper_Rahul\Reports\08Dec_145550\serviceOverview_Promote_chrome\serviceOverview_Promote_chrome_342_Dec_145736.jpg alt='Lamp' width='500' height='400'> Element : xpath: //p[contains(.,'Add Pre Hook')]/../../..//input[@placeholder='Run Command' and string-length(@value)=0]]is displayed on screen Setting value on element Poc_QA preHooksPasswordBox2 <img src=D:\BuildPiper_Rahul\Reports\08Dec_145550\serviceOverview_Promote_chrome\serviceOverview_Promote_chrome_342_Dec_145736.jpg alt='Lamp' width='500' height='400'> Element : xpath: //input[@name='post_hook_enabled']/../span[@class='switch-handle']]is displayed on screen Clicking on element Poc_QA postHooksSwitch <img src=D:\BuildPiper_Rahul\Reports\08Dec_145550\serviceOverview_Promote_chrome\serviceOverview_Promote_chrome_342_Dec_145737.jpg alt='Lamp' width='500' height='400'> Element : xpath: //p[contains(.,'Add Post Hook')]/../../..//input[@placeholder='Run Command' and string-length(@value)=0]]is displayed on screen Setting value on element Poc_QA postHooksPasswordBox1 <img src=D:\BuildPiper_Rahul\Reports\08Dec_145550\serviceOverview_Promote_chrome\serviceOverview_Promote_chrome_342_Dec_145737.jpg alt='Lamp' width='500' height='400'> Element : xpath: (//button[@class='nowrap'])[2]]is displayed on screen Clicking on element clicks on add New Post Hook <img src=D:\BuildPiper_Rahul\Reports\08Dec_145550\serviceOverview_Promote_chrome\serviceOverview_Promote_chrome_342_Dec_145737.jpg alt='Lamp' width='500' height='400'> Element : xpath: //p[contains(.,'Add Post Hook')]/../../..//input[@placeholder='Run Command' and string-length(@value)=0]]is displayed on screen Setting value on element Poc_QA postHooksPasswordBox2 <img src=D:\BuildPiper_Rahul\Reports\08Dec_145550\serviceOverview_Promote_chrome\serviceOverview_Promote_chrome_342_Dec_145737.jpg alt='Lamp' width='500' height='400'> Element : xpath: //button[@class='btn btn-submit']]is displayed on screen Clicking on element Poc_QA submitHooks <img src=D:\BuildPiper_Rahul\Reports\08Dec_145550\serviceOverview_Promote_chrome\serviceOverview_Promote_chrome_342_Dec_145738.jpg alt='Lamp' width='500' height='400'> Element : xpath: /html/body/div[1]/div/main/div[1]/div/div[1]/div/div/div[2]/div[2]/span[2]]is displayed on screen Element is present  xpath: /html/body/div[1]/div/main/div[1]/div/div[1]/div/div/div[2]/div[2]/span[2]] <img src=D:\BuildPiper_Rahul\Reports\08Dec_145550\serviceOverview_Promote_chrome\serviceOverview_Promote_chrome_342_Dec_145739.jpg alt='Lamp' width='500' height='400'> Element : xpath: //*[text()='Job Template: ']]is displayed on screen Element is present  xpath: //*[text()='Job Template: ']] <img src=D:\BuildPiper_Rahul\Reports\08Dec_145550\serviceOverview_Promote_chrome\serviceOverview_Promote_chrome_342_Dec_145740.jpg alt='Lamp' width='500' height='400'> Element : xpath: //*[text()='Env Deploy Details']]is displayed on screen Element is present  xpath: //*[text()='Env Deploy Details']] <img src=D:\BuildPiper_Rahul\Reports\08Dec_145550\serviceOverview_Promote_chrome\serviceOverview_Promote_chrome_342_Dec_145740.jpg alt='Lamp' width='500' height='400'> Element : xpath: //*[text()='Env Deploy Details']]is displayed on screen Clicking on element Poc_QA validateDeployDetails <img src=D:\BuildPiper_Rahul\Reports\08Dec_145550\serviceOverview_Promote_chrome\serviceOverview_Promote_chrome_342_Dec_145741.jpg alt='Lamp' width='500' height='400'> Element : xpath: //button[@class='btn btn-submit']]is displayed on screen Element is present  xpath: //button[@class='btn btn-submit']] <img src=D:\BuildPiper_Rahul\Reports\08Dec_145550\serviceOverview_Promote_chrome\serviceOverview_Promote_chrome_342_Dec_145741.jpg alt='Lamp' width='500' height='400'> Element : xpath: //button[@class='btn btn-submit']]is displayed on screen Clicking on element clicks on buildPiperUI button <img src=D:\BuildPiper_Rahul\Reports\08Dec_145550\serviceOverview_Promote_chrome\serviceOverview_Promote_chrome_342_Dec_145741.jpg alt='Lamp' width='500' height='400'> Element : xpath: //button//span[text()=' Add Access Level']]is displayed on screen Clicking on element Add Access Level <img src=D:\BuildPiper_Rahul\Reports\08Dec_145550\serviceOverview_Promote_chrome\serviceOverview_Promote_chrome_342_Dec_145742.jpg alt='Lamp' width='500' height='400'> Clicking on element Poc_QA privateAccess <img src=D:\BuildPiper_Rahul\Reports\08Dec_145550\serviceOverview_Promote_chrome\serviceOverview_Promote_chrome_342_Dec_145815.jpg alt='Lamp' width='500' height='400'> Element : xpath: //input[@placeholder='name'][@name='name']]is displayed on screen Element : xpath: //input[@placeholder='4001'][@name='port']]is displayed on screen Element : xpath: //input[@placeholder='4001'][@name='target_port']]is displayed on screen Element : xpath: //button[@class='btn btn-v2-primary btn-sm']]is displayed on screen Clicking on element clicks add button <img src=D:\BuildPiper_Rahul\Reports\08Dec_145550\serviceOverview_Promote_chrome\serviceOverview_Promote_chrome_342_Dec_145816.jpg alt='Lamp' width='500' height='400'> Element : xpath: //button[@class='btn btn-submit']]is displayed on screen Clicking on element clicks continue button <img src=D:\BuildPiper_Rahul\Reports\08Dec_145550\serviceOverview_Promote_chrome\serviceOverview_Promote_chrome_342_Dec_145816.jpg alt='Lamp' width='500' height='400'> Element : xpath: //button[@class='btn btn-submit']]is displayed on screen Clicking on element clicks continue button <img src=D:\BuildPiper_Rahul\Reports\08Dec_145550\serviceOverview_Promote_chrome\serviceOverview_Promote_chrome_342_Dec_145818.jpg alt='Lamp' width='500' height='400'> Element : xpath: //button[@class='btn btn-submit']]is displayed on screen Clicking on element clicks continue button <img src=D:\BuildPiper_Rahul\Reports\08Dec_145550\serviceOverview_Promote_chrome\serviceOverview_Promote_chrome_342_Dec_145821.jpg alt='Lamp' width='500' height='400'> Element : xpath: //button[@class='btn btn-submit']]is displayed on screen Clicking on element clicks continue button <img src=D:\BuildPiper_Rahul\Reports\08Dec_145550\serviceOverview_Promote_chrome\serviceOverview_Promote_chrome_342_Dec_145823.jpg alt='Lamp' width='500' height='400'> Element : xpath: //button[@class='btn btn-submit']]is displayed on screen Clicking on element clicks continue button <img src=D:\BuildPiper_Rahul\Reports\08Dec_145550\serviceOverview_Promote_chrome\serviceOverview_Promote_chrome_342_Dec_145825.jpg alt='Lamp' width='500' height='400'> Element : xpath: //button[@class='btn btn-submit']]is displayed on screen Clicking on element clicks continue button <img src=D:\BuildPiper_Rahul\Reports\08Dec_145550\serviceOverview_Promote_chrome\serviceOverview_Promote_chrome_342_Dec_145827.jpg alt='Lamp' width='500' height='400'> Element : xpath: //button[@class='btn btn-submit']]is displayed on screen Clicking on element clicks continue button <img src=D:\BuildPiper_Rahul\Reports\08Dec_145550\serviceOverview_Promote_chrome\serviceOverview_Promote_chrome_342_Dec_145830.jpg alt='Lamp' width='500' height='400'> Element : xpath: //button[@class='btn btn-submit']]is displayed on screen Clicking on element clicks continue button <img src=D:\BuildPiper_Rahul\Reports\08Dec_145550\serviceOverview_Promote_chrome\serviceOverview_Promote_chrome_342_Dec_145832.jpg alt='Lamp' width='500' height='400'> Element : xpath: //button[@class='btn btn-submit']]is displayed on screen Clicking on element clicks continue button <img src=D:\BuildPiper_Rahul\Reports\08Dec_145550\serviceOverview_Promote_chrome\serviceOverview_Promote_chrome_342_Dec_145834.jpg alt='Lamp' width='500' height='400'> Element : xpath: //*[text()='Env Deploy Details']]is displayed on screen Clicking on element Clicks on Deploy Details tag <img src=D:\BuildPiper_Rahul\Reports\08Dec_145550\serviceOverview_Promote_chrome\serviceOverview_Promote_chrome_342_Dec_145836.jpg alt='Lamp' width='500' height='400'> Element : xpath: //a[text()='Add Environment']]is displayed on screen Clicking on element adds new environment to running service <img src=D:\BuildPiper_Rahul\Reports\08Dec_145550\serviceOverview_Promote_chrome\serviceOverview_Promote_chrome_342_Dec_145837.jpg alt='Lamp' width='500' height='400'> Element : xpath: //h1[@class='h1' and contains(.,'Create a Environment')]]is displayed on screen Element is present  xpath: //h1[@class='h1' and contains(.,'Create a Environment')]] <img src=D:\BuildPiper_Rahul\Reports\08Dec_145550\serviceOverview_Promote_chrome\serviceOverview_Promote_chrome_342_Dec_145837.jpg alt='Lamp' width='500' height='400'> Element : xpath: //div[@class='staticwrap-inner']]is displayed on screen Element is present  xpath: //div[@class='staticwrap-inner']] <img src=D:\BuildPiper_Rahul\Reports\08Dec_145550\serviceOverview_Promote_chrome\serviceOverview_Promote_chrome_342_Dec_145837.jpg alt='Lamp' width='500' height='400'> Element : xpath: //select[@name='env_id']]is displayed on screen Element is present  xpath: //select[@name='env_id']] <img src=D:\BuildPiper_Rahul\Reports\08Dec_145550\serviceOverview_Promote_chrome\serviceOverview_Promote_chrome_342_Dec_145840.jpg alt='Lamp' width='500' height='400'> Element : xpath: //select[@name='project_job_template_id']]is displayed on screen Element is present  xpath: //select[@name='project_job_template_id']] <img src=D:\BuildPiper_Rahul\Reports\08Dec_145550\serviceOverview_Promote_chrome\serviceOverview_Promote_chrome_342_Dec_145843.jpg alt='Lamp' width='500' height='400'> Element : xpath: //button[@class='btn btn-submit']]is displayed on screen Element is present  xpath: //button[@class='btn btn-submit']] <img src=D:\BuildPiper_Rahul\Reports\08Dec_145550\serviceOverview_Promote_chrome\serviceOverview_Promote_chrome_342_Dec_145843.jpg alt='Lamp' width='500' height='400'> Element : xpath: //button[@class='btn btn-submit']]is displayed on screen Clicking on element Poc_QA SubmitEnvPage <img src=D:\BuildPiper_Rahul\Reports\08Dec_145550\serviceOverview_Promote_chrome\serviceOverview_Promote_chrome_342_Dec_145843.jpg alt='Lamp' width='500' height='400'> Element : xpath: //span[@class='badge badge-dev']]is displayed on screen Element is present  xpath: //span[@class='badge badge-dev']] <img src=D:\BuildPiper_Rahul\Reports\08Dec_145550\serviceOverview_Promote_chrome\serviceOverview_Promote_chrome_342_Dec_145846.jpg alt='Lamp' width='500' height='400'> Element : xpath: //*[text()='Configure Build']]is displayed on screen Element is present  xpath: //*[text()='Configure Build']] <img src=D:\BuildPiper_Rahul\Reports\08Dec_145550\serviceOverview_Promote_chrome\serviceOverview_Promote_chrome_342_Dec_145847.jpg alt='Lamp' width='500' height='400'> Element : xpath: //*[text()='Configure Build']]is displayed on screen Element is present  xpath: //*[text()='Configure Build']] <img src=D:\BuildPiper_Rahul\Reports\08Dec_145550\serviceOverview_Promote_chrome\serviceOverview_Promote_chrome_342_Dec_145850.jpg alt='Lamp' width='500' height='400'> Element : xpath: //*[text()='Configure Build']]is displayed on screen Clicking on element Poc_QA clickConfigBuild <img src=D:\BuildPiper_Rahul\Reports\08Dec_145550\serviceOverview_Promote_chrome\serviceOverview_Promote_chrome_342_Dec_145850.jpg alt='Lamp' width='500' height='400'> Element : xpath: //div[@class='input-component']//label]is displayed on screen Element is present  xpath: //div[@class='input-component']//label] <img src=D:\BuildPiper_Rahul\Reports\08Dec_145550\serviceOverview_Promote_chrome\serviceOverview_Promote_chrome_342_Dec_145853.jpg alt='Lamp' width='500' height='400'> Element : xpath: //button[@class='btn btn-primary' and text()=' Next ']]is displayed on screen Clicking on element user clicks next button <img src=D:\BuildPiper_Rahul\Reports\08Dec_145550\serviceOverview_Promote_chrome\serviceOverview_Promote_chrome_342_Dec_145858.jpg alt='Lamp' width='500' height='400'> Element : xpath: //*[text()='Load Branches']]is displayed on screen Element is present  xpath: //*[text()='Load Branches']] <img src=D:\BuildPiper_Rahul\Reports\08Dec_145550\serviceOverview_Promote_chrome\serviceOverview_Promote_chrome_342_Dec_145902.jpg alt='Lamp' width='500' height='400'> Element : xpath: //*[text()='Load Branches']]is displayed on screen Clicking on element Poc_QA loadBranchesBtn <img src=D:\BuildPiper_Rahul\Reports\08Dec_145550\serviceOverview_Promote_chrome\serviceOverview_Promote_chrome_342_Dec_145902.jpg alt='Lamp' width='500' height='400'> Element : xpath: //button[text()='Continue' or text()='Submit']]is displayed on screen Clicking on element Poc_QA clickContinueBtn <img src=D:\BuildPiper_Rahul\Reports\08Dec_145550\serviceOverview_Promote_chrome\serviceOverview_Promote_chrome_342_Dec_145912.jpg alt='Lamp' width='500' height='400'> Element : xpath: //button[text()='Continue' or text()='Submit']]is displayed on screen Clicking on element Poc_QA clickContinueBtn <img src=D:\BuildPiper_Rahul\Reports\08Dec_145550\serviceOverview_Promote_chrome\serviceOverview_Promote_chrome_342_Dec_145917.jpg alt='Lamp' width='500' height='400'> Element : xpath: //button[text()='Continue' or text()='Submit']]is displayed on screen Clicking on element Poc_QA clickContinueBtn <img src=D:\BuildPiper_Rahul\Reports\08Dec_145550\serviceOverview_Promote_chrome\serviceOverview_Promote_chrome_342_Dec_145920.jpg alt='Lamp' width='500' height='400'> Element : xpath: //*[text()='Env Deploy Details']]is displayed on screen Element is present  xpath: //*[text()='Env Deploy Details']] <img src=D:\BuildPiper_Rahul\Reports\08Dec_145550\serviceOverview_Promote_chrome\serviceOverview_Promote_chrome_342_Dec_145922.jpg alt='Lamp' width='500' height='400'> Element : xpath: //*[text()='Env Deploy Details']]is displayed on screen Clicking on element Poc_QA validateDeployDetails <img src=D:\BuildPiper_Rahul\Reports\08Dec_145550\serviceOverview_Promote_chrome\serviceOverview_Promote_chrome_342_Dec_145922.jpg alt='Lamp' width='500' height='400'> Element : xpath: //button[@class='btn btn-submit']]is displayed on screen Element is present  xpath: //button[@class='btn btn-submit']] <img src=D:\BuildPiper_Rahul\Reports\08Dec_145550\serviceOverview_Promote_chrome\serviceOverview_Promote_chrome_342_Dec_145922.jpg alt='Lamp' width='500' height='400'> Element : xpath: //button[@class='btn btn-submit']]is displayed on screen Clicking on element clicks on buildPiperUI button <img src=D:\BuildPiper_Rahul\Reports\08Dec_145550\serviceOverview_Promote_chrome\serviceOverview_Promote_chrome_342_Dec_145923.jpg alt='Lamp' width='500' height='400'> Element : xpath: //label//..//..//..//select]is displayed on screen Element is present  xpath: //label//..//..//..//select] <img src=D:\BuildPiper_Rahul\Reports\08Dec_145550\serviceOverview_Promote_chrome\serviceOverview_Promote_chrome_342_Dec_145926.jpg alt='Lamp' width='500' height='400'> Element : xpath: //button[@class='btn btn-primary' and text()=' Next ']]is displayed on screen Clicking on element user clicks next button <img src=D:\BuildPiper_Rahul\Reports\08Dec_145550\serviceOverview_Promote_chrome\serviceOverview_Promote_chrome_342_Dec_145926.jpg alt='Lamp' width='500' height='400'> Element : xpath: //button//span[text()=' Add Access Level']]is displayed on screen Clicking on element Add Access Level <img src=D:\BuildPiper_Rahul\Reports\08Dec_145550\serviceOverview_Promote_chrome\serviceOverview_Promote_chrome_342_Dec_145928.jpg alt='Lamp' width='500' height='400'> Clicking on element Poc_QA privateAccess <img src=D:\BuildPiper_Rahul\Reports\08Dec_145550\serviceOverview_Promote_chrome\serviceOverview_Promote_chrome_342_Dec_150000.jpg alt='Lamp' width='500' height='400'> Element : xpath: //input[@placeholder='name'][@name='name']]is displayed on screen Element : xpath: //input[@placeholder='4001'][@name='port']]is displayed on screen Element : xpath: //input[@placeholder='4001'][@name='target_port']]is displayed on screen Element : xpath: //button[@class='btn btn-v2-primary btn-sm']]is displayed on screen Clicking on element clicks add button <img src=D:\BuildPiper_Rahul\Reports\08Dec_145550\serviceOverview_Promote_chrome\serviceOverview_Promote_chrome_342_Dec_150001.jpg alt='Lamp' width='500' height='400'> Element : xpath: //button[@class='btn btn-submit']]is displayed on screen Clicking on element clicks continue button <img src=D:\BuildPiper_Rahul\Reports\08Dec_145550\serviceOverview_Promote_chrome\serviceOverview_Promote_chrome_342_Dec_150001.jpg alt='Lamp' width='500' height='400'> Element : xpath: //button[@class='btn btn-submit']]is displayed on screen Clicking on element clicks continue button <img src=D:\BuildPiper_Rahul\Reports\08Dec_145550\serviceOverview_Promote_chrome\serviceOverview_Promote_chrome_342_Dec_150004.jpg alt='Lamp' width='500' height='400'> Element : xpath: //button[@class='btn btn-submit']]is displayed on screen Clicking on element clicks continue button <img src=D:\BuildPiper_Rahul\Reports\08Dec_145550\serviceOverview_Promote_chrome\serviceOverview_Promote_chrome_342_Dec_150006.jpg alt='Lamp' width='500' height='400'> Element : xpath: //button[@class='btn btn-submit']]is displayed on screen Clicking on element clicks continue button <img src=D:\BuildPiper_Rahul\Reports\08Dec_145550\serviceOverview_Promote_chrome\serviceOverview_Promote_chrome_342_Dec_150008.jpg alt='Lamp' width='500' height='400'> Element : xpath: //button[@class='btn btn-submit']]is displayed on screen Clicking on element clicks continue button <img src=D:\BuildPiper_Rahul\Reports\08Dec_145550\serviceOverview_Promote_chrome\serviceOverview_Promote_chrome_342_Dec_150010.jpg alt='Lamp' width='500' height='400'> Element : xpath: //button[@class='btn btn-submit']]is displayed on screen Clicking on element clicks continue button <img src=D:\BuildPiper_Rahul\Reports\08Dec_145550\serviceOverview_Promote_chrome\serviceOverview_Promote_chrome_342_Dec_150013.jpg alt='Lamp' width='500' height='400'> Element : xpath: //button[@class='btn btn-submit']]is displayed on screen Clicking on element clicks continue button <img src=D:\BuildPiper_Rahul\Reports\08Dec_145550\serviceOverview_Promote_chrome\serviceOverview_Promote_chrome_342_Dec_150015.jpg alt='Lamp' width='500' height='400'> Element : xpath: //button[@class='btn btn-submit']]is displayed on screen Clicking on element clicks continue button <img src=D:\BuildPiper_Rahul\Reports\08Dec_145550\serviceOverview_Promote_chrome\serviceOverview_Promote_chrome_342_Dec_150017.jpg alt='Lamp' width='500' height='400'> Element : xpath: //button[@class='btn btn-submit']]is displayed on screen Clicking on element clicks continue button <img src=D:\BuildPiper_Rahul\Reports\08Dec_145550\serviceOverview_Promote_chrome\serviceOverview_Promote_chrome_342_Dec_150019.jpg alt='Lamp' width='500' height='400'> Element : xpath: //li//button[contains(@class,'main-nav-1')]//span[1][@title]]is displayed on screen Element is present  xpath: //li//button[contains(@class,'main-nav-1')]//span[1][@title]] <img src=D:\BuildPiper_Rahul\Reports\08Dec_145550\serviceOverview_Promote_chrome\serviceOverview_Promote_chrome_342_Dec_150022.jpg alt='Lamp' width='500' height='400'> Element : xpath: //button//span[2][@class='flaticon-expand-arrow']/../..//div//span[@title='Service Overview']]is displayed on screen Element is present  xpath: //button//span[2][@class='flaticon-expand-arrow']/../..//div//span[@title='Service Overview']] <img src=D:\BuildPiper_Rahul\Reports\08Dec_145550\serviceOverview_Promote_chrome\serviceOverview_Promote_chrome_342_Dec_150022.jpg alt='Lamp' width='500' height='400'> Element : xpath: //button//span[2][@class='flaticon-expand-arrow']/../..//div//span[@title='Service Overview']]is displayed on screen Clicking on element Poc_QA serviceOverviewLink <img src=D:\BuildPiper_Rahul\Reports\08Dec_145550\serviceOverview_Promote_chrome\serviceOverview_Promote_chrome_342_Dec_150022.jpg alt='Lamp' width='500' height='400'> Element : xpath: //input[@placeholder='Name']]is displayed on screen Element is present  xpath: //input[@placeholder='Name']] <img src=D:\BuildPiper_Rahul\Reports\08Dec_145550\serviceOverview_Promote_chrome\serviceOverview_Promote_chrome_342_Dec_150025.jpg alt='Lamp' width='500' height='400'> Element : xpath: //input[@placeholder='Name']]is displayed on screen Clicking on element clicks on environment overview tab under applicartion name <img src=D:\BuildPiper_Rahul\Reports\08Dec_145550\serviceOverview_Promote_chrome\serviceOverview_Promote_chrome_342_Dec_150026.jpg alt='Lamp' width='500' height='400'> Element : xpath: //input[@placeholder='Name']]is displayed on screen checking if driver exist <img src=D:\BuildPiper_Rahul\Reports\08Dec_145550\serviceOverview_Promote_chrome\serviceOverview_Promote_chrome_342_Dec_150031.jpg alt='Lamp' width='500' height='400'> Element : xpath: //button[@title='Build']]is displayed on screen  Element [[ChromeDriver: chrome on WINDOWS (79fb323bcda1ea1a48d56fd53515bd2e)] -> xpath: //button[@title='Build']] is not clickable using selenium click <img src=D:\BuildPiper_Rahul\Reports\08Dec_145550\serviceOverview_Promote_chrome\serviceOverview_Promote_chrome_342_Dec_150033.jpg alt='Lamp' width='500' height='400'> Clicking on element buildButton <img src=D:\BuildPiper_Rahul\Reports\08Dec_145550\serviceOverview_Promote_chrome\serviceOverview_Promote_chrome_342_Dec_150033.jpg alt='Lamp' width='500' height='400'> Element : xpath: //button[@title='Build']]is displayed on screen  Element [[ChromeDriver: chrome on WINDOWS (79fb323bcda1ea1a48d56fd53515bd2e)] -> xpath: //button[@title='Build']] is not clickable using selenium click <img src=D:\BuildPiper_Rahul\Reports\08Dec_145550\serviceOverview_Promote_chrome\serviceOverview_Promote_chrome_342_Dec_150035.jpg alt='Lamp' width='500' height='400'> Clicking on element buildButton <img src=D:\BuildPiper_Rahul\Reports\08Dec_145550\serviceOverview_Promote_chrome\serviceOverview_Promote_chrome_342_Dec_150035.jpg alt='Lamp' width='500' height='400'> checking if driver exist <img src=D:\BuildPiper_Rahul\Reports\08Dec_145550\serviceOverview_Promote_chrome\serviceOverview_Promote_chrome_342_Dec_150037.jpg alt='Lamp' width='500' height='400'> Element : xpath: //button[@title='Build']]is displayed on screen Clicking on element buildButton <img src=D:\BuildPiper_Rahul\Reports\08Dec_145550\serviceOverview_Promote_chrome\serviceOverview_Promote_chrome_342_Dec_150037.jpg alt='Lamp' width='500' height='400'> checking if driver exist <img src=D:\BuildPiper_Rahul\Reports\08Dec_145550\serviceOverview_Promote_chrome\serviceOverview_Promote_chrome_342_Dec_150045.jpg alt='Lamp' width='500' height='400'> Element : xpath: //span[contains(text(),'Please note You are building image in Env.')]/following-sibling::span[1]]is displayed on screen Element is present  xpath: //span[contains(text(),'Please note You are building image in Env.')]/following-sibling::span[1]] <img src=D:\BuildPiper_Rahul\Reports\08Dec_145550\serviceOverview_Promote_chrome\serviceOverview_Promote_chrome_342_Dec_150049.jpg alt='Lamp' width='500' height='400'> checking if driver exist <img src=D:\BuildPiper_Rahul\Reports\08Dec_145550\serviceOverview_Promote_chrome\serviceOverview_Promote_chrome_342_Dec_150053.jpg alt='Lamp' width='500' height='400'> Element : xpath: //button[text()='Trigger Build']]is displayed on screen Clicking on element triggerBuild <img src=D:\BuildPiper_Rahul\Reports\08Dec_145550\serviceOverview_Promote_chrome\serviceOverview_Promote_chrome_342_Dec_150053.jpg alt='Lamp' width='500' height='400'> checking if driver exist <img src=D:\BuildPiper_Rahul\Reports\08Dec_145550\serviceOverview_Promote_chrome\serviceOverview_Promote_chrome_342_Dec_150101.jpg alt='Lamp' width='500' height='400'> Element : xpath: //div[contains(@class,'popup-card mb')]//button[@class='btn-round border-navy bg-clear-btn']]is displayed on screen Clicking on element refresh BuildandDeploy button <img src=D:\BuildPiper_Rahul\Reports\08Dec_145550\serviceOverview_Promote_chrome\serviceOverview_Promote_chrome_342_Dec_150101.jpg alt='Lamp' width='500' height='400'> checking if driver exist <img src=D:\BuildPiper_Rahul\Reports\08Dec_145550\serviceOverview_Promote_chrome\serviceOverview_Promote_chrome_342_Dec_150135.jpg alt='Lamp' width='500' height='400'> Element : xpath: //div[contains(@class,'popup-card')]//span[text()='Build #']]is displayed on screen Clicking on element buildRecent <img src=D:\BuildPiper_Rahul\Reports\08Dec_145550\serviceOverview_Promote_chrome\serviceOverview_Promote_chrome_342_Dec_150135.jpg alt='Lamp' width='500' height='400'> checking if driver exist <img src=D:\BuildPiper_Rahul\Reports\08Dec_145550\serviceOverview_Promote_chrome\serviceOverview_Promote_chrome_342_Dec_150145.jpg alt='Lamp' width='500' height='400'> Element : xpath: //div[contains(@class,'popup-card mb')]//button[@class='btn-round border-navy bg-clear-btn']]is displayed on screen Clicking on element refresh BuildandDeploy button <img src=D:\BuildPiper_Rahul\Reports\08Dec_145550\serviceOverview_Promote_chrome\serviceOverview_Promote_chrome_342_Dec_150146.jpg alt='Lamp' width='500' height='400'> checking if driver exist <img src=D:\BuildPiper_Rahul\Reports\08Dec_145550\serviceOverview_Promote_chrome\serviceOverview_Promote_chrome_342_Dec_150226.jpg alt='Lamp' width='500' height='400'> Element : xpath: //div[contains(@class,'popup-card')]//td//div[contains(@class,'round-chip')]]is displayed on screen Element is present  xpath: //div[contains(@class,'popup-card')]//td//div[contains(@class,'round-chip')]] <img src=D:\BuildPiper_Rahul\Reports\08Dec_145550\serviceOverview_Promote_chrome\serviceOverview_Promote_chrome_342_Dec_150226.jpg alt='Lamp' width='500' height='400'> Result upload to testlink is disabled, Please ensure you have 'UpdateTestLink=Yes' in project.properties  ####### End of Test Case: serviceOverview_Promote #######  </system-out>
</testsuite> <!-- com.buildpiper.testcases.ServiceCreationComprehensiveTestCases -->
