<?xml version="1.0" encoding="UTF-8"?>
<!-- Generated by org.testng.reporters.JUnitReportReporter -->
<testsuite hostname="DESKTOP-PTF1H2O" failures="0" tests="1" name="com.buildpiper.testcases.LenskartScan" time="69.476" errors="0" timestamp="2023-12-07T20:00:51 IST" skipped="0">
  <testcase classname="com.buildpiper.testcases.LenskartScan" name="JobStatusInsidePipleineforMultipleService" time="69.476"/>
  <system-out>
checking if driver exist <img src=D:\BuildPiper_Rahul\Reports\07Dec_195940\JobStatusInsidePipleineforMultipleService_chrome\JobStatusInsidePipleineforMultipleService_chrome_341_Dec_200000.jpg alt='Lamp' width='500' height='400'> checking if driver exist <img src=D:\BuildPiper_Rahul\Reports\07Dec_195940\JobStatusInsidePipleineforMultipleService_chrome\JobStatusInsidePipleineforMultipleService_chrome_341_Dec_200006.jpg alt='Lamp' width='500' height='400'> Element : xpath: //li//button[contains(@class,'main-nav-1')]//span[@title]]is displayed on screen Element is present  xpath: //li//button[contains(@class,'main-nav-1')]//span[@title]] <img src=D:\BuildPiper_Rahul\Reports\07Dec_195940\JobStatusInsidePipleineforMultipleService_chrome\JobStatusInsidePipleineforMultipleService_chrome_341_Dec_200006.jpg alt='Lamp' width='500' height='400'> Element : xpath: //button//span[2][@class='flaticon-expand-arrow']/../..//li//span[contains(.,'Pipeline Overview')]]is displayed on screen Clicking on element Poc_QA pipelineOverviewLink <img src=D:\BuildPiper_Rahul\Reports\07Dec_195940\JobStatusInsidePipleineforMultipleService_chrome\JobStatusInsidePipleineforMultipleService_chrome_341_Dec_200006.jpg alt='Lamp' width='500' height='400'> Element : xpath: //div[@class='input-component']//input[@name='name' and @placeholder='Name']]is displayed on screen Element is present  xpath: //div[@class='input-component']//input[@name='name' and @placeholder='Name']] <img src=D:\BuildPiper_Rahul\Reports\07Dec_195940\JobStatusInsidePipleineforMultipleService_chrome\JobStatusInsidePipleineforMultipleService_chrome_341_Dec_200012.jpg alt='Lamp' width='500' height='400'> Element : xpath: //div[@class='input-component']//input[@name='name' and @placeholder='Name']]is displayed on screen Element : xpath: //div[@class='service-name']/a]is displayed on screen Clicking on element search Pipeline hyperlink <img src=D:\BuildPiper_Rahul\Reports\07Dec_195940\JobStatusInsidePipleineforMultipleService_chrome\JobStatusInsidePipleineforMultipleService_chrome_341_Dec_200014.jpg alt='Lamp' width='500' height='400'> Element : xpath: //div[@class='flaticon-expand-button']]is displayed on screen Clicking on element Expend Job <img src=D:\BuildPiper_Rahul\Reports\07Dec_195940\JobStatusInsidePipleineforMultipleService_chrome\JobStatusInsidePipleineforMultipleService_chrome_341_Dec_200019.jpg alt='Lamp' width='500' height='400'> Element : xpath: //div[@class='flaticon-expand-button']]is displayed on screen Clicking on element Expend Job <img src=D:\BuildPiper_Rahul\Reports\07Dec_195940\JobStatusInsidePipleineforMultipleService_chrome\JobStatusInsidePipleineforMultipleService_chrome_341_Dec_200022.jpg alt='Lamp' width='500' height='400'> Element : xpath: //div[@class='flaticon-expand-button']]is displayed on screen Clicking on element Expend Job <img src=D:\BuildPiper_Rahul\Reports\07Dec_195940\JobStatusInsidePipleineforMultipleService_chrome\JobStatusInsidePipleineforMultipleService_chrome_341_Dec_200024.jpg alt='Lamp' width='500' height='400'> Element : xpath: //div[@class='flaticon-expand-button']]is displayed on screen Clicking on element Expend Job <img src=D:\BuildPiper_Rahul\Reports\07Dec_195940\JobStatusInsidePipleineforMultipleService_chrome\JobStatusInsidePipleineforMultipleService_chrome_341_Dec_200026.jpg alt='Lamp' width='500' height='400'> Element : xpath: //div[@class='flaticon-expand-button']]is displayed on screen Clicking on element Expend Job <img src=D:\BuildPiper_Rahul\Reports\07Dec_195940\JobStatusInsidePipleineforMultipleService_chrome\JobStatusInsidePipleineforMultipleService_chrome_341_Dec_200029.jpg alt='Lamp' width='500' height='400'> Element : xpath: //div[@class='flaticon-expand-button']]is displayed on screen Clicking on element  <img src=D:\BuildPiper_Rahul\Reports\07Dec_195940\JobStatusInsidePipleineforMultipleService_chrome\JobStatusInsidePipleineforMultipleService_chrome_341_Dec_200032.jpg alt='Lamp' width='500' height='400'> Element : xpath: //div[@class='flaticon-expand-button']]is displayed on screen Clicking on element  <img src=D:\BuildPiper_Rahul\Reports\07Dec_195940\JobStatusInsidePipleineforMultipleService_chrome\JobStatusInsidePipleineforMultipleService_chrome_341_Dec_200036.jpg alt='Lamp' width='500' height='400'> Element : xpath: //div[@class='flaticon-expand-button']]is displayed on screen Clicking on element  <img src=D:\BuildPiper_Rahul\Reports\07Dec_195940\JobStatusInsidePipleineforMultipleService_chrome\JobStatusInsidePipleineforMultipleService_chrome_341_Dec_200039.jpg alt='Lamp' width='500' height='400'> Element : xpath: //div[@class='flaticon-expand-button']]is displayed on screen Clicking on element  <img src=D:\BuildPiper_Rahul\Reports\07Dec_195940\JobStatusInsidePipleineforMultipleService_chrome\JobStatusInsidePipleineforMultipleService_chrome_341_Dec_200042.jpg alt='Lamp' width='500' height='400'> Element : xpath: //div[@class='flaticon-expand-button']]is displayed on screen Clicking on element  <img src=D:\BuildPiper_Rahul\Reports\07Dec_195940\JobStatusInsidePipleineforMultipleService_chrome\JobStatusInsidePipleineforMultipleService_chrome_341_Dec_200046.jpg alt='Lamp' width='500' height='400'> Result upload to testlink is disabled, Please ensure you have 'UpdateTestLink=Yes' in project.properties  ####### End of Test Case: JobStatusInsidePipleineforMultipleService #######  </system-out>
</testsuite> <!-- com.buildpiper.testcases.LenskartScan -->
