<?xml version="1.0" encoding="UTF-8"?>
<!-- Generated by org.testng.reporters.JUnitReportReporter -->
<testsuite hostname="DESKTOP-PTF1H2O" failures="0" tests="4" name="com.buildpiper.testcases.ServiceCreationTestcases" time="947.486" errors="0" timestamp="2023-12-26T14:46:45 IST" skipped="0">
  <testcase classname="com.buildpiper.testcases.ServiceCreationTestcases" name="EditandDeleteServiceEnvironment" time="329.370"/>
  <system-out>
checking if driver exist <img src=D:\BuildPiper_Rahul\Reports\26Dec_135602\EditandDeleteServiceEnvironment_chrome\EditandDeleteServiceEnvironment_chrome_360_Dec_135807.jpg alt='Lamp' width='500' height='400'> checking if driver exist <img src=D:\BuildPiper_Rahul\Reports\26Dec_135602\EditandDeleteServiceEnvironment_chrome\EditandDeleteServiceEnvironment_chrome_360_Dec_135807.jpg alt='Lamp' width='500' height='400'> checking if driver exist <img src=D:\BuildPiper_Rahul\Reports\26Dec_135602\EditandDeleteServiceEnvironment_chrome\EditandDeleteServiceEnvironment_chrome_360_Dec_135807.jpg alt='Lamp' width='500' height='400'> checking if driver exist <img src=D:\BuildPiper_Rahul\Reports\26Dec_135602\EditandDeleteServiceEnvironment_chrome\EditandDeleteServiceEnvironment_chrome_360_Dec_135807.jpg alt='Lamp' width='500' height='400'> Clicking on element userMenuAppBar <img src=D:\BuildPiper_Rahul\Reports\26Dec_135602\EditandDeleteServiceEnvironment_chrome\EditandDeleteServiceEnvironment_chrome_360_Dec_135807.jpg alt='Lamp' width='500' height='400'> Clicking on element switching to user account <img src=D:\BuildPiper_Rahul\Reports\26Dec_135602\EditandDeleteServiceEnvironment_chrome\EditandDeleteServiceEnvironment_chrome_360_Dec_135808.jpg alt='Lamp' width='500' height='400'> Element is present  xpath: //li//button[contains(@class,'main-nav-1')]//span[1][@title]] <img src=D:\BuildPiper_Rahul\Reports\26Dec_135602\EditandDeleteServiceEnvironment_chrome\EditandDeleteServiceEnvironment_chrome_360_Dec_135817.jpg alt='Lamp' width='500' height='400'> Element is present  xpath: //button//span[2][@class='flaticon-expand-arrow']/../..//div//span[@title='Service Overview']/span] <img src=D:\BuildPiper_Rahul\Reports\26Dec_135602\EditandDeleteServiceEnvironment_chrome\EditandDeleteServiceEnvironment_chrome_360_Dec_135820.jpg alt='Lamp' width='500' height='400'> Element is present  xpath: //a[@class='btn btn-submit']] <img src=D:\BuildPiper_Rahul\Reports\26Dec_135602\EditandDeleteServiceEnvironment_chrome\EditandDeleteServiceEnvironment_chrome_360_Dec_135821.jpg alt='Lamp' width='500' height='400'> Clicking on element Poc_QA addServiceBtn <img src=D:\BuildPiper_Rahul\Reports\26Dec_135602\EditandDeleteServiceEnvironment_chrome\EditandDeleteServiceEnvironment_chrome_360_Dec_135821.jpg alt='Lamp' width='500' height='400'> Element is present  xpath: //h1[@class='main-heading']] <img src=D:\BuildPiper_Rahul\Reports\26Dec_135602\EditandDeleteServiceEnvironment_chrome\EditandDeleteServiceEnvironment_chrome_360_Dec_135822.jpg alt='Lamp' width='500' height='400'> Element is present  xpath: //p[(@class='hint-text-main-heading')]] <img src=D:\BuildPiper_Rahul\Reports\26Dec_135602\EditandDeleteServiceEnvironment_chrome\EditandDeleteServiceEnvironment_chrome_360_Dec_135822.jpg alt='Lamp' width='500' height='400'> Setting value on element sets service name <img src=D:\BuildPiper_Rahul\Reports\26Dec_135602\EditandDeleteServiceEnvironment_chrome\EditandDeleteServiceEnvironment_chrome_360_Dec_135822.jpg alt='Lamp' width='500' height='400'> Setting value on element sets external name <img src=D:\BuildPiper_Rahul\Reports\26Dec_135602\EditandDeleteServiceEnvironment_chrome\EditandDeleteServiceEnvironment_chrome_360_Dec_135826.jpg alt='Lamp' width='500' height='400'> Clicking on element Poc_QA selectEveryRadioBtn <img src=D:\BuildPiper_Rahul\Reports\26Dec_135602\EditandDeleteServiceEnvironment_chrome\EditandDeleteServiceEnvironment_chrome_360_Dec_135826.jpg alt='Lamp' width='500' height='400'> Clicking on element Poc_QA SubmitCreatePage <img src=D:\BuildPiper_Rahul\Reports\26Dec_135602\EditandDeleteServiceEnvironment_chrome\EditandDeleteServiceEnvironment_chrome_360_Dec_135826.jpg alt='Lamp' width='500' height='400'> Element is present  xpath: //h1[@class='h1' and contains(.,'Create a Environment')]] <img src=D:\BuildPiper_Rahul\Reports\26Dec_135602\EditandDeleteServiceEnvironment_chrome\EditandDeleteServiceEnvironment_chrome_360_Dec_135827.jpg alt='Lamp' width='500' height='400'> Element is present  xpath: //div[@class='staticwrap-inner']] <img src=D:\BuildPiper_Rahul\Reports\26Dec_135602\EditandDeleteServiceEnvironment_chrome\EditandDeleteServiceEnvironment_chrome_360_Dec_135827.jpg alt='Lamp' width='500' height='400'> Element is present  xpath: //select[@name='env_id']] <img src=D:\BuildPiper_Rahul\Reports\26Dec_135602\EditandDeleteServiceEnvironment_chrome\EditandDeleteServiceEnvironment_chrome_360_Dec_135828.jpg alt='Lamp' width='500' height='400'> Element is present  xpath: //button[@class='btn btn-submit']] <img src=D:\BuildPiper_Rahul\Reports\26Dec_135602\EditandDeleteServiceEnvironment_chrome\EditandDeleteServiceEnvironment_chrome_360_Dec_135903.jpg alt='Lamp' width='500' height='400'> Clicking on element Poc_QA SubmitEnvPage <img src=D:\BuildPiper_Rahul\Reports\26Dec_135602\EditandDeleteServiceEnvironment_chrome\EditandDeleteServiceEnvironment_chrome_360_Dec_135904.jpg alt='Lamp' width='500' height='400'> Element is present  xpath: //div[@class='font-27 font-family-nunito font-weight-300 lh-12 mr-5']] <img src=D:\BuildPiper_Rahul\Reports\26Dec_135602\EditandDeleteServiceEnvironment_chrome\EditandDeleteServiceEnvironment_chrome_360_Dec_135905.jpg alt='Lamp' width='500' height='400'> Element is present  xpath: //span[contains(text(),'Project:')]] <img src=D:\BuildPiper_Rahul\Reports\26Dec_135602\EditandDeleteServiceEnvironment_chrome\EditandDeleteServiceEnvironment_chrome_360_Dec_135905.jpg alt='Lamp' width='500' height='400'> Element is present  xpath: //*[text()='Env Build Details']] <img src=D:\BuildPiper_Rahul\Reports\26Dec_135602\EditandDeleteServiceEnvironment_chrome\EditandDeleteServiceEnvironment_chrome_360_Dec_135905.jpg alt='Lamp' width='500' height='400'> Clicking on element Poc_QA validateBuildDetails <img src=D:\BuildPiper_Rahul\Reports\26Dec_135602\EditandDeleteServiceEnvironment_chrome\EditandDeleteServiceEnvironment_chrome_360_Dec_135906.jpg alt='Lamp' width='500' height='400'> Element is present  xpath: //p[@class='main-text mb-10']] <img src=D:\BuildPiper_Rahul\Reports\26Dec_135602\EditandDeleteServiceEnvironment_chrome\EditandDeleteServiceEnvironment_chrome_360_Dec_135906.jpg alt='Lamp' width='500' height='400'> Element is present  xpath: //span[@class='sub-text mb-10']] <img src=D:\BuildPiper_Rahul\Reports\26Dec_135602\EditandDeleteServiceEnvironment_chrome\EditandDeleteServiceEnvironment_chrome_360_Dec_135906.jpg alt='Lamp' width='500' height='400'> Element is present  xpath: //*[text()='Env Deploy Details']] <img src=D:\BuildPiper_Rahul\Reports\26Dec_135602\EditandDeleteServiceEnvironment_chrome\EditandDeleteServiceEnvironment_chrome_360_Dec_135906.jpg alt='Lamp' width='500' height='400'> Clicking on element Poc_QA validateDeployDetails <img src=D:\BuildPiper_Rahul\Reports\26Dec_135602\EditandDeleteServiceEnvironment_chrome\EditandDeleteServiceEnvironment_chrome_360_Dec_135906.jpg alt='Lamp' width='500' height='400'> Element is present  xpath: //p[@class='main-text mb-10']] <img src=D:\BuildPiper_Rahul\Reports\26Dec_135602\EditandDeleteServiceEnvironment_chrome\EditandDeleteServiceEnvironment_chrome_360_Dec_135907.jpg alt='Lamp' width='500' height='400'> Element is present  xpath: //span[@class='sub-text mb-10']] <img src=D:\BuildPiper_Rahul\Reports\26Dec_135602\EditandDeleteServiceEnvironment_chrome\EditandDeleteServiceEnvironment_chrome_360_Dec_135907.jpg alt='Lamp' width='500' height='400'> Element is present  xpath: //*[text()='To have a very smooth configuration we strongly recommend BuildPiper UI.']] <img src=D:\BuildPiper_Rahul\Reports\26Dec_135602\EditandDeleteServiceEnvironment_chrome\EditandDeleteServiceEnvironment_chrome_360_Dec_135907.jpg alt='Lamp' width='500' height='400'> Element is present  xpath: //*[text()='you can also configure the CD by uploading your custom manifest file.']] <img src=D:\BuildPiper_Rahul\Reports\26Dec_135602\EditandDeleteServiceEnvironment_chrome\EditandDeleteServiceEnvironment_chrome_360_Dec_135907.jpg alt='Lamp' width='500' height='400'> Element is present  xpath: //*[text()='Env Build Details']] <img src=D:\BuildPiper_Rahul\Reports\26Dec_135602\EditandDeleteServiceEnvironment_chrome\EditandDeleteServiceEnvironment_chrome_360_Dec_135908.jpg alt='Lamp' width='500' height='400'> Clicking on element Poc_QA validateBuildDetails <img src=D:\BuildPiper_Rahul\Reports\26Dec_135602\EditandDeleteServiceEnvironment_chrome\EditandDeleteServiceEnvironment_chrome_360_Dec_135908.jpg alt='Lamp' width='500' height='400'> Element is present  xpath: //*[text()='Configure Build']] <img src=D:\BuildPiper_Rahul\Reports\26Dec_135602\EditandDeleteServiceEnvironment_chrome\EditandDeleteServiceEnvironment_chrome_360_Dec_135908.jpg alt='Lamp' width='500' height='400'> Clicking on element Poc_QA clickConfigBuild <img src=D:\BuildPiper_Rahul\Reports\26Dec_135602\EditandDeleteServiceEnvironment_chrome\EditandDeleteServiceEnvironment_chrome_360_Dec_135908.jpg alt='Lamp' width='500' height='400'> Element is present  xpath: //div[@class='md-step-circle current']] <img src=D:\BuildPiper_Rahul\Reports\26Dec_135602\EditandDeleteServiceEnvironment_chrome\EditandDeleteServiceEnvironment_chrome_360_Dec_135912.jpg alt='Lamp' width='500' height='400'> Element is present  xpath: //h4[@class='mainHeading']] <img src=D:\BuildPiper_Rahul\Reports\26Dec_135602\EditandDeleteServiceEnvironment_chrome\EditandDeleteServiceEnvironment_chrome_360_Dec_135912.jpg alt='Lamp' width='500' height='400'> Element is present  xpath: //*[text()='Please Select the Git URL']] <img src=D:\BuildPiper_Rahul\Reports\26Dec_135602\EditandDeleteServiceEnvironment_chrome\EditandDeleteServiceEnvironment_chrome_360_Dec_135912.jpg alt='Lamp' width='500' height='400'> Element is present  xpath: //div[@class='MuiInputBase-root MuiOutlinedInput-root MuiAutocomplete-inputRoot MuiInputBase-fullWidth MuiInputBase-formControl MuiInputBase-adornedEnd MuiOutlinedInput-adornedEnd']] <img src=D:\BuildPiper_Rahul\Reports\26Dec_135602\EditandDeleteServiceEnvironment_chrome\EditandDeleteServiceEnvironment_chrome_360_Dec_135912.jpg alt='Lamp' width='500' height='400'> Clicking on element Poc_QA gitUrlInputField <img src=D:\BuildPiper_Rahul\Reports\26Dec_135602\EditandDeleteServiceEnvironment_chrome\EditandDeleteServiceEnvironment_chrome_360_Dec_135913.jpg alt='Lamp' width='500' height='400'> Clicking on element ClicksclearField <img src=D:\BuildPiper_Rahul\Reports\26Dec_135602\EditandDeleteServiceEnvironment_chrome\EditandDeleteServiceEnvironment_chrome_360_Dec_135918.jpg alt='Lamp' width='500' height='400'> Element is present  xpath: //*[text()='Load Branches']] <img src=D:\BuildPiper_Rahul\Reports\26Dec_135602\EditandDeleteServiceEnvironment_chrome\EditandDeleteServiceEnvironment_chrome_360_Dec_135928.jpg alt='Lamp' width='500' height='400'> Clicking on element Poc_QA loadBranchesBtn <img src=D:\BuildPiper_Rahul\Reports\26Dec_135602\EditandDeleteServiceEnvironment_chrome\EditandDeleteServiceEnvironment_chrome_360_Dec_135928.jpg alt='Lamp' width='500' height='400'> Element is present  xpath: //*[text()='Advance Configurations']] <img src=D:\BuildPiper_Rahul\Reports\26Dec_135602\EditandDeleteServiceEnvironment_chrome\EditandDeleteServiceEnvironment_chrome_360_Dec_135941.jpg alt='Lamp' width='500' height='400'> Clicking on element Poc_QA clickContinueBtn <img src=D:\BuildPiper_Rahul\Reports\26Dec_135602\EditandDeleteServiceEnvironment_chrome\EditandDeleteServiceEnvironment_chrome_360_Dec_135942.jpg alt='Lamp' width='500' height='400'> Element is present  xpath: //h4[@class='mainHeading']] <img src=D:\BuildPiper_Rahul\Reports\26Dec_135602\EditandDeleteServiceEnvironment_chrome\EditandDeleteServiceEnvironment_chrome_360_Dec_135947.jpg alt='Lamp' width='500' height='400'> Element is present  xpath: //*[text()='Build Env Details']] <img src=D:\BuildPiper_Rahul\Reports\26Dec_135602\EditandDeleteServiceEnvironment_chrome\EditandDeleteServiceEnvironment_chrome_360_Dec_135947.jpg alt='Lamp' width='500' height='400'> Clicking on element Poc_QA envDetailsSwitch <img src=D:\BuildPiper_Rahul\Reports\26Dec_135602\EditandDeleteServiceEnvironment_chrome\EditandDeleteServiceEnvironment_chrome_360_Dec_135947.jpg alt='Lamp' width='500' height='400'> Setting value on element Poc_QA envName <img src=D:\BuildPiper_Rahul\Reports\26Dec_135602\EditandDeleteServiceEnvironment_chrome\EditandDeleteServiceEnvironment_chrome_360_Dec_135948.jpg alt='Lamp' width='500' height='400'> Setting value on element Poc_QA envValue <img src=D:\BuildPiper_Rahul\Reports\26Dec_135602\EditandDeleteServiceEnvironment_chrome\EditandDeleteServiceEnvironment_chrome_360_Dec_135948.jpg alt='Lamp' width='500' height='400'> Clicking on element Poc_QA clickContinueBtn <img src=D:\BuildPiper_Rahul\Reports\26Dec_135602\EditandDeleteServiceEnvironment_chrome\EditandDeleteServiceEnvironment_chrome_360_Dec_135948.jpg alt='Lamp' width='500' height='400'> Clicking on element Poc_QA preHooksSwitch <img src=D:\BuildPiper_Rahul\Reports\26Dec_135602\EditandDeleteServiceEnvironment_chrome\EditandDeleteServiceEnvironment_chrome_360_Dec_135949.jpg alt='Lamp' width='500' height='400'> Setting value on element Poc_QA preHooksPasswordBox1 <img src=D:\BuildPiper_Rahul\Reports\26Dec_135602\EditandDeleteServiceEnvironment_chrome\EditandDeleteServiceEnvironment_chrome_360_Dec_135949.jpg alt='Lamp' width='500' height='400'> Clicking on element clicks on add New Hook <img src=D:\BuildPiper_Rahul\Reports\26Dec_135602\EditandDeleteServiceEnvironment_chrome\EditandDeleteServiceEnvironment_chrome_360_Dec_135949.jpg alt='Lamp' width='500' height='400'> Setting value on element Poc_QA preHooksPasswordBox2 <img src=D:\BuildPiper_Rahul\Reports\26Dec_135602\EditandDeleteServiceEnvironment_chrome\EditandDeleteServiceEnvironment_chrome_360_Dec_135949.jpg alt='Lamp' width='500' height='400'> Clicking on element Poc_QA postHooksSwitch <img src=D:\BuildPiper_Rahul\Reports\26Dec_135602\EditandDeleteServiceEnvironment_chrome\EditandDeleteServiceEnvironment_chrome_360_Dec_135950.jpg alt='Lamp' width='500' height='400'> Setting value on element Poc_QA postHooksPasswordBox1 <img src=D:\BuildPiper_Rahul\Reports\26Dec_135602\EditandDeleteServiceEnvironment_chrome\EditandDeleteServiceEnvironment_chrome_360_Dec_135950.jpg alt='Lamp' width='500' height='400'> Clicking on element clicks on add New Post Hook <img src=D:\BuildPiper_Rahul\Reports\26Dec_135602\EditandDeleteServiceEnvironment_chrome\EditandDeleteServiceEnvironment_chrome_360_Dec_135950.jpg alt='Lamp' width='500' height='400'> Setting value on element Poc_QA postHooksPasswordBox2 <img src=D:\BuildPiper_Rahul\Reports\26Dec_135602\EditandDeleteServiceEnvironment_chrome\EditandDeleteServiceEnvironment_chrome_360_Dec_135950.jpg alt='Lamp' width='500' height='400'> Clicking on element Poc_QA submitHooks <img src=D:\BuildPiper_Rahul\Reports\26Dec_135602\EditandDeleteServiceEnvironment_chrome\EditandDeleteServiceEnvironment_chrome_360_Dec_135951.jpg alt='Lamp' width='500' height='400'> Element is present  xpath: /html/body/div[1]/div/main/div[1]/div/div[1]/div/div/div[2]/div[2]/span[2]] <img src=D:\BuildPiper_Rahul\Reports\26Dec_135602\EditandDeleteServiceEnvironment_chrome\EditandDeleteServiceEnvironment_chrome_360_Dec_135951.jpg alt='Lamp' width='500' height='400'> Element is present  xpath: //*[text()='Job Template: ']] <img src=D:\BuildPiper_Rahul\Reports\26Dec_135602\EditandDeleteServiceEnvironment_chrome\EditandDeleteServiceEnvironment_chrome_360_Dec_135952.jpg alt='Lamp' width='500' height='400'> Element is present  xpath: //*[text()='Env Deploy Details']] <img src=D:\BuildPiper_Rahul\Reports\26Dec_135602\EditandDeleteServiceEnvironment_chrome\EditandDeleteServiceEnvironment_chrome_360_Dec_135952.jpg alt='Lamp' width='500' height='400'> Clicking on element Poc_QA validateDeployDetails <img src=D:\BuildPiper_Rahul\Reports\26Dec_135602\EditandDeleteServiceEnvironment_chrome\EditandDeleteServiceEnvironment_chrome_360_Dec_135952.jpg alt='Lamp' width='500' height='400'> Element is present  xpath: //button[@class='btn btn-submit']] <img src=D:\BuildPiper_Rahul\Reports\26Dec_135602\EditandDeleteServiceEnvironment_chrome\EditandDeleteServiceEnvironment_chrome_360_Dec_135952.jpg alt='Lamp' width='500' height='400'> Clicking on element clicks on buildPiperUI button <img src=D:\BuildPiper_Rahul\Reports\26Dec_135602\EditandDeleteServiceEnvironment_chrome\EditandDeleteServiceEnvironment_chrome_360_Dec_135953.jpg alt='Lamp' width='500' height='400'> Clicking on element Add Access Level <img src=D:\BuildPiper_Rahul\Reports\26Dec_135602\EditandDeleteServiceEnvironment_chrome\EditandDeleteServiceEnvironment_chrome_360_Dec_135953.jpg alt='Lamp' width='500' height='400'> Clicking on element Poc_QA privateAccess <img src=D:\BuildPiper_Rahul\Reports\26Dec_135602\EditandDeleteServiceEnvironment_chrome\EditandDeleteServiceEnvironment_chrome_360_Dec_140026.jpg alt='Lamp' width='500' height='400'> Clicking on element clicks add button <img src=D:\BuildPiper_Rahul\Reports\26Dec_135602\EditandDeleteServiceEnvironment_chrome\EditandDeleteServiceEnvironment_chrome_360_Dec_140026.jpg alt='Lamp' width='500' height='400'> Clicking on element clicks continue button <img src=D:\BuildPiper_Rahul\Reports\26Dec_135602\EditandDeleteServiceEnvironment_chrome\EditandDeleteServiceEnvironment_chrome_360_Dec_140029.jpg alt='Lamp' width='500' height='400'> Clicking on element clicks continue button <img src=D:\BuildPiper_Rahul\Reports\26Dec_135602\EditandDeleteServiceEnvironment_chrome\EditandDeleteServiceEnvironment_chrome_360_Dec_140031.jpg alt='Lamp' width='500' height='400'> Clicking on element clicks continue button <img src=D:\BuildPiper_Rahul\Reports\26Dec_135602\EditandDeleteServiceEnvironment_chrome\EditandDeleteServiceEnvironment_chrome_360_Dec_140033.jpg alt='Lamp' width='500' height='400'> Clicking on element clicks continue button <img src=D:\BuildPiper_Rahul\Reports\26Dec_135602\EditandDeleteServiceEnvironment_chrome\EditandDeleteServiceEnvironment_chrome_360_Dec_140036.jpg alt='Lamp' width='500' height='400'> Clicking on element clicks continue button <img src=D:\BuildPiper_Rahul\Reports\26Dec_135602\EditandDeleteServiceEnvironment_chrome\EditandDeleteServiceEnvironment_chrome_360_Dec_140038.jpg alt='Lamp' width='500' height='400'> Clicking on element clicks continue button <img src=D:\BuildPiper_Rahul\Reports\26Dec_135602\EditandDeleteServiceEnvironment_chrome\EditandDeleteServiceEnvironment_chrome_360_Dec_140040.jpg alt='Lamp' width='500' height='400'> Clicking on element clicks continue button <img src=D:\BuildPiper_Rahul\Reports\26Dec_135602\EditandDeleteServiceEnvironment_chrome\EditandDeleteServiceEnvironment_chrome_360_Dec_140042.jpg alt='Lamp' width='500' height='400'> Clicking on element clicks continue button <img src=D:\BuildPiper_Rahul\Reports\26Dec_135602\EditandDeleteServiceEnvironment_chrome\EditandDeleteServiceEnvironment_chrome_360_Dec_140045.jpg alt='Lamp' width='500' height='400'> Clicking on element clicks continue button <img src=D:\BuildPiper_Rahul\Reports\26Dec_135602\EditandDeleteServiceEnvironment_chrome\EditandDeleteServiceEnvironment_chrome_360_Dec_140047.jpg alt='Lamp' width='500' height='400'> Clicking on element Clicks on Deploy Details tag <img src=D:\BuildPiper_Rahul\Reports\26Dec_135602\EditandDeleteServiceEnvironment_chrome\EditandDeleteServiceEnvironment_chrome_360_Dec_140049.jpg alt='Lamp' width='500' height='400'> Element is present  xpath: //a[@class='text-anchor-blue d-flex align-center text-right btn btn-flaticon']] <img src=D:\BuildPiper_Rahul\Reports\26Dec_135602\EditandDeleteServiceEnvironment_chrome\EditandDeleteServiceEnvironment_chrome_360_Dec_140052.jpg alt='Lamp' width='500' height='400'> Clicking on element editEnvironment <img src=D:\BuildPiper_Rahul\Reports\26Dec_135602\EditandDeleteServiceEnvironment_chrome\EditandDeleteServiceEnvironment_chrome_360_Dec_140053.jpg alt='Lamp' width='500' height='400'> Clicking on element Poc_QA allowManualBuildNo <img src=D:\BuildPiper_Rahul\Reports\26Dec_135602\EditandDeleteServiceEnvironment_chrome\EditandDeleteServiceEnvironment_chrome_360_Dec_140126.jpg alt='Lamp' width='500' height='400'> Clicking on element Poc_QA allowManualDeployNo <img src=D:\BuildPiper_Rahul\Reports\26Dec_135602\EditandDeleteServiceEnvironment_chrome\EditandDeleteServiceEnvironment_chrome_360_Dec_140157.jpg alt='Lamp' width='500' height='400'> Clicking on element Poc_QA SubmitEnvPage <img src=D:\BuildPiper_Rahul\Reports\26Dec_135602\EditandDeleteServiceEnvironment_chrome\EditandDeleteServiceEnvironment_chrome_360_Dec_140200.jpg alt='Lamp' width='500' height='400'> Clicking on element editEnvironment <img src=D:\BuildPiper_Rahul\Reports\26Dec_135602\EditandDeleteServiceEnvironment_chrome\EditandDeleteServiceEnvironment_chrome_360_Dec_140306.jpg alt='Lamp' width='500' height='400'> Element is present  xpath: //select[@name='env_id']] <img src=D:\BuildPiper_Rahul\Reports\26Dec_135602\EditandDeleteServiceEnvironment_chrome\EditandDeleteServiceEnvironment_chrome_360_Dec_140310.jpg alt='Lamp' width='500' height='400'> Clicking on element Poc_QA SubmitEnvPage <img src=D:\BuildPiper_Rahul\Reports\26Dec_135602\EditandDeleteServiceEnvironment_chrome\EditandDeleteServiceEnvironment_chrome_360_Dec_140310.jpg alt='Lamp' width='500' height='400'> Clicking on element deleteEnvironment <img src=D:\BuildPiper_Rahul\Reports\26Dec_135602\EditandDeleteServiceEnvironment_chrome\EditandDeleteServiceEnvironment_chrome_360_Dec_140317.jpg alt='Lamp' width='500' height='400'> Element is present  xpath: //input[@placeholder='Please enter the reason to delete']] <img src=D:\BuildPiper_Rahul\Reports\26Dec_135602\EditandDeleteServiceEnvironment_chrome\EditandDeleteServiceEnvironment_chrome_360_Dec_140320.jpg alt='Lamp' width='500' height='400'> Setting value on element deletePopupInputField <img src=D:\BuildPiper_Rahul\Reports\26Dec_135602\EditandDeleteServiceEnvironment_chrome\EditandDeleteServiceEnvironment_chrome_360_Dec_140320.jpg alt='Lamp' width='500' height='400'> Clicking on element deleteButton <img src=D:\BuildPiper_Rahul\Reports\26Dec_135602\EditandDeleteServiceEnvironment_chrome\EditandDeleteServiceEnvironment_chrome_360_Dec_140321.jpg alt='Lamp' width='500' height='400'> ####### End of Test Case: EditandDeleteServiceEnvironment #######  </system-out>
  <testcase classname="com.buildpiper.testcases.ServiceCreationTestcases" name="createServ" time="302.781"/>
  <system-out>
checking if driver exist <img src=D:\BuildPiper_Rahul\Reports\26Dec_135602\createServ_chrome\createServ_chrome_360_Dec_140335.jpg alt='Lamp' width='500' height='400'> Clicking on element userMenuAppBar <img src=D:\BuildPiper_Rahul\Reports\26Dec_135602\createServ_chrome\createServ_chrome_360_Dec_140336.jpg alt='Lamp' width='500' height='400'> Clicking on element switching to user account <img src=D:\BuildPiper_Rahul\Reports\26Dec_135602\createServ_chrome\createServ_chrome_360_Dec_140336.jpg alt='Lamp' width='500' height='400'> checking if driver exist <img src=D:\BuildPiper_Rahul\Reports\26Dec_135602\createServ_chrome\createServ_chrome_360_Dec_140340.jpg alt='Lamp' width='500' height='400'> Element is present  xpath: //li//button[contains(@class,'main-nav-1')]//span[1][@title]] <img src=D:\BuildPiper_Rahul\Reports\26Dec_135602\createServ_chrome\createServ_chrome_360_Dec_140345.jpg alt='Lamp' width='500' height='400'> Element is present  xpath: //button//span[2][@class='flaticon-expand-arrow']/../..//div//span[@title='Service Overview']/span] <img src=D:\BuildPiper_Rahul\Reports\26Dec_135602\createServ_chrome\createServ_chrome_360_Dec_140349.jpg alt='Lamp' width='500' height='400'> Element is present  xpath: //a[@class='btn btn-submit']] <img src=D:\BuildPiper_Rahul\Reports\26Dec_135602\createServ_chrome\createServ_chrome_360_Dec_140349.jpg alt='Lamp' width='500' height='400'> Clicking on element Poc_QA addServiceBtn <img src=D:\BuildPiper_Rahul\Reports\26Dec_135602\createServ_chrome\createServ_chrome_360_Dec_140350.jpg alt='Lamp' width='500' height='400'> Element is present  xpath: //h1[@class='main-heading']] <img src=D:\BuildPiper_Rahul\Reports\26Dec_135602\createServ_chrome\createServ_chrome_360_Dec_140350.jpg alt='Lamp' width='500' height='400'> Element is present  xpath: //p[(@class='hint-text-main-heading')]] <img src=D:\BuildPiper_Rahul\Reports\26Dec_135602\createServ_chrome\createServ_chrome_360_Dec_140350.jpg alt='Lamp' width='500' height='400'> Setting value on element sets service name <img src=D:\BuildPiper_Rahul\Reports\26Dec_135602\createServ_chrome\createServ_chrome_360_Dec_140351.jpg alt='Lamp' width='500' height='400'> Setting value on element sets external name <img src=D:\BuildPiper_Rahul\Reports\26Dec_135602\createServ_chrome\createServ_chrome_360_Dec_140354.jpg alt='Lamp' width='500' height='400'> Clicking on element Poc_QA selectEveryRadioBtn <img src=D:\BuildPiper_Rahul\Reports\26Dec_135602\createServ_chrome\createServ_chrome_360_Dec_140354.jpg alt='Lamp' width='500' height='400'> Clicking on element Poc_QA SubmitCreatePage <img src=D:\BuildPiper_Rahul\Reports\26Dec_135602\createServ_chrome\createServ_chrome_360_Dec_140354.jpg alt='Lamp' width='500' height='400'> Element is present  xpath: //h1[@class='h1' and contains(.,'Create a Environment')]] <img src=D:\BuildPiper_Rahul\Reports\26Dec_135602\createServ_chrome\createServ_chrome_360_Dec_140355.jpg alt='Lamp' width='500' height='400'> Element is present  xpath: //div[@class='staticwrap-inner']] <img src=D:\BuildPiper_Rahul\Reports\26Dec_135602\createServ_chrome\createServ_chrome_360_Dec_140355.jpg alt='Lamp' width='500' height='400'> Element is present  xpath: //select[@name='env_id']] <img src=D:\BuildPiper_Rahul\Reports\26Dec_135602\createServ_chrome\createServ_chrome_360_Dec_140356.jpg alt='Lamp' width='500' height='400'> Element is present  xpath: //button[@class='btn btn-submit']] <img src=D:\BuildPiper_Rahul\Reports\26Dec_135602\createServ_chrome\createServ_chrome_360_Dec_140431.jpg alt='Lamp' width='500' height='400'> Clicking on element Poc_QA SubmitEnvPage <img src=D:\BuildPiper_Rahul\Reports\26Dec_135602\createServ_chrome\createServ_chrome_360_Dec_140431.jpg alt='Lamp' width='500' height='400'> Element is present  xpath: //div[@class='font-27 font-family-nunito font-weight-300 lh-12 mr-5']] <img src=D:\BuildPiper_Rahul\Reports\26Dec_135602\createServ_chrome\createServ_chrome_360_Dec_140433.jpg alt='Lamp' width='500' height='400'> Element is present  xpath: //span[contains(text(),'Project:')]] <img src=D:\BuildPiper_Rahul\Reports\26Dec_135602\createServ_chrome\createServ_chrome_360_Dec_140433.jpg alt='Lamp' width='500' height='400'> Element is present  xpath: //*[text()='Env Build Details']] <img src=D:\BuildPiper_Rahul\Reports\26Dec_135602\createServ_chrome\createServ_chrome_360_Dec_140433.jpg alt='Lamp' width='500' height='400'> Clicking on element Poc_QA validateBuildDetails <img src=D:\BuildPiper_Rahul\Reports\26Dec_135602\createServ_chrome\createServ_chrome_360_Dec_140433.jpg alt='Lamp' width='500' height='400'> Element is present  xpath: //p[@class='main-text mb-10']] <img src=D:\BuildPiper_Rahul\Reports\26Dec_135602\createServ_chrome\createServ_chrome_360_Dec_140434.jpg alt='Lamp' width='500' height='400'> Element is present  xpath: //span[@class='sub-text mb-10']] <img src=D:\BuildPiper_Rahul\Reports\26Dec_135602\createServ_chrome\createServ_chrome_360_Dec_140434.jpg alt='Lamp' width='500' height='400'> Element is present  xpath: //*[text()='Env Deploy Details']] <img src=D:\BuildPiper_Rahul\Reports\26Dec_135602\createServ_chrome\createServ_chrome_360_Dec_140434.jpg alt='Lamp' width='500' height='400'> Clicking on element Poc_QA validateDeployDetails <img src=D:\BuildPiper_Rahul\Reports\26Dec_135602\createServ_chrome\createServ_chrome_360_Dec_140434.jpg alt='Lamp' width='500' height='400'> Element is present  xpath: //p[@class='main-text mb-10']] <img src=D:\BuildPiper_Rahul\Reports\26Dec_135602\createServ_chrome\createServ_chrome_360_Dec_140434.jpg alt='Lamp' width='500' height='400'> Element is present  xpath: //span[@class='sub-text mb-10']] <img src=D:\BuildPiper_Rahul\Reports\26Dec_135602\createServ_chrome\createServ_chrome_360_Dec_140435.jpg alt='Lamp' width='500' height='400'> Element is present  xpath: //*[text()='To have a very smooth configuration we strongly recommend BuildPiper UI.']] <img src=D:\BuildPiper_Rahul\Reports\26Dec_135602\createServ_chrome\createServ_chrome_360_Dec_140435.jpg alt='Lamp' width='500' height='400'> Element is present  xpath: //*[text()='you can also configure the CD by uploading your custom manifest file.']] <img src=D:\BuildPiper_Rahul\Reports\26Dec_135602\createServ_chrome\createServ_chrome_360_Dec_140435.jpg alt='Lamp' width='500' height='400'> checking if driver exist <img src=D:\BuildPiper_Rahul\Reports\26Dec_135602\createServ_chrome\createServ_chrome_360_Dec_140435.jpg alt='Lamp' width='500' height='400'> Element is present  xpath: //*[text()='Env Build Details']] <img src=D:\BuildPiper_Rahul\Reports\26Dec_135602\createServ_chrome\createServ_chrome_360_Dec_140435.jpg alt='Lamp' width='500' height='400'> Clicking on element Poc_QA validateBuildDetails <img src=D:\BuildPiper_Rahul\Reports\26Dec_135602\createServ_chrome\createServ_chrome_360_Dec_140436.jpg alt='Lamp' width='500' height='400'> Element is present  xpath: //*[text()='Configure Build']] <img src=D:\BuildPiper_Rahul\Reports\26Dec_135602\createServ_chrome\createServ_chrome_360_Dec_140436.jpg alt='Lamp' width='500' height='400'> Clicking on element Poc_QA clickConfigBuild <img src=D:\BuildPiper_Rahul\Reports\26Dec_135602\createServ_chrome\createServ_chrome_360_Dec_140436.jpg alt='Lamp' width='500' height='400'> Element is present  xpath: //div[@class='md-step-circle current']] <img src=D:\BuildPiper_Rahul\Reports\26Dec_135602\createServ_chrome\createServ_chrome_360_Dec_140439.jpg alt='Lamp' width='500' height='400'> Element is present  xpath: //h4[@class='mainHeading']] <img src=D:\BuildPiper_Rahul\Reports\26Dec_135602\createServ_chrome\createServ_chrome_360_Dec_140440.jpg alt='Lamp' width='500' height='400'> Element is present  xpath: //*[text()='Please Select the Git URL']] <img src=D:\BuildPiper_Rahul\Reports\26Dec_135602\createServ_chrome\createServ_chrome_360_Dec_140440.jpg alt='Lamp' width='500' height='400'> Element is present  xpath: //div[@class='MuiInputBase-root MuiOutlinedInput-root MuiAutocomplete-inputRoot MuiInputBase-fullWidth MuiInputBase-formControl MuiInputBase-adornedEnd MuiOutlinedInput-adornedEnd']] <img src=D:\BuildPiper_Rahul\Reports\26Dec_135602\createServ_chrome\createServ_chrome_360_Dec_140440.jpg alt='Lamp' width='500' height='400'> Clicking on element Poc_QA gitUrlInputField <img src=D:\BuildPiper_Rahul\Reports\26Dec_135602\createServ_chrome\createServ_chrome_360_Dec_140440.jpg alt='Lamp' width='500' height='400'> Clicking on element ClicksclearField <img src=D:\BuildPiper_Rahul\Reports\26Dec_135602\createServ_chrome\createServ_chrome_360_Dec_140446.jpg alt='Lamp' width='500' height='400'> Element is present  xpath: //*[text()='Load Branches']] <img src=D:\BuildPiper_Rahul\Reports\26Dec_135602\createServ_chrome\createServ_chrome_360_Dec_140455.jpg alt='Lamp' width='500' height='400'> Clicking on element Poc_QA loadBranchesBtn <img src=D:\BuildPiper_Rahul\Reports\26Dec_135602\createServ_chrome\createServ_chrome_360_Dec_140455.jpg alt='Lamp' width='500' height='400'> Element is present  xpath: //*[text()='Advance Configurations']] <img src=D:\BuildPiper_Rahul\Reports\26Dec_135602\createServ_chrome\createServ_chrome_360_Dec_140509.jpg alt='Lamp' width='500' height='400'> Clicking on element Poc_QA clickContinueBtn <img src=D:\BuildPiper_Rahul\Reports\26Dec_135602\createServ_chrome\createServ_chrome_360_Dec_140509.jpg alt='Lamp' width='500' height='400'> Element is present  xpath: //h4[@class='mainHeading']] <img src=D:\BuildPiper_Rahul\Reports\26Dec_135602\createServ_chrome\createServ_chrome_360_Dec_140515.jpg alt='Lamp' width='500' height='400'> Element is present  xpath: //*[text()='Build Env Details']] <img src=D:\BuildPiper_Rahul\Reports\26Dec_135602\createServ_chrome\createServ_chrome_360_Dec_140515.jpg alt='Lamp' width='500' height='400'> Clicking on element Poc_QA envDetailsSwitch <img src=D:\BuildPiper_Rahul\Reports\26Dec_135602\createServ_chrome\createServ_chrome_360_Dec_140515.jpg alt='Lamp' width='500' height='400'> Setting value on element Poc_QA envName <img src=D:\BuildPiper_Rahul\Reports\26Dec_135602\createServ_chrome\createServ_chrome_360_Dec_140515.jpg alt='Lamp' width='500' height='400'> Setting value on element Poc_QA envValue <img src=D:\BuildPiper_Rahul\Reports\26Dec_135602\createServ_chrome\createServ_chrome_360_Dec_140516.jpg alt='Lamp' width='500' height='400'> Clicking on element Poc_QA clickContinueBtn <img src=D:\BuildPiper_Rahul\Reports\26Dec_135602\createServ_chrome\createServ_chrome_360_Dec_140516.jpg alt='Lamp' width='500' height='400'> Clicking on element Poc_QA preHooksSwitch <img src=D:\BuildPiper_Rahul\Reports\26Dec_135602\createServ_chrome\createServ_chrome_360_Dec_140516.jpg alt='Lamp' width='500' height='400'> Setting value on element Poc_QA preHooksPasswordBox1 <img src=D:\BuildPiper_Rahul\Reports\26Dec_135602\createServ_chrome\createServ_chrome_360_Dec_140516.jpg alt='Lamp' width='500' height='400'> Clicking on element clicks on add New Hook <img src=D:\BuildPiper_Rahul\Reports\26Dec_135602\createServ_chrome\createServ_chrome_360_Dec_140517.jpg alt='Lamp' width='500' height='400'> Setting value on element Poc_QA preHooksPasswordBox2 <img src=D:\BuildPiper_Rahul\Reports\26Dec_135602\createServ_chrome\createServ_chrome_360_Dec_140517.jpg alt='Lamp' width='500' height='400'> Clicking on element Poc_QA postHooksSwitch <img src=D:\BuildPiper_Rahul\Reports\26Dec_135602\createServ_chrome\createServ_chrome_360_Dec_140517.jpg alt='Lamp' width='500' height='400'> Setting value on element Poc_QA postHooksPasswordBox1 <img src=D:\BuildPiper_Rahul\Reports\26Dec_135602\createServ_chrome\createServ_chrome_360_Dec_140517.jpg alt='Lamp' width='500' height='400'> Clicking on element clicks on add New Post Hook <img src=D:\BuildPiper_Rahul\Reports\26Dec_135602\createServ_chrome\createServ_chrome_360_Dec_140518.jpg alt='Lamp' width='500' height='400'> Setting value on element Poc_QA postHooksPasswordBox2 <img src=D:\BuildPiper_Rahul\Reports\26Dec_135602\createServ_chrome\createServ_chrome_360_Dec_140518.jpg alt='Lamp' width='500' height='400'> Clicking on element Poc_QA submitHooks <img src=D:\BuildPiper_Rahul\Reports\26Dec_135602\createServ_chrome\createServ_chrome_360_Dec_140518.jpg alt='Lamp' width='500' height='400'> Element is present  xpath: /html/body/div[1]/div/main/div[1]/div/div[1]/div/div/div[2]/div[2]/span[2]] <img src=D:\BuildPiper_Rahul\Reports\26Dec_135602\createServ_chrome\createServ_chrome_360_Dec_140519.jpg alt='Lamp' width='500' height='400'> Element is present  xpath: //*[text()='Job Template: ']] <img src=D:\BuildPiper_Rahul\Reports\26Dec_135602\createServ_chrome\createServ_chrome_360_Dec_140519.jpg alt='Lamp' width='500' height='400'> checking if driver exist <img src=D:\BuildPiper_Rahul\Reports\26Dec_135602\createServ_chrome\createServ_chrome_360_Dec_140519.jpg alt='Lamp' width='500' height='400'> Element is present  xpath: //*[text()='Env Deploy Details']] <img src=D:\BuildPiper_Rahul\Reports\26Dec_135602\createServ_chrome\createServ_chrome_360_Dec_140520.jpg alt='Lamp' width='500' height='400'> Clicking on element Poc_QA validateDeployDetails <img src=D:\BuildPiper_Rahul\Reports\26Dec_135602\createServ_chrome\createServ_chrome_360_Dec_140520.jpg alt='Lamp' width='500' height='400'> Element is present  xpath: //button[@class='btn btn-submit']] <img src=D:\BuildPiper_Rahul\Reports\26Dec_135602\createServ_chrome\createServ_chrome_360_Dec_140520.jpg alt='Lamp' width='500' height='400'> Clicking on element clicks on buildPiperUI button <img src=D:\BuildPiper_Rahul\Reports\26Dec_135602\createServ_chrome\createServ_chrome_360_Dec_140520.jpg alt='Lamp' width='500' height='400'> Clicking on element Add Access Level <img src=D:\BuildPiper_Rahul\Reports\26Dec_135602\createServ_chrome\createServ_chrome_360_Dec_140521.jpg alt='Lamp' width='500' height='400'> Clicking on element Poc_QA privateAccess <img src=D:\BuildPiper_Rahul\Reports\26Dec_135602\createServ_chrome\createServ_chrome_360_Dec_140554.jpg alt='Lamp' width='500' height='400'> Clicking on element clicks add button <img src=D:\BuildPiper_Rahul\Reports\26Dec_135602\createServ_chrome\createServ_chrome_360_Dec_140554.jpg alt='Lamp' width='500' height='400'> Clicking on element clicks continue button <img src=D:\BuildPiper_Rahul\Reports\26Dec_135602\createServ_chrome\createServ_chrome_360_Dec_140557.jpg alt='Lamp' width='500' height='400'> Clicking on element clicks continue button <img src=D:\BuildPiper_Rahul\Reports\26Dec_135602\createServ_chrome\createServ_chrome_360_Dec_140559.jpg alt='Lamp' width='500' height='400'> Clicking on element clicks continue button <img src=D:\BuildPiper_Rahul\Reports\26Dec_135602\createServ_chrome\createServ_chrome_360_Dec_140601.jpg alt='Lamp' width='500' height='400'> Clicking on element clicks continue button <img src=D:\BuildPiper_Rahul\Reports\26Dec_135602\createServ_chrome\createServ_chrome_360_Dec_140603.jpg alt='Lamp' width='500' height='400'> Clicking on element clicks continue button <img src=D:\BuildPiper_Rahul\Reports\26Dec_135602\createServ_chrome\createServ_chrome_360_Dec_140606.jpg alt='Lamp' width='500' height='400'> Clicking on element clicks continue button <img src=D:\BuildPiper_Rahul\Reports\26Dec_135602\createServ_chrome\createServ_chrome_360_Dec_140608.jpg alt='Lamp' width='500' height='400'> Clicking on element clicks continue button <img src=D:\BuildPiper_Rahul\Reports\26Dec_135602\createServ_chrome\createServ_chrome_360_Dec_140610.jpg alt='Lamp' width='500' height='400'> Clicking on element clicks continue button <img src=D:\BuildPiper_Rahul\Reports\26Dec_135602\createServ_chrome\createServ_chrome_360_Dec_140613.jpg alt='Lamp' width='500' height='400'> Clicking on element clicks continue button <img src=D:\BuildPiper_Rahul\Reports\26Dec_135602\createServ_chrome\createServ_chrome_360_Dec_140615.jpg alt='Lamp' width='500' height='400'> Clicking on element Clicks on Deploy Details tag <img src=D:\BuildPiper_Rahul\Reports\26Dec_135602\createServ_chrome\createServ_chrome_360_Dec_140617.jpg alt='Lamp' width='500' height='400'> checking if driver exist <img src=D:\BuildPiper_Rahul\Reports\26Dec_135602\createServ_chrome\createServ_chrome_360_Dec_140617.jpg alt='Lamp' width='500' height='400'> Clicking on element adds new environment to running service <img src=D:\BuildPiper_Rahul\Reports\26Dec_135602\createServ_chrome\createServ_chrome_360_Dec_140618.jpg alt='Lamp' width='500' height='400'> Element is present  xpath: //h1[@class='h1' and contains(.,'Create a Environment')]] <img src=D:\BuildPiper_Rahul\Reports\26Dec_135602\createServ_chrome\createServ_chrome_360_Dec_140618.jpg alt='Lamp' width='500' height='400'> Element is present  xpath: //div[@class='staticwrap-inner']] <img src=D:\BuildPiper_Rahul\Reports\26Dec_135602\createServ_chrome\createServ_chrome_360_Dec_140618.jpg alt='Lamp' width='500' height='400'> Element is present  xpath: //select[@name='env_id']] <img src=D:\BuildPiper_Rahul\Reports\26Dec_135602\createServ_chrome\createServ_chrome_360_Dec_140619.jpg alt='Lamp' width='500' height='400'> Element is present  xpath: //select[@name='project_job_template_id']] <img src=D:\BuildPiper_Rahul\Reports\26Dec_135602\createServ_chrome\createServ_chrome_360_Dec_140622.jpg alt='Lamp' width='500' height='400'> Element is present  xpath: //button[@class='btn btn-submit']] <img src=D:\BuildPiper_Rahul\Reports\26Dec_135602\createServ_chrome\createServ_chrome_360_Dec_140652.jpg alt='Lamp' width='500' height='400'> Clicking on element Poc_QA SubmitEnvPage <img src=D:\BuildPiper_Rahul\Reports\26Dec_135602\createServ_chrome\createServ_chrome_360_Dec_140652.jpg alt='Lamp' width='500' height='400'> Element is present  xpath: //span[@class='badge badge-dev']] <img src=D:\BuildPiper_Rahul\Reports\26Dec_135602\createServ_chrome\createServ_chrome_360_Dec_140654.jpg alt='Lamp' width='500' height='400'> Element is present  xpath: //*[text()='Configure Build']] <img src=D:\BuildPiper_Rahul\Reports\26Dec_135602\createServ_chrome\createServ_chrome_360_Dec_140654.jpg alt='Lamp' width='500' height='400'> Element is present  xpath: //*[text()='Configure Build']] <img src=D:\BuildPiper_Rahul\Reports\26Dec_135602\createServ_chrome\createServ_chrome_360_Dec_140655.jpg alt='Lamp' width='500' height='400'> Clicking on element Poc_QA clickConfigBuild <img src=D:\BuildPiper_Rahul\Reports\26Dec_135602\createServ_chrome\createServ_chrome_360_Dec_140656.jpg alt='Lamp' width='500' height='400'> Element is present  xpath: //div[@class='input-component']//label] <img src=D:\BuildPiper_Rahul\Reports\26Dec_135602\createServ_chrome\createServ_chrome_360_Dec_140659.jpg alt='Lamp' width='500' height='400'> Clicking on element user clicks next button <img src=D:\BuildPiper_Rahul\Reports\26Dec_135602\createServ_chrome\createServ_chrome_360_Dec_140703.jpg alt='Lamp' width='500' height='400'> Element is present  xpath: //*[text()='Load Branches']] <img src=D:\BuildPiper_Rahul\Reports\26Dec_135602\createServ_chrome\createServ_chrome_360_Dec_140708.jpg alt='Lamp' width='500' height='400'> Clicking on element Poc_QA loadBranchesBtn <img src=D:\BuildPiper_Rahul\Reports\26Dec_135602\createServ_chrome\createServ_chrome_360_Dec_140708.jpg alt='Lamp' width='500' height='400'> Clicking on element Poc_QA clickContinueBtn <img src=D:\BuildPiper_Rahul\Reports\26Dec_135602\createServ_chrome\createServ_chrome_360_Dec_140717.jpg alt='Lamp' width='500' height='400'> Clicking on element Poc_QA clickContinueBtn <img src=D:\BuildPiper_Rahul\Reports\26Dec_135602\createServ_chrome\createServ_chrome_360_Dec_140722.jpg alt='Lamp' width='500' height='400'> Clicking on element Poc_QA clickContinueBtn <img src=D:\BuildPiper_Rahul\Reports\26Dec_135602\createServ_chrome\createServ_chrome_360_Dec_140726.jpg alt='Lamp' width='500' height='400'> Element is present  xpath: //*[text()='Env Deploy Details']] <img src=D:\BuildPiper_Rahul\Reports\26Dec_135602\createServ_chrome\createServ_chrome_360_Dec_140727.jpg alt='Lamp' width='500' height='400'> Clicking on element Poc_QA validateDeployDetails <img src=D:\BuildPiper_Rahul\Reports\26Dec_135602\createServ_chrome\createServ_chrome_360_Dec_140727.jpg alt='Lamp' width='500' height='400'> Element is present  xpath: //button[@class='btn btn-submit']] <img src=D:\BuildPiper_Rahul\Reports\26Dec_135602\createServ_chrome\createServ_chrome_360_Dec_140727.jpg alt='Lamp' width='500' height='400'> Clicking on element clicks on buildPiperUI button <img src=D:\BuildPiper_Rahul\Reports\26Dec_135602\createServ_chrome\createServ_chrome_360_Dec_140727.jpg alt='Lamp' width='500' height='400'> Element is present  xpath: //label//..//..//..//select] <img src=D:\BuildPiper_Rahul\Reports\26Dec_135602\createServ_chrome\createServ_chrome_360_Dec_140731.jpg alt='Lamp' width='500' height='400'> Clicking on element user clicks next button <img src=D:\BuildPiper_Rahul\Reports\26Dec_135602\createServ_chrome\createServ_chrome_360_Dec_140731.jpg alt='Lamp' width='500' height='400'> Clicking on element Add Access Level <img src=D:\BuildPiper_Rahul\Reports\26Dec_135602\createServ_chrome\createServ_chrome_360_Dec_140732.jpg alt='Lamp' width='500' height='400'> Clicking on element Poc_QA privateAccess <img src=D:\BuildPiper_Rahul\Reports\26Dec_135602\createServ_chrome\createServ_chrome_360_Dec_140804.jpg alt='Lamp' width='500' height='400'> Clicking on element clicks add button <img src=D:\BuildPiper_Rahul\Reports\26Dec_135602\createServ_chrome\createServ_chrome_360_Dec_140805.jpg alt='Lamp' width='500' height='400'> Clicking on element clicks continue button <img src=D:\BuildPiper_Rahul\Reports\26Dec_135602\createServ_chrome\createServ_chrome_360_Dec_140807.jpg alt='Lamp' width='500' height='400'> Clicking on element clicks continue button <img src=D:\BuildPiper_Rahul\Reports\26Dec_135602\createServ_chrome\createServ_chrome_360_Dec_140810.jpg alt='Lamp' width='500' height='400'> Clicking on element clicks continue button <img src=D:\BuildPiper_Rahul\Reports\26Dec_135602\createServ_chrome\createServ_chrome_360_Dec_140812.jpg alt='Lamp' width='500' height='400'> Clicking on element clicks continue button <img src=D:\BuildPiper_Rahul\Reports\26Dec_135602\createServ_chrome\createServ_chrome_360_Dec_140814.jpg alt='Lamp' width='500' height='400'> Clicking on element clicks continue button <img src=D:\BuildPiper_Rahul\Reports\26Dec_135602\createServ_chrome\createServ_chrome_360_Dec_140816.jpg alt='Lamp' width='500' height='400'> Clicking on element clicks continue button <img src=D:\BuildPiper_Rahul\Reports\26Dec_135602\createServ_chrome\createServ_chrome_360_Dec_140819.jpg alt='Lamp' width='500' height='400'> Clicking on element clicks continue button <img src=D:\BuildPiper_Rahul\Reports\26Dec_135602\createServ_chrome\createServ_chrome_360_Dec_140821.jpg alt='Lamp' width='500' height='400'> Clicking on element clicks continue button <img src=D:\BuildPiper_Rahul\Reports\26Dec_135602\createServ_chrome\createServ_chrome_360_Dec_140823.jpg alt='Lamp' width='500' height='400'> Clicking on element clicks continue button <img src=D:\BuildPiper_Rahul\Reports\26Dec_135602\createServ_chrome\createServ_chrome_360_Dec_140825.jpg alt='Lamp' width='500' height='400'> ####### End of Test Case: createServ #######  </system-out>
  <testcase classname="com.buildpiper.testcases.ServiceCreationTestcases" name="EditandDeleteService" time="109.774"/>
  <system-out>
checking if driver exist <img src=D:\BuildPiper_Rahul\Reports\26Dec_135602\EditandDeleteService_chrome\EditandDeleteService_chrome_360_Dec_135616.jpg alt='Lamp' width='500' height='400'> checking if driver exist <img src=D:\BuildPiper_Rahul\Reports\26Dec_135602\EditandDeleteService_chrome\EditandDeleteService_chrome_360_Dec_135617.jpg alt='Lamp' width='500' height='400'> Clicking on element userMenuAppBar <img src=D:\BuildPiper_Rahul\Reports\26Dec_135602\EditandDeleteService_chrome\EditandDeleteService_chrome_360_Dec_135617.jpg alt='Lamp' width='500' height='400'> Clicking on element switching to user account <img src=D:\BuildPiper_Rahul\Reports\26Dec_135602\EditandDeleteService_chrome\EditandDeleteService_chrome_360_Dec_135617.jpg alt='Lamp' width='500' height='400'> Element is present  xpath: //li//button[contains(@class,'main-nav-1')]//span[1][@title]] <img src=D:\BuildPiper_Rahul\Reports\26Dec_135602\EditandDeleteService_chrome\EditandDeleteService_chrome_360_Dec_135627.jpg alt='Lamp' width='500' height='400'> Element is present  xpath: //button//span[2][@class='flaticon-expand-arrow']/../..//div//span[@title='Service Overview']/span] <img src=D:\BuildPiper_Rahul\Reports\26Dec_135602\EditandDeleteService_chrome\EditandDeleteService_chrome_360_Dec_135630.jpg alt='Lamp' width='500' height='400'> Element is present  xpath: //a[@class='btn btn-submit']] <img src=D:\BuildPiper_Rahul\Reports\26Dec_135602\EditandDeleteService_chrome\EditandDeleteService_chrome_360_Dec_135630.jpg alt='Lamp' width='500' height='400'> Clicking on element Poc_QA addServiceBtn <img src=D:\BuildPiper_Rahul\Reports\26Dec_135602\EditandDeleteService_chrome\EditandDeleteService_chrome_360_Dec_135631.jpg alt='Lamp' width='500' height='400'> Element is present  xpath: //h1[@class='main-heading']] <img src=D:\BuildPiper_Rahul\Reports\26Dec_135602\EditandDeleteService_chrome\EditandDeleteService_chrome_360_Dec_135631.jpg alt='Lamp' width='500' height='400'> Element is present  xpath: //p[(@class='hint-text-main-heading')]] <img src=D:\BuildPiper_Rahul\Reports\26Dec_135602\EditandDeleteService_chrome\EditandDeleteService_chrome_360_Dec_135631.jpg alt='Lamp' width='500' height='400'> Setting value on element sets service name <img src=D:\BuildPiper_Rahul\Reports\26Dec_135602\EditandDeleteService_chrome\EditandDeleteService_chrome_360_Dec_135632.jpg alt='Lamp' width='500' height='400'> Setting value on element sets external name <img src=D:\BuildPiper_Rahul\Reports\26Dec_135602\EditandDeleteService_chrome\EditandDeleteService_chrome_360_Dec_135635.jpg alt='Lamp' width='500' height='400'> Clicking on element Poc_QA selectEveryRadioBtn <img src=D:\BuildPiper_Rahul\Reports\26Dec_135602\EditandDeleteService_chrome\EditandDeleteService_chrome_360_Dec_135635.jpg alt='Lamp' width='500' height='400'> Clicking on element Poc_QA SubmitCreatePage <img src=D:\BuildPiper_Rahul\Reports\26Dec_135602\EditandDeleteService_chrome\EditandDeleteService_chrome_360_Dec_135636.jpg alt='Lamp' width='500' height='400'> Element is present  xpath: //h1[@class='h1' and contains(.,'Create a Environment')]] <img src=D:\BuildPiper_Rahul\Reports\26Dec_135602\EditandDeleteService_chrome\EditandDeleteService_chrome_360_Dec_135636.jpg alt='Lamp' width='500' height='400'> Element is present  xpath: //div[@class='staticwrap-inner']] <img src=D:\BuildPiper_Rahul\Reports\26Dec_135602\EditandDeleteService_chrome\EditandDeleteService_chrome_360_Dec_135636.jpg alt='Lamp' width='500' height='400'> Element is present  xpath: //select[@name='env_id']] <img src=D:\BuildPiper_Rahul\Reports\26Dec_135602\EditandDeleteService_chrome\EditandDeleteService_chrome_360_Dec_135637.jpg alt='Lamp' width='500' height='400'> Element is present  xpath: //button[@class='btn btn-submit']] <img src=D:\BuildPiper_Rahul\Reports\26Dec_135602\EditandDeleteService_chrome\EditandDeleteService_chrome_360_Dec_135712.jpg alt='Lamp' width='500' height='400'> Clicking on element Poc_QA SubmitEnvPage <img src=D:\BuildPiper_Rahul\Reports\26Dec_135602\EditandDeleteService_chrome\EditandDeleteService_chrome_360_Dec_135713.jpg alt='Lamp' width='500' height='400'> Element is present  xpath: //div[@class='font-27 font-family-nunito font-weight-300 lh-12 mr-5']] <img src=D:\BuildPiper_Rahul\Reports\26Dec_135602\EditandDeleteService_chrome\EditandDeleteService_chrome_360_Dec_135714.jpg alt='Lamp' width='500' height='400'> Element is present  xpath: //span[contains(text(),'Project:')]] <img src=D:\BuildPiper_Rahul\Reports\26Dec_135602\EditandDeleteService_chrome\EditandDeleteService_chrome_360_Dec_135714.jpg alt='Lamp' width='500' height='400'> Element is present  xpath: //*[text()='Env Build Details']] <img src=D:\BuildPiper_Rahul\Reports\26Dec_135602\EditandDeleteService_chrome\EditandDeleteService_chrome_360_Dec_135714.jpg alt='Lamp' width='500' height='400'> Clicking on element Poc_QA validateBuildDetails <img src=D:\BuildPiper_Rahul\Reports\26Dec_135602\EditandDeleteService_chrome\EditandDeleteService_chrome_360_Dec_135715.jpg alt='Lamp' width='500' height='400'> Element is present  xpath: //p[@class='main-text mb-10']] <img src=D:\BuildPiper_Rahul\Reports\26Dec_135602\EditandDeleteService_chrome\EditandDeleteService_chrome_360_Dec_135715.jpg alt='Lamp' width='500' height='400'> Element is present  xpath: //span[@class='sub-text mb-10']] <img src=D:\BuildPiper_Rahul\Reports\26Dec_135602\EditandDeleteService_chrome\EditandDeleteService_chrome_360_Dec_135715.jpg alt='Lamp' width='500' height='400'> Element is present  xpath: //*[text()='Env Deploy Details']] <img src=D:\BuildPiper_Rahul\Reports\26Dec_135602\EditandDeleteService_chrome\EditandDeleteService_chrome_360_Dec_135715.jpg alt='Lamp' width='500' height='400'> Clicking on element Poc_QA validateDeployDetails <img src=D:\BuildPiper_Rahul\Reports\26Dec_135602\EditandDeleteService_chrome\EditandDeleteService_chrome_360_Dec_135716.jpg alt='Lamp' width='500' height='400'> Element is present  xpath: //p[@class='main-text mb-10']] <img src=D:\BuildPiper_Rahul\Reports\26Dec_135602\EditandDeleteService_chrome\EditandDeleteService_chrome_360_Dec_135716.jpg alt='Lamp' width='500' height='400'> Element is present  xpath: //span[@class='sub-text mb-10']] <img src=D:\BuildPiper_Rahul\Reports\26Dec_135602\EditandDeleteService_chrome\EditandDeleteService_chrome_360_Dec_135716.jpg alt='Lamp' width='500' height='400'> Element is present  xpath: //*[text()='To have a very smooth configuration we strongly recommend BuildPiper UI.']] <img src=D:\BuildPiper_Rahul\Reports\26Dec_135602\EditandDeleteService_chrome\EditandDeleteService_chrome_360_Dec_135716.jpg alt='Lamp' width='500' height='400'> Element is present  xpath: //*[text()='you can also configure the CD by uploading your custom manifest file.']] <img src=D:\BuildPiper_Rahul\Reports\26Dec_135602\EditandDeleteService_chrome\EditandDeleteService_chrome_360_Dec_135717.jpg alt='Lamp' width='500' height='400'> Element is present  xpath: //li//button[contains(@class,'main-nav-1')]//span[1][@title]] <img src=D:\BuildPiper_Rahul\Reports\26Dec_135602\EditandDeleteService_chrome\EditandDeleteService_chrome_360_Dec_135722.jpg alt='Lamp' width='500' height='400'> Element is present  xpath: (//button[@class='btn btn-with-icon btn-round'])[1]] <img src=D:\BuildPiper_Rahul\Reports\26Dec_135602\EditandDeleteService_chrome\EditandDeleteService_chrome_360_Dec_135724.jpg alt='Lamp' width='500' height='400'> Clicking on element edit Service button <img src=D:\BuildPiper_Rahul\Reports\26Dec_135602\EditandDeleteService_chrome\EditandDeleteService_chrome_360_Dec_135724.jpg alt='Lamp' width='500' height='400'> Element is present  xpath: //input[@placeholder='demo-app']] <img src=D:\BuildPiper_Rahul\Reports\26Dec_135602\EditandDeleteService_chrome\EditandDeleteService_chrome_360_Dec_135727.jpg alt='Lamp' width='500' height='400'> Clicking on element Poc_QA SubmitCreatePage <img src=D:\BuildPiper_Rahul\Reports\26Dec_135602\EditandDeleteService_chrome\EditandDeleteService_chrome_360_Dec_135729.jpg alt='Lamp' width='500' height='400'> Element is present  xpath: //li//button[contains(@class,'main-nav-1')]//span[1][@title]] <img src=D:\BuildPiper_Rahul\Reports\26Dec_135602\EditandDeleteService_chrome\EditandDeleteService_chrome_360_Dec_135732.jpg alt='Lamp' width='500' height='400'> Element is present  xpath: //button//span[2][@class='flaticon-expand-arrow']/../..//div//span[@title='Service Overview']/span] <img src=D:\BuildPiper_Rahul\Reports\26Dec_135602\EditandDeleteService_chrome\EditandDeleteService_chrome_360_Dec_135735.jpg alt='Lamp' width='500' height='400'> Element is present  xpath: //input[@placeholder='Name']] <img src=D:\BuildPiper_Rahul\Reports\26Dec_135602\EditandDeleteService_chrome\EditandDeleteService_chrome_360_Dec_135735.jpg alt='Lamp' width='500' height='400'> Clicking on element clicks on Search overview tab under applicartion name <img src=D:\BuildPiper_Rahul\Reports\26Dec_135602\EditandDeleteService_chrome\EditandDeleteService_chrome_360_Dec_135735.jpg alt='Lamp' width='500' height='400'> Element is present  xpath: (//div[@class='service-name']/a)[1]] <img src=D:\BuildPiper_Rahul\Reports\26Dec_135602\EditandDeleteService_chrome\EditandDeleteService_chrome_360_Dec_135739.jpg alt='Lamp' width='500' height='400'> Clicking on element firstServiceLink <img src=D:\BuildPiper_Rahul\Reports\26Dec_135602\EditandDeleteService_chrome\EditandDeleteService_chrome_360_Dec_135741.jpg alt='Lamp' width='500' height='400'> Element is present  xpath: //button[@class='MuiButtonBase-root MuiIconButton-root btn btn-with-icon btn-round']] <img src=D:\BuildPiper_Rahul\Reports\26Dec_135602\EditandDeleteService_chrome\EditandDeleteService_chrome_360_Dec_135744.jpg alt='Lamp' width='500' height='400'> Clicking on element deleteServicebutton <img src=D:\BuildPiper_Rahul\Reports\26Dec_135602\EditandDeleteService_chrome\EditandDeleteService_chrome_360_Dec_135745.jpg alt='Lamp' width='500' height='400'> Setting value on element deletePopupInputField <img src=D:\BuildPiper_Rahul\Reports\26Dec_135602\EditandDeleteService_chrome\EditandDeleteService_chrome_360_Dec_135747.jpg alt='Lamp' width='500' height='400'> Clicking on element deleteButton <img src=D:\BuildPiper_Rahul\Reports\26Dec_135602\EditandDeleteService_chrome\EditandDeleteService_chrome_360_Dec_135749.jpg alt='Lamp' width='500' height='400'> Element is present  xpath: //input[@placeholder='Name']] <img src=D:\BuildPiper_Rahul\Reports\26Dec_135602\EditandDeleteService_chrome\EditandDeleteService_chrome_360_Dec_135751.jpg alt='Lamp' width='500' height='400'> Clicking on element clicks on Search overview tab under applicartion name <img src=D:\BuildPiper_Rahul\Reports\26Dec_135602\EditandDeleteService_chrome\EditandDeleteService_chrome_360_Dec_135752.jpg alt='Lamp' width='500' height='400'> ####### End of Test Case: EditandDeleteService #######  </system-out>
  <testcase classname="com.buildpiper.testcases.ServiceCreationTestcases" name="BuildDeployAlternate" time="205.561"/>
  <system-out>
checking if driver exist <img src=D:\BuildPiper_Rahul\Reports\26Dec_135602\BuildDeployAlternate_chrome\BuildDeployAlternate_chrome_360_Dec_140843.jpg alt='Lamp' width='500' height='400'> Clicking on element userMenuAppBar <img src=D:\BuildPiper_Rahul\Reports\26Dec_135602\BuildDeployAlternate_chrome\BuildDeployAlternate_chrome_360_Dec_140844.jpg alt='Lamp' width='500' height='400'> Clicking on element clicks on container registry <img src=D:\BuildPiper_Rahul\Reports\26Dec_135602\BuildDeployAlternate_chrome\BuildDeployAlternate_chrome_360_Dec_140844.jpg alt='Lamp' width='500' height='400'> Clicking on element clicks on first container registry test <img src=D:\BuildPiper_Rahul\Reports\26Dec_135602\BuildDeployAlternate_chrome\BuildDeployAlternate_chrome_360_Dec_140844.jpg alt='Lamp' width='500' height='400'> Element is present  xpath: //div[contains(@class,'connected text connected')]] <img src=D:\BuildPiper_Rahul\Reports\26Dec_135602\BuildDeployAlternate_chrome\BuildDeployAlternate_chrome_360_Dec_140845.jpg alt='Lamp' width='500' height='400'> Clicking on element userMenuAppBar <img src=D:\BuildPiper_Rahul\Reports\26Dec_135602\BuildDeployAlternate_chrome\BuildDeployAlternate_chrome_360_Dec_140850.jpg alt='Lamp' width='500' height='400'> Clicking on element switching to user account <img src=D:\BuildPiper_Rahul\Reports\26Dec_135602\BuildDeployAlternate_chrome\BuildDeployAlternate_chrome_360_Dec_140850.jpg alt='Lamp' width='500' height='400'> checking if driver exist <img src=D:\BuildPiper_Rahul\Reports\26Dec_135602\BuildDeployAlternate_chrome\BuildDeployAlternate_chrome_360_Dec_140852.jpg alt='Lamp' width='500' height='400'> Element is present  xpath: //li//button[contains(@class,'main-nav-1')]//span[@title]] <img src=D:\BuildPiper_Rahul\Reports\26Dec_135602\BuildDeployAlternate_chrome\BuildDeployAlternate_chrome_360_Dec_140853.jpg alt='Lamp' width='500' height='400'> Clicking on element Poc_QA buildDeploy <img src=D:\BuildPiper_Rahul\Reports\26Dec_135602\BuildDeployAlternate_chrome\BuildDeployAlternate_chrome_360_Dec_140853.jpg alt='Lamp' width='500' height='400'> Clicking on element Poc_QA buildRadioBtn <img src=D:\BuildPiper_Rahul\Reports\26Dec_135602\BuildDeployAlternate_chrome\BuildDeployAlternate_chrome_360_Dec_140858.jpg alt='Lamp' width='500' height='400'> Clicking on element Poc_QA inputBranchName <img src=D:\BuildPiper_Rahul\Reports\26Dec_135602\BuildDeployAlternate_chrome\BuildDeployAlternate_chrome_360_Dec_140900.jpg alt='Lamp' width='500' height='400'> Clicking on element ClicksclearField <img src=D:\BuildPiper_Rahul\Reports\26Dec_135602\BuildDeployAlternate_chrome\BuildDeployAlternate_chrome_360_Dec_140905.jpg alt='Lamp' width='500' height='400'> Clicking on element clicks build button <img src=D:\BuildPiper_Rahul\Reports\26Dec_135602\BuildDeployAlternate_chrome\BuildDeployAlternate_chrome_360_Dec_140906.jpg alt='Lamp' width='500' height='400'> Element is present  xpath: //button[@class='btn btn-primary' and text()='Continue']] <img src=D:\BuildPiper_Rahul\Reports\26Dec_135602\BuildDeployAlternate_chrome\BuildDeployAlternate_chrome_360_Dec_141106.jpg alt='Lamp' width='500' height='400'> Clicking on element Click continueBtn <img src=D:\BuildPiper_Rahul\Reports\26Dec_135602\BuildDeployAlternate_chrome\BuildDeployAlternate_chrome_360_Dec_141106.jpg alt='Lamp' width='500' height='400'> Clicking on element Poc_QA buildDeploy <img src=D:\BuildPiper_Rahul\Reports\26Dec_135602\BuildDeployAlternate_chrome\BuildDeployAlternate_chrome_360_Dec_141137.jpg alt='Lamp' width='500' height='400'> Clicking on element Poc_QA DeployRadioBtn <img src=D:\BuildPiper_Rahul\Reports\26Dec_135602\BuildDeployAlternate_chrome\BuildDeployAlternate_chrome_360_Dec_141145.jpg alt='Lamp' width='500' height='400'> Clicking on element clicks deploy button <img src=D:\BuildPiper_Rahul\Reports\26Dec_135602\BuildDeployAlternate_chrome\BuildDeployAlternate_chrome_360_Dec_141151.jpg alt='Lamp' width='500' height='400'> ####### End of Test Case: BuildDeployAlternate #######  </system-out>
</testsuite> <!-- com.buildpiper.testcases.ServiceCreationTestcases -->
