<?xml version="1.0" encoding="UTF-8"?>
<!-- Generated by org.testng.reporters.JUnitReportReporter -->
<testsuite hostname="DESKTOP-PTF1H2O" failures="0" tests="1" name="com.buildpiper.testcases.LenskartScan" time="66.361" errors="0" timestamp="2023-12-05T20:05:42 IST" skipped="0">
  <testcase classname="com.buildpiper.testcases.LenskartScan" name="PagginationofAllModules" time="66.361"/>
  <system-out>
checking if driver exist <img src=D:\BuildPiper_Rahul\Reports\05Dec_200434\PagginationofAllModules_chrome\PagginationofAllModules_chrome_339_Dec_200452.jpg alt='Lamp' width='500' height='400'> checking if driver exist <img src=D:\BuildPiper_Rahul\Reports\05Dec_200434\PagginationofAllModules_chrome\PagginationofAllModules_chrome_339_Dec_200456.jpg alt='Lamp' width='500' height='400'> Element : xpath: //li//button[contains(@class,'main-nav-1')]//span[@title]]is displayed on screen Element is present  xpath: //li//button[contains(@class,'main-nav-1')]//span[@title]] <img src=D:\BuildPiper_Rahul\Reports\05Dec_200434\PagginationofAllModules_chrome\PagginationofAllModules_chrome_339_Dec_200456.jpg alt='Lamp' width='500' height='400'> Element : xpath: //div[not(contains(@class,'jss'))]/ul/a//span[1]/span]is displayed on screen Element is present  xpath: //div[not(contains(@class,'jss'))]/ul/a//span[1]/span] <img src=D:\BuildPiper_Rahul\Reports\05Dec_200434\PagginationofAllModules_chrome\PagginationofAllModules_chrome_339_Dec_200457.jpg alt='Lamp' width='500' height='400'> Element : xpath: //div[not(contains(@class,'jss'))]/ul/a//span[1]/span]is displayed on screen Clicking on element Service Overview <img src=D:\BuildPiper_Rahul\Reports\05Dec_200434\PagginationofAllModules_chrome\PagginationofAllModules_chrome_339_Dec_200457.jpg alt='Lamp' width='500' height='400'> Element is present  xpath: //div//input[@name='page_number'][@value]] <img src=D:\BuildPiper_Rahul\Reports\05Dec_200434\PagginationofAllModules_chrome\PagginationofAllModules_chrome_339_Dec_200500.jpg alt='Lamp' width='500' height='400'> Element : xpath: //button[@class='btn btn-with-icon btn-round pagination-btn box_shadow']]is displayed on screen Clicking on element pagination Right Button1 Click <img src=D:\BuildPiper_Rahul\Reports\05Dec_200434\PagginationofAllModules_chrome\PagginationofAllModules_chrome_339_Dec_200501.jpg alt='Lamp' width='500' height='400'> Element : xpath: //button[@class='btn btn-with-icon btn-round pagination-btn box_shadow']]is displayed on screen Clicking on element pagination Right Button2 Click <img src=D:\BuildPiper_Rahul\Reports\05Dec_200434\PagginationofAllModules_chrome\PagginationofAllModules_chrome_339_Dec_200505.jpg alt='Lamp' width='500' height='400'> Element : xpath: //button[@class='btn btn-with-icon btn-round pagination-btn box_shadow']]is displayed on screen Clicking on element pagination Right Button3 Click <img src=D:\BuildPiper_Rahul\Reports\05Dec_200434\PagginationofAllModules_chrome\PagginationofAllModules_chrome_339_Dec_200509.jpg alt='Lamp' width='500' height='400'> Element : xpath: //div[not(contains(@class,'jss'))]/ul/a//span[1]/span]is displayed on screen Clicking on element Pipeline Overview <img src=D:\BuildPiper_Rahul\Reports\05Dec_200434\PagginationofAllModules_chrome\PagginationofAllModules_chrome_339_Dec_200517.jpg alt='Lamp' width='500' height='400'> Element is present  xpath: //div//input[@name='page_number'][@value]] <img src=D:\BuildPiper_Rahul\Reports\05Dec_200434\PagginationofAllModules_chrome\PagginationofAllModules_chrome_339_Dec_200520.jpg alt='Lamp' width='500' height='400'> Element : xpath: //button[@class='btn btn-with-icon btn-round pagination-btn box_shadow']]is displayed on screen Clicking on element pagination Right Button1 Click <img src=D:\BuildPiper_Rahul\Reports\05Dec_200434\PagginationofAllModules_chrome\PagginationofAllModules_chrome_339_Dec_200521.jpg alt='Lamp' width='500' height='400'> Element : xpath: //div[not(contains(@class,'jss'))]/ul/a//span[1]/span]is displayed on screen Clicking on element Environment Overview <img src=D:\BuildPiper_Rahul\Reports\05Dec_200434\PagginationofAllModules_chrome\PagginationofAllModules_chrome_339_Dec_200528.jpg alt='Lamp' width='500' height='400'> Element is present  xpath: //div//input[@name='page_number'][@value]] <img src=D:\BuildPiper_Rahul\Reports\05Dec_200434\PagginationofAllModules_chrome\PagginationofAllModules_chrome_339_Dec_200531.jpg alt='Lamp' width='500' height='400'> Element : xpath: //div[not(contains(@class,'jss'))]/ul/a//span[1]/span]is displayed on screen Clicking on element Job Templates <img src=D:\BuildPiper_Rahul\Reports\05Dec_200434\PagginationofAllModules_chrome\PagginationofAllModules_chrome_339_Dec_200535.jpg alt='Lamp' width='500' height='400'> Element is present  xpath: //div//input[@name='page_number'][@value]] <img src=D:\BuildPiper_Rahul\Reports\05Dec_200434\PagginationofAllModules_chrome\PagginationofAllModules_chrome_339_Dec_200538.jpg alt='Lamp' width='500' height='400'> Result upload to testlink is disabled, Please ensure you have 'UpdateTestLink=Yes' in project.properties  ####### End of Test Case: PagginationofAllModules #######  </system-out>
</testsuite> <!-- com.buildpiper.testcases.LenskartScan -->
