<?xml version="1.0" encoding="UTF-8"?>
<!-- Generated by org.testng.reporters.JUnitReportReporter -->
<testsuite hostname="DESKTOP-PTF1H2O" failures="0" tests="2" name="com.buildpiper.testcases.BuildPiperTestcasesExecutionComprehensiveTests" time="112.943" errors="1" timestamp="2023-12-05T19:48:15 IST" skipped="0">
  <testcase classname="com.buildpiper.testcases.BuildPiperTestcasesExecutionComprehensiveTests" name="CreateBasicPipeLine" time="50.185">
    <error message="Cannot locate element with text: dev-auto-pf
For documentation on this error, please visit: https://www.seleniumhq.org/exceptions/no_such_element.html
Build info: version: &#039;3.141.59&#039;, revision: &#039;e82be7d358&#039;, time: &#039;2018-11-14T08:17:03&#039;
System info: host: &#039;DESKTOP-PTF1H2O&#039;, ip: &#039;10.8.0.88&#039;, os.name: &#039;Windows 10&#039;, os.arch: &#039;amd64&#039;, os.version: &#039;10.0&#039;, java.version: &#039;19.0.1&#039;
Driver info: driver.version: unknown" type="org.openqa.selenium.NoSuchElementException">
      <![CDATA[org.openqa.selenium.NoSuchElementException: Cannot locate element with text: dev-auto-pf
For documentation on this error, please visit: https://www.seleniumhq.org/exceptions/no_such_element.html
Build info: version: '3.141.59', revision: 'e82be7d358', time: '2018-11-14T08:17:03'
System info: host: 'DESKTOP-PTF1H2O', ip: '10.8.0.88', os.name: 'Windows 10', os.arch: 'amd64', os.version: '10.0', java.version: '19.0.1'
Driver info: driver.version: unknown
at org.openqa.selenium.support.ui.Select.selectByVisibleText(Select.java:147)
at com.buildpiper.pages.BuildPipeLinePage.createBasicPipeline(BuildPipeLinePage.java:385)
at com.buildpiper.testcases.BuildPiperTestcasesExecutionComprehensiveTests.CreateBasicPipeLine(BuildPiperTestcasesExecutionComprehensiveTests.java:61)
at java.base/jdk.internal.reflect.DirectMethodHandleAccessor.invoke(DirectMethodHandleAccessor.java:104)
at java.base/java.lang.reflect.Method.invoke(Method.java:578)
at org.testng.internal.MethodInvocationHelper.invokeMethod(MethodInvocationHelper.java:134)
at org.testng.internal.TestInvoker.invokeMethod(TestInvoker.java:597)
at org.testng.internal.TestInvoker.invokeTestMethod(TestInvoker.java:173)
at org.testng.internal.MethodRunner.runInSequence(MethodRunner.java:46)
at org.testng.internal.TestInvoker$MethodInvocationAgent.invoke(TestInvoker.java:816)
at org.testng.internal.TestInvoker.invokeTestMethods(TestInvoker.java:146)
at org.testng.internal.TestMethodWorker.invokeTestMethods(TestMethodWorker.java:146)
at org.testng.internal.TestMethodWorker.run(TestMethodWorker.java:128)
at java.base/java.util.ArrayList.forEach(ArrayList.java:1511)
at org.testng.TestRunner.privateRun(TestRunner.java:766)
at org.testng.TestRunner.run(TestRunner.java:587)
at org.testng.SuiteRunner.runTest(SuiteRunner.java:384)
at org.testng.SuiteRunner.runSequentially(SuiteRunner.java:378)
at org.testng.SuiteRunner.privateRun(SuiteRunner.java:337)
at org.testng.SuiteRunner.run(SuiteRunner.java:286)
at org.testng.SuiteRunnerWorker.runSuite(SuiteRunnerWorker.java:53)
at org.testng.SuiteRunnerWorker.run(SuiteRunnerWorker.java:96)
at org.testng.TestNG.runSuitesSequentially(TestNG.java:1187)
at org.testng.TestNG.runSuitesLocally(TestNG.java:1109)
at org.testng.TestNG.runSuites(TestNG.java:1039)
at org.testng.TestNG.run(TestNG.java:1007)
at org.testng.remote.AbstractRemoteTestNG.run(AbstractRemoteTestNG.java:115)
at org.testng.remote.RemoteTestNG.initAndRun(RemoteTestNG.java:251)
at org.testng.remote.RemoteTestNG.main(RemoteTestNG.java:77)
]]>
    </error>
  </testcase> <!-- CreateBasicPipeLine -->
  <system-out>
checking if driver exist <img src=D:\BuildPiper_Rahul\Reports\05Dec_191310\CreateBasicPipeLine_chrome\CreateBasicPipeLine_chrome_339_Dec_193414.jpg alt='Lamp' width='500' height='400'> checking if driver exist <img src=D:\BuildPiper_Rahul\Reports\05Dec_191310\CreateBasicPipeLine_chrome\CreateBasicPipeLine_chrome_339_Dec_193420.jpg alt='Lamp' width='500' height='400'> Element is present  xpath: //li//button[contains(@class,'main-nav-1')]//span[@title]] <img src=D:\BuildPiper_Rahul\Reports\05Dec_191310\CreateBasicPipeLine_chrome\CreateBasicPipeLine_chrome_339_Dec_193425.jpg alt='Lamp' width='500' height='400'> Clicking on element Poc_QA pipelineOverviewLink <img src=D:\BuildPiper_Rahul\Reports\05Dec_191310\CreateBasicPipeLine_chrome\CreateBasicPipeLine_chrome_339_Dec_193425.jpg alt='Lamp' width='500' height='400'>  Element Proxy element for: DefaultElementLocator 'By.xpath: //a[@class='btn btn-submit' and text()='Add Pipeline']' is not clickable using selenium click <img src=D:\BuildPiper_Rahul\Reports\05Dec_191310\CreateBasicPipeLine_chrome\CreateBasicPipeLine_chrome_339_Dec_193427.jpg alt='Lamp' width='500' height='400'> Clicking on element clicks on add pipeline button <img src=D:\BuildPiper_Rahul\Reports\05Dec_191310\CreateBasicPipeLine_chrome\CreateBasicPipeLine_chrome_339_Dec_193427.jpg alt='Lamp' width='500' height='400'> Setting value on element Gives unique name to pipeline <img src=D:\BuildPiper_Rahul\Reports\05Dec_191310\CreateBasicPipeLine_chrome\CreateBasicPipeLine_chrome_339_Dec_193429.jpg alt='Lamp' width='500' height='400'>  Element Proxy element for: DefaultElementLocator 'By.xpath: //button[contains(@class,'btn-save btn')][text()='Save']' is not clickable using selenium click <img src=D:\BuildPiper_Rahul\Reports\05Dec_191310\CreateBasicPipeLine_chrome\CreateBasicPipeLine_chrome_339_Dec_193434.jpg alt='Lamp' width='500' height='400'> Clicking on element clicks on save pipeline button <img src=D:\BuildPiper_Rahul\Reports\05Dec_191310\CreateBasicPipeLine_chrome\CreateBasicPipeLine_chrome_339_Dec_193434.jpg alt='Lamp' width='500' height='400'> Element is present  xpath: //p[@class='pipeline-name']] <img src=D:\BuildPiper_Rahul\Reports\05Dec_191310\CreateBasicPipeLine_chrome\CreateBasicPipeLine_chrome_339_Dec_193441.jpg alt='Lamp' width='500' height='400'> Element is present  xpath: //button//div[@class='text-btn'][text()='Add New Stage']] <img src=D:\BuildPiper_Rahul\Reports\05Dec_191310\CreateBasicPipeLine_chrome\CreateBasicPipeLine_chrome_339_Dec_193441.jpg alt='Lamp' width='500' height='400'> Clicking on element adds first stage <img src=D:\BuildPiper_Rahul\Reports\05Dec_191310\CreateBasicPipeLine_chrome\CreateBasicPipeLine_chrome_339_Dec_193442.jpg alt='Lamp' width='500' height='400'> Element is present  xpath: //input[@name='name' and @placeholder='Stage name goes here']] <img src=D:\BuildPiper_Rahul\Reports\05Dec_191310\CreateBasicPipeLine_chrome\CreateBasicPipeLine_chrome_339_Dec_193442.jpg alt='Lamp' width='500' height='400'> Setting value on element sets first stage name <img src=D:\BuildPiper_Rahul\Reports\05Dec_191310\CreateBasicPipeLine_chrome\CreateBasicPipeLine_chrome_339_Dec_193442.jpg alt='Lamp' width='500' height='400'> Clicking on element adds button for first stage <img src=D:\BuildPiper_Rahul\Reports\05Dec_191310\CreateBasicPipeLine_chrome\CreateBasicPipeLine_chrome_339_Dec_193447.jpg alt='Lamp' width='500' height='400'> Element is present  xpath: //div[@class='text-btn'][text()='Add New Job ']] <img src=D:\BuildPiper_Rahul\Reports\05Dec_191310\CreateBasicPipeLine_chrome\CreateBasicPipeLine_chrome_339_Dec_193448.jpg alt='Lamp' width='500' height='400'> Clicking on element clicks on new job <img src=D:\BuildPiper_Rahul\Reports\05Dec_191310\CreateBasicPipeLine_chrome\CreateBasicPipeLine_chrome_339_Dec_193448.jpg alt='Lamp' width='500' height='400'> Element is present  xpath: //select[@name='task_type' and @class='select']] <img src=D:\BuildPiper_Rahul\Reports\05Dec_191310\CreateBasicPipeLine_chrome\CreateBasicPipeLine_chrome_339_Dec_193449.jpg alt='Lamp' width='500' height='400'> ####### End of Test Case: CreateBasicPipeLine #######  </system-out>
  <testcase classname="com.buildpiper.testcases.BuildPiperTestcasesExecutionComprehensiveTests" name="CreateJiraPipeLine" time="62.758"/>
  <system-out>
checking if driver exist <img src=D:\BuildPiper_Rahul\Reports\05Dec_191310\CreateJiraPipeLine_chrome\CreateJiraPipeLine_chrome_339_Dec_193505.jpg alt='Lamp' width='500' height='400'> checking if driver exist <img src=D:\BuildPiper_Rahul\Reports\05Dec_191310\CreateJiraPipeLine_chrome\CreateJiraPipeLine_chrome_339_Dec_193510.jpg alt='Lamp' width='500' height='400'> Element is present  xpath: //li//button[contains(@class,'main-nav-1')]//span[@title]] <img src=D:\BuildPiper_Rahul\Reports\05Dec_191310\CreateJiraPipeLine_chrome\CreateJiraPipeLine_chrome_339_Dec_193511.jpg alt='Lamp' width='500' height='400'> Clicking on element Poc_QA pipelineOverviewLink <img src=D:\BuildPiper_Rahul\Reports\05Dec_191310\CreateJiraPipeLine_chrome\CreateJiraPipeLine_chrome_339_Dec_193516.jpg alt='Lamp' width='500' height='400'>  Element Proxy element for: DefaultElementLocator 'By.xpath: //a[@class='btn btn-submit' and text()='Add Pipeline']' is not clickable using selenium click <img src=D:\BuildPiper_Rahul\Reports\05Dec_191310\CreateJiraPipeLine_chrome\CreateJiraPipeLine_chrome_339_Dec_193518.jpg alt='Lamp' width='500' height='400'> Clicking on element clicks on add pipeline button <img src=D:\BuildPiper_Rahul\Reports\05Dec_191310\CreateJiraPipeLine_chrome\CreateJiraPipeLine_chrome_339_Dec_193518.jpg alt='Lamp' width='500' height='400'> Setting value on element Gives unique name to pipeline <img src=D:\BuildPiper_Rahul\Reports\05Dec_191310\CreateJiraPipeLine_chrome\CreateJiraPipeLine_chrome_339_Dec_193519.jpg alt='Lamp' width='500' height='400'>  Element Proxy element for: DefaultElementLocator 'By.xpath: //button[contains(@class,'btn-save btn')][text()='Save']' is not clickable using selenium click <img src=D:\BuildPiper_Rahul\Reports\05Dec_191310\CreateJiraPipeLine_chrome\CreateJiraPipeLine_chrome_339_Dec_193525.jpg alt='Lamp' width='500' height='400'> Clicking on element clicks on save pipeline button <img src=D:\BuildPiper_Rahul\Reports\05Dec_191310\CreateJiraPipeLine_chrome\CreateJiraPipeLine_chrome_339_Dec_193525.jpg alt='Lamp' width='500' height='400'> Element is present  xpath: //p[@class='pipeline-name']] <img src=D:\BuildPiper_Rahul\Reports\05Dec_191310\CreateJiraPipeLine_chrome\CreateJiraPipeLine_chrome_339_Dec_193531.jpg alt='Lamp' width='500' height='400'> Element is present  xpath: //label[@for='file-input']//span[text()='upload']] <img src=D:\BuildPiper_Rahul\Reports\05Dec_191310\CreateJiraPipeLine_chrome\CreateJiraPipeLine_chrome_339_Dec_193531.jpg alt='Lamp' width='500' height='400'> Clicking on element clicks on upload YAML <img src=D:\BuildPiper_Rahul\Reports\05Dec_191310\CreateJiraPipeLine_chrome\CreateJiraPipeLine_chrome_339_Dec_193532.jpg alt='Lamp' width='500' height='400'> Uploading the File Path D:\BuildPiper_Rahul\src\test\resources\testfiles\upload\UploadYAML\JiraPipeline.yml <img src=D:\BuildPiper_Rahul\Reports\05Dec_191310\CreateJiraPipeLine_chrome\CreateJiraPipeLine_chrome_339_Dec_193537.jpg alt='Lamp' width='500' height='400'> Clicking on element clicks save workflow btn <img src=D:\BuildPiper_Rahul\Reports\05Dec_191310\CreateJiraPipeLine_chrome\CreateJiraPipeLine_chrome_339_Dec_193552.jpg alt='Lamp' width='500' height='400'> ####### End of Test Case: CreateJiraPipeLine #######  </system-out>
</testsuite> <!-- com.buildpiper.testcases.BuildPiperTestcasesExecutionComprehensiveTests -->
